\BOOKMARK [1][-]{section*.2}{List of Figures}{}% 1
\BOOKMARK [1][-]{section*.3}{List of Tables}{}% 2
\BOOKMARK [1][-]{section.1}{Problem Statement}{}% 3
\BOOKMARK [1][-]{section.2}{Background}{}% 4
\BOOKMARK [1][-]{section.3}{Design Plan}{}% 5
\BOOKMARK [2][-]{subsection.3.1}{Objectives}{section.3}% 6
\BOOKMARK [2][-]{subsection.3.2}{Constraints}{section.3}% 7
\BOOKMARK [2][-]{subsection.3.3}{Functions}{section.3}% 8
\BOOKMARK [1][-]{section.4}{Design Research}{}% 9
\BOOKMARK [1][-]{section.5}{Design Alternatives}{}% 10
\BOOKMARK [2][-]{subsection.5.1}{Interchip Communication}{section.5}% 11
\BOOKMARK [2][-]{subsection.5.2}{Base Station Communication}{section.5}% 12
\BOOKMARK [2][-]{subsection.5.3}{Audio Input}{section.5}% 13
\BOOKMARK [1][-]{section.6}{Preliminary Design}{}% 14
\BOOKMARK [1][-]{section.7}{Testing}{}% 15
\BOOKMARK [1][-]{section.8}{Considerations}{}% 16
\BOOKMARK [2][-]{subsection.8.1}{Design for Manufacturing}{section.8}% 17
\BOOKMARK [2][-]{subsection.8.2}{Design for Assembly}{section.8}% 18
\BOOKMARK [2][-]{subsection.8.3}{Environmental}{section.8}% 19
\BOOKMARK [2][-]{subsection.8.4}{Ethical}{section.8}% 20
\BOOKMARK [1][-]{section.9}{Project Management}{}% 21
\BOOKMARK [1][-]{section.10}{Research}{}% 22
\BOOKMARK [2][-]{subsection.10.1}{Library Search Results}{section.10}% 23
\BOOKMARK [2][-]{subsection.10.2}{Other Research}{section.10}% 24
\BOOKMARK [1][-]{section.11}{Concluding Remarks}{}% 25
\BOOKMARK [2][-]{subsection.11.1}{Vehicles for Continued Learning}{section.11}% 26
\BOOKMARK [2][-]{subsection.11.2}{Contemporary Issues}{section.11}% 27
