TimeQuest Timing Analyzer report for HW2Part1
Tue Apr 22 10:33:25 2014
Quartus II 32-bit Version 13.0.1 Build 232 06/12/2013 Service Pack 1 SJ Full Version


---------------------
; Table of Contents ;
---------------------
  1. Legal Notice
  2. TimeQuest Timing Analyzer Summary
  3. Parallel Compilation
  4. Clocks
  5. Slow Model Fmax Summary
  6. Slow Model Setup Summary
  7. Slow Model Hold Summary
  8. Slow Model Recovery Summary
  9. Slow Model Removal Summary
 10. Slow Model Minimum Pulse Width Summary
 11. Propagation Delay
 12. Minimum Propagation Delay
 13. Fast Model Setup Summary
 14. Fast Model Hold Summary
 15. Fast Model Recovery Summary
 16. Fast Model Removal Summary
 17. Fast Model Minimum Pulse Width Summary
 18. Propagation Delay
 19. Minimum Propagation Delay
 20. Multicorner Timing Analysis Summary
 21. Progagation Delay
 22. Minimum Progagation Delay
 23. Clock Transfers
 24. Report TCCS
 25. Report RSKM
 26. Unconstrained Paths
 27. TimeQuest Timing Analyzer Messages



----------------
; Legal Notice ;
----------------
Copyright (C) 1991-2013 Altera Corporation
Your use of Altera Corporation's design tools, logic functions 
and other software and tools, and its AMPP partner logic 
functions, and any output files from any of the foregoing 
(including device programming or simulation files), and any 
associated documentation or information are expressly subject 
to the terms and conditions of the Altera Program License 
Subscription Agreement, Altera MegaCore Function License 
Agreement, or other applicable license agreement, including, 
without limitation, that your use is for the sole purpose of 
programming logic devices manufactured by Altera and sold by 
Altera or its authorized distributors.  Please refer to the 
applicable agreement for further details.



+-----------------------------------------------------------------------------------------+
; TimeQuest Timing Analyzer Summary                                                       ;
+--------------------+--------------------------------------------------------------------+
; Quartus II Version ; Version 13.0.1 Build 232 06/12/2013 Service Pack 1 SJ Full Version ;
; Revision Name      ; HW2Part1                                                           ;
; Device Family      ; Cyclone II                                                         ;
; Device Name        ; EP2C35F672C6                                                       ;
; Timing Models      ; Final                                                              ;
; Delay Model        ; Combined                                                           ;
; Rise/Fall Delays   ; Unavailable                                                        ;
+--------------------+--------------------------------------------------------------------+


+------------------------------------------+
; Parallel Compilation                     ;
+----------------------------+-------------+
; Processors                 ; Number      ;
+----------------------------+-------------+
; Number detected on machine ; 4           ;
; Maximum allowed            ; 4           ;
;                            ;             ;
; Average used               ; 1.00        ;
; Maximum used               ; 1           ;
;                            ;             ;
; Usage by Processor         ; % Time Used ;
;     Processor 1            ; 100.0%      ;
;     Processors 2-4         ;   0.0%      ;
+----------------------------+-------------+


----------
; Clocks ;
----------
No clocks to report.


---------------------------
; Slow Model Fmax Summary ;
---------------------------
No paths to report.


----------------------------
; Slow Model Setup Summary ;
----------------------------
No paths to report.


---------------------------
; Slow Model Hold Summary ;
---------------------------
No paths to report.


-------------------------------
; Slow Model Recovery Summary ;
-------------------------------
No paths to report.


------------------------------
; Slow Model Removal Summary ;
------------------------------
No paths to report.


------------------------------------------
; Slow Model Minimum Pulse Width Summary ;
------------------------------------------
No paths to report.


+--------------------------------------------------------------+
; Propagation Delay                                            ;
+------------+-------------+--------+--------+--------+--------+
; Input Port ; Output Port ; RR     ; RF     ; FR     ; FF     ;
+------------+-------------+--------+--------+--------+--------+
; SW[0]      ; HEX0[0]     ; 7.439  ; 7.439  ; 7.439  ; 7.439  ;
; SW[0]      ; HEX0[1]     ; 7.403  ; 7.403  ; 7.403  ; 7.403  ;
; SW[0]      ; HEX0[2]     ;        ; 7.413  ; 7.413  ;        ;
; SW[0]      ; HEX0[3]     ; 7.184  ; 7.184  ; 7.184  ; 7.184  ;
; SW[0]      ; HEX0[4]     ; 7.179  ;        ;        ; 7.179  ;
; SW[0]      ; HEX0[5]     ; 7.170  ;        ;        ; 7.170  ;
; SW[0]      ; HEX0[6]     ; 7.164  ; 7.164  ; 7.164  ; 7.164  ;
; SW[0]      ; LEDR[0]     ; 6.559  ;        ;        ; 6.559  ;
; SW[1]      ; HEX0[0]     ; 7.572  ; 7.572  ; 7.572  ; 7.572  ;
; SW[1]      ; HEX0[1]     ; 7.535  ; 7.535  ; 7.535  ; 7.535  ;
; SW[1]      ; HEX0[2]     ; 7.549  ;        ;        ; 7.549  ;
; SW[1]      ; HEX0[3]     ; 7.320  ; 7.320  ; 7.320  ; 7.320  ;
; SW[1]      ; HEX0[4]     ;        ; 7.318  ; 7.318  ;        ;
; SW[1]      ; HEX0[5]     ; 7.308  ; 7.308  ; 7.308  ; 7.308  ;
; SW[1]      ; HEX0[6]     ; 7.307  ; 7.307  ; 7.307  ; 7.307  ;
; SW[1]      ; LEDR[1]     ; 6.032  ;        ;        ; 6.032  ;
; SW[2]      ; HEX0[0]     ; 6.942  ; 6.942  ; 6.942  ; 6.942  ;
; SW[2]      ; HEX0[1]     ; 6.905  ;        ;        ; 6.905  ;
; SW[2]      ; HEX0[2]     ; 6.915  ; 6.915  ; 6.915  ; 6.915  ;
; SW[2]      ; HEX0[3]     ; 6.686  ; 6.686  ; 6.686  ; 6.686  ;
; SW[2]      ; HEX0[4]     ; 6.681  ; 6.681  ; 6.681  ; 6.681  ;
; SW[2]      ; HEX0[5]     ; 6.671  ; 6.671  ; 6.671  ; 6.671  ;
; SW[2]      ; HEX0[6]     ; 6.669  ; 6.669  ; 6.669  ; 6.669  ;
; SW[2]      ; LEDR[2]     ; 5.191  ;        ;        ; 5.191  ;
; SW[3]      ; HEX0[0]     ; 6.235  ; 6.235  ; 6.235  ; 6.235  ;
; SW[3]      ; HEX0[1]     ; 6.198  ; 6.198  ; 6.198  ; 6.198  ;
; SW[3]      ; HEX0[2]     ; 6.208  ; 6.208  ; 6.208  ; 6.208  ;
; SW[3]      ; HEX0[3]     ; 5.978  ; 5.978  ; 5.978  ; 5.978  ;
; SW[3]      ; HEX0[4]     ;        ; 5.972  ; 5.972  ;        ;
; SW[3]      ; HEX0[5]     ; 5.967  ; 5.967  ; 5.967  ; 5.967  ;
; SW[3]      ; HEX0[6]     ; 5.965  ; 5.965  ; 5.965  ; 5.965  ;
; SW[3]      ; LEDR[3]     ; 5.466  ;        ;        ; 5.466  ;
; SW[4]      ; HEX1[0]     ; 6.841  ; 6.841  ; 6.841  ; 6.841  ;
; SW[4]      ; HEX1[1]     ; 6.792  ; 6.792  ; 6.792  ; 6.792  ;
; SW[4]      ; HEX1[2]     ;        ; 6.391  ; 6.391  ;        ;
; SW[4]      ; HEX1[3]     ; 6.351  ; 6.351  ; 6.351  ; 6.351  ;
; SW[4]      ; HEX1[4]     ; 6.412  ;        ;        ; 6.412  ;
; SW[4]      ; HEX1[5]     ; 6.639  ;        ;        ; 6.639  ;
; SW[4]      ; HEX1[6]     ; 6.599  ; 6.599  ; 6.599  ; 6.599  ;
; SW[4]      ; LEDR[4]     ; 5.355  ;        ;        ; 5.355  ;
; SW[5]      ; HEX1[0]     ; 6.705  ; 6.705  ; 6.705  ; 6.705  ;
; SW[5]      ; HEX1[1]     ; 6.668  ; 6.668  ; 6.668  ; 6.668  ;
; SW[5]      ; HEX1[2]     ; 6.267  ;        ;        ; 6.267  ;
; SW[5]      ; HEX1[3]     ; 6.225  ; 6.225  ; 6.225  ; 6.225  ;
; SW[5]      ; HEX1[4]     ;        ; 6.289  ; 6.289  ;        ;
; SW[5]      ; HEX1[5]     ; 6.503  ; 6.503  ; 6.503  ; 6.503  ;
; SW[5]      ; HEX1[6]     ; 6.461  ; 6.461  ; 6.461  ; 6.461  ;
; SW[5]      ; LEDR[5]     ; 5.493  ;        ;        ; 5.493  ;
; SW[6]      ; HEX1[0]     ; 6.436  ; 6.436  ; 6.436  ; 6.436  ;
; SW[6]      ; HEX1[1]     ; 6.388  ;        ;        ; 6.388  ;
; SW[6]      ; HEX1[2]     ; 5.984  ; 5.984  ; 5.984  ; 5.984  ;
; SW[6]      ; HEX1[3]     ; 5.947  ; 5.947  ; 5.947  ; 5.947  ;
; SW[6]      ; HEX1[4]     ; 6.006  ; 6.006  ; 6.006  ; 6.006  ;
; SW[6]      ; HEX1[5]     ; 6.236  ; 6.236  ; 6.236  ; 6.236  ;
; SW[6]      ; HEX1[6]     ; 6.194  ; 6.194  ; 6.194  ; 6.194  ;
; SW[6]      ; LEDR[6]     ; 5.523  ;        ;        ; 5.523  ;
; SW[7]      ; HEX1[0]     ; 7.862  ; 7.862  ; 7.862  ; 7.862  ;
; SW[7]      ; HEX1[1]     ; 7.813  ; 7.813  ; 7.813  ; 7.813  ;
; SW[7]      ; HEX1[2]     ; 7.408  ; 7.408  ; 7.408  ; 7.408  ;
; SW[7]      ; HEX1[3]     ; 7.372  ; 7.372  ; 7.372  ; 7.372  ;
; SW[7]      ; HEX1[4]     ;        ; 7.429  ; 7.429  ;        ;
; SW[7]      ; HEX1[5]     ; 7.662  ; 7.662  ; 7.662  ; 7.662  ;
; SW[7]      ; HEX1[6]     ; 7.620  ; 7.620  ; 7.620  ; 7.620  ;
; SW[7]      ; LEDR[7]     ; 6.359  ;        ;        ; 6.359  ;
; SW[8]      ; HEX2[0]     ; 7.598  ; 7.598  ; 7.598  ; 7.598  ;
; SW[8]      ; HEX2[1]     ; 7.285  ; 7.285  ; 7.285  ; 7.285  ;
; SW[8]      ; HEX2[2]     ;        ; 7.324  ; 7.324  ;        ;
; SW[8]      ; HEX2[3]     ; 7.292  ; 7.292  ; 7.292  ; 7.292  ;
; SW[8]      ; HEX2[4]     ; 7.595  ;        ;        ; 7.595  ;
; SW[8]      ; HEX2[5]     ; 7.597  ;        ;        ; 7.597  ;
; SW[8]      ; HEX2[6]     ; 7.480  ; 7.480  ; 7.480  ; 7.480  ;
; SW[8]      ; LEDR[8]     ; 6.838  ;        ;        ; 6.838  ;
; SW[9]      ; HEX2[0]     ; 7.109  ; 7.109  ; 7.109  ; 7.109  ;
; SW[9]      ; HEX2[1]     ; 6.792  ; 6.792  ; 6.792  ; 6.792  ;
; SW[9]      ; HEX2[2]     ; 6.831  ;        ;        ; 6.831  ;
; SW[9]      ; HEX2[3]     ; 6.805  ; 6.805  ; 6.805  ; 6.805  ;
; SW[9]      ; HEX2[4]     ;        ; 7.102  ; 7.102  ;        ;
; SW[9]      ; HEX2[5]     ; 7.110  ; 7.110  ; 7.110  ; 7.110  ;
; SW[9]      ; HEX2[6]     ; 6.992  ; 6.992  ; 6.992  ; 6.992  ;
; SW[9]      ; LEDR[9]     ; 6.822  ;        ;        ; 6.822  ;
; SW[10]     ; HEX2[0]     ; 7.678  ; 7.678  ; 7.678  ; 7.678  ;
; SW[10]     ; HEX2[1]     ; 7.362  ;        ;        ; 7.362  ;
; SW[10]     ; HEX2[2]     ; 7.401  ; 7.401  ; 7.401  ; 7.401  ;
; SW[10]     ; HEX2[3]     ; 7.374  ; 7.374  ; 7.374  ; 7.374  ;
; SW[10]     ; HEX2[4]     ; 7.672  ; 7.672  ; 7.672  ; 7.672  ;
; SW[10]     ; HEX2[5]     ; 7.679  ; 7.679  ; 7.679  ; 7.679  ;
; SW[10]     ; HEX2[6]     ; 7.562  ; 7.562  ; 7.562  ; 7.562  ;
; SW[10]     ; LEDR[10]    ; 5.769  ;        ;        ; 5.769  ;
; SW[11]     ; HEX2[0]     ; 7.273  ; 7.273  ; 7.273  ; 7.273  ;
; SW[11]     ; HEX2[1]     ; 6.967  ; 6.967  ; 6.967  ; 6.967  ;
; SW[11]     ; HEX2[2]     ; 7.006  ; 7.006  ; 7.006  ; 7.006  ;
; SW[11]     ; HEX2[3]     ; 6.973  ; 6.973  ; 6.973  ; 6.973  ;
; SW[11]     ; HEX2[4]     ;        ; 7.274  ; 7.274  ;        ;
; SW[11]     ; HEX2[5]     ; 7.264  ; 7.264  ; 7.264  ; 7.264  ;
; SW[11]     ; HEX2[6]     ; 7.147  ; 7.147  ; 7.147  ; 7.147  ;
; SW[11]     ; LEDR[11]    ; 5.746  ;        ;        ; 5.746  ;
; SW[12]     ; HEX3[0]     ; 7.202  ; 7.202  ; 7.202  ; 7.202  ;
; SW[12]     ; HEX3[1]     ; 6.990  ; 6.990  ; 6.990  ; 6.990  ;
; SW[12]     ; HEX3[2]     ;        ; 6.988  ; 6.988  ;        ;
; SW[12]     ; HEX3[3]     ; 6.945  ; 6.945  ; 6.945  ; 6.945  ;
; SW[12]     ; HEX3[4]     ; 6.988  ;        ;        ; 6.988  ;
; SW[12]     ; HEX3[5]     ; 7.187  ;        ;        ; 7.187  ;
; SW[12]     ; HEX3[6]     ; 7.231  ; 7.231  ; 7.231  ; 7.231  ;
; SW[12]     ; LEDR[12]    ; 5.979  ;        ;        ; 5.979  ;
; SW[13]     ; HEX3[0]     ; 10.807 ; 10.807 ; 10.807 ; 10.807 ;
; SW[13]     ; HEX3[1]     ; 10.593 ; 10.593 ; 10.593 ; 10.593 ;
; SW[13]     ; HEX3[2]     ; 10.592 ;        ;        ; 10.592 ;
; SW[13]     ; HEX3[3]     ; 10.550 ; 10.550 ; 10.550 ; 10.550 ;
; SW[13]     ; HEX3[4]     ;        ; 10.593 ; 10.593 ;        ;
; SW[13]     ; HEX3[5]     ; 10.793 ; 10.793 ; 10.793 ; 10.793 ;
; SW[13]     ; HEX3[6]     ; 10.840 ; 10.840 ; 10.840 ; 10.840 ;
; SW[13]     ; LEDR[13]    ; 9.882  ;        ;        ; 9.882  ;
; SW[14]     ; HEX3[0]     ; 10.867 ; 10.867 ; 10.867 ; 10.867 ;
; SW[14]     ; HEX3[1]     ; 10.654 ;        ;        ; 10.654 ;
; SW[14]     ; HEX3[2]     ; 10.652 ; 10.652 ; 10.652 ; 10.652 ;
; SW[14]     ; HEX3[3]     ; 10.609 ; 10.609 ; 10.609 ; 10.609 ;
; SW[14]     ; HEX3[4]     ; 10.651 ; 10.651 ; 10.651 ; 10.651 ;
; SW[14]     ; HEX3[5]     ; 10.858 ; 10.858 ; 10.858 ; 10.858 ;
; SW[14]     ; HEX3[6]     ; 10.907 ; 10.907 ; 10.907 ; 10.907 ;
; SW[14]     ; LEDR[14]    ; 9.910  ;        ;        ; 9.910  ;
; SW[15]     ; HEX3[0]     ; 10.563 ; 10.563 ; 10.563 ; 10.563 ;
; SW[15]     ; HEX3[1]     ; 10.343 ; 10.343 ; 10.343 ; 10.343 ;
; SW[15]     ; HEX3[2]     ; 10.342 ; 10.342 ; 10.342 ; 10.342 ;
; SW[15]     ; HEX3[3]     ; 10.300 ; 10.300 ; 10.300 ; 10.300 ;
; SW[15]     ; HEX3[4]     ;        ; 10.342 ; 10.342 ;        ;
; SW[15]     ; HEX3[5]     ; 10.553 ; 10.553 ; 10.553 ; 10.553 ;
; SW[15]     ; HEX3[6]     ; 10.603 ; 10.603 ; 10.603 ; 10.603 ;
; SW[15]     ; LEDR[15]    ; 9.884  ;        ;        ; 9.884  ;
+------------+-------------+--------+--------+--------+--------+


+--------------------------------------------------------------+
; Minimum Propagation Delay                                    ;
+------------+-------------+--------+--------+--------+--------+
; Input Port ; Output Port ; RR     ; RF     ; FR     ; FF     ;
+------------+-------------+--------+--------+--------+--------+
; SW[0]      ; HEX0[0]     ; 7.439  ; 7.439  ; 7.439  ; 7.439  ;
; SW[0]      ; HEX0[1]     ; 7.403  ; 7.403  ; 7.403  ; 7.403  ;
; SW[0]      ; HEX0[2]     ;        ; 7.413  ; 7.413  ;        ;
; SW[0]      ; HEX0[3]     ; 7.184  ; 7.184  ; 7.184  ; 7.184  ;
; SW[0]      ; HEX0[4]     ; 7.179  ;        ;        ; 7.179  ;
; SW[0]      ; HEX0[5]     ; 7.170  ;        ;        ; 7.170  ;
; SW[0]      ; HEX0[6]     ; 7.164  ; 7.164  ; 7.164  ; 7.164  ;
; SW[0]      ; LEDR[0]     ; 6.559  ;        ;        ; 6.559  ;
; SW[1]      ; HEX0[0]     ; 7.572  ; 7.572  ; 7.572  ; 7.572  ;
; SW[1]      ; HEX0[1]     ; 7.535  ; 7.535  ; 7.535  ; 7.535  ;
; SW[1]      ; HEX0[2]     ; 7.549  ;        ;        ; 7.549  ;
; SW[1]      ; HEX0[3]     ; 7.320  ; 7.320  ; 7.320  ; 7.320  ;
; SW[1]      ; HEX0[4]     ;        ; 7.318  ; 7.318  ;        ;
; SW[1]      ; HEX0[5]     ; 7.308  ; 7.308  ; 7.308  ; 7.308  ;
; SW[1]      ; HEX0[6]     ; 7.307  ; 7.307  ; 7.307  ; 7.307  ;
; SW[1]      ; LEDR[1]     ; 6.032  ;        ;        ; 6.032  ;
; SW[2]      ; HEX0[0]     ; 6.942  ; 6.942  ; 6.942  ; 6.942  ;
; SW[2]      ; HEX0[1]     ; 6.905  ;        ;        ; 6.905  ;
; SW[2]      ; HEX0[2]     ; 6.915  ; 6.915  ; 6.915  ; 6.915  ;
; SW[2]      ; HEX0[3]     ; 6.686  ; 6.686  ; 6.686  ; 6.686  ;
; SW[2]      ; HEX0[4]     ; 6.681  ; 6.681  ; 6.681  ; 6.681  ;
; SW[2]      ; HEX0[5]     ; 6.671  ; 6.671  ; 6.671  ; 6.671  ;
; SW[2]      ; HEX0[6]     ; 6.669  ; 6.669  ; 6.669  ; 6.669  ;
; SW[2]      ; LEDR[2]     ; 5.191  ;        ;        ; 5.191  ;
; SW[3]      ; HEX0[0]     ; 6.235  ; 6.235  ; 6.235  ; 6.235  ;
; SW[3]      ; HEX0[1]     ; 6.198  ; 6.198  ; 6.198  ; 6.198  ;
; SW[3]      ; HEX0[2]     ; 6.208  ; 6.208  ; 6.208  ; 6.208  ;
; SW[3]      ; HEX0[3]     ; 5.978  ; 5.978  ; 5.978  ; 5.978  ;
; SW[3]      ; HEX0[4]     ;        ; 5.972  ; 5.972  ;        ;
; SW[3]      ; HEX0[5]     ; 5.967  ; 5.967  ; 5.967  ; 5.967  ;
; SW[3]      ; HEX0[6]     ; 5.965  ; 5.965  ; 5.965  ; 5.965  ;
; SW[3]      ; LEDR[3]     ; 5.466  ;        ;        ; 5.466  ;
; SW[4]      ; HEX1[0]     ; 6.841  ; 6.841  ; 6.841  ; 6.841  ;
; SW[4]      ; HEX1[1]     ; 6.792  ; 6.792  ; 6.792  ; 6.792  ;
; SW[4]      ; HEX1[2]     ;        ; 6.391  ; 6.391  ;        ;
; SW[4]      ; HEX1[3]     ; 6.351  ; 6.351  ; 6.351  ; 6.351  ;
; SW[4]      ; HEX1[4]     ; 6.412  ;        ;        ; 6.412  ;
; SW[4]      ; HEX1[5]     ; 6.639  ;        ;        ; 6.639  ;
; SW[4]      ; HEX1[6]     ; 6.599  ; 6.599  ; 6.599  ; 6.599  ;
; SW[4]      ; LEDR[4]     ; 5.355  ;        ;        ; 5.355  ;
; SW[5]      ; HEX1[0]     ; 6.705  ; 6.705  ; 6.705  ; 6.705  ;
; SW[5]      ; HEX1[1]     ; 6.668  ; 6.668  ; 6.668  ; 6.668  ;
; SW[5]      ; HEX1[2]     ; 6.267  ;        ;        ; 6.267  ;
; SW[5]      ; HEX1[3]     ; 6.225  ; 6.225  ; 6.225  ; 6.225  ;
; SW[5]      ; HEX1[4]     ;        ; 6.289  ; 6.289  ;        ;
; SW[5]      ; HEX1[5]     ; 6.503  ; 6.503  ; 6.503  ; 6.503  ;
; SW[5]      ; HEX1[6]     ; 6.461  ; 6.461  ; 6.461  ; 6.461  ;
; SW[5]      ; LEDR[5]     ; 5.493  ;        ;        ; 5.493  ;
; SW[6]      ; HEX1[0]     ; 6.436  ; 6.436  ; 6.436  ; 6.436  ;
; SW[6]      ; HEX1[1]     ; 6.388  ;        ;        ; 6.388  ;
; SW[6]      ; HEX1[2]     ; 5.984  ; 5.984  ; 5.984  ; 5.984  ;
; SW[6]      ; HEX1[3]     ; 5.947  ; 5.947  ; 5.947  ; 5.947  ;
; SW[6]      ; HEX1[4]     ; 6.006  ; 6.006  ; 6.006  ; 6.006  ;
; SW[6]      ; HEX1[5]     ; 6.236  ; 6.236  ; 6.236  ; 6.236  ;
; SW[6]      ; HEX1[6]     ; 6.194  ; 6.194  ; 6.194  ; 6.194  ;
; SW[6]      ; LEDR[6]     ; 5.523  ;        ;        ; 5.523  ;
; SW[7]      ; HEX1[0]     ; 7.862  ; 7.862  ; 7.862  ; 7.862  ;
; SW[7]      ; HEX1[1]     ; 7.813  ; 7.813  ; 7.813  ; 7.813  ;
; SW[7]      ; HEX1[2]     ; 7.408  ; 7.408  ; 7.408  ; 7.408  ;
; SW[7]      ; HEX1[3]     ; 7.372  ; 7.372  ; 7.372  ; 7.372  ;
; SW[7]      ; HEX1[4]     ;        ; 7.429  ; 7.429  ;        ;
; SW[7]      ; HEX1[5]     ; 7.662  ; 7.662  ; 7.662  ; 7.662  ;
; SW[7]      ; HEX1[6]     ; 7.620  ; 7.620  ; 7.620  ; 7.620  ;
; SW[7]      ; LEDR[7]     ; 6.359  ;        ;        ; 6.359  ;
; SW[8]      ; HEX2[0]     ; 7.598  ; 7.598  ; 7.598  ; 7.598  ;
; SW[8]      ; HEX2[1]     ; 7.285  ; 7.285  ; 7.285  ; 7.285  ;
; SW[8]      ; HEX2[2]     ;        ; 7.324  ; 7.324  ;        ;
; SW[8]      ; HEX2[3]     ; 7.292  ; 7.292  ; 7.292  ; 7.292  ;
; SW[8]      ; HEX2[4]     ; 7.595  ;        ;        ; 7.595  ;
; SW[8]      ; HEX2[5]     ; 7.597  ;        ;        ; 7.597  ;
; SW[8]      ; HEX2[6]     ; 7.480  ; 7.480  ; 7.480  ; 7.480  ;
; SW[8]      ; LEDR[8]     ; 6.838  ;        ;        ; 6.838  ;
; SW[9]      ; HEX2[0]     ; 7.109  ; 7.109  ; 7.109  ; 7.109  ;
; SW[9]      ; HEX2[1]     ; 6.792  ; 6.792  ; 6.792  ; 6.792  ;
; SW[9]      ; HEX2[2]     ; 6.831  ;        ;        ; 6.831  ;
; SW[9]      ; HEX2[3]     ; 6.805  ; 6.805  ; 6.805  ; 6.805  ;
; SW[9]      ; HEX2[4]     ;        ; 7.102  ; 7.102  ;        ;
; SW[9]      ; HEX2[5]     ; 7.110  ; 7.110  ; 7.110  ; 7.110  ;
; SW[9]      ; HEX2[6]     ; 6.992  ; 6.992  ; 6.992  ; 6.992  ;
; SW[9]      ; LEDR[9]     ; 6.822  ;        ;        ; 6.822  ;
; SW[10]     ; HEX2[0]     ; 7.678  ; 7.678  ; 7.678  ; 7.678  ;
; SW[10]     ; HEX2[1]     ; 7.362  ;        ;        ; 7.362  ;
; SW[10]     ; HEX2[2]     ; 7.401  ; 7.401  ; 7.401  ; 7.401  ;
; SW[10]     ; HEX2[3]     ; 7.374  ; 7.374  ; 7.374  ; 7.374  ;
; SW[10]     ; HEX2[4]     ; 7.672  ; 7.672  ; 7.672  ; 7.672  ;
; SW[10]     ; HEX2[5]     ; 7.679  ; 7.679  ; 7.679  ; 7.679  ;
; SW[10]     ; HEX2[6]     ; 7.562  ; 7.562  ; 7.562  ; 7.562  ;
; SW[10]     ; LEDR[10]    ; 5.769  ;        ;        ; 5.769  ;
; SW[11]     ; HEX2[0]     ; 7.273  ; 7.273  ; 7.273  ; 7.273  ;
; SW[11]     ; HEX2[1]     ; 6.967  ; 6.967  ; 6.967  ; 6.967  ;
; SW[11]     ; HEX2[2]     ; 7.006  ; 7.006  ; 7.006  ; 7.006  ;
; SW[11]     ; HEX2[3]     ; 6.973  ; 6.973  ; 6.973  ; 6.973  ;
; SW[11]     ; HEX2[4]     ;        ; 7.274  ; 7.274  ;        ;
; SW[11]     ; HEX2[5]     ; 7.264  ; 7.264  ; 7.264  ; 7.264  ;
; SW[11]     ; HEX2[6]     ; 7.147  ; 7.147  ; 7.147  ; 7.147  ;
; SW[11]     ; LEDR[11]    ; 5.746  ;        ;        ; 5.746  ;
; SW[12]     ; HEX3[0]     ; 7.202  ; 7.202  ; 7.202  ; 7.202  ;
; SW[12]     ; HEX3[1]     ; 6.990  ; 6.990  ; 6.990  ; 6.990  ;
; SW[12]     ; HEX3[2]     ;        ; 6.988  ; 6.988  ;        ;
; SW[12]     ; HEX3[3]     ; 6.945  ; 6.945  ; 6.945  ; 6.945  ;
; SW[12]     ; HEX3[4]     ; 6.988  ;        ;        ; 6.988  ;
; SW[12]     ; HEX3[5]     ; 7.187  ;        ;        ; 7.187  ;
; SW[12]     ; HEX3[6]     ; 7.231  ; 7.231  ; 7.231  ; 7.231  ;
; SW[12]     ; LEDR[12]    ; 5.979  ;        ;        ; 5.979  ;
; SW[13]     ; HEX3[0]     ; 10.807 ; 10.807 ; 10.807 ; 10.807 ;
; SW[13]     ; HEX3[1]     ; 10.593 ; 10.593 ; 10.593 ; 10.593 ;
; SW[13]     ; HEX3[2]     ; 10.592 ;        ;        ; 10.592 ;
; SW[13]     ; HEX3[3]     ; 10.550 ; 10.550 ; 10.550 ; 10.550 ;
; SW[13]     ; HEX3[4]     ;        ; 10.593 ; 10.593 ;        ;
; SW[13]     ; HEX3[5]     ; 10.793 ; 10.793 ; 10.793 ; 10.793 ;
; SW[13]     ; HEX3[6]     ; 10.840 ; 10.840 ; 10.840 ; 10.840 ;
; SW[13]     ; LEDR[13]    ; 9.882  ;        ;        ; 9.882  ;
; SW[14]     ; HEX3[0]     ; 10.867 ; 10.867 ; 10.867 ; 10.867 ;
; SW[14]     ; HEX3[1]     ; 10.654 ;        ;        ; 10.654 ;
; SW[14]     ; HEX3[2]     ; 10.652 ; 10.652 ; 10.652 ; 10.652 ;
; SW[14]     ; HEX3[3]     ; 10.609 ; 10.609 ; 10.609 ; 10.609 ;
; SW[14]     ; HEX3[4]     ; 10.651 ; 10.651 ; 10.651 ; 10.651 ;
; SW[14]     ; HEX3[5]     ; 10.858 ; 10.858 ; 10.858 ; 10.858 ;
; SW[14]     ; HEX3[6]     ; 10.907 ; 10.907 ; 10.907 ; 10.907 ;
; SW[14]     ; LEDR[14]    ; 9.910  ;        ;        ; 9.910  ;
; SW[15]     ; HEX3[0]     ; 10.563 ; 10.563 ; 10.563 ; 10.563 ;
; SW[15]     ; HEX3[1]     ; 10.343 ; 10.343 ; 10.343 ; 10.343 ;
; SW[15]     ; HEX3[2]     ; 10.342 ; 10.342 ; 10.342 ; 10.342 ;
; SW[15]     ; HEX3[3]     ; 10.300 ; 10.300 ; 10.300 ; 10.300 ;
; SW[15]     ; HEX3[4]     ;        ; 10.342 ; 10.342 ;        ;
; SW[15]     ; HEX3[5]     ; 10.553 ; 10.553 ; 10.553 ; 10.553 ;
; SW[15]     ; HEX3[6]     ; 10.603 ; 10.603 ; 10.603 ; 10.603 ;
; SW[15]     ; LEDR[15]    ; 9.884  ;        ;        ; 9.884  ;
+------------+-------------+--------+--------+--------+--------+


----------------------------
; Fast Model Setup Summary ;
----------------------------
No paths to report.


---------------------------
; Fast Model Hold Summary ;
---------------------------
No paths to report.


-------------------------------
; Fast Model Recovery Summary ;
-------------------------------
No paths to report.


------------------------------
; Fast Model Removal Summary ;
------------------------------
No paths to report.


------------------------------------------
; Fast Model Minimum Pulse Width Summary ;
------------------------------------------
No paths to report.


+----------------------------------------------------------+
; Propagation Delay                                        ;
+------------+-------------+-------+-------+-------+-------+
; Input Port ; Output Port ; RR    ; RF    ; FR    ; FF    ;
+------------+-------------+-------+-------+-------+-------+
; SW[0]      ; HEX0[0]     ; 3.913 ; 3.913 ; 3.913 ; 3.913 ;
; SW[0]      ; HEX0[1]     ; 3.878 ; 3.878 ; 3.878 ; 3.878 ;
; SW[0]      ; HEX0[2]     ;       ; 3.886 ; 3.886 ;       ;
; SW[0]      ; HEX0[3]     ; 3.789 ; 3.789 ; 3.789 ; 3.789 ;
; SW[0]      ; HEX0[4]     ; 3.785 ;       ;       ; 3.785 ;
; SW[0]      ; HEX0[5]     ; 3.775 ;       ;       ; 3.775 ;
; SW[0]      ; HEX0[6]     ; 3.771 ; 3.771 ; 3.771 ; 3.771 ;
; SW[0]      ; LEDR[0]     ; 3.579 ;       ;       ; 3.579 ;
; SW[1]      ; HEX0[0]     ; 4.001 ; 4.001 ; 4.001 ; 4.001 ;
; SW[1]      ; HEX0[1]     ; 3.966 ; 3.966 ; 3.966 ; 3.966 ;
; SW[1]      ; HEX0[2]     ; 3.977 ;       ;       ; 3.977 ;
; SW[1]      ; HEX0[3]     ; 3.880 ; 3.880 ; 3.880 ; 3.880 ;
; SW[1]      ; HEX0[4]     ;       ; 3.880 ; 3.880 ;       ;
; SW[1]      ; HEX0[5]     ; 3.870 ; 3.870 ; 3.870 ; 3.870 ;
; SW[1]      ; HEX0[6]     ; 3.868 ; 3.868 ; 3.868 ; 3.868 ;
; SW[1]      ; LEDR[1]     ; 3.292 ;       ;       ; 3.292 ;
; SW[2]      ; HEX0[0]     ; 3.708 ; 3.708 ; 3.708 ; 3.708 ;
; SW[2]      ; HEX0[1]     ; 3.673 ;       ;       ; 3.673 ;
; SW[2]      ; HEX0[2]     ; 3.681 ; 3.681 ; 3.681 ; 3.681 ;
; SW[2]      ; HEX0[3]     ; 3.584 ; 3.584 ; 3.584 ; 3.584 ;
; SW[2]      ; HEX0[4]     ; 3.580 ; 3.580 ; 3.580 ; 3.580 ;
; SW[2]      ; HEX0[5]     ; 3.570 ; 3.570 ; 3.570 ; 3.570 ;
; SW[2]      ; HEX0[6]     ; 3.568 ; 3.568 ; 3.568 ; 3.568 ;
; SW[2]      ; LEDR[2]     ; 2.850 ;       ;       ; 2.850 ;
; SW[3]      ; HEX0[0]     ; 3.271 ; 3.271 ; 3.271 ; 3.271 ;
; SW[3]      ; HEX0[1]     ; 3.236 ; 3.236 ; 3.236 ; 3.236 ;
; SW[3]      ; HEX0[2]     ; 3.244 ; 3.244 ; 3.244 ; 3.244 ;
; SW[3]      ; HEX0[3]     ; 3.147 ; 3.147 ; 3.147 ; 3.147 ;
; SW[3]      ; HEX0[4]     ;       ; 3.146 ; 3.146 ;       ;
; SW[3]      ; HEX0[5]     ; 3.136 ; 3.136 ; 3.136 ; 3.136 ;
; SW[3]      ; HEX0[6]     ; 3.134 ; 3.134 ; 3.134 ; 3.134 ;
; SW[3]      ; LEDR[3]     ; 2.964 ;       ;       ; 2.964 ;
; SW[4]      ; HEX1[0]     ; 3.567 ; 3.567 ; 3.567 ; 3.567 ;
; SW[4]      ; HEX1[1]     ; 3.539 ; 3.539 ; 3.539 ; 3.539 ;
; SW[4]      ; HEX1[2]     ;       ; 3.308 ; 3.308 ;       ;
; SW[4]      ; HEX1[3]     ; 3.286 ; 3.286 ; 3.286 ; 3.286 ;
; SW[4]      ; HEX1[4]     ; 3.329 ;       ;       ; 3.329 ;
; SW[4]      ; HEX1[5]     ; 3.422 ;       ;       ; 3.422 ;
; SW[4]      ; HEX1[6]     ; 3.417 ; 3.417 ; 3.417 ; 3.417 ;
; SW[4]      ; LEDR[4]     ; 2.912 ;       ;       ; 2.912 ;
; SW[5]      ; HEX1[0]     ; 3.519 ; 3.519 ; 3.519 ; 3.519 ;
; SW[5]      ; HEX1[1]     ; 3.496 ; 3.496 ; 3.496 ; 3.496 ;
; SW[5]      ; HEX1[2]     ; 3.267 ;       ;       ; 3.267 ;
; SW[5]      ; HEX1[3]     ; 3.241 ; 3.241 ; 3.241 ; 3.241 ;
; SW[5]      ; HEX1[4]     ;       ; 3.288 ; 3.288 ;       ;
; SW[5]      ; HEX1[5]     ; 3.367 ; 3.367 ; 3.367 ; 3.367 ;
; SW[5]      ; HEX1[6]     ; 3.363 ; 3.363 ; 3.363 ; 3.363 ;
; SW[5]      ; LEDR[5]     ; 2.982 ;       ;       ; 2.982 ;
; SW[6]      ; HEX1[0]     ; 3.391 ; 3.391 ; 3.391 ; 3.391 ;
; SW[6]      ; HEX1[1]     ; 3.363 ;       ;       ; 3.363 ;
; SW[6]      ; HEX1[2]     ; 3.130 ; 3.130 ; 3.130 ; 3.130 ;
; SW[6]      ; HEX1[3]     ; 3.111 ; 3.111 ; 3.111 ; 3.111 ;
; SW[6]      ; HEX1[4]     ; 3.150 ; 3.150 ; 3.150 ; 3.150 ;
; SW[6]      ; HEX1[5]     ; 3.247 ; 3.247 ; 3.247 ; 3.247 ;
; SW[6]      ; HEX1[6]     ; 3.242 ; 3.242 ; 3.242 ; 3.242 ;
; SW[6]      ; LEDR[6]     ; 3.002 ;       ;       ; 3.002 ;
; SW[7]      ; HEX1[0]     ; 4.155 ; 4.155 ; 4.155 ; 4.155 ;
; SW[7]      ; HEX1[1]     ; 4.127 ; 4.127 ; 4.127 ; 4.127 ;
; SW[7]      ; HEX1[2]     ; 3.892 ; 3.892 ; 3.892 ; 3.892 ;
; SW[7]      ; HEX1[3]     ; 3.874 ; 3.874 ; 3.874 ; 3.874 ;
; SW[7]      ; HEX1[4]     ;       ; 3.914 ; 3.914 ;       ;
; SW[7]      ; HEX1[5]     ; 4.011 ; 4.011 ; 4.011 ; 4.011 ;
; SW[7]      ; HEX1[6]     ; 4.006 ; 4.006 ; 4.006 ; 4.006 ;
; SW[7]      ; LEDR[7]     ; 3.505 ;       ;       ; 3.505 ;
; SW[8]      ; HEX2[0]     ; 4.036 ; 4.036 ; 4.036 ; 4.036 ;
; SW[8]      ; HEX2[1]     ; 3.881 ; 3.881 ; 3.881 ; 3.881 ;
; SW[8]      ; HEX2[2]     ;       ; 3.920 ; 3.920 ;       ;
; SW[8]      ; HEX2[3]     ; 3.908 ; 3.908 ; 3.908 ; 3.908 ;
; SW[8]      ; HEX2[4]     ; 4.036 ;       ;       ; 4.036 ;
; SW[8]      ; HEX2[5]     ; 4.038 ;       ;       ; 4.038 ;
; SW[8]      ; HEX2[6]     ; 3.977 ; 3.977 ; 3.977 ; 3.977 ;
; SW[8]      ; LEDR[8]     ; 3.737 ;       ;       ; 3.737 ;
; SW[9]      ; HEX2[0]     ; 3.765 ; 3.765 ; 3.765 ; 3.765 ;
; SW[9]      ; HEX2[1]     ; 3.603 ; 3.603 ; 3.603 ; 3.603 ;
; SW[9]      ; HEX2[2]     ; 3.642 ;       ;       ; 3.642 ;
; SW[9]      ; HEX2[3]     ; 3.634 ; 3.634 ; 3.634 ; 3.634 ;
; SW[9]      ; HEX2[4]     ;       ; 3.759 ; 3.759 ;       ;
; SW[9]      ; HEX2[5]     ; 3.766 ; 3.766 ; 3.766 ; 3.766 ;
; SW[9]      ; HEX2[6]     ; 3.705 ; 3.705 ; 3.705 ; 3.705 ;
; SW[9]      ; LEDR[9]     ; 3.743 ;       ;       ; 3.743 ;
; SW[10]     ; HEX2[0]     ; 4.016 ; 4.016 ; 4.016 ; 4.016 ;
; SW[10]     ; HEX2[1]     ; 3.855 ;       ;       ; 3.855 ;
; SW[10]     ; HEX2[2]     ; 3.895 ; 3.895 ; 3.895 ; 3.895 ;
; SW[10]     ; HEX2[3]     ; 3.885 ; 3.885 ; 3.885 ; 3.885 ;
; SW[10]     ; HEX2[4]     ; 4.011 ; 4.011 ; 4.011 ; 4.011 ;
; SW[10]     ; HEX2[5]     ; 4.017 ; 4.017 ; 4.017 ; 4.017 ;
; SW[10]     ; HEX2[6]     ; 3.957 ; 3.957 ; 3.957 ; 3.957 ;
; SW[10]     ; LEDR[10]    ; 3.171 ;       ;       ; 3.171 ;
; SW[11]     ; HEX2[0]     ; 3.830 ; 3.830 ; 3.830 ; 3.830 ;
; SW[11]     ; HEX2[1]     ; 3.680 ; 3.680 ; 3.680 ; 3.680 ;
; SW[11]     ; HEX2[2]     ; 3.719 ; 3.719 ; 3.719 ; 3.719 ;
; SW[11]     ; HEX2[3]     ; 3.703 ; 3.703 ; 3.703 ; 3.703 ;
; SW[11]     ; HEX2[4]     ;       ; 3.835 ; 3.835 ;       ;
; SW[11]     ; HEX2[5]     ; 3.826 ; 3.826 ; 3.826 ; 3.826 ;
; SW[11]     ; HEX2[6]     ; 3.766 ; 3.766 ; 3.766 ; 3.766 ;
; SW[11]     ; LEDR[11]    ; 3.157 ;       ;       ; 3.157 ;
; SW[12]     ; HEX3[0]     ; 3.782 ; 3.782 ; 3.782 ; 3.782 ;
; SW[12]     ; HEX3[1]     ; 3.707 ; 3.707 ; 3.707 ; 3.707 ;
; SW[12]     ; HEX3[2]     ;       ; 3.707 ; 3.707 ;       ;
; SW[12]     ; HEX3[3]     ; 3.681 ; 3.681 ; 3.681 ; 3.681 ;
; SW[12]     ; HEX3[4]     ; 3.705 ;       ;       ; 3.705 ;
; SW[12]     ; HEX3[5]     ; 3.766 ;       ;       ; 3.766 ;
; SW[12]     ; HEX3[6]     ; 3.800 ; 3.800 ; 3.800 ; 3.800 ;
; SW[12]     ; LEDR[12]    ; 3.264 ;       ;       ; 3.264 ;
; SW[13]     ; HEX3[0]     ; 6.005 ; 6.005 ; 6.005 ; 6.005 ;
; SW[13]     ; HEX3[1]     ; 5.928 ; 5.928 ; 5.928 ; 5.928 ;
; SW[13]     ; HEX3[2]     ; 5.927 ;       ;       ; 5.927 ;
; SW[13]     ; HEX3[3]     ; 5.902 ; 5.902 ; 5.902 ; 5.902 ;
; SW[13]     ; HEX3[4]     ;       ; 5.926 ; 5.926 ;       ;
; SW[13]     ; HEX3[5]     ; 5.989 ; 5.989 ; 5.989 ; 5.989 ;
; SW[13]     ; HEX3[6]     ; 6.024 ; 6.024 ; 6.024 ; 6.024 ;
; SW[13]     ; LEDR[13]    ; 5.648 ;       ;       ; 5.648 ;
; SW[14]     ; HEX3[0]     ; 6.051 ; 6.051 ; 6.051 ; 6.051 ;
; SW[14]     ; HEX3[1]     ; 5.975 ;       ;       ; 5.975 ;
; SW[14]     ; HEX3[2]     ; 5.974 ; 5.974 ; 5.974 ; 5.974 ;
; SW[14]     ; HEX3[3]     ; 5.948 ; 5.948 ; 5.948 ; 5.948 ;
; SW[14]     ; HEX3[4]     ; 5.973 ; 5.973 ; 5.973 ; 5.973 ;
; SW[14]     ; HEX3[5]     ; 6.043 ; 6.043 ; 6.043 ; 6.043 ;
; SW[14]     ; HEX3[6]     ; 6.078 ; 6.078 ; 6.078 ; 6.078 ;
; SW[14]     ; LEDR[14]    ; 5.665 ;       ;       ; 5.665 ;
; SW[15]     ; HEX3[0]     ; 5.907 ; 5.907 ; 5.907 ; 5.907 ;
; SW[15]     ; HEX3[1]     ; 5.825 ; 5.825 ; 5.825 ; 5.825 ;
; SW[15]     ; HEX3[2]     ; 5.825 ; 5.825 ; 5.825 ; 5.825 ;
; SW[15]     ; HEX3[3]     ; 5.803 ; 5.803 ; 5.803 ; 5.803 ;
; SW[15]     ; HEX3[4]     ;       ; 5.827 ; 5.827 ;       ;
; SW[15]     ; HEX3[5]     ; 5.898 ; 5.898 ; 5.898 ; 5.898 ;
; SW[15]     ; HEX3[6]     ; 5.933 ; 5.933 ; 5.933 ; 5.933 ;
; SW[15]     ; LEDR[15]    ; 5.649 ;       ;       ; 5.649 ;
+------------+-------------+-------+-------+-------+-------+


+----------------------------------------------------------+
; Minimum Propagation Delay                                ;
+------------+-------------+-------+-------+-------+-------+
; Input Port ; Output Port ; RR    ; RF    ; FR    ; FF    ;
+------------+-------------+-------+-------+-------+-------+
; SW[0]      ; HEX0[0]     ; 3.913 ; 3.913 ; 3.913 ; 3.913 ;
; SW[0]      ; HEX0[1]     ; 3.878 ; 3.878 ; 3.878 ; 3.878 ;
; SW[0]      ; HEX0[2]     ;       ; 3.886 ; 3.886 ;       ;
; SW[0]      ; HEX0[3]     ; 3.789 ; 3.789 ; 3.789 ; 3.789 ;
; SW[0]      ; HEX0[4]     ; 3.785 ;       ;       ; 3.785 ;
; SW[0]      ; HEX0[5]     ; 3.775 ;       ;       ; 3.775 ;
; SW[0]      ; HEX0[6]     ; 3.771 ; 3.771 ; 3.771 ; 3.771 ;
; SW[0]      ; LEDR[0]     ; 3.579 ;       ;       ; 3.579 ;
; SW[1]      ; HEX0[0]     ; 4.001 ; 4.001 ; 4.001 ; 4.001 ;
; SW[1]      ; HEX0[1]     ; 3.966 ; 3.966 ; 3.966 ; 3.966 ;
; SW[1]      ; HEX0[2]     ; 3.977 ;       ;       ; 3.977 ;
; SW[1]      ; HEX0[3]     ; 3.880 ; 3.880 ; 3.880 ; 3.880 ;
; SW[1]      ; HEX0[4]     ;       ; 3.880 ; 3.880 ;       ;
; SW[1]      ; HEX0[5]     ; 3.870 ; 3.870 ; 3.870 ; 3.870 ;
; SW[1]      ; HEX0[6]     ; 3.868 ; 3.868 ; 3.868 ; 3.868 ;
; SW[1]      ; LEDR[1]     ; 3.292 ;       ;       ; 3.292 ;
; SW[2]      ; HEX0[0]     ; 3.708 ; 3.708 ; 3.708 ; 3.708 ;
; SW[2]      ; HEX0[1]     ; 3.673 ;       ;       ; 3.673 ;
; SW[2]      ; HEX0[2]     ; 3.681 ; 3.681 ; 3.681 ; 3.681 ;
; SW[2]      ; HEX0[3]     ; 3.584 ; 3.584 ; 3.584 ; 3.584 ;
; SW[2]      ; HEX0[4]     ; 3.580 ; 3.580 ; 3.580 ; 3.580 ;
; SW[2]      ; HEX0[5]     ; 3.570 ; 3.570 ; 3.570 ; 3.570 ;
; SW[2]      ; HEX0[6]     ; 3.568 ; 3.568 ; 3.568 ; 3.568 ;
; SW[2]      ; LEDR[2]     ; 2.850 ;       ;       ; 2.850 ;
; SW[3]      ; HEX0[0]     ; 3.271 ; 3.271 ; 3.271 ; 3.271 ;
; SW[3]      ; HEX0[1]     ; 3.236 ; 3.236 ; 3.236 ; 3.236 ;
; SW[3]      ; HEX0[2]     ; 3.244 ; 3.244 ; 3.244 ; 3.244 ;
; SW[3]      ; HEX0[3]     ; 3.147 ; 3.147 ; 3.147 ; 3.147 ;
; SW[3]      ; HEX0[4]     ;       ; 3.146 ; 3.146 ;       ;
; SW[3]      ; HEX0[5]     ; 3.136 ; 3.136 ; 3.136 ; 3.136 ;
; SW[3]      ; HEX0[6]     ; 3.134 ; 3.134 ; 3.134 ; 3.134 ;
; SW[3]      ; LEDR[3]     ; 2.964 ;       ;       ; 2.964 ;
; SW[4]      ; HEX1[0]     ; 3.567 ; 3.567 ; 3.567 ; 3.567 ;
; SW[4]      ; HEX1[1]     ; 3.539 ; 3.539 ; 3.539 ; 3.539 ;
; SW[4]      ; HEX1[2]     ;       ; 3.308 ; 3.308 ;       ;
; SW[4]      ; HEX1[3]     ; 3.286 ; 3.286 ; 3.286 ; 3.286 ;
; SW[4]      ; HEX1[4]     ; 3.329 ;       ;       ; 3.329 ;
; SW[4]      ; HEX1[5]     ; 3.422 ;       ;       ; 3.422 ;
; SW[4]      ; HEX1[6]     ; 3.417 ; 3.417 ; 3.417 ; 3.417 ;
; SW[4]      ; LEDR[4]     ; 2.912 ;       ;       ; 2.912 ;
; SW[5]      ; HEX1[0]     ; 3.519 ; 3.519 ; 3.519 ; 3.519 ;
; SW[5]      ; HEX1[1]     ; 3.496 ; 3.496 ; 3.496 ; 3.496 ;
; SW[5]      ; HEX1[2]     ; 3.267 ;       ;       ; 3.267 ;
; SW[5]      ; HEX1[3]     ; 3.241 ; 3.241 ; 3.241 ; 3.241 ;
; SW[5]      ; HEX1[4]     ;       ; 3.288 ; 3.288 ;       ;
; SW[5]      ; HEX1[5]     ; 3.367 ; 3.367 ; 3.367 ; 3.367 ;
; SW[5]      ; HEX1[6]     ; 3.363 ; 3.363 ; 3.363 ; 3.363 ;
; SW[5]      ; LEDR[5]     ; 2.982 ;       ;       ; 2.982 ;
; SW[6]      ; HEX1[0]     ; 3.391 ; 3.391 ; 3.391 ; 3.391 ;
; SW[6]      ; HEX1[1]     ; 3.363 ;       ;       ; 3.363 ;
; SW[6]      ; HEX1[2]     ; 3.130 ; 3.130 ; 3.130 ; 3.130 ;
; SW[6]      ; HEX1[3]     ; 3.111 ; 3.111 ; 3.111 ; 3.111 ;
; SW[6]      ; HEX1[4]     ; 3.150 ; 3.150 ; 3.150 ; 3.150 ;
; SW[6]      ; HEX1[5]     ; 3.247 ; 3.247 ; 3.247 ; 3.247 ;
; SW[6]      ; HEX1[6]     ; 3.242 ; 3.242 ; 3.242 ; 3.242 ;
; SW[6]      ; LEDR[6]     ; 3.002 ;       ;       ; 3.002 ;
; SW[7]      ; HEX1[0]     ; 4.155 ; 4.155 ; 4.155 ; 4.155 ;
; SW[7]      ; HEX1[1]     ; 4.127 ; 4.127 ; 4.127 ; 4.127 ;
; SW[7]      ; HEX1[2]     ; 3.892 ; 3.892 ; 3.892 ; 3.892 ;
; SW[7]      ; HEX1[3]     ; 3.874 ; 3.874 ; 3.874 ; 3.874 ;
; SW[7]      ; HEX1[4]     ;       ; 3.914 ; 3.914 ;       ;
; SW[7]      ; HEX1[5]     ; 4.011 ; 4.011 ; 4.011 ; 4.011 ;
; SW[7]      ; HEX1[6]     ; 4.006 ; 4.006 ; 4.006 ; 4.006 ;
; SW[7]      ; LEDR[7]     ; 3.505 ;       ;       ; 3.505 ;
; SW[8]      ; HEX2[0]     ; 4.036 ; 4.036 ; 4.036 ; 4.036 ;
; SW[8]      ; HEX2[1]     ; 3.881 ; 3.881 ; 3.881 ; 3.881 ;
; SW[8]      ; HEX2[2]     ;       ; 3.920 ; 3.920 ;       ;
; SW[8]      ; HEX2[3]     ; 3.908 ; 3.908 ; 3.908 ; 3.908 ;
; SW[8]      ; HEX2[4]     ; 4.036 ;       ;       ; 4.036 ;
; SW[8]      ; HEX2[5]     ; 4.038 ;       ;       ; 4.038 ;
; SW[8]      ; HEX2[6]     ; 3.977 ; 3.977 ; 3.977 ; 3.977 ;
; SW[8]      ; LEDR[8]     ; 3.737 ;       ;       ; 3.737 ;
; SW[9]      ; HEX2[0]     ; 3.765 ; 3.765 ; 3.765 ; 3.765 ;
; SW[9]      ; HEX2[1]     ; 3.603 ; 3.603 ; 3.603 ; 3.603 ;
; SW[9]      ; HEX2[2]     ; 3.642 ;       ;       ; 3.642 ;
; SW[9]      ; HEX2[3]     ; 3.634 ; 3.634 ; 3.634 ; 3.634 ;
; SW[9]      ; HEX2[4]     ;       ; 3.759 ; 3.759 ;       ;
; SW[9]      ; HEX2[5]     ; 3.766 ; 3.766 ; 3.766 ; 3.766 ;
; SW[9]      ; HEX2[6]     ; 3.705 ; 3.705 ; 3.705 ; 3.705 ;
; SW[9]      ; LEDR[9]     ; 3.743 ;       ;       ; 3.743 ;
; SW[10]     ; HEX2[0]     ; 4.016 ; 4.016 ; 4.016 ; 4.016 ;
; SW[10]     ; HEX2[1]     ; 3.855 ;       ;       ; 3.855 ;
; SW[10]     ; HEX2[2]     ; 3.895 ; 3.895 ; 3.895 ; 3.895 ;
; SW[10]     ; HEX2[3]     ; 3.885 ; 3.885 ; 3.885 ; 3.885 ;
; SW[10]     ; HEX2[4]     ; 4.011 ; 4.011 ; 4.011 ; 4.011 ;
; SW[10]     ; HEX2[5]     ; 4.017 ; 4.017 ; 4.017 ; 4.017 ;
; SW[10]     ; HEX2[6]     ; 3.957 ; 3.957 ; 3.957 ; 3.957 ;
; SW[10]     ; LEDR[10]    ; 3.171 ;       ;       ; 3.171 ;
; SW[11]     ; HEX2[0]     ; 3.830 ; 3.830 ; 3.830 ; 3.830 ;
; SW[11]     ; HEX2[1]     ; 3.680 ; 3.680 ; 3.680 ; 3.680 ;
; SW[11]     ; HEX2[2]     ; 3.719 ; 3.719 ; 3.719 ; 3.719 ;
; SW[11]     ; HEX2[3]     ; 3.703 ; 3.703 ; 3.703 ; 3.703 ;
; SW[11]     ; HEX2[4]     ;       ; 3.835 ; 3.835 ;       ;
; SW[11]     ; HEX2[5]     ; 3.826 ; 3.826 ; 3.826 ; 3.826 ;
; SW[11]     ; HEX2[6]     ; 3.766 ; 3.766 ; 3.766 ; 3.766 ;
; SW[11]     ; LEDR[11]    ; 3.157 ;       ;       ; 3.157 ;
; SW[12]     ; HEX3[0]     ; 3.782 ; 3.782 ; 3.782 ; 3.782 ;
; SW[12]     ; HEX3[1]     ; 3.707 ; 3.707 ; 3.707 ; 3.707 ;
; SW[12]     ; HEX3[2]     ;       ; 3.707 ; 3.707 ;       ;
; SW[12]     ; HEX3[3]     ; 3.681 ; 3.681 ; 3.681 ; 3.681 ;
; SW[12]     ; HEX3[4]     ; 3.705 ;       ;       ; 3.705 ;
; SW[12]     ; HEX3[5]     ; 3.766 ;       ;       ; 3.766 ;
; SW[12]     ; HEX3[6]     ; 3.800 ; 3.800 ; 3.800 ; 3.800 ;
; SW[12]     ; LEDR[12]    ; 3.264 ;       ;       ; 3.264 ;
; SW[13]     ; HEX3[0]     ; 6.005 ; 6.005 ; 6.005 ; 6.005 ;
; SW[13]     ; HEX3[1]     ; 5.928 ; 5.928 ; 5.928 ; 5.928 ;
; SW[13]     ; HEX3[2]     ; 5.927 ;       ;       ; 5.927 ;
; SW[13]     ; HEX3[3]     ; 5.902 ; 5.902 ; 5.902 ; 5.902 ;
; SW[13]     ; HEX3[4]     ;       ; 5.926 ; 5.926 ;       ;
; SW[13]     ; HEX3[5]     ; 5.989 ; 5.989 ; 5.989 ; 5.989 ;
; SW[13]     ; HEX3[6]     ; 6.024 ; 6.024 ; 6.024 ; 6.024 ;
; SW[13]     ; LEDR[13]    ; 5.648 ;       ;       ; 5.648 ;
; SW[14]     ; HEX3[0]     ; 6.051 ; 6.051 ; 6.051 ; 6.051 ;
; SW[14]     ; HEX3[1]     ; 5.975 ;       ;       ; 5.975 ;
; SW[14]     ; HEX3[2]     ; 5.974 ; 5.974 ; 5.974 ; 5.974 ;
; SW[14]     ; HEX3[3]     ; 5.948 ; 5.948 ; 5.948 ; 5.948 ;
; SW[14]     ; HEX3[4]     ; 5.973 ; 5.973 ; 5.973 ; 5.973 ;
; SW[14]     ; HEX3[5]     ; 6.043 ; 6.043 ; 6.043 ; 6.043 ;
; SW[14]     ; HEX3[6]     ; 6.078 ; 6.078 ; 6.078 ; 6.078 ;
; SW[14]     ; LEDR[14]    ; 5.665 ;       ;       ; 5.665 ;
; SW[15]     ; HEX3[0]     ; 5.907 ; 5.907 ; 5.907 ; 5.907 ;
; SW[15]     ; HEX3[1]     ; 5.825 ; 5.825 ; 5.825 ; 5.825 ;
; SW[15]     ; HEX3[2]     ; 5.825 ; 5.825 ; 5.825 ; 5.825 ;
; SW[15]     ; HEX3[3]     ; 5.803 ; 5.803 ; 5.803 ; 5.803 ;
; SW[15]     ; HEX3[4]     ;       ; 5.827 ; 5.827 ;       ;
; SW[15]     ; HEX3[5]     ; 5.898 ; 5.898 ; 5.898 ; 5.898 ;
; SW[15]     ; HEX3[6]     ; 5.933 ; 5.933 ; 5.933 ; 5.933 ;
; SW[15]     ; LEDR[15]    ; 5.649 ;       ;       ; 5.649 ;
+------------+-------------+-------+-------+-------+-------+


+----------------------------------------------------------------------------+
; Multicorner Timing Analysis Summary                                        ;
+------------------+-------+------+----------+---------+---------------------+
; Clock            ; Setup ; Hold ; Recovery ; Removal ; Minimum Pulse Width ;
+------------------+-------+------+----------+---------+---------------------+
; Worst-case Slack ; N/A   ; N/A  ; N/A      ; N/A     ; N/A                 ;
; Design-wide TNS  ; 0.0   ; 0.0  ; 0.0      ; 0.0     ; 0.0                 ;
+------------------+-------+------+----------+---------+---------------------+


+--------------------------------------------------------------+
; Progagation Delay                                            ;
+------------+-------------+--------+--------+--------+--------+
; Input Port ; Output Port ; RR     ; RF     ; FR     ; FF     ;
+------------+-------------+--------+--------+--------+--------+
; SW[0]      ; HEX0[0]     ; 7.439  ; 7.439  ; 7.439  ; 7.439  ;
; SW[0]      ; HEX0[1]     ; 7.403  ; 7.403  ; 7.403  ; 7.403  ;
; SW[0]      ; HEX0[2]     ;        ; 7.413  ; 7.413  ;        ;
; SW[0]      ; HEX0[3]     ; 7.184  ; 7.184  ; 7.184  ; 7.184  ;
; SW[0]      ; HEX0[4]     ; 7.179  ;        ;        ; 7.179  ;
; SW[0]      ; HEX0[5]     ; 7.170  ;        ;        ; 7.170  ;
; SW[0]      ; HEX0[6]     ; 7.164  ; 7.164  ; 7.164  ; 7.164  ;
; SW[0]      ; LEDR[0]     ; 6.559  ;        ;        ; 6.559  ;
; SW[1]      ; HEX0[0]     ; 7.572  ; 7.572  ; 7.572  ; 7.572  ;
; SW[1]      ; HEX0[1]     ; 7.535  ; 7.535  ; 7.535  ; 7.535  ;
; SW[1]      ; HEX0[2]     ; 7.549  ;        ;        ; 7.549  ;
; SW[1]      ; HEX0[3]     ; 7.320  ; 7.320  ; 7.320  ; 7.320  ;
; SW[1]      ; HEX0[4]     ;        ; 7.318  ; 7.318  ;        ;
; SW[1]      ; HEX0[5]     ; 7.308  ; 7.308  ; 7.308  ; 7.308  ;
; SW[1]      ; HEX0[6]     ; 7.307  ; 7.307  ; 7.307  ; 7.307  ;
; SW[1]      ; LEDR[1]     ; 6.032  ;        ;        ; 6.032  ;
; SW[2]      ; HEX0[0]     ; 6.942  ; 6.942  ; 6.942  ; 6.942  ;
; SW[2]      ; HEX0[1]     ; 6.905  ;        ;        ; 6.905  ;
; SW[2]      ; HEX0[2]     ; 6.915  ; 6.915  ; 6.915  ; 6.915  ;
; SW[2]      ; HEX0[3]     ; 6.686  ; 6.686  ; 6.686  ; 6.686  ;
; SW[2]      ; HEX0[4]     ; 6.681  ; 6.681  ; 6.681  ; 6.681  ;
; SW[2]      ; HEX0[5]     ; 6.671  ; 6.671  ; 6.671  ; 6.671  ;
; SW[2]      ; HEX0[6]     ; 6.669  ; 6.669  ; 6.669  ; 6.669  ;
; SW[2]      ; LEDR[2]     ; 5.191  ;        ;        ; 5.191  ;
; SW[3]      ; HEX0[0]     ; 6.235  ; 6.235  ; 6.235  ; 6.235  ;
; SW[3]      ; HEX0[1]     ; 6.198  ; 6.198  ; 6.198  ; 6.198  ;
; SW[3]      ; HEX0[2]     ; 6.208  ; 6.208  ; 6.208  ; 6.208  ;
; SW[3]      ; HEX0[3]     ; 5.978  ; 5.978  ; 5.978  ; 5.978  ;
; SW[3]      ; HEX0[4]     ;        ; 5.972  ; 5.972  ;        ;
; SW[3]      ; HEX0[5]     ; 5.967  ; 5.967  ; 5.967  ; 5.967  ;
; SW[3]      ; HEX0[6]     ; 5.965  ; 5.965  ; 5.965  ; 5.965  ;
; SW[3]      ; LEDR[3]     ; 5.466  ;        ;        ; 5.466  ;
; SW[4]      ; HEX1[0]     ; 6.841  ; 6.841  ; 6.841  ; 6.841  ;
; SW[4]      ; HEX1[1]     ; 6.792  ; 6.792  ; 6.792  ; 6.792  ;
; SW[4]      ; HEX1[2]     ;        ; 6.391  ; 6.391  ;        ;
; SW[4]      ; HEX1[3]     ; 6.351  ; 6.351  ; 6.351  ; 6.351  ;
; SW[4]      ; HEX1[4]     ; 6.412  ;        ;        ; 6.412  ;
; SW[4]      ; HEX1[5]     ; 6.639  ;        ;        ; 6.639  ;
; SW[4]      ; HEX1[6]     ; 6.599  ; 6.599  ; 6.599  ; 6.599  ;
; SW[4]      ; LEDR[4]     ; 5.355  ;        ;        ; 5.355  ;
; SW[5]      ; HEX1[0]     ; 6.705  ; 6.705  ; 6.705  ; 6.705  ;
; SW[5]      ; HEX1[1]     ; 6.668  ; 6.668  ; 6.668  ; 6.668  ;
; SW[5]      ; HEX1[2]     ; 6.267  ;        ;        ; 6.267  ;
; SW[5]      ; HEX1[3]     ; 6.225  ; 6.225  ; 6.225  ; 6.225  ;
; SW[5]      ; HEX1[4]     ;        ; 6.289  ; 6.289  ;        ;
; SW[5]      ; HEX1[5]     ; 6.503  ; 6.503  ; 6.503  ; 6.503  ;
; SW[5]      ; HEX1[6]     ; 6.461  ; 6.461  ; 6.461  ; 6.461  ;
; SW[5]      ; LEDR[5]     ; 5.493  ;        ;        ; 5.493  ;
; SW[6]      ; HEX1[0]     ; 6.436  ; 6.436  ; 6.436  ; 6.436  ;
; SW[6]      ; HEX1[1]     ; 6.388  ;        ;        ; 6.388  ;
; SW[6]      ; HEX1[2]     ; 5.984  ; 5.984  ; 5.984  ; 5.984  ;
; SW[6]      ; HEX1[3]     ; 5.947  ; 5.947  ; 5.947  ; 5.947  ;
; SW[6]      ; HEX1[4]     ; 6.006  ; 6.006  ; 6.006  ; 6.006  ;
; SW[6]      ; HEX1[5]     ; 6.236  ; 6.236  ; 6.236  ; 6.236  ;
; SW[6]      ; HEX1[6]     ; 6.194  ; 6.194  ; 6.194  ; 6.194  ;
; SW[6]      ; LEDR[6]     ; 5.523  ;        ;        ; 5.523  ;
; SW[7]      ; HEX1[0]     ; 7.862  ; 7.862  ; 7.862  ; 7.862  ;
; SW[7]      ; HEX1[1]     ; 7.813  ; 7.813  ; 7.813  ; 7.813  ;
; SW[7]      ; HEX1[2]     ; 7.408  ; 7.408  ; 7.408  ; 7.408  ;
; SW[7]      ; HEX1[3]     ; 7.372  ; 7.372  ; 7.372  ; 7.372  ;
; SW[7]      ; HEX1[4]     ;        ; 7.429  ; 7.429  ;        ;
; SW[7]      ; HEX1[5]     ; 7.662  ; 7.662  ; 7.662  ; 7.662  ;
; SW[7]      ; HEX1[6]     ; 7.620  ; 7.620  ; 7.620  ; 7.620  ;
; SW[7]      ; LEDR[7]     ; 6.359  ;        ;        ; 6.359  ;
; SW[8]      ; HEX2[0]     ; 7.598  ; 7.598  ; 7.598  ; 7.598  ;
; SW[8]      ; HEX2[1]     ; 7.285  ; 7.285  ; 7.285  ; 7.285  ;
; SW[8]      ; HEX2[2]     ;        ; 7.324  ; 7.324  ;        ;
; SW[8]      ; HEX2[3]     ; 7.292  ; 7.292  ; 7.292  ; 7.292  ;
; SW[8]      ; HEX2[4]     ; 7.595  ;        ;        ; 7.595  ;
; SW[8]      ; HEX2[5]     ; 7.597  ;        ;        ; 7.597  ;
; SW[8]      ; HEX2[6]     ; 7.480  ; 7.480  ; 7.480  ; 7.480  ;
; SW[8]      ; LEDR[8]     ; 6.838  ;        ;        ; 6.838  ;
; SW[9]      ; HEX2[0]     ; 7.109  ; 7.109  ; 7.109  ; 7.109  ;
; SW[9]      ; HEX2[1]     ; 6.792  ; 6.792  ; 6.792  ; 6.792  ;
; SW[9]      ; HEX2[2]     ; 6.831  ;        ;        ; 6.831  ;
; SW[9]      ; HEX2[3]     ; 6.805  ; 6.805  ; 6.805  ; 6.805  ;
; SW[9]      ; HEX2[4]     ;        ; 7.102  ; 7.102  ;        ;
; SW[9]      ; HEX2[5]     ; 7.110  ; 7.110  ; 7.110  ; 7.110  ;
; SW[9]      ; HEX2[6]     ; 6.992  ; 6.992  ; 6.992  ; 6.992  ;
; SW[9]      ; LEDR[9]     ; 6.822  ;        ;        ; 6.822  ;
; SW[10]     ; HEX2[0]     ; 7.678  ; 7.678  ; 7.678  ; 7.678  ;
; SW[10]     ; HEX2[1]     ; 7.362  ;        ;        ; 7.362  ;
; SW[10]     ; HEX2[2]     ; 7.401  ; 7.401  ; 7.401  ; 7.401  ;
; SW[10]     ; HEX2[3]     ; 7.374  ; 7.374  ; 7.374  ; 7.374  ;
; SW[10]     ; HEX2[4]     ; 7.672  ; 7.672  ; 7.672  ; 7.672  ;
; SW[10]     ; HEX2[5]     ; 7.679  ; 7.679  ; 7.679  ; 7.679  ;
; SW[10]     ; HEX2[6]     ; 7.562  ; 7.562  ; 7.562  ; 7.562  ;
; SW[10]     ; LEDR[10]    ; 5.769  ;        ;        ; 5.769  ;
; SW[11]     ; HEX2[0]     ; 7.273  ; 7.273  ; 7.273  ; 7.273  ;
; SW[11]     ; HEX2[1]     ; 6.967  ; 6.967  ; 6.967  ; 6.967  ;
; SW[11]     ; HEX2[2]     ; 7.006  ; 7.006  ; 7.006  ; 7.006  ;
; SW[11]     ; HEX2[3]     ; 6.973  ; 6.973  ; 6.973  ; 6.973  ;
; SW[11]     ; HEX2[4]     ;        ; 7.274  ; 7.274  ;        ;
; SW[11]     ; HEX2[5]     ; 7.264  ; 7.264  ; 7.264  ; 7.264  ;
; SW[11]     ; HEX2[6]     ; 7.147  ; 7.147  ; 7.147  ; 7.147  ;
; SW[11]     ; LEDR[11]    ; 5.746  ;        ;        ; 5.746  ;
; SW[12]     ; HEX3[0]     ; 7.202  ; 7.202  ; 7.202  ; 7.202  ;
; SW[12]     ; HEX3[1]     ; 6.990  ; 6.990  ; 6.990  ; 6.990  ;
; SW[12]     ; HEX3[2]     ;        ; 6.988  ; 6.988  ;        ;
; SW[12]     ; HEX3[3]     ; 6.945  ; 6.945  ; 6.945  ; 6.945  ;
; SW[12]     ; HEX3[4]     ; 6.988  ;        ;        ; 6.988  ;
; SW[12]     ; HEX3[5]     ; 7.187  ;        ;        ; 7.187  ;
; SW[12]     ; HEX3[6]     ; 7.231  ; 7.231  ; 7.231  ; 7.231  ;
; SW[12]     ; LEDR[12]    ; 5.979  ;        ;        ; 5.979  ;
; SW[13]     ; HEX3[0]     ; 10.807 ; 10.807 ; 10.807 ; 10.807 ;
; SW[13]     ; HEX3[1]     ; 10.593 ; 10.593 ; 10.593 ; 10.593 ;
; SW[13]     ; HEX3[2]     ; 10.592 ;        ;        ; 10.592 ;
; SW[13]     ; HEX3[3]     ; 10.550 ; 10.550 ; 10.550 ; 10.550 ;
; SW[13]     ; HEX3[4]     ;        ; 10.593 ; 10.593 ;        ;
; SW[13]     ; HEX3[5]     ; 10.793 ; 10.793 ; 10.793 ; 10.793 ;
; SW[13]     ; HEX3[6]     ; 10.840 ; 10.840 ; 10.840 ; 10.840 ;
; SW[13]     ; LEDR[13]    ; 9.882  ;        ;        ; 9.882  ;
; SW[14]     ; HEX3[0]     ; 10.867 ; 10.867 ; 10.867 ; 10.867 ;
; SW[14]     ; HEX3[1]     ; 10.654 ;        ;        ; 10.654 ;
; SW[14]     ; HEX3[2]     ; 10.652 ; 10.652 ; 10.652 ; 10.652 ;
; SW[14]     ; HEX3[3]     ; 10.609 ; 10.609 ; 10.609 ; 10.609 ;
; SW[14]     ; HEX3[4]     ; 10.651 ; 10.651 ; 10.651 ; 10.651 ;
; SW[14]     ; HEX3[5]     ; 10.858 ; 10.858 ; 10.858 ; 10.858 ;
; SW[14]     ; HEX3[6]     ; 10.907 ; 10.907 ; 10.907 ; 10.907 ;
; SW[14]     ; LEDR[14]    ; 9.910  ;        ;        ; 9.910  ;
; SW[15]     ; HEX3[0]     ; 10.563 ; 10.563 ; 10.563 ; 10.563 ;
; SW[15]     ; HEX3[1]     ; 10.343 ; 10.343 ; 10.343 ; 10.343 ;
; SW[15]     ; HEX3[2]     ; 10.342 ; 10.342 ; 10.342 ; 10.342 ;
; SW[15]     ; HEX3[3]     ; 10.300 ; 10.300 ; 10.300 ; 10.300 ;
; SW[15]     ; HEX3[4]     ;        ; 10.342 ; 10.342 ;        ;
; SW[15]     ; HEX3[5]     ; 10.553 ; 10.553 ; 10.553 ; 10.553 ;
; SW[15]     ; HEX3[6]     ; 10.603 ; 10.603 ; 10.603 ; 10.603 ;
; SW[15]     ; LEDR[15]    ; 9.884  ;        ;        ; 9.884  ;
+------------+-------------+--------+--------+--------+--------+


+----------------------------------------------------------+
; Minimum Progagation Delay                                ;
+------------+-------------+-------+-------+-------+-------+
; Input Port ; Output Port ; RR    ; RF    ; FR    ; FF    ;
+------------+-------------+-------+-------+-------+-------+
; SW[0]      ; HEX0[0]     ; 3.913 ; 3.913 ; 3.913 ; 3.913 ;
; SW[0]      ; HEX0[1]     ; 3.878 ; 3.878 ; 3.878 ; 3.878 ;
; SW[0]      ; HEX0[2]     ;       ; 3.886 ; 3.886 ;       ;
; SW[0]      ; HEX0[3]     ; 3.789 ; 3.789 ; 3.789 ; 3.789 ;
; SW[0]      ; HEX0[4]     ; 3.785 ;       ;       ; 3.785 ;
; SW[0]      ; HEX0[5]     ; 3.775 ;       ;       ; 3.775 ;
; SW[0]      ; HEX0[6]     ; 3.771 ; 3.771 ; 3.771 ; 3.771 ;
; SW[0]      ; LEDR[0]     ; 3.579 ;       ;       ; 3.579 ;
; SW[1]      ; HEX0[0]     ; 4.001 ; 4.001 ; 4.001 ; 4.001 ;
; SW[1]      ; HEX0[1]     ; 3.966 ; 3.966 ; 3.966 ; 3.966 ;
; SW[1]      ; HEX0[2]     ; 3.977 ;       ;       ; 3.977 ;
; SW[1]      ; HEX0[3]     ; 3.880 ; 3.880 ; 3.880 ; 3.880 ;
; SW[1]      ; HEX0[4]     ;       ; 3.880 ; 3.880 ;       ;
; SW[1]      ; HEX0[5]     ; 3.870 ; 3.870 ; 3.870 ; 3.870 ;
; SW[1]      ; HEX0[6]     ; 3.868 ; 3.868 ; 3.868 ; 3.868 ;
; SW[1]      ; LEDR[1]     ; 3.292 ;       ;       ; 3.292 ;
; SW[2]      ; HEX0[0]     ; 3.708 ; 3.708 ; 3.708 ; 3.708 ;
; SW[2]      ; HEX0[1]     ; 3.673 ;       ;       ; 3.673 ;
; SW[2]      ; HEX0[2]     ; 3.681 ; 3.681 ; 3.681 ; 3.681 ;
; SW[2]      ; HEX0[3]     ; 3.584 ; 3.584 ; 3.584 ; 3.584 ;
; SW[2]      ; HEX0[4]     ; 3.580 ; 3.580 ; 3.580 ; 3.580 ;
; SW[2]      ; HEX0[5]     ; 3.570 ; 3.570 ; 3.570 ; 3.570 ;
; SW[2]      ; HEX0[6]     ; 3.568 ; 3.568 ; 3.568 ; 3.568 ;
; SW[2]      ; LEDR[2]     ; 2.850 ;       ;       ; 2.850 ;
; SW[3]      ; HEX0[0]     ; 3.271 ; 3.271 ; 3.271 ; 3.271 ;
; SW[3]      ; HEX0[1]     ; 3.236 ; 3.236 ; 3.236 ; 3.236 ;
; SW[3]      ; HEX0[2]     ; 3.244 ; 3.244 ; 3.244 ; 3.244 ;
; SW[3]      ; HEX0[3]     ; 3.147 ; 3.147 ; 3.147 ; 3.147 ;
; SW[3]      ; HEX0[4]     ;       ; 3.146 ; 3.146 ;       ;
; SW[3]      ; HEX0[5]     ; 3.136 ; 3.136 ; 3.136 ; 3.136 ;
; SW[3]      ; HEX0[6]     ; 3.134 ; 3.134 ; 3.134 ; 3.134 ;
; SW[3]      ; LEDR[3]     ; 2.964 ;       ;       ; 2.964 ;
; SW[4]      ; HEX1[0]     ; 3.567 ; 3.567 ; 3.567 ; 3.567 ;
; SW[4]      ; HEX1[1]     ; 3.539 ; 3.539 ; 3.539 ; 3.539 ;
; SW[4]      ; HEX1[2]     ;       ; 3.308 ; 3.308 ;       ;
; SW[4]      ; HEX1[3]     ; 3.286 ; 3.286 ; 3.286 ; 3.286 ;
; SW[4]      ; HEX1[4]     ; 3.329 ;       ;       ; 3.329 ;
; SW[4]      ; HEX1[5]     ; 3.422 ;       ;       ; 3.422 ;
; SW[4]      ; HEX1[6]     ; 3.417 ; 3.417 ; 3.417 ; 3.417 ;
; SW[4]      ; LEDR[4]     ; 2.912 ;       ;       ; 2.912 ;
; SW[5]      ; HEX1[0]     ; 3.519 ; 3.519 ; 3.519 ; 3.519 ;
; SW[5]      ; HEX1[1]     ; 3.496 ; 3.496 ; 3.496 ; 3.496 ;
; SW[5]      ; HEX1[2]     ; 3.267 ;       ;       ; 3.267 ;
; SW[5]      ; HEX1[3]     ; 3.241 ; 3.241 ; 3.241 ; 3.241 ;
; SW[5]      ; HEX1[4]     ;       ; 3.288 ; 3.288 ;       ;
; SW[5]      ; HEX1[5]     ; 3.367 ; 3.367 ; 3.367 ; 3.367 ;
; SW[5]      ; HEX1[6]     ; 3.363 ; 3.363 ; 3.363 ; 3.363 ;
; SW[5]      ; LEDR[5]     ; 2.982 ;       ;       ; 2.982 ;
; SW[6]      ; HEX1[0]     ; 3.391 ; 3.391 ; 3.391 ; 3.391 ;
; SW[6]      ; HEX1[1]     ; 3.363 ;       ;       ; 3.363 ;
; SW[6]      ; HEX1[2]     ; 3.130 ; 3.130 ; 3.130 ; 3.130 ;
; SW[6]      ; HEX1[3]     ; 3.111 ; 3.111 ; 3.111 ; 3.111 ;
; SW[6]      ; HEX1[4]     ; 3.150 ; 3.150 ; 3.150 ; 3.150 ;
; SW[6]      ; HEX1[5]     ; 3.247 ; 3.247 ; 3.247 ; 3.247 ;
; SW[6]      ; HEX1[6]     ; 3.242 ; 3.242 ; 3.242 ; 3.242 ;
; SW[6]      ; LEDR[6]     ; 3.002 ;       ;       ; 3.002 ;
; SW[7]      ; HEX1[0]     ; 4.155 ; 4.155 ; 4.155 ; 4.155 ;
; SW[7]      ; HEX1[1]     ; 4.127 ; 4.127 ; 4.127 ; 4.127 ;
; SW[7]      ; HEX1[2]     ; 3.892 ; 3.892 ; 3.892 ; 3.892 ;
; SW[7]      ; HEX1[3]     ; 3.874 ; 3.874 ; 3.874 ; 3.874 ;
; SW[7]      ; HEX1[4]     ;       ; 3.914 ; 3.914 ;       ;
; SW[7]      ; HEX1[5]     ; 4.011 ; 4.011 ; 4.011 ; 4.011 ;
; SW[7]      ; HEX1[6]     ; 4.006 ; 4.006 ; 4.006 ; 4.006 ;
; SW[7]      ; LEDR[7]     ; 3.505 ;       ;       ; 3.505 ;
; SW[8]      ; HEX2[0]     ; 4.036 ; 4.036 ; 4.036 ; 4.036 ;
; SW[8]      ; HEX2[1]     ; 3.881 ; 3.881 ; 3.881 ; 3.881 ;
; SW[8]      ; HEX2[2]     ;       ; 3.920 ; 3.920 ;       ;
; SW[8]      ; HEX2[3]     ; 3.908 ; 3.908 ; 3.908 ; 3.908 ;
; SW[8]      ; HEX2[4]     ; 4.036 ;       ;       ; 4.036 ;
; SW[8]      ; HEX2[5]     ; 4.038 ;       ;       ; 4.038 ;
; SW[8]      ; HEX2[6]     ; 3.977 ; 3.977 ; 3.977 ; 3.977 ;
; SW[8]      ; LEDR[8]     ; 3.737 ;       ;       ; 3.737 ;
; SW[9]      ; HEX2[0]     ; 3.765 ; 3.765 ; 3.765 ; 3.765 ;
; SW[9]      ; HEX2[1]     ; 3.603 ; 3.603 ; 3.603 ; 3.603 ;
; SW[9]      ; HEX2[2]     ; 3.642 ;       ;       ; 3.642 ;
; SW[9]      ; HEX2[3]     ; 3.634 ; 3.634 ; 3.634 ; 3.634 ;
; SW[9]      ; HEX2[4]     ;       ; 3.759 ; 3.759 ;       ;
; SW[9]      ; HEX2[5]     ; 3.766 ; 3.766 ; 3.766 ; 3.766 ;
; SW[9]      ; HEX2[6]     ; 3.705 ; 3.705 ; 3.705 ; 3.705 ;
; SW[9]      ; LEDR[9]     ; 3.743 ;       ;       ; 3.743 ;
; SW[10]     ; HEX2[0]     ; 4.016 ; 4.016 ; 4.016 ; 4.016 ;
; SW[10]     ; HEX2[1]     ; 3.855 ;       ;       ; 3.855 ;
; SW[10]     ; HEX2[2]     ; 3.895 ; 3.895 ; 3.895 ; 3.895 ;
; SW[10]     ; HEX2[3]     ; 3.885 ; 3.885 ; 3.885 ; 3.885 ;
; SW[10]     ; HEX2[4]     ; 4.011 ; 4.011 ; 4.011 ; 4.011 ;
; SW[10]     ; HEX2[5]     ; 4.017 ; 4.017 ; 4.017 ; 4.017 ;
; SW[10]     ; HEX2[6]     ; 3.957 ; 3.957 ; 3.957 ; 3.957 ;
; SW[10]     ; LEDR[10]    ; 3.171 ;       ;       ; 3.171 ;
; SW[11]     ; HEX2[0]     ; 3.830 ; 3.830 ; 3.830 ; 3.830 ;
; SW[11]     ; HEX2[1]     ; 3.680 ; 3.680 ; 3.680 ; 3.680 ;
; SW[11]     ; HEX2[2]     ; 3.719 ; 3.719 ; 3.719 ; 3.719 ;
; SW[11]     ; HEX2[3]     ; 3.703 ; 3.703 ; 3.703 ; 3.703 ;
; SW[11]     ; HEX2[4]     ;       ; 3.835 ; 3.835 ;       ;
; SW[11]     ; HEX2[5]     ; 3.826 ; 3.826 ; 3.826 ; 3.826 ;
; SW[11]     ; HEX2[6]     ; 3.766 ; 3.766 ; 3.766 ; 3.766 ;
; SW[11]     ; LEDR[11]    ; 3.157 ;       ;       ; 3.157 ;
; SW[12]     ; HEX3[0]     ; 3.782 ; 3.782 ; 3.782 ; 3.782 ;
; SW[12]     ; HEX3[1]     ; 3.707 ; 3.707 ; 3.707 ; 3.707 ;
; SW[12]     ; HEX3[2]     ;       ; 3.707 ; 3.707 ;       ;
; SW[12]     ; HEX3[3]     ; 3.681 ; 3.681 ; 3.681 ; 3.681 ;
; SW[12]     ; HEX3[4]     ; 3.705 ;       ;       ; 3.705 ;
; SW[12]     ; HEX3[5]     ; 3.766 ;       ;       ; 3.766 ;
; SW[12]     ; HEX3[6]     ; 3.800 ; 3.800 ; 3.800 ; 3.800 ;
; SW[12]     ; LEDR[12]    ; 3.264 ;       ;       ; 3.264 ;
; SW[13]     ; HEX3[0]     ; 6.005 ; 6.005 ; 6.005 ; 6.005 ;
; SW[13]     ; HEX3[1]     ; 5.928 ; 5.928 ; 5.928 ; 5.928 ;
; SW[13]     ; HEX3[2]     ; 5.927 ;       ;       ; 5.927 ;
; SW[13]     ; HEX3[3]     ; 5.902 ; 5.902 ; 5.902 ; 5.902 ;
; SW[13]     ; HEX3[4]     ;       ; 5.926 ; 5.926 ;       ;
; SW[13]     ; HEX3[5]     ; 5.989 ; 5.989 ; 5.989 ; 5.989 ;
; SW[13]     ; HEX3[6]     ; 6.024 ; 6.024 ; 6.024 ; 6.024 ;
; SW[13]     ; LEDR[13]    ; 5.648 ;       ;       ; 5.648 ;
; SW[14]     ; HEX3[0]     ; 6.051 ; 6.051 ; 6.051 ; 6.051 ;
; SW[14]     ; HEX3[1]     ; 5.975 ;       ;       ; 5.975 ;
; SW[14]     ; HEX3[2]     ; 5.974 ; 5.974 ; 5.974 ; 5.974 ;
; SW[14]     ; HEX3[3]     ; 5.948 ; 5.948 ; 5.948 ; 5.948 ;
; SW[14]     ; HEX3[4]     ; 5.973 ; 5.973 ; 5.973 ; 5.973 ;
; SW[14]     ; HEX3[5]     ; 6.043 ; 6.043 ; 6.043 ; 6.043 ;
; SW[14]     ; HEX3[6]     ; 6.078 ; 6.078 ; 6.078 ; 6.078 ;
; SW[14]     ; LEDR[14]    ; 5.665 ;       ;       ; 5.665 ;
; SW[15]     ; HEX3[0]     ; 5.907 ; 5.907 ; 5.907 ; 5.907 ;
; SW[15]     ; HEX3[1]     ; 5.825 ; 5.825 ; 5.825 ; 5.825 ;
; SW[15]     ; HEX3[2]     ; 5.825 ; 5.825 ; 5.825 ; 5.825 ;
; SW[15]     ; HEX3[3]     ; 5.803 ; 5.803 ; 5.803 ; 5.803 ;
; SW[15]     ; HEX3[4]     ;       ; 5.827 ; 5.827 ;       ;
; SW[15]     ; HEX3[5]     ; 5.898 ; 5.898 ; 5.898 ; 5.898 ;
; SW[15]     ; HEX3[6]     ; 5.933 ; 5.933 ; 5.933 ; 5.933 ;
; SW[15]     ; LEDR[15]    ; 5.649 ;       ;       ; 5.649 ;
+------------+-------------+-------+-------+-------+-------+


-------------------
; Clock Transfers ;
-------------------
Nothing to report.


---------------
; Report TCCS ;
---------------
No dedicated SERDES Transmitter circuitry present in device or used in design


---------------
; Report RSKM ;
---------------
No dedicated SERDES Receiver circuitry present in device or used in design


+------------------------------------------------+
; Unconstrained Paths                            ;
+---------------------------------+-------+------+
; Property                        ; Setup ; Hold ;
+---------------------------------+-------+------+
; Illegal Clocks                  ; 0     ; 0    ;
; Unconstrained Clocks            ; 0     ; 0    ;
; Unconstrained Input Ports       ; 16    ; 16   ;
; Unconstrained Input Port Paths  ; 128   ; 128  ;
; Unconstrained Output Ports      ; 44    ; 44   ;
; Unconstrained Output Port Paths ; 128   ; 128  ;
+---------------------------------+-------+------+


+------------------------------------+
; TimeQuest Timing Analyzer Messages ;
+------------------------------------+
Info: *******************************************************************
Info: Running Quartus II 32-bit TimeQuest Timing Analyzer
    Info: Version 13.0.1 Build 232 06/12/2013 Service Pack 1 SJ Full Version
    Info: Processing started: Tue Apr 22 10:33:22 2014
Info: Command: quartus_sta HW2Part1 -c HW2Part1
Info: qsta_default_script.tcl version: #1
Info (20030): Parallel compilation is enabled and will use 4 of the 4 processors detected
Info (21077): Low junction temperature is 0 degrees C
Info (21077): High junction temperature is 85 degrees C
Critical Warning (332012): Synopsys Design Constraints File file not found: 'HW2Part1.sdc'. A Synopsys Design Constraints File is required by the TimeQuest Timing Analyzer to get proper timing constraints. Without it, the Compiler will not properly optimize the design.
Info (332142): No user constrained base clocks found in the design. Calling "derive_clocks -period 1.0"
Info (332096): The command derive_clocks did not find any clocks to derive.  No clocks were created or changed.
Warning (332068): No clocks defined in design.
Info: Found TIMEQUEST_REPORT_SCRIPT_INCLUDE_DEFAULT_ANALYSIS = ON
Info (332159): No clocks to report
Info: Analyzing Slow Model
Info (332140): No fmax paths to report
Info (332140): No Setup paths to report
Info (332140): No Hold paths to report
Info (332140): No Recovery paths to report
Info (332140): No Removal paths to report
Info (332140): No Minimum Pulse Width paths to report
Info (332001): The selected device family is not supported by the report_metastability command.
Info: Analyzing Fast Model
Info (332142): No user constrained base clocks found in the design. Calling "derive_clocks -period 1.0"
Info (332096): The command derive_clocks did not find any clocks to derive.  No clocks were created or changed.
Warning (332068): No clocks defined in design.
Info (332140): No Setup paths to report
Info (332140): No Hold paths to report
Info (332140): No Recovery paths to report
Info (332140): No Removal paths to report
Info (332140): No Minimum Pulse Width paths to report
Info (332001): The selected device family is not supported by the report_metastability command.
Info (332102): Design is not fully constrained for setup requirements
Info (332102): Design is not fully constrained for hold requirements
Info: Quartus II 32-bit TimeQuest Timing Analyzer was successful. 0 errors, 3 warnings
    Info: Peak virtual memory: 322 megabytes
    Info: Processing ended: Tue Apr 22 10:33:25 2014
    Info: Elapsed time: 00:00:03
    Info: Total CPU time (on all processors): 00:00:02


