(0000) 3000  0011000000000000 (   1)                 .ORIG x3000
(3000) 2619  0010011000011001 (   2)                 LD    R3 TERM2
(3001) 2819  0010100000011001 (   3)                 LD    R4 TERM3
(3002) 2A19  0010101000011001 (   4)                 LD    R5 TERM4
(3003) 2C19  0010110000011001 (   5)                 LD    R6 TERM5
(3004) 2214  0010001000010100 (   6) AGAIN           LD    R1 TERM
(3005) 2418  0010010000011000 (   7)                 LD    R2 ASCII
(3006) F023  1111000000100011 (   8)                 TRAP  x23
(3007) 1240  0001001001000000 (   9)                 ADD   R1 R1 R0
(3008) 0417  0000010000010111 (  10)                 BRZ   EXIT
(3009) 12C0  0001001011000000 (  11)                 ADD   R1 R3 R0
(300A) 080C  0000100000001100 (  12)                 BRN   PRINT
(300B) 1300  0001001100000000 (  13)                 ADD   R1 R4 R0
(300C) 0203  0000001000000011 (  14)                 BRP   LOWER
(300D) 1002  0001000000000010 (  15)                 ADD   R0 R0 R2
(300E) F021  1111000000100001 (  16)                 TRAP  x21
(300F) 0FF4  0000111111110100 (  17)                 BRNZP AGAIN
(3010) 1340  0001001101000000 (  18) LOWER           ADD   R1 R5 R0
(3011) 0805  0000100000000101 (  19)                 BRN   PRINT
(3012) 1380  0001001110000000 (  20)                 ADD   R1 R6 R0
(3013) 0203  0000001000000011 (  21)                 BRP   PRINT
(3014) 94BF  1001010010111111 (  22)                 NOT   R2 R2
(3015) 14A1  0001010010100001 (  23)                 ADD   R2 R2 #1
(3016) 1002  0001000000000010 (  24)                 ADD   R0 R0 R2
(3017) F021  1111000000100001 (  25) PRINT           TRAP  x21
(3018) 0FEB  0000111111101011 (  26)                 BRNZP AGAIN
(3019) FFE5  1111111111100101 (  27) TERM            .FILL xFFE5
(301A) FFBF  1111111110111111 (  28) TERM2           .FILL xFFBF
(301B) FFA6  1111111110100110 (  29) TERM3           .FILL xFFA6
(301C) FF9F  1111111110011111 (  30) TERM4           .FILL xFF9F
(301D) FF86  1111111110000110 (  31) TERM5           .FILL xFF86
(301E) 0020  0000000000100000 (  32) ASCII           .FILL x0020
(301F) FFE0  1111111111100000 (  33) ASCII2          .FILL xFFE0
(3020) F025  1111000000100101 (  34) EXIT            TRAP  x25
