(0000) 3000  0011000000000000 (   1)                 .ORIG x3000
(3000) 5020  0101000000100000 (   2)                 AND   R0 R0 #0
(3001) 5260  0101001001100000 (   3)                 AND   R1 R1 #0
(3002) 12A0  0001001010100000 (   4)                 ADD   R1 R2 #0
(3003) 260D  0010011000001101 (   5)                 LD    R3 VALUE
(3004) 5883  0101100010000011 (   6)                 AND   R4 R2 R3
(3005) 0402  0000010000000010 (   7)                 BRZ   LOOP
(3006) 927F  1001001001111111 (   8)                 NOT   R1 R1
(3007) 1261  0001001001100001 (   9)                 ADD   R1 R1 #1
(3008) 127E  0001001001111110 (  10) LOOP            ADD   R1 R1 #-2
(3009) 03FE  0000001111111110 (  11)                 BRP   LOOP
(300A) 0403  0000010000000011 (  12)                 BRZ   SKIP
(300B) E006  1110000000000110 (  13)                 LEA   R0 OMESG
(300C) F022  1111000000100010 (  14)                 TRAP  x22
(300D) F025  1111000000100101 (  15)                 TRAP  x25
(300E) E013  1110000000010011 (  16) SKIP            LEA   R0 EMESG
(300F) F022  1111000000100010 (  17)                 TRAP  x22
(3010) F025  1111000000100101 (  18)                 TRAP  x25
(3011) 8000  1000000000000000 (  19) VALUE           .FILL x8000
(3012) 004F  0000000001001111 (  20) OMESG           .FILL x004F
(3013) 0044  0000000001000100 (  20)                 .FILL x0044
(3014) 0044  0000000001000100 (  20)                 .FILL x0044
(3015) 0020  0000000000100000 (  20)                 .FILL x0020
(3016) 004E  0000000001001110 (  20)                 .FILL x004E
(3017) 0055  0000000001010101 (  20)                 .FILL x0055
(3018) 004D  0000000001001101 (  20)                 .FILL x004D
(3019) 0042  0000000001000010 (  20)                 .FILL x0042
(301A) 0045  0000000001000101 (  20)                 .FILL x0045
(301B) 0052  0000000001010010 (  20)                 .FILL x0052
(301C) 0021  0000000000100001 (  20)                 .FILL x0021
(301D) 0021  0000000000100001 (  20)                 .FILL x0021
(301E) 0021  0000000000100001 (  20)                 .FILL x0021
(301F) 0021  0000000000100001 (  20)                 .FILL x0021
(3020) 0021  0000000000100001 (  20)                 .FILL x0021
(3021) 0000  0000000000000000 (  20)                 .FILL x0000
(3022) 0045  0000000001000101 (  21) EMESG           .FILL x0045
(3023) 0056  0000000001010110 (  21)                 .FILL x0056
(3024) 0045  0000000001000101 (  21)                 .FILL x0045
(3025) 004E  0000000001001110 (  21)                 .FILL x004E
(3026) 0020  0000000000100000 (  21)                 .FILL x0020
(3027) 004E  0000000001001110 (  21)                 .FILL x004E
(3028) 0055  0000000001010101 (  21)                 .FILL x0055
(3029) 004D  0000000001001101 (  21)                 .FILL x004D
(302A) 0042  0000000001000010 (  21)                 .FILL x0042
(302B) 0045  0000000001000101 (  21)                 .FILL x0045
(302C) 0052  0000000001010010 (  21)                 .FILL x0052
(302D) 0021  0000000000100001 (  21)                 .FILL x0021
(302E) 0021  0000000000100001 (  21)                 .FILL x0021
(302F) 0021  0000000000100001 (  21)                 .FILL x0021
(3030) 0021  0000000000100001 (  21)                 .FILL x0021
(3031) 0021  0000000000100001 (  21)                 .FILL x0021
(3032) 0000  0000000000000000 (  21)                 .FILL x0000
