(0000) 3000  0011000000000000 (   1)                 .ORIG x3000
(3000) 240D  0010010000001101 (   2)                 LD    R2 TERM
(3001) 260F  0010011000001111 (   3)                 LD    R3 ASCII
(3002) 280C  0010100000001100 (   4)                 LD    R4 TERM2
(3003) 2A0C  0010101000001100 (   5)                 LD    R5 TERM3
(3004) F023  1111000000100011 (   6) AGAIN           TRAP  x23
(3005) 1280  0001001010000000 (   7)                 ADD   R1 R2 R0
(3006) 040B  0000010000001011 (   8)                 BRZ   EXIT
(3007) 1C04  0001110000000100 (   9)                 ADD   R6 R0 R4
(3008) 0809  0000100000001001 (  10)                 BRN   EXIT
(3009) 1D40  0001110101000000 (  11)                 ADD   R6 R5 R0
(300A) 0207  0000001000000111 (  12)                 BRP   EXIT
(300B) 1003  0001000000000011 (  13)                 ADD   R0 R0 R3
(300C) F021  1111000000100001 (  14)                 TRAP  x21
(300D) 0FF6  0000111111110110 (  15)                 BRNZP AGAIN
(300E) FFC9  1111111111001001 (  16) TERM            .FILL xFFC9
(300F) FFBF  1111111110111111 (  17) TERM2           .FILL xFFBF
(3010) FFA6  1111111110100110 (  18) TERM3           .FILL xFFA6
(3011) 0020  0000000000100000 (  19) ASCII           .FILL x0020
(3012) F025  1111000000100101 (  20) EXIT            TRAP  x25
