(0000) 3000  0011000000000000 (   1)                 .ORIG x3000
(3000) 2C07  0010110000000111 (   2)                 LD    R6 STACK
(3001) E010  1110000000010000 (   3)                 LEA   R0 KBHAND
(3002) B006  1011000000000110 (   4)                 STI   R0 KBITE
(3003) 2008  0010000000001000 (   5)                 LD    R0 INTON
(3004) B005  1011000000000101 (   6)                 STI   R0 KBSR
(3005) E807  1110100000000111 (   7)                 LEA   R4 BUFFER
(3006) 56E0  0101011011100000 (   8)                 AND   R3 R3 #0
(3007) 0FFF  0000111111111111 (   9) LOOP            BRNZP LOOP
(3008) 4000  0100000000000000 (  10) STACK           .FILL x4000
(3009) 0180  0000000110000000 (  11) KBITE           .FILL x0180
(300A) FE00  1111111000000000 (  12) KBSR            .FILL xFE00
(300B) FE02  1111111000000010 (  13) KBDR            .FILL xFE02
(300C) 4000  0100000000000000 (  14) INTON           .FILL x4000
(300D) 0000  0000000000000000 (  16) BUFFER          .FILL x0000
(300E) 0000  0000000000000000 (  16)                 .FILL x0000
(300F) 0000  0000000000000000 (  16)                 .FILL x0000
(3010) 0000  0000000000000000 (  16)                 .FILL x0000
(3011) 0000  0000000000000000 (  16)                 .FILL x0000
(3012) 1DBD  0001110110111101 (  18) KBHAND          ADD   R6 R6 #-3
(3013) 7180  0111000110000000 (  19)                 STR   R0 R6 #0
(3014) 7F81  0111111110000001 (  20)                 STR   R7 R6 #1
(3015) 7982  0111100110000010 (  21)                 STR   R4 R6 #2
(3016) A1F4  1010000111110100 (  22)                 LDI   R0 KBDR
(3017) 1903  0001100100000011 (  23)                 ADD   R4 R4 R3
(3018) 7100  0111000100000000 (  24)                 STR   R0 R4 #0
(3019) 1AFE  0001101011111110 (  25)                 ADD   R5 R3 #-2
(301A) 0804  0000100000000100 (  26)                 BRN   NOTYET
(301B) E1F1  1110000111110001 (  27)                 LEA   R0 BUFFER
(301C) F022  1111000000100010 (  28)                 TRAP  x22
(301D) 56E0  0101011011100000 (  29)                 AND   R3 R3 #0
(301E) 0E01  0000111000000001 (  30)                 BRNZP CLEANUP
(301F) 16E1  0001011011100001 (  31) NOTYET          ADD   R3 R3 #1
(3020) 6982  0110100110000010 (  33) CLEANUP         LDR   R4 R6 #2
(3021) 6F81  0110111110000001 (  34)                 LDR   R7 R6 #1
(3022) 6180  0110000110000000 (  35)                 LDR   R0 R6 #0
(3023) 1DA3  0001110110100011 (  36)                 ADD   R6 R6 #3
(3024) 8000  1000000000000000 (  37)                 RTI   
