Analysis & Synthesis report for DragRace
Mon May 19 20:07:03 2014
Quartus II 32-bit Version 13.0.1 Build 232 06/12/2013 Service Pack 1 SJ Web Edition


---------------------
; Table of Contents ;
---------------------
  1. Legal Notice
  2. Analysis & Synthesis Summary
  3. Analysis & Synthesis Settings
  4. Parallel Compilation
  5. Analysis & Synthesis Source Files Read
  6. Analysis & Synthesis Resource Usage Summary
  7. Analysis & Synthesis Resource Utilization by Entity
  8. State Machine - |DragRace|currState
  9. Registers Removed During Synthesis
 10. Removed Registers Triggering Further Register Optimizations
 11. General Register Statistics
 12. Multiplexer Restructuring Statistics (Restructuring Performed)
 13. Parameter Settings for User Entity Instance: lpm_counter:U1
 14. Elapsed Time Per Partition
 15. Analysis & Synthesis Messages
 16. Analysis & Synthesis Suppressed Messages



----------------
; Legal Notice ;
----------------
Copyright (C) 1991-2013 Altera Corporation
Your use of Altera Corporation's design tools, logic functions 
and other software and tools, and its AMPP partner logic 
functions, and any output files from any of the foregoing 
(including device programming or simulation files), and any 
associated documentation or information are expressly subject 
to the terms and conditions of the Altera Program License 
Subscription Agreement, Altera MegaCore Function License 
Agreement, or other applicable license agreement, including, 
without limitation, that your use is for the sole purpose of 
programming logic devices manufactured by Altera and sold by 
Altera or its authorized distributors.  Please refer to the 
applicable agreement for further details.



+--------------------------------------------------------------------------------------+
; Analysis & Synthesis Summary                                                         ;
+------------------------------------+-------------------------------------------------+
; Analysis & Synthesis Status        ; Successful - Mon May 19 20:07:03 2014           ;
; Quartus II 32-bit Version          ; 13.0.1 Build 232 06/12/2013 SP 1 SJ Web Edition ;
; Revision Name                      ; DragRace                                        ;
; Top-level Entity Name              ; DragRace                                        ;
; Family                             ; Cyclone II                                      ;
; Total logic elements               ; 0                                               ;
;     Total combinational functions  ; 0                                               ;
;     Dedicated logic registers      ; 0                                               ;
; Total registers                    ; 0                                               ;
; Total pins                         ; 62                                              ;
; Total virtual pins                 ; 0                                               ;
; Total memory bits                  ; 0                                               ;
; Embedded Multiplier 9-bit elements ; 0                                               ;
; Total PLLs                         ; 0                                               ;
+------------------------------------+-------------------------------------------------+


+----------------------------------------------------------------------------------------------------------------------+
; Analysis & Synthesis Settings                                                                                        ;
+----------------------------------------------------------------------------+--------------------+--------------------+
; Option                                                                     ; Setting            ; Default Value      ;
+----------------------------------------------------------------------------+--------------------+--------------------+
; Device                                                                     ; EP2C35F672C6       ;                    ;
; Top-level entity name                                                      ; DragRace           ; DragRace           ;
; Family name                                                                ; Cyclone II         ; Cyclone IV GX      ;
; Use smart compilation                                                      ; Off                ; Off                ;
; Enable parallel Assembler and TimeQuest Timing Analyzer during compilation ; On                 ; On                 ;
; Enable compact report table                                                ; Off                ; Off                ;
; Restructure Multiplexers                                                   ; Auto               ; Auto               ;
; Create Debugging Nodes for IP Cores                                        ; Off                ; Off                ;
; Preserve fewer node names                                                  ; On                 ; On                 ;
; Disable OpenCore Plus hardware evaluation                                  ; Off                ; Off                ;
; Verilog Version                                                            ; Verilog_2001       ; Verilog_2001       ;
; VHDL Version                                                               ; VHDL_1993          ; VHDL_1993          ;
; State Machine Processing                                                   ; Auto               ; Auto               ;
; Safe State Machine                                                         ; Off                ; Off                ;
; Extract Verilog State Machines                                             ; On                 ; On                 ;
; Extract VHDL State Machines                                                ; On                 ; On                 ;
; Ignore Verilog initial constructs                                          ; Off                ; Off                ;
; Iteration limit for constant Verilog loops                                 ; 5000               ; 5000               ;
; Iteration limit for non-constant Verilog loops                             ; 250                ; 250                ;
; Add Pass-Through Logic to Inferred RAMs                                    ; On                 ; On                 ;
; Infer RAMs from Raw Logic                                                  ; On                 ; On                 ;
; Parallel Synthesis                                                         ; On                 ; On                 ;
; DSP Block Balancing                                                        ; Auto               ; Auto               ;
; NOT Gate Push-Back                                                         ; On                 ; On                 ;
; Power-Up Don't Care                                                        ; On                 ; On                 ;
; Remove Redundant Logic Cells                                               ; Off                ; Off                ;
; Remove Duplicate Registers                                                 ; On                 ; On                 ;
; Ignore CARRY Buffers                                                       ; Off                ; Off                ;
; Ignore CASCADE Buffers                                                     ; Off                ; Off                ;
; Ignore GLOBAL Buffers                                                      ; Off                ; Off                ;
; Ignore ROW GLOBAL Buffers                                                  ; Off                ; Off                ;
; Ignore LCELL Buffers                                                       ; Off                ; Off                ;
; Ignore SOFT Buffers                                                        ; On                 ; On                 ;
; Limit AHDL Integers to 32 Bits                                             ; Off                ; Off                ;
; Optimization Technique                                                     ; Balanced           ; Balanced           ;
; Carry Chain Length                                                         ; 70                 ; 70                 ;
; Auto Carry Chains                                                          ; On                 ; On                 ;
; Auto Open-Drain Pins                                                       ; On                 ; On                 ;
; Perform WYSIWYG Primitive Resynthesis                                      ; Off                ; Off                ;
; Auto ROM Replacement                                                       ; On                 ; On                 ;
; Auto RAM Replacement                                                       ; On                 ; On                 ;
; Auto Shift Register Replacement                                            ; Auto               ; Auto               ;
; Allow Shift Register Merging across Hierarchies                            ; Auto               ; Auto               ;
; Auto Clock Enable Replacement                                              ; On                 ; On                 ;
; Strict RAM Replacement                                                     ; Off                ; Off                ;
; Allow Synchronous Control Signals                                          ; On                 ; On                 ;
; Force Use of Synchronous Clear Signals                                     ; Off                ; Off                ;
; Auto RAM to Logic Cell Conversion                                          ; Off                ; Off                ;
; Auto Resource Sharing                                                      ; Off                ; Off                ;
; Allow Any RAM Size For Recognition                                         ; Off                ; Off                ;
; Allow Any ROM Size For Recognition                                         ; Off                ; Off                ;
; Allow Any Shift Register Size For Recognition                              ; Off                ; Off                ;
; Use LogicLock Constraints during Resource Balancing                        ; On                 ; On                 ;
; Ignore translate_off and synthesis_off directives                          ; Off                ; Off                ;
; Timing-Driven Synthesis                                                    ; Off                ; Off                ;
; Report Parameter Settings                                                  ; On                 ; On                 ;
; Report Source Assignments                                                  ; On                 ; On                 ;
; Report Connectivity Checks                                                 ; On                 ; On                 ;
; Ignore Maximum Fan-Out Assignments                                         ; Off                ; Off                ;
; Synchronization Register Chain Length                                      ; 2                  ; 2                  ;
; PowerPlay Power Optimization                                               ; Normal compilation ; Normal compilation ;
; HDL message level                                                          ; Level2             ; Level2             ;
; Suppress Register Optimization Related Messages                            ; Off                ; Off                ;
; Number of Removed Registers Reported in Synthesis Report                   ; 5000               ; 5000               ;
; Number of Swept Nodes Reported in Synthesis Report                         ; 5000               ; 5000               ;
; Number of Inverted Registers Reported in Synthesis Report                  ; 100                ; 100                ;
; Clock MUX Protection                                                       ; On                 ; On                 ;
; Auto Gated Clock Conversion                                                ; Off                ; Off                ;
; Block Design Naming                                                        ; Auto               ; Auto               ;
; SDC constraint protection                                                  ; Off                ; Off                ;
; Synthesis Effort                                                           ; Auto               ; Auto               ;
; Shift Register Replacement - Allow Asynchronous Clear Signal               ; On                 ; On                 ;
; Pre-Mapping Resynthesis Optimization                                       ; Off                ; Off                ;
; Analysis & Synthesis Message Level                                         ; Medium             ; Medium             ;
; Disable Register Merging Across Hierarchies                                ; Auto               ; Auto               ;
; Resource Aware Inference For Block RAM                                     ; On                 ; On                 ;
; Synthesis Seed                                                             ; 1                  ; 1                  ;
+----------------------------------------------------------------------------+--------------------+--------------------+


Parallel compilation was disabled, but you have multiple processors available. Enable parallel compilation to reduce compilation time.
+-------------------------------------+
; Parallel Compilation                ;
+----------------------------+--------+
; Processors                 ; Number ;
+----------------------------+--------+
; Number detected on machine ; 4      ;
; Maximum allowed            ; 1      ;
+----------------------------+--------+


+---------------------------------------------------------------------------------------------------------------------------------------------------------------------------------+
; Analysis & Synthesis Source Files Read                                                                                                                                          ;
+----------------------------------+-----------------+------------------------------+-----------------------------------------------------------------------------------+---------+
; File Name with User-Entered Path ; Used in Netlist ; File Type                    ; File Name with Absolute Path                                                      ; Library ;
+----------------------------------+-----------------+------------------------------+-----------------------------------------------------------------------------------+---------+
; DragRace.v                       ; yes             ; User Verilog HDL File        ; /run/media/ghg/ERIC/School Stuff/TCES 330/DragRace/DragRace.v                     ;         ;
; ../Lights.v                      ; yes             ; User Verilog HDL File        ; /run/media/ghg/ERIC/School Stuff/TCES 330/Lights.v                                ;         ;
; lpm_counter.tdf                  ; yes             ; Megafunction                 ; /home/ghg/.altera/13.0sp1/quartus/libraries/megafunctions/lpm_counter.tdf         ;         ;
; lpm_constant.inc                 ; yes             ; Megafunction                 ; /home/ghg/.altera/13.0sp1/quartus/libraries/megafunctions/lpm_constant.inc        ;         ;
; lpm_decode.inc                   ; yes             ; Megafunction                 ; /home/ghg/.altera/13.0sp1/quartus/libraries/megafunctions/lpm_decode.inc          ;         ;
; lpm_add_sub.inc                  ; yes             ; Megafunction                 ; /home/ghg/.altera/13.0sp1/quartus/libraries/megafunctions/lpm_add_sub.inc         ;         ;
; cmpconst.inc                     ; yes             ; Megafunction                 ; /home/ghg/.altera/13.0sp1/quartus/libraries/megafunctions/cmpconst.inc            ;         ;
; lpm_compare.inc                  ; yes             ; Megafunction                 ; /home/ghg/.altera/13.0sp1/quartus/libraries/megafunctions/lpm_compare.inc         ;         ;
; lpm_counter.inc                  ; yes             ; Megafunction                 ; /home/ghg/.altera/13.0sp1/quartus/libraries/megafunctions/lpm_counter.inc         ;         ;
; dffeea.inc                       ; yes             ; Megafunction                 ; /home/ghg/.altera/13.0sp1/quartus/libraries/megafunctions/dffeea.inc              ;         ;
; alt_counter_stratix.inc          ; yes             ; Megafunction                 ; /home/ghg/.altera/13.0sp1/quartus/libraries/megafunctions/alt_counter_stratix.inc ;         ;
; aglobal130.inc                   ; yes             ; Megafunction                 ; /home/ghg/.altera/13.0sp1/quartus/libraries/megafunctions/aglobal130.inc          ;         ;
; db/cntr_vcg.tdf                  ; yes             ; Auto-Generated Megafunction  ; /run/media/ghg/ERIC/School Stuff/TCES 330/DragRace/db/cntr_vcg.tdf                ;         ;
+----------------------------------+-----------------+------------------------------+-----------------------------------------------------------------------------------+---------+


+-----------------------------------------------------+
; Analysis & Synthesis Resource Usage Summary         ;
+---------------------------------------------+-------+
; Resource                                    ; Usage ;
+---------------------------------------------+-------+
;                                             ;       ;
; Total combinational functions               ; 0     ;
; Logic element usage by number of LUT inputs ;       ;
;     -- 4 input functions                    ; 0     ;
;     -- 3 input functions                    ; 0     ;
;     -- <=2 input functions                  ; 0     ;
;                                             ;       ;
; Logic elements by mode                      ;       ;
;     -- normal mode                          ; 0     ;
;     -- arithmetic mode                      ; 0     ;
;                                             ;       ;
; Total registers                             ; 0     ;
;     -- Dedicated logic registers            ; 0     ;
;     -- I/O registers                        ; 0     ;
;                                             ;       ;
; I/O pins                                    ; 62    ;
; Embedded Multiplier 9-bit elements          ; 0     ;
; Maximum fan-out node                        ; SW[0] ;
; Maximum fan-out                             ; 8     ;
; Total fan-out                               ; 16    ;
; Average fan-out                             ; 0.26  ;
+---------------------------------------------+-------+


+-----------------------------------------------------------------------------------------------------------------------------------------------------------------------------+
; Analysis & Synthesis Resource Utilization by Entity                                                                                                                         ;
+----------------------------+-------------------+--------------+-------------+--------------+---------+-----------+------+--------------+---------------------+--------------+
; Compilation Hierarchy Node ; LC Combinationals ; LC Registers ; Memory Bits ; DSP Elements ; DSP 9x9 ; DSP 18x18 ; Pins ; Virtual Pins ; Full Hierarchy Name ; Library Name ;
+----------------------------+-------------------+--------------+-------------+--------------+---------+-----------+------+--------------+---------------------+--------------+
; |DragRace                  ; 0 (0)             ; 0 (0)        ; 0           ; 0            ; 0       ; 0         ; 62   ; 0            ; |DragRace           ; work         ;
+----------------------------+-------------------+--------------+-------------+--------------+---------+-----------+------+--------------+---------------------+--------------+
Note: For table entries with two numbers listed, the numbers in parentheses indicate the number of resources of the given type used by the specific entity alone. The numbers listed outside of parentheses indicate the total resources of the given type used by the specific entity and all of its sub-entities in the hierarchy.


Encoding Type:  One-Hot
+-----------------------------------------------------------------------------------------------------------------------------------------+
; State Machine - |DragRace|currState                                                                                                     ;
+-----------------+---------------+-----------------+----------------+----------------+----------------+-----------------+----------------+
; Name            ; currState.Red ; currState.Green ; currState.Amb3 ; currState.Amb2 ; currState.Amb1 ; currState.stage ; currState.Idle ;
+-----------------+---------------+-----------------+----------------+----------------+----------------+-----------------+----------------+
; currState.Idle  ; 0             ; 0               ; 0              ; 0              ; 0              ; 0               ; 0              ;
; currState.stage ; 0             ; 0               ; 0              ; 0              ; 0              ; 1               ; 1              ;
; currState.Amb1  ; 0             ; 0               ; 0              ; 0              ; 1              ; 0               ; 1              ;
; currState.Amb2  ; 0             ; 0               ; 0              ; 1              ; 0              ; 0               ; 1              ;
; currState.Amb3  ; 0             ; 0               ; 1              ; 0              ; 0              ; 0               ; 1              ;
; currState.Green ; 0             ; 1               ; 0              ; 0              ; 0              ; 0               ; 1              ;
; currState.Red   ; 1             ; 0               ; 0              ; 0              ; 0              ; 0               ; 1              ;
+-----------------+---------------+-----------------+----------------+----------------+----------------+-----------------+----------------+


+---------------------------------------------------------------------------+
; Registers Removed During Synthesis                                        ;
+------------------------------------------------------+--------------------+
; Register name                                        ; Reason for Removal ;
+------------------------------------------------------+--------------------+
; currState~4                                          ; Lost fanout        ;
; currState~5                                          ; Lost fanout        ;
; currState~6                                          ; Lost fanout        ;
; lpm_counter:U1|cntr_vcg:auto_generated|safe_q[0..25] ; Lost fanout        ;
; ACLR                                                 ; Lost fanout        ;
; currState.Idle                                       ; Lost fanout        ;
; currState.stage                                      ; Lost fanout        ;
; currState.Amb1                                       ; Lost fanout        ;
; currState.Amb2                                       ; Lost fanout        ;
; currState.Amb3                                       ; Lost fanout        ;
; currState.Green                                      ; Lost fanout        ;
; currState.Red                                        ; Lost fanout        ;
; Total Number of Removed Registers = 37               ;                    ;
+------------------------------------------------------+--------------------+


+---------------------------------------------------------------------------------------------------------------------------------+
; Removed Registers Triggering Further Register Optimizations                                                                     ;
+---------------------------------------------------+--------------------+--------------------------------------------------------+
; Register name                                     ; Reason for Removal ; Registers Removed due to This Register                 ;
+---------------------------------------------------+--------------------+--------------------------------------------------------+
; lpm_counter:U1|cntr_vcg:auto_generated|safe_q[25] ; Lost Fanouts       ; lpm_counter:U1|cntr_vcg:auto_generated|safe_q[24],     ;
;                                                   ;                    ; lpm_counter:U1|cntr_vcg:auto_generated|safe_q[23],     ;
;                                                   ;                    ; lpm_counter:U1|cntr_vcg:auto_generated|safe_q[22],     ;
;                                                   ;                    ; lpm_counter:U1|cntr_vcg:auto_generated|safe_q[21],     ;
;                                                   ;                    ; lpm_counter:U1|cntr_vcg:auto_generated|safe_q[20],     ;
;                                                   ;                    ; lpm_counter:U1|cntr_vcg:auto_generated|safe_q[19],     ;
;                                                   ;                    ; lpm_counter:U1|cntr_vcg:auto_generated|safe_q[18],     ;
;                                                   ;                    ; lpm_counter:U1|cntr_vcg:auto_generated|safe_q[17],     ;
;                                                   ;                    ; lpm_counter:U1|cntr_vcg:auto_generated|safe_q[16],     ;
;                                                   ;                    ; lpm_counter:U1|cntr_vcg:auto_generated|safe_q[15],     ;
;                                                   ;                    ; lpm_counter:U1|cntr_vcg:auto_generated|safe_q[14],     ;
;                                                   ;                    ; lpm_counter:U1|cntr_vcg:auto_generated|safe_q[13],     ;
;                                                   ;                    ; lpm_counter:U1|cntr_vcg:auto_generated|safe_q[12],     ;
;                                                   ;                    ; lpm_counter:U1|cntr_vcg:auto_generated|safe_q[11],     ;
;                                                   ;                    ; lpm_counter:U1|cntr_vcg:auto_generated|safe_q[10],     ;
;                                                   ;                    ; lpm_counter:U1|cntr_vcg:auto_generated|safe_q[9],      ;
;                                                   ;                    ; lpm_counter:U1|cntr_vcg:auto_generated|safe_q[8],      ;
;                                                   ;                    ; lpm_counter:U1|cntr_vcg:auto_generated|safe_q[7],      ;
;                                                   ;                    ; lpm_counter:U1|cntr_vcg:auto_generated|safe_q[6],      ;
;                                                   ;                    ; lpm_counter:U1|cntr_vcg:auto_generated|safe_q[5],      ;
;                                                   ;                    ; lpm_counter:U1|cntr_vcg:auto_generated|safe_q[4],      ;
;                                                   ;                    ; lpm_counter:U1|cntr_vcg:auto_generated|safe_q[3],      ;
;                                                   ;                    ; lpm_counter:U1|cntr_vcg:auto_generated|safe_q[2],      ;
;                                                   ;                    ; lpm_counter:U1|cntr_vcg:auto_generated|safe_q[1],      ;
;                                                   ;                    ; lpm_counter:U1|cntr_vcg:auto_generated|safe_q[0], ACLR ;
; currState~4                                       ; Lost Fanouts       ; currState.Green                                        ;
+---------------------------------------------------+--------------------+--------------------------------------------------------+


+------------------------------------------------------+
; General Register Statistics                          ;
+----------------------------------------------+-------+
; Statistic                                    ; Value ;
+----------------------------------------------+-------+
; Total registers                              ; 0     ;
; Number of registers using Synchronous Clear  ; 0     ;
; Number of registers using Synchronous Load   ; 0     ;
; Number of registers using Asynchronous Clear ; 0     ;
; Number of registers using Asynchronous Load  ; 0     ;
; Number of registers using Clock Enable       ; 0     ;
; Number of registers using Preset             ; 0     ;
+----------------------------------------------+-------+


+------------------------------------------------------------------------------------------------------------------------------------------+
; Multiplexer Restructuring Statistics (Restructuring Performed)                                                                           ;
+--------------------+-----------+---------------+----------------------+------------------------+------------+----------------------------+
; Multiplexer Inputs ; Bus Width ; Baseline Area ; Area if Restructured ; Saving if Restructured ; Registered ; Example Multiplexer Output ;
+--------------------+-----------+---------------+----------------------+------------------------+------------+----------------------------+
; 4:1                ; 7 bits    ; 14 LEs        ; 14 LEs               ; 0 LEs                  ; No         ; |DragRace|currState        ;
+--------------------+-----------+---------------+----------------------+------------------------+------------+----------------------------+


+-----------------------------------------------------------------+
; Parameter Settings for User Entity Instance: lpm_counter:U1     ;
+------------------------+-------------------+--------------------+
; Parameter Name         ; Value             ; Type               ;
+------------------------+-------------------+--------------------+
; AUTO_CARRY_CHAINS      ; ON                ; AUTO_CARRY         ;
; IGNORE_CARRY_BUFFERS   ; OFF               ; IGNORE_CARRY       ;
; AUTO_CASCADE_CHAINS    ; ON                ; AUTO_CASCADE       ;
; IGNORE_CASCADE_BUFFERS ; OFF               ; IGNORE_CASCADE     ;
; LPM_WIDTH              ; 26                ; Signed Integer     ;
; LPM_DIRECTION          ; DEFAULT           ; Untyped            ;
; LPM_MODULUS            ; 0                 ; Untyped            ;
; LPM_AVALUE             ; UNUSED            ; Untyped            ;
; LPM_SVALUE             ; UNUSED            ; Untyped            ;
; LPM_PORT_UPDOWN        ; PORT_CONNECTIVITY ; Untyped            ;
; DEVICE_FAMILY          ; Cyclone II        ; Untyped            ;
; CARRY_CHAIN            ; MANUAL            ; Untyped            ;
; CARRY_CHAIN_LENGTH     ; 48                ; CARRY_CHAIN_LENGTH ;
; NOT_GATE_PUSH_BACK     ; ON                ; NOT_GATE_PUSH_BACK ;
; CARRY_CNT_EN           ; SMART             ; Untyped            ;
; LABWIDE_SCLR           ; ON                ; Untyped            ;
; USE_NEW_VERSION        ; TRUE              ; Untyped            ;
; CBXI_PARAMETER         ; cntr_vcg          ; Untyped            ;
+------------------------+-------------------+--------------------+
Note: In order to hide this table in the UI and the text report file, please set the "Show Parameter Settings in Synthesis Report" option in "Analysis and Synthesis Settings -> More Settings" to "Off".


+-------------------------------+
; Elapsed Time Per Partition    ;
+----------------+--------------+
; Partition Name ; Elapsed Time ;
+----------------+--------------+
; Top            ; 00:00:00     ;
+----------------+--------------+


+-------------------------------+
; Analysis & Synthesis Messages ;
+-------------------------------+
Info: *******************************************************************
Info: Running Quartus II 32-bit Analysis & Synthesis
    Info: Version 13.0.1 Build 232 06/12/2013 Service Pack 1 SJ Web Edition
    Info: Processing started: Mon May 19 20:07:01 2014
Info: Command: quartus_map --read_settings_files=on --write_settings_files=off DragRace -c DragRace
Info (12021): Found 1 design units, including 1 entities, in source file DragRace.v
    Info (12023): Found entity 1: DragRace
Info (12021): Found 1 design units, including 1 entities, in source file CountdownTimer.v
    Info (12023): Found entity 1: CountdownTimer
Info (12021): Found 1 design units, including 1 entities, in source file /run/media/ghg/ERIC/School Stuff/TCES 330/Lights.v
    Info (12023): Found entity 1: Lights
Info (12127): Elaborating entity "DragRace" for the top level hierarchy
Warning (10858): Verilog HDL warning at DragRace.v(15): object XPulse used but never assigned
Warning (10235): Verilog HDL Always Construct warning at DragRace.v(29): variable "SB" is read inside the Always Construct but isn't in the Always Construct's Event Control
Warning (10235): Verilog HDL Always Construct warning at DragRace.v(32): variable "SB" is read inside the Always Construct but isn't in the Always Construct's Event Control
Warning (10235): Verilog HDL Always Construct warning at DragRace.v(35): variable "SB" is read inside the Always Construct but isn't in the Always Construct's Event Control
Warning (10235): Verilog HDL Always Construct warning at DragRace.v(38): variable "SB" is read inside the Always Construct but isn't in the Always Construct's Event Control
Warning (10235): Verilog HDL Always Construct warning at DragRace.v(41): variable "SB" is read inside the Always Construct but isn't in the Always Construct's Event Control
Warning (10235): Verilog HDL Always Construct warning at DragRace.v(42): variable "XPulse" is read inside the Always Construct but isn't in the Always Construct's Event Control
Warning (10235): Verilog HDL Always Construct warning at DragRace.v(44): variable "Rst" is read inside the Always Construct but isn't in the Always Construct's Event Control
Warning (10235): Verilog HDL Always Construct warning at DragRace.v(47): variable "Rst" is read inside the Always Construct but isn't in the Always Construct's Event Control
Warning (10240): Verilog HDL Always Construct warning at DragRace.v(27): inferring latch(es) for variable "nextState", which holds its previous value in one or more paths through the always construct
Warning (10030): Net "XPulse" at DragRace.v(15) has no driver or initial value, using a default initial value '0'
Info (10041): Inferred latch for "nextState.Red" at DragRace.v(27)
Info (10041): Inferred latch for "nextState.Green" at DragRace.v(27)
Info (10041): Inferred latch for "nextState.Amb3" at DragRace.v(27)
Info (10041): Inferred latch for "nextState.Amb2" at DragRace.v(27)
Info (10041): Inferred latch for "nextState.Amb1" at DragRace.v(27)
Info (10041): Inferred latch for "nextState.stage" at DragRace.v(27)
Info (10041): Inferred latch for "nextState.Idle" at DragRace.v(27)
Info (12128): Elaborating entity "lpm_counter" for hierarchy "lpm_counter:U1"
Info (12130): Elaborated megafunction instantiation "lpm_counter:U1"
Info (12133): Instantiated megafunction "lpm_counter:U1" with the following parameter:
    Info (12134): Parameter "LPM_WIDTH" = "26"
Info (12021): Found 1 design units, including 1 entities, in source file db/cntr_vcg.tdf
    Info (12023): Found entity 1: cntr_vcg
Info (12128): Elaborating entity "cntr_vcg" for hierarchy "lpm_counter:U1|cntr_vcg:auto_generated"
Info (12128): Elaborating entity "Lights" for hierarchy "Lights:L0"
Warning (12011): Net is missing source, defaulting to GND
    Warning (12110): Net "RED" is missing source, defaulting to GND
Warning (12011): Net is missing source, defaulting to GND
    Warning (12110): Net "RED" is missing source, defaulting to GND
Info (17049): 37 registers lost all their fanouts during netlist optimizations.
Info (144001): Generated suppressed messages file /run/media/ghg/ERIC/School Stuff/TCES 330/DragRace/output_files/DragRace.map.smsg
Info (16010): Generating hard_block partition "hard_block:auto_generated_inst"
    Info (16011): Adding 0 node(s), including 0 DDIO, 0 PLL, 0 transceiver and 0 LCELL
Warning (21074): Design contains 2 input pin(s) that do not drive logic
    Warning (15610): No output dependent on input pin "KEY[0]"
    Warning (15610): No output dependent on input pin "CLOCK_50"
Info (21057): Implemented 62 device resources after synthesis - the final resource count might be different
    Info (21058): Implemented 4 input pins
    Info (21059): Implemented 58 output pins
Info: Quartus II 32-bit Analysis & Synthesis was successful. 0 errors, 18 warnings
    Info: Peak virtual memory: 360 megabytes
    Info: Processing ended: Mon May 19 20:07:03 2014
    Info: Elapsed time: 00:00:02
    Info: Total CPU time (on all processors): 00:00:02


+------------------------------------------+
; Analysis & Synthesis Suppressed Messages ;
+------------------------------------------+
The suppressed messages can be found in /run/media/ghg/ERIC/School Stuff/TCES 330/DragRace/output_files/DragRace.map.smsg.


