(0000) 3000  0011000000000000 (   1)                 .ORIG x3000
(3000) 0018  0000000000011000 (   2) COUNTER         .FILL x0018
(3001) E613  1110011000010011 (   3)                 LEA   R3 STORE
(3002) 29FD  0010100111111101 (   4)                 LD    R4 COUNTER
(3003) 5020  0101000000100000 (   5)                 AND   R0 R0 #0
(3004) 5260  0101001001100000 (   6)                 AND   R1 R1 #0
(3005) 54A0  0101010010100000 (   7)                 AND   R2 R2 #0
(3006) 1261  0001001001100001 (   8)                 ADD   R1 R1 #1
(3007) 74C0  0111010011000000 (   9)                 STR   R2 R3 #0
(3008) 16E1  0001011011100001 (  10)                 ADD   R3 R3 #1
(3009) 193F  0001100100111111 (  11)                 ADD   R4 R4 #-1
(300A) 72C0  0111001011000000 (  12)                 STR   R1 R3 #0
(300B) 16E1  0001011011100001 (  13)                 ADD   R3 R3 #1
(300C) 193F  0001100100111111 (  14)                 ADD   R4 R4 #-1
(300D) 1401  0001010000000001 (  15) LOOP            ADD   R2 R0 R1
(300E) 74C0  0111010011000000 (  16)                 STR   R2 R3 #0
(300F) 16E1  0001011011100001 (  17)                 ADD   R3 R3 #1
(3010) 1060  0001000001100000 (  18)                 ADD   R0 R1 #0
(3011) 12A0  0001001010100000 (  19)                 ADD   R1 R2 #0
(3012) 193F  0001100100111111 (  20)                 ADD   R4 R4 #-1
(3013) 03F9  0000001111111001 (  21)                 BRP   LOOP
(3014) F025  1111000000100101 (  22)                 TRAP  x25
(3015) 0000  0000000000000000 (  24) STORE           .FILL x0000
(3016) 0000  0000000000000000 (  24)                 .FILL x0000
(3017) 0000  0000000000000000 (  24)                 .FILL x0000
(3018) 0000  0000000000000000 (  24)                 .FILL x0000
(3019) 0000  0000000000000000 (  24)                 .FILL x0000
(301A) 0000  0000000000000000 (  24)                 .FILL x0000
(301B) 0000  0000000000000000 (  24)                 .FILL x0000
(301C) 0000  0000000000000000 (  24)                 .FILL x0000
(301D) 0000  0000000000000000 (  24)                 .FILL x0000
(301E) 0000  0000000000000000 (  24)                 .FILL x0000
(301F) 0000  0000000000000000 (  24)                 .FILL x0000
(3020) 0000  0000000000000000 (  24)                 .FILL x0000
(3021) 0000  0000000000000000 (  24)                 .FILL x0000
(3022) 0000  0000000000000000 (  24)                 .FILL x0000
(3023) 0000  0000000000000000 (  24)                 .FILL x0000
(3024) 0000  0000000000000000 (  24)                 .FILL x0000
(3025) 0000  0000000000000000 (  24)                 .FILL x0000
(3026) 0000  0000000000000000 (  24)                 .FILL x0000
(3027) 0000  0000000000000000 (  24)                 .FILL x0000
(3028) 0000  0000000000000000 (  24)                 .FILL x0000
(3029) 0000  0000000000000000 (  24)                 .FILL x0000
(302A) 0000  0000000000000000 (  24)                 .FILL x0000
(302B) 0000  0000000000000000 (  24)                 .FILL x0000
(302C) 0000  0000000000000000 (  24)                 .FILL x0000
