(0000) 3000  0011000000000000 (   1)                 .ORIG x3000
(3000) 0E48  0000111001001000 (   2)                 BRNZP START
(3001) 003D  0000000000111101 (   3) BSTRING         .FILL x003D
(3002) 003D  0000000000111101 (   3)                 .FILL x003D
(3003) 003D  0000000000111101 (   3)                 .FILL x003D
(3004) 003D  0000000000111101 (   3)                 .FILL x003D
(3005) 003D  0000000000111101 (   3)                 .FILL x003D
(3006) 004E  0000000001001110 (   3)                 .FILL x004E
(3007) 0075  0000000001110101 (   3)                 .FILL x0075
(3008) 006D  0000000001101101 (   3)                 .FILL x006D
(3009) 0062  0000000001100010 (   3)                 .FILL x0062
(300A) 0065  0000000001100101 (   3)                 .FILL x0065
(300B) 0072  0000000001110010 (   3)                 .FILL x0072
(300C) 0020  0000000000100000 (   3)                 .FILL x0020
(300D) 0053  0000000001010011 (   3)                 .FILL x0053
(300E) 0074  0000000001110100 (   3)                 .FILL x0074
(300F) 0061  0000000001100001 (   3)                 .FILL x0061
(3010) 0069  0000000001101001 (   3)                 .FILL x0069
(3011) 0072  0000000001110010 (   3)                 .FILL x0072
(3012) 0063  0000000001100011 (   3)                 .FILL x0063
(3013) 0061  0000000001100001 (   3)                 .FILL x0061
(3014) 0073  0000000001110011 (   3)                 .FILL x0073
(3015) 0065  0000000001100101 (   3)                 .FILL x0065
(3016) 003D  0000000000111101 (   3)                 .FILL x003D
(3017) 003D  0000000000111101 (   3)                 .FILL x003D
(3018) 003D  0000000000111101 (   3)                 .FILL x003D
(3019) 003D  0000000000111101 (   3)                 .FILL x003D
(301A) 003D  0000000000111101 (   3)                 .FILL x003D
(301B) 000A  0000000000001010 (   3)                 .FILL x000A
(301C) 0000  0000000000000000 (   3)                 .FILL x0000
(301D) 0045  0000000001000101 (   4) INSTRING        .FILL x0045
(301E) 006E  0000000001101110 (   4)                 .FILL x006E
(301F) 0074  0000000001110100 (   4)                 .FILL x0074
(3020) 0065  0000000001100101 (   4)                 .FILL x0065
(3021) 0072  0000000001110010 (   4)                 .FILL x0072
(3022) 0020  0000000000100000 (   4)                 .FILL x0020
(3023) 0061  0000000001100001 (   4)                 .FILL x0061
(3024) 0020  0000000000100000 (   4)                 .FILL x0020
(3025) 0070  0000000001110000 (   4)                 .FILL x0070
(3026) 006F  0000000001101111 (   4)                 .FILL x006F
(3027) 0073  0000000001110011 (   4)                 .FILL x0073
(3028) 0069  0000000001101001 (   4)                 .FILL x0069
(3029) 0074  0000000001110100 (   4)                 .FILL x0074
(302A) 0069  0000000001101001 (   4)                 .FILL x0069
(302B) 0076  0000000001110110 (   4)                 .FILL x0076
(302C) 0065  0000000001100101 (   4)                 .FILL x0065
(302D) 0020  0000000000100000 (   4)                 .FILL x0020
(302E) 0069  0000000001101001 (   4)                 .FILL x0069
(302F) 006E  0000000001101110 (   4)                 .FILL x006E
(3030) 0074  0000000001110100 (   4)                 .FILL x0074
(3031) 0065  0000000001100101 (   4)                 .FILL x0065
(3032) 0067  0000000001100111 (   4)                 .FILL x0067
(3033) 0065  0000000001100101 (   4)                 .FILL x0065
(3034) 0072  0000000001110010 (   4)                 .FILL x0072
(3035) 0020  0000000000100000 (   4)                 .FILL x0020
(3036) 0062  0000000001100010 (   4)                 .FILL x0062
(3037) 0065  0000000001100101 (   4)                 .FILL x0065
(3038) 0074  0000000001110100 (   4)                 .FILL x0074
(3039) 0077  0000000001110111 (   4)                 .FILL x0077
(303A) 0065  0000000001100101 (   4)                 .FILL x0065
(303B) 0065  0000000001100101 (   4)                 .FILL x0065
(303C) 006E  0000000001101110 (   4)                 .FILL x006E
(303D) 0020  0000000000100000 (   4)                 .FILL x0020
(303E) 0031  0000000000110001 (   4)                 .FILL x0031
(303F) 0020  0000000000100000 (   4)                 .FILL x0020
(3040) 0061  0000000001100001 (   4)                 .FILL x0061
(3041) 006E  0000000001101110 (   4)                 .FILL x006E
(3042) 0064  0000000001100100 (   4)                 .FILL x0064
(3043) 0020  0000000000100000 (   4)                 .FILL x0020
(3044) 0039  0000000000111001 (   4)                 .FILL x0039
(3045) 003A  0000000000111010 (   4)                 .FILL x003A
(3046) 0020  0000000000100000 (   4)                 .FILL x0020
(3047) 0000  0000000000000000 (   4)                 .FILL x0000
(3048) 0030  0000000000110000 (   5) OFFSET          .FILL x0030
(3049) 5020  0101000000100000 (   6) START           AND   R0 R0 #0
(304A) 5260  0101001001100000 (   7)                 AND   R1 R1 #0
(304B) 54A0  0101010010100000 (   8)                 AND   R2 R2 #0
(304C) 56E0  0101011011100000 (   9)                 AND   R3 R3 #0
(304D) 5920  0101100100100000 (  10)                 AND   R4 R4 #0
(304E) 5B60  0101101101100000 (  11)                 AND   R5 R5 #0
(304F) 2BF8  0010101111111000 (  12)                 LD    R5 OFFSET
(3050) E1B0  1110000110110000 (  13)                 LEA   R0 BSTRING
(3051) F022  1111000000100010 (  14)                 TRAP  x22
(3052) E1CA  1110000111001010 (  15)                 LEA   R0 INSTRING
(3053) F022  1111000000100010 (  16)                 TRAP  x22
(3054) F020  1111000000100000 (  17)                 TRAP  x20
(3055) 9D7F  1001110101111111 (  18)                 NOT   R6 R5
(3056) 1DA1  0001110110100001 (  19)                 ADD   R6 R6 #1
(3057) 1206  0001001000000110 (  20)                 ADD   R1 R0 R6
(3058) 1406  0001010000000110 (  21)                 ADD   R2 R0 R6
(3059) 1921  0001100100100001 (  22) LOOP            ADD   R4 R4 #1
(305A) 1720  0001011100100000 (  23)                 ADD   R3 R4 #0
(305B) 10E0  0001000011100000 (  24)                 ADD   R0 R3 #0
(305C) F021  1111000000100001 (  25) LOOP2           TRAP  x21
(305D) 16FF  0001011011111111 (  26)                 ADD   R3 R3 #-1
(305E) 03FD  0000001111111101 (  27)                 BRP   LOOP2
(305F) 5020  0101000000100000 (  28)                 AND   R0 R0 #0
(3060) 102D  0001000000101101 (  29)                 ADD   R0 R0 #13
(3061) F021  1111000000100001 (  30)                 TRAP  x21
(3062) 14BF  0001010010111111 (  31)                 ADD   R2 R2 #-1
(3063) 03F5  0000001111110101 (  32)                 BRP   LOOP
(3064) F025  1111000000100101 (  33)                 TRAP  x25
