Analysis & Synthesis report for HW1Part6
Wed Apr 16 10:17:20 2014
Quartus II 32-bit Version 13.0.1 Build 232 06/12/2013 Service Pack 1 SJ Full Version


---------------------
; Table of Contents ;
---------------------
  1. Legal Notice
  2. Analysis & Synthesis Summary
  3. Analysis & Synthesis Settings
  4. Parallel Compilation
  5. Analysis & Synthesis Source Files Read
  6. Analysis & Synthesis Resource Usage Summary
  7. Analysis & Synthesis Resource Utilization by Entity
  8. General Register Statistics
  9. Elapsed Time Per Partition
 10. Analysis & Synthesis Messages



----------------
; Legal Notice ;
----------------
Copyright (C) 1991-2013 Altera Corporation
Your use of Altera Corporation's design tools, logic functions 
and other software and tools, and its AMPP partner logic 
functions, and any output files from any of the foregoing 
(including device programming or simulation files), and any 
associated documentation or information are expressly subject 
to the terms and conditions of the Altera Program License 
Subscription Agreement, Altera MegaCore Function License 
Agreement, or other applicable license agreement, including, 
without limitation, that your use is for the sole purpose of 
programming logic devices manufactured by Altera and sold by 
Altera or its authorized distributors.  Please refer to the 
applicable agreement for further details.



+---------------------------------------------------------------------------------------+
; Analysis & Synthesis Summary                                                          ;
+------------------------------------+--------------------------------------------------+
; Analysis & Synthesis Status        ; Successful - Wed Apr 16 10:17:20 2014            ;
; Quartus II 32-bit Version          ; 13.0.1 Build 232 06/12/2013 SP 1 SJ Full Version ;
; Revision Name                      ; HW1Part6                                         ;
; Top-level Entity Name              ; HW1Part6                                         ;
; Family                             ; Cyclone II                                       ;
; Total logic elements               ; 100                                              ;
;     Total combinational functions  ; 100                                              ;
;     Dedicated logic registers      ; 0                                                ;
; Total registers                    ; 0                                                ;
; Total pins                         ; 77                                               ;
; Total virtual pins                 ; 0                                                ;
; Total memory bits                  ; 0                                                ;
; Embedded Multiplier 9-bit elements ; 0                                                ;
; Total PLLs                         ; 0                                                ;
+------------------------------------+--------------------------------------------------+


+----------------------------------------------------------------------------------------------------------------------+
; Analysis & Synthesis Settings                                                                                        ;
+----------------------------------------------------------------------------+--------------------+--------------------+
; Option                                                                     ; Setting            ; Default Value      ;
+----------------------------------------------------------------------------+--------------------+--------------------+
; Device                                                                     ; EP2C35F672C6       ;                    ;
; Top-level entity name                                                      ; HW1Part6           ; HW1Part6           ;
; Family name                                                                ; Cyclone II         ; Cyclone IV GX      ;
; Use smart compilation                                                      ; Off                ; Off                ;
; Enable parallel Assembler and TimeQuest Timing Analyzer during compilation ; On                 ; On                 ;
; Enable compact report table                                                ; Off                ; Off                ;
; Restructure Multiplexers                                                   ; Auto               ; Auto               ;
; Create Debugging Nodes for IP Cores                                        ; Off                ; Off                ;
; Preserve fewer node names                                                  ; On                 ; On                 ;
; Disable OpenCore Plus hardware evaluation                                  ; Off                ; Off                ;
; Verilog Version                                                            ; Verilog_2001       ; Verilog_2001       ;
; VHDL Version                                                               ; VHDL_1993          ; VHDL_1993          ;
; State Machine Processing                                                   ; Auto               ; Auto               ;
; Safe State Machine                                                         ; Off                ; Off                ;
; Extract Verilog State Machines                                             ; On                 ; On                 ;
; Extract VHDL State Machines                                                ; On                 ; On                 ;
; Ignore Verilog initial constructs                                          ; Off                ; Off                ;
; Iteration limit for constant Verilog loops                                 ; 5000               ; 5000               ;
; Iteration limit for non-constant Verilog loops                             ; 250                ; 250                ;
; Add Pass-Through Logic to Inferred RAMs                                    ; On                 ; On                 ;
; Infer RAMs from Raw Logic                                                  ; On                 ; On                 ;
; Parallel Synthesis                                                         ; On                 ; On                 ;
; DSP Block Balancing                                                        ; Auto               ; Auto               ;
; NOT Gate Push-Back                                                         ; On                 ; On                 ;
; Power-Up Don't Care                                                        ; On                 ; On                 ;
; Remove Redundant Logic Cells                                               ; Off                ; Off                ;
; Remove Duplicate Registers                                                 ; On                 ; On                 ;
; Ignore CARRY Buffers                                                       ; Off                ; Off                ;
; Ignore CASCADE Buffers                                                     ; Off                ; Off                ;
; Ignore GLOBAL Buffers                                                      ; Off                ; Off                ;
; Ignore ROW GLOBAL Buffers                                                  ; Off                ; Off                ;
; Ignore LCELL Buffers                                                       ; Off                ; Off                ;
; Ignore SOFT Buffers                                                        ; On                 ; On                 ;
; Limit AHDL Integers to 32 Bits                                             ; Off                ; Off                ;
; Optimization Technique                                                     ; Balanced           ; Balanced           ;
; Carry Chain Length                                                         ; 70                 ; 70                 ;
; Auto Carry Chains                                                          ; On                 ; On                 ;
; Auto Open-Drain Pins                                                       ; On                 ; On                 ;
; Perform WYSIWYG Primitive Resynthesis                                      ; Off                ; Off                ;
; Auto ROM Replacement                                                       ; On                 ; On                 ;
; Auto RAM Replacement                                                       ; On                 ; On                 ;
; Auto Shift Register Replacement                                            ; Auto               ; Auto               ;
; Allow Shift Register Merging across Hierarchies                            ; Auto               ; Auto               ;
; Auto Clock Enable Replacement                                              ; On                 ; On                 ;
; Strict RAM Replacement                                                     ; Off                ; Off                ;
; Allow Synchronous Control Signals                                          ; On                 ; On                 ;
; Force Use of Synchronous Clear Signals                                     ; Off                ; Off                ;
; Auto RAM to Logic Cell Conversion                                          ; Off                ; Off                ;
; Auto Resource Sharing                                                      ; Off                ; Off                ;
; Allow Any RAM Size For Recognition                                         ; Off                ; Off                ;
; Allow Any ROM Size For Recognition                                         ; Off                ; Off                ;
; Allow Any Shift Register Size For Recognition                              ; Off                ; Off                ;
; Use LogicLock Constraints during Resource Balancing                        ; On                 ; On                 ;
; Ignore translate_off and synthesis_off directives                          ; Off                ; Off                ;
; Timing-Driven Synthesis                                                    ; Off                ; Off                ;
; Report Parameter Settings                                                  ; On                 ; On                 ;
; Report Source Assignments                                                  ; On                 ; On                 ;
; Report Connectivity Checks                                                 ; On                 ; On                 ;
; Ignore Maximum Fan-Out Assignments                                         ; Off                ; Off                ;
; Synchronization Register Chain Length                                      ; 2                  ; 2                  ;
; PowerPlay Power Optimization                                               ; Normal compilation ; Normal compilation ;
; HDL message level                                                          ; Level2             ; Level2             ;
; Suppress Register Optimization Related Messages                            ; Off                ; Off                ;
; Number of Removed Registers Reported in Synthesis Report                   ; 5000               ; 5000               ;
; Number of Swept Nodes Reported in Synthesis Report                         ; 5000               ; 5000               ;
; Number of Inverted Registers Reported in Synthesis Report                  ; 100                ; 100                ;
; Clock MUX Protection                                                       ; On                 ; On                 ;
; Auto Gated Clock Conversion                                                ; Off                ; Off                ;
; Block Design Naming                                                        ; Auto               ; Auto               ;
; SDC constraint protection                                                  ; Off                ; Off                ;
; Synthesis Effort                                                           ; Auto               ; Auto               ;
; Shift Register Replacement - Allow Asynchronous Clear Signal               ; On                 ; On                 ;
; Pre-Mapping Resynthesis Optimization                                       ; Off                ; Off                ;
; Analysis & Synthesis Message Level                                         ; Medium             ; Medium             ;
; Disable Register Merging Across Hierarchies                                ; Auto               ; Auto               ;
; Resource Aware Inference For Block RAM                                     ; On                 ; On                 ;
; Synthesis Seed                                                             ; 1                  ; 1                  ;
+----------------------------------------------------------------------------+--------------------+--------------------+


+------------------------------------------+
; Parallel Compilation                     ;
+----------------------------+-------------+
; Processors                 ; Number      ;
+----------------------------+-------------+
; Number detected on machine ; 4           ;
; Maximum allowed            ; 4           ;
;                            ;             ;
; Average used               ; 1.00        ;
; Maximum used               ; 1           ;
;                            ;             ;
; Usage by Processor         ; % Time Used ;
;     Processor 1            ; 100.0%      ;
;     Processors 2-4         ;   0.0%      ;
+----------------------------+-------------+


+-------------------------------------------------------------------------------------------------------------------------------------------+
; Analysis & Synthesis Source Files Read                                                                                                    ;
+----------------------------------+-----------------+------------------------+---------------------------------------------------+---------+
; File Name with User-Entered Path ; Used in Netlist ; File Type              ; File Name with Absolute Path                      ; Library ;
+----------------------------------+-----------------+------------------------+---------------------------------------------------+---------+
; HW1Part6.v                       ; yes             ; User Verilog HDL File  ; H:/TCES 330/benf94 - Homework1/Part6/HW1Part6.v   ;         ;
; HexHELO.v                        ; yes             ; User Verilog HDL File  ; H:/TCES 330/benf94 - Homework1/Part6/HexHELO.v    ;         ;
; Mux3w_8to1.v                     ; yes             ; User Verilog HDL File  ; H:/TCES 330/benf94 - Homework1/Part6/Mux3w_8to1.v ;         ;
; Mux8_1.v                         ; yes             ; User Verilog HDL File  ; H:/TCES 330/benf94 - Homework1/Part6/Mux8_1.v     ;         ;
; Mux2_1.v                         ; yes             ; User Verilog HDL File  ; H:/TCES 330/benf94 - Homework1/Part6/Mux2_1.v     ;         ;
+----------------------------------+-----------------+------------------------+---------------------------------------------------+---------+


+------------------------------------------------------+
; Analysis & Synthesis Resource Usage Summary          ;
+---------------------------------------------+--------+
; Resource                                    ; Usage  ;
+---------------------------------------------+--------+
; Estimated Total logic elements              ; 100    ;
;                                             ;        ;
; Total combinational functions               ; 100    ;
; Logic element usage by number of LUT inputs ;        ;
;     -- 4 input functions                    ; 66     ;
;     -- 3 input functions                    ; 18     ;
;     -- <=2 input functions                  ; 16     ;
;                                             ;        ;
; Logic elements by mode                      ;        ;
;     -- normal mode                          ; 100    ;
;     -- arithmetic mode                      ; 0      ;
;                                             ;        ;
; Total registers                             ; 0      ;
;     -- Dedicated logic registers            ; 0      ;
;     -- I/O registers                        ; 0      ;
;                                             ;        ;
; I/O pins                                    ; 77     ;
; Embedded Multiplier 9-bit elements          ; 0      ;
; Maximum fan-out node                        ; SW[16] ;
; Maximum fan-out                             ; 46     ;
; Total fan-out                               ; 406    ;
; Average fan-out                             ; 2.29   ;
+---------------------------------------------+--------+


+----------------------------------------------------------------------------------------------------------------------------------------------------------------------------------------------------------+
; Analysis & Synthesis Resource Utilization by Entity                                                                                                                                                      ;
+----------------------------+-------------------+--------------+-------------+--------------+---------+-----------+------+--------------+--------------------------------------------------+--------------+
; Compilation Hierarchy Node ; LC Combinationals ; LC Registers ; Memory Bits ; DSP Elements ; DSP 9x9 ; DSP 18x18 ; Pins ; Virtual Pins ; Full Hierarchy Name                              ; Library Name ;
+----------------------------+-------------------+--------------+-------------+--------------+---------+-----------+------+--------------+--------------------------------------------------+--------------+
; |HW1Part6                  ; 100 (0)           ; 0 (0)        ; 0           ; 0            ; 0       ; 0         ; 77   ; 0            ; |HW1Part6                                        ; work         ;
;    |HexHELO:H0|            ; 4 (4)             ; 0 (0)        ; 0           ; 0            ; 0       ; 0         ; 0    ; 0            ; |HW1Part6|HexHELO:H0                             ; work         ;
;    |HexHELO:H1|            ; 4 (4)             ; 0 (0)        ; 0           ; 0            ; 0       ; 0         ; 0    ; 0            ; |HW1Part6|HexHELO:H1                             ; work         ;
;    |HexHELO:H2|            ; 4 (4)             ; 0 (0)        ; 0           ; 0            ; 0       ; 0         ; 0    ; 0            ; |HW1Part6|HexHELO:H2                             ; work         ;
;    |HexHELO:H3|            ; 4 (4)             ; 0 (0)        ; 0           ; 0            ; 0       ; 0         ; 0    ; 0            ; |HW1Part6|HexHELO:H3                             ; work         ;
;    |HexHELO:H4|            ; 4 (4)             ; 0 (0)        ; 0           ; 0            ; 0       ; 0         ; 0    ; 0            ; |HW1Part6|HexHELO:H4                             ; work         ;
;    |HexHELO:H5|            ; 4 (4)             ; 0 (0)        ; 0           ; 0            ; 0       ; 0         ; 0    ; 0            ; |HW1Part6|HexHELO:H5                             ; work         ;
;    |HexHELO:H6|            ; 4 (4)             ; 0 (0)        ; 0           ; 0            ; 0       ; 0         ; 0    ; 0            ; |HW1Part6|HexHELO:H6                             ; work         ;
;    |HexHELO:H7|            ; 4 (4)             ; 0 (0)        ; 0           ; 0            ; 0       ; 0         ; 0    ; 0            ; |HW1Part6|HexHELO:H7                             ; work         ;
;    |Mux3w_8to1:Mu0|        ; 6 (0)             ; 0 (0)        ; 0           ; 0            ; 0       ; 0         ; 0    ; 0            ; |HW1Part6|Mux3w_8to1:Mu0                         ; work         ;
;       |Mux8_1:Mux0|        ; 2 (0)             ; 0 (0)        ; 0           ; 0            ; 0       ; 0         ; 0    ; 0            ; |HW1Part6|Mux3w_8to1:Mu0|Mux8_1:Mux0             ; work         ;
;          |Mux2_1:Mux7|     ; 2 (2)             ; 0 (0)        ; 0           ; 0            ; 0       ; 0         ; 0    ; 0            ; |HW1Part6|Mux3w_8to1:Mu0|Mux8_1:Mux0|Mux2_1:Mux7 ; work         ;
;       |Mux8_1:Mux1|        ; 2 (0)             ; 0 (0)        ; 0           ; 0            ; 0       ; 0         ; 0    ; 0            ; |HW1Part6|Mux3w_8to1:Mu0|Mux8_1:Mux1             ; work         ;
;          |Mux2_1:Mux7|     ; 2 (2)             ; 0 (0)        ; 0           ; 0            ; 0       ; 0         ; 0    ; 0            ; |HW1Part6|Mux3w_8to1:Mu0|Mux8_1:Mux1|Mux2_1:Mux7 ; work         ;
;       |Mux8_1:Mux2|        ; 2 (0)             ; 0 (0)        ; 0           ; 0            ; 0       ; 0         ; 0    ; 0            ; |HW1Part6|Mux3w_8to1:Mu0|Mux8_1:Mux2             ; work         ;
;          |Mux2_1:Mux7|     ; 2 (2)             ; 0 (0)        ; 0           ; 0            ; 0       ; 0         ; 0    ; 0            ; |HW1Part6|Mux3w_8to1:Mu0|Mux8_1:Mux2|Mux2_1:Mux7 ; work         ;
;    |Mux3w_8to1:Mu1|        ; 4 (0)             ; 0 (0)        ; 0           ; 0            ; 0       ; 0         ; 0    ; 0            ; |HW1Part6|Mux3w_8to1:Mu1                         ; work         ;
;       |Mux8_1:Mux0|        ; 2 (0)             ; 0 (0)        ; 0           ; 0            ; 0       ; 0         ; 0    ; 0            ; |HW1Part6|Mux3w_8to1:Mu1|Mux8_1:Mux0             ; work         ;
;          |Mux2_1:Mux7|     ; 2 (2)             ; 0 (0)        ; 0           ; 0            ; 0       ; 0         ; 0    ; 0            ; |HW1Part6|Mux3w_8to1:Mu1|Mux8_1:Mux0|Mux2_1:Mux7 ; work         ;
;       |Mux8_1:Mux1|        ; 1 (0)             ; 0 (0)        ; 0           ; 0            ; 0       ; 0         ; 0    ; 0            ; |HW1Part6|Mux3w_8to1:Mu1|Mux8_1:Mux1             ; work         ;
;          |Mux2_1:Mux7|     ; 1 (1)             ; 0 (0)        ; 0           ; 0            ; 0       ; 0         ; 0    ; 0            ; |HW1Part6|Mux3w_8to1:Mu1|Mux8_1:Mux1|Mux2_1:Mux7 ; work         ;
;       |Mux8_1:Mux2|        ; 1 (0)             ; 0 (0)        ; 0           ; 0            ; 0       ; 0         ; 0    ; 0            ; |HW1Part6|Mux3w_8to1:Mu1|Mux8_1:Mux2             ; work         ;
;          |Mux2_1:Mux7|     ; 1 (1)             ; 0 (0)        ; 0           ; 0            ; 0       ; 0         ; 0    ; 0            ; |HW1Part6|Mux3w_8to1:Mu1|Mux8_1:Mux2|Mux2_1:Mux7 ; work         ;
;    |Mux3w_8to1:Mu2|        ; 4 (0)             ; 0 (0)        ; 0           ; 0            ; 0       ; 0         ; 0    ; 0            ; |HW1Part6|Mux3w_8to1:Mu2                         ; work         ;
;       |Mux8_1:Mux0|        ; 2 (0)             ; 0 (0)        ; 0           ; 0            ; 0       ; 0         ; 0    ; 0            ; |HW1Part6|Mux3w_8to1:Mu2|Mux8_1:Mux0             ; work         ;
;          |Mux2_1:Mux7|     ; 2 (2)             ; 0 (0)        ; 0           ; 0            ; 0       ; 0         ; 0    ; 0            ; |HW1Part6|Mux3w_8to1:Mu2|Mux8_1:Mux0|Mux2_1:Mux7 ; work         ;
;       |Mux8_1:Mux1|        ; 1 (0)             ; 0 (0)        ; 0           ; 0            ; 0       ; 0         ; 0    ; 0            ; |HW1Part6|Mux3w_8to1:Mu2|Mux8_1:Mux1             ; work         ;
;          |Mux2_1:Mux7|     ; 1 (1)             ; 0 (0)        ; 0           ; 0            ; 0       ; 0         ; 0    ; 0            ; |HW1Part6|Mux3w_8to1:Mu2|Mux8_1:Mux1|Mux2_1:Mux7 ; work         ;
;       |Mux8_1:Mux2|        ; 1 (0)             ; 0 (0)        ; 0           ; 0            ; 0       ; 0         ; 0    ; 0            ; |HW1Part6|Mux3w_8to1:Mu2|Mux8_1:Mux2             ; work         ;
;          |Mux2_1:Mux7|     ; 1 (1)             ; 0 (0)        ; 0           ; 0            ; 0       ; 0         ; 0    ; 0            ; |HW1Part6|Mux3w_8to1:Mu2|Mux8_1:Mux2|Mux2_1:Mux7 ; work         ;
;    |Mux3w_8to1:Mu3|        ; 6 (0)             ; 0 (0)        ; 0           ; 0            ; 0       ; 0         ; 0    ; 0            ; |HW1Part6|Mux3w_8to1:Mu3                         ; work         ;
;       |Mux8_1:Mux0|        ; 2 (0)             ; 0 (0)        ; 0           ; 0            ; 0       ; 0         ; 0    ; 0            ; |HW1Part6|Mux3w_8to1:Mu3|Mux8_1:Mux0             ; work         ;
;          |Mux2_1:Mux7|     ; 2 (2)             ; 0 (0)        ; 0           ; 0            ; 0       ; 0         ; 0    ; 0            ; |HW1Part6|Mux3w_8to1:Mu3|Mux8_1:Mux0|Mux2_1:Mux7 ; work         ;
;       |Mux8_1:Mux1|        ; 2 (0)             ; 0 (0)        ; 0           ; 0            ; 0       ; 0         ; 0    ; 0            ; |HW1Part6|Mux3w_8to1:Mu3|Mux8_1:Mux1             ; work         ;
;          |Mux2_1:Mux7|     ; 2 (2)             ; 0 (0)        ; 0           ; 0            ; 0       ; 0         ; 0    ; 0            ; |HW1Part6|Mux3w_8to1:Mu3|Mux8_1:Mux1|Mux2_1:Mux7 ; work         ;
;       |Mux8_1:Mux2|        ; 2 (0)             ; 0 (0)        ; 0           ; 0            ; 0       ; 0         ; 0    ; 0            ; |HW1Part6|Mux3w_8to1:Mu3|Mux8_1:Mux2             ; work         ;
;          |Mux2_1:Mux7|     ; 2 (2)             ; 0 (0)        ; 0           ; 0            ; 0       ; 0         ; 0    ; 0            ; |HW1Part6|Mux3w_8to1:Mu3|Mux8_1:Mux2|Mux2_1:Mux7 ; work         ;
;    |Mux3w_8to1:Mu4|        ; 12 (0)            ; 0 (0)        ; 0           ; 0            ; 0       ; 0         ; 0    ; 0            ; |HW1Part6|Mux3w_8to1:Mu4                         ; work         ;
;       |Mux8_1:Mux0|        ; 4 (0)             ; 0 (0)        ; 0           ; 0            ; 0       ; 0         ; 0    ; 0            ; |HW1Part6|Mux3w_8to1:Mu4|Mux8_1:Mux0             ; work         ;
;          |Mux2_1:Mux5|     ; 2 (2)             ; 0 (0)        ; 0           ; 0            ; 0       ; 0         ; 0    ; 0            ; |HW1Part6|Mux3w_8to1:Mu4|Mux8_1:Mux0|Mux2_1:Mux5 ; work         ;
;          |Mux2_1:Mux7|     ; 2 (2)             ; 0 (0)        ; 0           ; 0            ; 0       ; 0         ; 0    ; 0            ; |HW1Part6|Mux3w_8to1:Mu4|Mux8_1:Mux0|Mux2_1:Mux7 ; work         ;
;       |Mux8_1:Mux1|        ; 4 (0)             ; 0 (0)        ; 0           ; 0            ; 0       ; 0         ; 0    ; 0            ; |HW1Part6|Mux3w_8to1:Mu4|Mux8_1:Mux1             ; work         ;
;          |Mux2_1:Mux5|     ; 2 (2)             ; 0 (0)        ; 0           ; 0            ; 0       ; 0         ; 0    ; 0            ; |HW1Part6|Mux3w_8to1:Mu4|Mux8_1:Mux1|Mux2_1:Mux5 ; work         ;
;          |Mux2_1:Mux7|     ; 2 (2)             ; 0 (0)        ; 0           ; 0            ; 0       ; 0         ; 0    ; 0            ; |HW1Part6|Mux3w_8to1:Mu4|Mux8_1:Mux1|Mux2_1:Mux7 ; work         ;
;       |Mux8_1:Mux2|        ; 4 (0)             ; 0 (0)        ; 0           ; 0            ; 0       ; 0         ; 0    ; 0            ; |HW1Part6|Mux3w_8to1:Mu4|Mux8_1:Mux2             ; work         ;
;          |Mux2_1:Mux5|     ; 2 (2)             ; 0 (0)        ; 0           ; 0            ; 0       ; 0         ; 0    ; 0            ; |HW1Part6|Mux3w_8to1:Mu4|Mux8_1:Mux2|Mux2_1:Mux5 ; work         ;
;          |Mux2_1:Mux7|     ; 2 (2)             ; 0 (0)        ; 0           ; 0            ; 0       ; 0         ; 0    ; 0            ; |HW1Part6|Mux3w_8to1:Mu4|Mux8_1:Mux2|Mux2_1:Mux7 ; work         ;
;    |Mux3w_8to1:Mu5|        ; 11 (0)            ; 0 (0)        ; 0           ; 0            ; 0       ; 0         ; 0    ; 0            ; |HW1Part6|Mux3w_8to1:Mu5                         ; work         ;
;       |Mux8_1:Mux0|        ; 3 (0)             ; 0 (0)        ; 0           ; 0            ; 0       ; 0         ; 0    ; 0            ; |HW1Part6|Mux3w_8to1:Mu5|Mux8_1:Mux0             ; work         ;
;          |Mux2_1:Mux5|     ; 1 (1)             ; 0 (0)        ; 0           ; 0            ; 0       ; 0         ; 0    ; 0            ; |HW1Part6|Mux3w_8to1:Mu5|Mux8_1:Mux0|Mux2_1:Mux5 ; work         ;
;          |Mux2_1:Mux7|     ; 2 (2)             ; 0 (0)        ; 0           ; 0            ; 0       ; 0         ; 0    ; 0            ; |HW1Part6|Mux3w_8to1:Mu5|Mux8_1:Mux0|Mux2_1:Mux7 ; work         ;
;       |Mux8_1:Mux1|        ; 4 (0)             ; 0 (0)        ; 0           ; 0            ; 0       ; 0         ; 0    ; 0            ; |HW1Part6|Mux3w_8to1:Mu5|Mux8_1:Mux1             ; work         ;
;          |Mux2_1:Mux5|     ; 2 (2)             ; 0 (0)        ; 0           ; 0            ; 0       ; 0         ; 0    ; 0            ; |HW1Part6|Mux3w_8to1:Mu5|Mux8_1:Mux1|Mux2_1:Mux5 ; work         ;
;          |Mux2_1:Mux7|     ; 2 (2)             ; 0 (0)        ; 0           ; 0            ; 0       ; 0         ; 0    ; 0            ; |HW1Part6|Mux3w_8to1:Mu5|Mux8_1:Mux1|Mux2_1:Mux7 ; work         ;
;       |Mux8_1:Mux2|        ; 4 (0)             ; 0 (0)        ; 0           ; 0            ; 0       ; 0         ; 0    ; 0            ; |HW1Part6|Mux3w_8to1:Mu5|Mux8_1:Mux2             ; work         ;
;          |Mux2_1:Mux5|     ; 2 (2)             ; 0 (0)        ; 0           ; 0            ; 0       ; 0         ; 0    ; 0            ; |HW1Part6|Mux3w_8to1:Mu5|Mux8_1:Mux2|Mux2_1:Mux5 ; work         ;
;          |Mux2_1:Mux7|     ; 2 (2)             ; 0 (0)        ; 0           ; 0            ; 0       ; 0         ; 0    ; 0            ; |HW1Part6|Mux3w_8to1:Mu5|Mux8_1:Mux2|Mux2_1:Mux7 ; work         ;
;    |Mux3w_8to1:Mu6|        ; 11 (0)            ; 0 (0)        ; 0           ; 0            ; 0       ; 0         ; 0    ; 0            ; |HW1Part6|Mux3w_8to1:Mu6                         ; work         ;
;       |Mux8_1:Mux0|        ; 3 (0)             ; 0 (0)        ; 0           ; 0            ; 0       ; 0         ; 0    ; 0            ; |HW1Part6|Mux3w_8to1:Mu6|Mux8_1:Mux0             ; work         ;
;          |Mux2_1:Mux6|     ; 1 (1)             ; 0 (0)        ; 0           ; 0            ; 0       ; 0         ; 0    ; 0            ; |HW1Part6|Mux3w_8to1:Mu6|Mux8_1:Mux0|Mux2_1:Mux6 ; work         ;
;          |Mux2_1:Mux7|     ; 2 (2)             ; 0 (0)        ; 0           ; 0            ; 0       ; 0         ; 0    ; 0            ; |HW1Part6|Mux3w_8to1:Mu6|Mux8_1:Mux0|Mux2_1:Mux7 ; work         ;
;       |Mux8_1:Mux1|        ; 4 (0)             ; 0 (0)        ; 0           ; 0            ; 0       ; 0         ; 0    ; 0            ; |HW1Part6|Mux3w_8to1:Mu6|Mux8_1:Mux1             ; work         ;
;          |Mux2_1:Mux6|     ; 2 (2)             ; 0 (0)        ; 0           ; 0            ; 0       ; 0         ; 0    ; 0            ; |HW1Part6|Mux3w_8to1:Mu6|Mux8_1:Mux1|Mux2_1:Mux6 ; work         ;
;          |Mux2_1:Mux7|     ; 2 (2)             ; 0 (0)        ; 0           ; 0            ; 0       ; 0         ; 0    ; 0            ; |HW1Part6|Mux3w_8to1:Mu6|Mux8_1:Mux1|Mux2_1:Mux7 ; work         ;
;       |Mux8_1:Mux2|        ; 4 (0)             ; 0 (0)        ; 0           ; 0            ; 0       ; 0         ; 0    ; 0            ; |HW1Part6|Mux3w_8to1:Mu6|Mux8_1:Mux2             ; work         ;
;          |Mux2_1:Mux6|     ; 2 (2)             ; 0 (0)        ; 0           ; 0            ; 0       ; 0         ; 0    ; 0            ; |HW1Part6|Mux3w_8to1:Mu6|Mux8_1:Mux2|Mux2_1:Mux6 ; work         ;
;          |Mux2_1:Mux7|     ; 2 (2)             ; 0 (0)        ; 0           ; 0            ; 0       ; 0         ; 0    ; 0            ; |HW1Part6|Mux3w_8to1:Mu6|Mux8_1:Mux2|Mux2_1:Mux7 ; work         ;
;    |Mux3w_8to1:Mu7|        ; 14 (0)            ; 0 (0)        ; 0           ; 0            ; 0       ; 0         ; 0    ; 0            ; |HW1Part6|Mux3w_8to1:Mu7                         ; work         ;
;       |Mux8_1:Mux0|        ; 6 (0)             ; 0 (0)        ; 0           ; 0            ; 0       ; 0         ; 0    ; 0            ; |HW1Part6|Mux3w_8to1:Mu7|Mux8_1:Mux0             ; work         ;
;          |Mux2_1:Mux6|     ; 4 (4)             ; 0 (0)        ; 0           ; 0            ; 0       ; 0         ; 0    ; 0            ; |HW1Part6|Mux3w_8to1:Mu7|Mux8_1:Mux0|Mux2_1:Mux6 ; work         ;
;          |Mux2_1:Mux7|     ; 2 (2)             ; 0 (0)        ; 0           ; 0            ; 0       ; 0         ; 0    ; 0            ; |HW1Part6|Mux3w_8to1:Mu7|Mux8_1:Mux0|Mux2_1:Mux7 ; work         ;
;       |Mux8_1:Mux1|        ; 4 (0)             ; 0 (0)        ; 0           ; 0            ; 0       ; 0         ; 0    ; 0            ; |HW1Part6|Mux3w_8to1:Mu7|Mux8_1:Mux1             ; work         ;
;          |Mux2_1:Mux6|     ; 2 (2)             ; 0 (0)        ; 0           ; 0            ; 0       ; 0         ; 0    ; 0            ; |HW1Part6|Mux3w_8to1:Mu7|Mux8_1:Mux1|Mux2_1:Mux6 ; work         ;
;          |Mux2_1:Mux7|     ; 2 (2)             ; 0 (0)        ; 0           ; 0            ; 0       ; 0         ; 0    ; 0            ; |HW1Part6|Mux3w_8to1:Mu7|Mux8_1:Mux1|Mux2_1:Mux7 ; work         ;
;       |Mux8_1:Mux2|        ; 4 (0)             ; 0 (0)        ; 0           ; 0            ; 0       ; 0         ; 0    ; 0            ; |HW1Part6|Mux3w_8to1:Mu7|Mux8_1:Mux2             ; work         ;
;          |Mux2_1:Mux6|     ; 2 (2)             ; 0 (0)        ; 0           ; 0            ; 0       ; 0         ; 0    ; 0            ; |HW1Part6|Mux3w_8to1:Mu7|Mux8_1:Mux2|Mux2_1:Mux6 ; work         ;
;          |Mux2_1:Mux7|     ; 2 (2)             ; 0 (0)        ; 0           ; 0            ; 0       ; 0         ; 0    ; 0            ; |HW1Part6|Mux3w_8to1:Mu7|Mux8_1:Mux2|Mux2_1:Mux7 ; work         ;
+----------------------------+-------------------+--------------+-------------+--------------+---------+-----------+------+--------------+--------------------------------------------------+--------------+
Note: For table entries with two numbers listed, the numbers in parentheses indicate the number of resources of the given type used by the specific entity alone. The numbers listed outside of parentheses indicate the total resources of the given type used by the specific entity and all of its sub-entities in the hierarchy.


+------------------------------------------------------+
; General Register Statistics                          ;
+----------------------------------------------+-------+
; Statistic                                    ; Value ;
+----------------------------------------------+-------+
; Total registers                              ; 0     ;
; Number of registers using Synchronous Clear  ; 0     ;
; Number of registers using Synchronous Load   ; 0     ;
; Number of registers using Asynchronous Clear ; 0     ;
; Number of registers using Asynchronous Load  ; 0     ;
; Number of registers using Clock Enable       ; 0     ;
; Number of registers using Preset             ; 0     ;
+----------------------------------------------+-------+


+-------------------------------+
; Elapsed Time Per Partition    ;
+----------------+--------------+
; Partition Name ; Elapsed Time ;
+----------------+--------------+
; Top            ; 00:00:01     ;
+----------------+--------------+


+-------------------------------+
; Analysis & Synthesis Messages ;
+-------------------------------+
Info: *******************************************************************
Info: Running Quartus II 32-bit Analysis & Synthesis
    Info: Version 13.0.1 Build 232 06/12/2013 Service Pack 1 SJ Full Version
    Info: Processing started: Wed Apr 16 10:17:08 2014
Info: Command: quartus_map --read_settings_files=on --write_settings_files=off HW1Part6 -c HW1Part6
Info (20030): Parallel compilation is enabled and will use 4 of the 4 processors detected
Info (12021): Found 1 design units, including 1 entities, in source file hw1part6.v
    Info (12023): Found entity 1: HW1Part6
Info (12021): Found 1 design units, including 1 entities, in source file hexhelo.v
    Info (12023): Found entity 1: HexHELO
Info (12021): Found 1 design units, including 1 entities, in source file mux3w_8to1.v
    Info (12023): Found entity 1: Mux3w_8to1
Info (12021): Found 1 design units, including 1 entities, in source file mux8_1.v
    Info (12023): Found entity 1: Mux8_1
Info (12021): Found 1 design units, including 1 entities, in source file mux2_1.v
    Info (12023): Found entity 1: Mux2_1
Info (12127): Elaborating entity "HW1Part6" for the top level hierarchy
Info (12128): Elaborating entity "Mux3w_8to1" for hierarchy "Mux3w_8to1:Mu0"
Info (12128): Elaborating entity "Mux8_1" for hierarchy "Mux3w_8to1:Mu0|Mux8_1:Mux0"
Info (12128): Elaborating entity "Mux2_1" for hierarchy "Mux3w_8to1:Mu0|Mux8_1:Mux0|Mux2_1:Mux1"
Info (12128): Elaborating entity "HexHELO" for hierarchy "HexHELO:H0"
Warning (13024): Output pins are stuck at VCC or GND
    Warning (13410): Pin "OFF[0]" is stuck at VCC
    Warning (13410): Pin "OFF[1]" is stuck at VCC
    Warning (13410): Pin "OFF[2]" is stuck at VCC
Info (16010): Generating hard_block partition "hard_block:auto_generated_inst"
    Info (16011): Adding 0 node(s), including 0 DDIO, 0 PLL, 0 transceiver and 0 LCELL
Info (21057): Implemented 177 device resources after synthesis - the final resource count might be different
    Info (21058): Implemented 18 input pins
    Info (21059): Implemented 59 output pins
    Info (21061): Implemented 100 logic cells
Info: Quartus II 32-bit Analysis & Synthesis was successful. 0 errors, 4 warnings
    Info: Peak virtual memory: 348 megabytes
    Info: Processing ended: Wed Apr 16 10:17:21 2014
    Info: Elapsed time: 00:00:13
    Info: Total CPU time (on all processors): 00:00:05


