TimeQuest Timing Analyzer report for HW2Part4
Wed Apr 23 09:21:33 2014
Quartus II 32-bit Version 13.0.1 Build 232 06/12/2013 Service Pack 1 SJ Web Edition


---------------------
; Table of Contents ;
---------------------
  1. Legal Notice
  2. TimeQuest Timing Analyzer Summary
  3. Parallel Compilation
  4. Clocks
  5. Slow Model Fmax Summary
  6. Slow Model Setup Summary
  7. Slow Model Hold Summary
  8. Slow Model Recovery Summary
  9. Slow Model Removal Summary
 10. Slow Model Minimum Pulse Width Summary
 11. Propagation Delay
 12. Minimum Propagation Delay
 13. Fast Model Setup Summary
 14. Fast Model Hold Summary
 15. Fast Model Recovery Summary
 16. Fast Model Removal Summary
 17. Fast Model Minimum Pulse Width Summary
 18. Propagation Delay
 19. Minimum Propagation Delay
 20. Multicorner Timing Analysis Summary
 21. Progagation Delay
 22. Minimum Progagation Delay
 23. Clock Transfers
 24. Report TCCS
 25. Report RSKM
 26. Unconstrained Paths
 27. TimeQuest Timing Analyzer Messages



----------------
; Legal Notice ;
----------------
Copyright (C) 1991-2013 Altera Corporation
Your use of Altera Corporation's design tools, logic functions 
and other software and tools, and its AMPP partner logic 
functions, and any output files from any of the foregoing 
(including device programming or simulation files), and any 
associated documentation or information are expressly subject 
to the terms and conditions of the Altera Program License 
Subscription Agreement, Altera MegaCore Function License 
Agreement, or other applicable license agreement, including, 
without limitation, that your use is for the sole purpose of 
programming logic devices manufactured by Altera and sold by 
Altera or its authorized distributors.  Please refer to the 
applicable agreement for further details.



+----------------------------------------------------------------------------------------+
; TimeQuest Timing Analyzer Summary                                                      ;
+--------------------+-------------------------------------------------------------------+
; Quartus II Version ; Version 13.0.1 Build 232 06/12/2013 Service Pack 1 SJ Web Edition ;
; Revision Name      ; HW2Part4                                                          ;
; Device Family      ; Cyclone II                                                        ;
; Device Name        ; EP2C35F672C6                                                      ;
; Timing Models      ; Final                                                             ;
; Delay Model        ; Combined                                                          ;
; Rise/Fall Delays   ; Unavailable                                                       ;
+--------------------+-------------------------------------------------------------------+


Parallel compilation was disabled, but you have multiple processors available. Enable parallel compilation to reduce compilation time.
+-------------------------------------+
; Parallel Compilation                ;
+----------------------------+--------+
; Processors                 ; Number ;
+----------------------------+--------+
; Number detected on machine ; 4      ;
; Maximum allowed            ; 1      ;
+----------------------------+--------+


----------
; Clocks ;
----------
No clocks to report.


---------------------------
; Slow Model Fmax Summary ;
---------------------------
No paths to report.


----------------------------
; Slow Model Setup Summary ;
----------------------------
No paths to report.


---------------------------
; Slow Model Hold Summary ;
---------------------------
No paths to report.


-------------------------------
; Slow Model Recovery Summary ;
-------------------------------
No paths to report.


------------------------------
; Slow Model Removal Summary ;
------------------------------
No paths to report.


------------------------------------------
; Slow Model Minimum Pulse Width Summary ;
------------------------------------------
No paths to report.


+--------------------------------------------------------------+
; Propagation Delay                                            ;
+------------+-------------+--------+--------+--------+--------+
; Input Port ; Output Port ; RR     ; RF     ; FR     ; FF     ;
+------------+-------------+--------+--------+--------+--------+
; SW[0]      ; HEX0[0]     ; 11.250 ; 11.250 ; 11.250 ; 11.250 ;
; SW[0]      ; HEX0[1]     ; 11.225 ; 11.225 ; 11.225 ; 11.225 ;
; SW[0]      ; HEX0[2]     ; 11.228 ; 11.228 ; 11.228 ; 11.228 ;
; SW[0]      ; HEX0[3]     ; 11.000 ; 11.000 ; 11.000 ; 11.000 ;
; SW[0]      ; HEX0[4]     ; 11.002 ; 11.002 ; 11.002 ; 11.002 ;
; SW[0]      ; HEX0[5]     ; 10.989 ; 10.989 ; 10.989 ; 10.989 ;
; SW[0]      ; HEX0[6]     ; 10.989 ; 10.989 ; 10.989 ; 10.989 ;
; SW[0]      ; HEX1[0]     ; 11.973 ; 11.973 ; 11.973 ; 11.973 ;
; SW[0]      ; HEX1[3]     ; 11.791 ; 11.791 ; 11.791 ; 11.791 ;
; SW[0]      ; HEX1[4]     ; 11.811 ; 11.811 ; 11.811 ; 11.811 ;
; SW[0]      ; HEX1[5]     ; 11.346 ; 11.346 ; 11.346 ; 11.346 ;
; SW[0]      ; HEX4[0]     ; 8.126  ; 8.126  ; 8.126  ; 8.126  ;
; SW[0]      ; HEX4[1]     ; 7.445  ; 7.445  ; 7.445  ; 7.445  ;
; SW[0]      ; HEX4[2]     ;        ; 8.138  ; 8.138  ;        ;
; SW[0]      ; HEX4[3]     ; 9.089  ; 9.089  ; 9.089  ; 9.089  ;
; SW[0]      ; HEX4[4]     ; 7.925  ;        ;        ; 7.925  ;
; SW[0]      ; HEX4[5]     ; 7.731  ;        ;        ; 7.731  ;
; SW[0]      ; HEX4[6]     ; 8.297  ; 8.297  ; 8.297  ; 8.297  ;
; SW[0]      ; LEDG[0]     ; 9.504  ; 9.504  ; 9.504  ; 9.504  ;
; SW[0]      ; LEDG[1]     ; 9.358  ; 9.358  ; 9.358  ; 9.358  ;
; SW[0]      ; LEDG[2]     ; 10.426 ; 10.426 ; 10.426 ; 10.426 ;
; SW[0]      ; LEDG[3]     ; 10.917 ; 10.917 ; 10.917 ; 10.917 ;
; SW[0]      ; LEDG[4]     ; 10.926 ;        ;        ; 10.926 ;
; SW[0]      ; LEDR[0]     ; 5.501  ;        ;        ; 5.501  ;
; SW[1]      ; HEX0[0]     ; 11.190 ; 11.190 ; 11.190 ; 11.190 ;
; SW[1]      ; HEX0[1]     ; 11.165 ; 11.165 ; 11.165 ; 11.165 ;
; SW[1]      ; HEX0[2]     ; 11.168 ; 11.168 ; 11.168 ; 11.168 ;
; SW[1]      ; HEX0[3]     ; 10.940 ; 10.940 ; 10.940 ; 10.940 ;
; SW[1]      ; HEX0[4]     ; 10.942 ; 10.942 ; 10.942 ; 10.942 ;
; SW[1]      ; HEX0[5]     ; 10.929 ; 10.929 ; 10.929 ; 10.929 ;
; SW[1]      ; HEX0[6]     ; 10.929 ; 10.929 ; 10.929 ; 10.929 ;
; SW[1]      ; HEX1[0]     ; 11.914 ; 11.914 ; 11.914 ; 11.914 ;
; SW[1]      ; HEX1[3]     ; 11.732 ; 11.732 ; 11.732 ; 11.732 ;
; SW[1]      ; HEX1[4]     ; 11.752 ; 11.752 ; 11.752 ; 11.752 ;
; SW[1]      ; HEX1[5]     ; 11.287 ; 11.287 ; 11.287 ; 11.287 ;
; SW[1]      ; HEX4[0]     ; 8.029  ; 8.029  ; 8.029  ; 8.029  ;
; SW[1]      ; HEX4[1]     ; 7.352  ; 7.352  ; 7.352  ; 7.352  ;
; SW[1]      ; HEX4[2]     ; 8.042  ;        ;        ; 8.042  ;
; SW[1]      ; HEX4[3]     ; 8.993  ; 8.993  ; 8.993  ; 8.993  ;
; SW[1]      ; HEX4[4]     ;        ; 7.833  ; 7.833  ;        ;
; SW[1]      ; HEX4[5]     ; 7.637  ; 7.637  ; 7.637  ; 7.637  ;
; SW[1]      ; HEX4[6]     ; 8.520  ; 8.520  ; 8.520  ; 8.520  ;
; SW[1]      ; LEDG[1]     ; 9.400  ; 9.400  ; 9.400  ; 9.400  ;
; SW[1]      ; LEDG[2]     ; 9.612  ; 9.612  ; 9.612  ; 9.612  ;
; SW[1]      ; LEDG[3]     ; 10.008 ; 10.008 ; 10.008 ; 10.008 ;
; SW[1]      ; LEDG[4]     ; 10.017 ;        ;        ; 10.017 ;
; SW[1]      ; LEDG[8]     ; 7.948  ;        ;        ; 7.948  ;
; SW[1]      ; LEDR[1]     ; 5.941  ;        ;        ; 5.941  ;
; SW[2]      ; HEX0[0]     ; 10.888 ; 10.888 ; 10.888 ; 10.888 ;
; SW[2]      ; HEX0[1]     ; 10.863 ; 10.863 ; 10.863 ; 10.863 ;
; SW[2]      ; HEX0[2]     ; 10.866 ; 10.866 ; 10.866 ; 10.866 ;
; SW[2]      ; HEX0[3]     ; 10.638 ; 10.638 ; 10.638 ; 10.638 ;
; SW[2]      ; HEX0[4]     ; 10.640 ; 10.640 ; 10.640 ; 10.640 ;
; SW[2]      ; HEX0[5]     ; 10.627 ; 10.627 ; 10.627 ; 10.627 ;
; SW[2]      ; HEX0[6]     ; 10.627 ; 10.627 ; 10.627 ; 10.627 ;
; SW[2]      ; HEX1[0]     ; 11.611 ; 11.611 ; 11.611 ; 11.611 ;
; SW[2]      ; HEX1[3]     ; 11.429 ; 11.429 ; 11.429 ; 11.429 ;
; SW[2]      ; HEX1[4]     ; 11.449 ; 11.449 ; 11.449 ; 11.449 ;
; SW[2]      ; HEX1[5]     ; 10.984 ; 10.984 ; 10.984 ; 10.984 ;
; SW[2]      ; HEX4[0]     ; 7.775  ; 7.775  ; 7.775  ; 7.775  ;
; SW[2]      ; HEX4[1]     ; 7.092  ;        ;        ; 7.092  ;
; SW[2]      ; HEX4[2]     ; 7.791  ; 7.791  ; 7.791  ; 7.791  ;
; SW[2]      ; HEX4[3]     ; 8.735  ; 8.735  ; 8.735  ; 8.735  ;
; SW[2]      ; HEX4[4]     ; 7.573  ; 7.573  ; 7.573  ; 7.573  ;
; SW[2]      ; HEX4[5]     ; 7.378  ; 7.378  ; 7.378  ; 7.378  ;
; SW[2]      ; HEX4[6]     ; 8.133  ; 8.133  ; 8.133  ; 8.133  ;
; SW[2]      ; LEDG[2]     ; 9.751  ; 9.751  ; 9.751  ; 9.751  ;
; SW[2]      ; LEDG[3]     ; 10.555 ; 10.555 ; 10.555 ; 10.555 ;
; SW[2]      ; LEDG[4]     ; 10.564 ;        ;        ; 10.564 ;
; SW[2]      ; LEDG[8]     ; 7.562  ;        ;        ; 7.562  ;
; SW[2]      ; LEDR[2]     ; 5.961  ;        ;        ; 5.961  ;
; SW[3]      ; HEX0[0]     ; 9.075  ; 9.075  ; 9.075  ; 9.075  ;
; SW[3]      ; HEX0[1]     ; 9.050  ; 9.050  ; 9.050  ; 9.050  ;
; SW[3]      ; HEX0[2]     ; 9.053  ; 9.053  ; 9.053  ; 9.053  ;
; SW[3]      ; HEX0[3]     ; 8.825  ; 8.825  ; 8.825  ; 8.825  ;
; SW[3]      ; HEX0[4]     ; 8.827  ; 8.827  ; 8.827  ; 8.827  ;
; SW[3]      ; HEX0[5]     ; 8.814  ; 8.814  ; 8.814  ; 8.814  ;
; SW[3]      ; HEX0[6]     ; 8.814  ; 8.814  ; 8.814  ; 8.814  ;
; SW[3]      ; HEX1[0]     ; 9.798  ; 9.798  ; 9.798  ; 9.798  ;
; SW[3]      ; HEX1[3]     ; 9.616  ; 9.616  ; 9.616  ; 9.616  ;
; SW[3]      ; HEX1[4]     ; 9.636  ; 9.636  ; 9.636  ; 9.636  ;
; SW[3]      ; HEX1[5]     ; 9.171  ; 9.171  ; 9.171  ; 9.171  ;
; SW[3]      ; HEX4[0]     ; 7.607  ; 7.607  ; 7.607  ; 7.607  ;
; SW[3]      ; HEX4[1]     ; 6.920  ; 6.920  ; 6.920  ; 6.920  ;
; SW[3]      ; HEX4[2]     ; 7.625  ; 7.625  ; 7.625  ; 7.625  ;
; SW[3]      ; HEX4[3]     ; 8.562  ; 8.562  ; 8.562  ; 8.562  ;
; SW[3]      ; HEX4[4]     ;        ; 7.401  ; 7.401  ;        ;
; SW[3]      ; HEX4[5]     ; 7.206  ; 7.206  ; 7.206  ; 7.206  ;
; SW[3]      ; HEX4[6]     ; 7.961  ; 7.961  ; 7.961  ; 7.961  ;
; SW[3]      ; LEDG[3]     ; 8.742  ; 8.742  ; 8.742  ; 8.742  ;
; SW[3]      ; LEDG[4]     ; 8.752  ;        ;        ; 8.752  ;
; SW[3]      ; LEDG[8]     ; 7.390  ;        ;        ; 7.390  ;
; SW[3]      ; LEDR[3]     ; 5.481  ;        ;        ; 5.481  ;
; SW[4]      ; HEX0[0]     ; 11.121 ; 11.121 ; 11.121 ; 11.121 ;
; SW[4]      ; HEX0[1]     ; 11.096 ; 11.096 ; 11.096 ; 11.096 ;
; SW[4]      ; HEX0[2]     ; 11.099 ; 11.099 ; 11.099 ; 11.099 ;
; SW[4]      ; HEX0[3]     ; 10.871 ; 10.871 ; 10.871 ; 10.871 ;
; SW[4]      ; HEX0[4]     ; 10.873 ; 10.873 ; 10.873 ; 10.873 ;
; SW[4]      ; HEX0[5]     ; 10.860 ; 10.860 ; 10.860 ; 10.860 ;
; SW[4]      ; HEX0[6]     ; 10.860 ; 10.860 ; 10.860 ; 10.860 ;
; SW[4]      ; HEX1[0]     ; 11.844 ; 11.844 ; 11.844 ; 11.844 ;
; SW[4]      ; HEX1[3]     ; 11.662 ; 11.662 ; 11.662 ; 11.662 ;
; SW[4]      ; HEX1[4]     ; 11.682 ; 11.682 ; 11.682 ; 11.682 ;
; SW[4]      ; HEX1[5]     ; 11.217 ; 11.217 ; 11.217 ; 11.217 ;
; SW[4]      ; HEX6[0]     ; 7.140  ; 7.140  ; 7.140  ; 7.140  ;
; SW[4]      ; HEX6[1]     ; 7.374  ; 7.374  ; 7.374  ; 7.374  ;
; SW[4]      ; HEX6[2]     ;        ; 7.645  ; 7.645  ;        ;
; SW[4]      ; HEX6[3]     ; 7.768  ; 7.768  ; 7.768  ; 7.768  ;
; SW[4]      ; HEX6[4]     ; 8.721  ;        ;        ; 8.721  ;
; SW[4]      ; HEX6[5]     ; 7.964  ;        ;        ; 7.964  ;
; SW[4]      ; HEX6[6]     ; 7.585  ; 7.585  ; 7.585  ; 7.585  ;
; SW[4]      ; LEDG[0]     ; 9.363  ; 9.363  ; 9.363  ; 9.363  ;
; SW[4]      ; LEDG[1]     ; 9.229  ; 9.229  ; 9.229  ; 9.229  ;
; SW[4]      ; LEDG[2]     ; 10.297 ; 10.297 ; 10.297 ; 10.297 ;
; SW[4]      ; LEDG[3]     ; 10.788 ; 10.788 ; 10.788 ; 10.788 ;
; SW[4]      ; LEDG[4]     ; 10.797 ;        ;        ; 10.797 ;
; SW[4]      ; LEDR[4]     ; 5.336  ;        ;        ; 5.336  ;
; SW[5]      ; HEX0[0]     ; 10.876 ; 10.876 ; 10.876 ; 10.876 ;
; SW[5]      ; HEX0[1]     ; 10.851 ; 10.851 ; 10.851 ; 10.851 ;
; SW[5]      ; HEX0[2]     ; 10.854 ; 10.854 ; 10.854 ; 10.854 ;
; SW[5]      ; HEX0[3]     ; 10.626 ; 10.626 ; 10.626 ; 10.626 ;
; SW[5]      ; HEX0[4]     ; 10.628 ; 10.628 ; 10.628 ; 10.628 ;
; SW[5]      ; HEX0[5]     ; 10.615 ; 10.615 ; 10.615 ; 10.615 ;
; SW[5]      ; HEX0[6]     ; 10.615 ; 10.615 ; 10.615 ; 10.615 ;
; SW[5]      ; HEX1[0]     ; 11.600 ; 11.600 ; 11.600 ; 11.600 ;
; SW[5]      ; HEX1[3]     ; 11.418 ; 11.418 ; 11.418 ; 11.418 ;
; SW[5]      ; HEX1[4]     ; 11.438 ; 11.438 ; 11.438 ; 11.438 ;
; SW[5]      ; HEX1[5]     ; 10.973 ; 10.973 ; 10.973 ; 10.973 ;
; SW[5]      ; HEX6[0]     ; 7.858  ; 7.858  ; 7.858  ; 7.858  ;
; SW[5]      ; HEX6[1]     ; 8.066  ; 8.066  ; 8.066  ; 8.066  ;
; SW[5]      ; HEX6[2]     ; 8.354  ;        ;        ; 8.354  ;
; SW[5]      ; HEX6[3]     ; 8.452  ; 8.452  ; 8.452  ; 8.452  ;
; SW[5]      ; HEX6[4]     ;        ; 9.405  ; 9.405  ;        ;
; SW[5]      ; HEX6[5]     ; 8.641  ; 8.641  ; 8.641  ; 8.641  ;
; SW[5]      ; HEX6[6]     ; 8.277  ; 8.277  ; 8.277  ; 8.277  ;
; SW[5]      ; LEDG[1]     ; 9.086  ; 9.086  ; 9.086  ; 9.086  ;
; SW[5]      ; LEDG[2]     ; 9.277  ; 9.277  ; 9.277  ; 9.277  ;
; SW[5]      ; LEDG[3]     ; 10.246 ; 10.246 ; 10.246 ; 10.246 ;
; SW[5]      ; LEDG[4]     ; 10.255 ;        ;        ; 10.255 ;
; SW[5]      ; LEDG[8]     ; 9.155  ;        ;        ; 9.155  ;
; SW[5]      ; LEDR[5]     ; 5.775  ;        ;        ; 5.775  ;
; SW[6]      ; HEX0[0]     ; 11.430 ; 11.430 ; 11.430 ; 11.430 ;
; SW[6]      ; HEX0[1]     ; 11.405 ; 11.405 ; 11.405 ; 11.405 ;
; SW[6]      ; HEX0[2]     ; 11.408 ; 11.408 ; 11.408 ; 11.408 ;
; SW[6]      ; HEX0[3]     ; 11.180 ; 11.180 ; 11.180 ; 11.180 ;
; SW[6]      ; HEX0[4]     ; 11.182 ; 11.182 ; 11.182 ; 11.182 ;
; SW[6]      ; HEX0[5]     ; 11.169 ; 11.169 ; 11.169 ; 11.169 ;
; SW[6]      ; HEX0[6]     ; 11.169 ; 11.169 ; 11.169 ; 11.169 ;
; SW[6]      ; HEX1[0]     ; 12.153 ; 12.153 ; 12.153 ; 12.153 ;
; SW[6]      ; HEX1[3]     ; 11.971 ; 11.971 ; 11.971 ; 11.971 ;
; SW[6]      ; HEX1[4]     ; 11.991 ; 11.991 ; 11.991 ; 11.991 ;
; SW[6]      ; HEX1[5]     ; 11.526 ; 11.526 ; 11.526 ; 11.526 ;
; SW[6]      ; HEX6[0]     ; 7.189  ; 7.189  ; 7.189  ; 7.189  ;
; SW[6]      ; HEX6[1]     ; 7.404  ;        ;        ; 7.404  ;
; SW[6]      ; HEX6[2]     ; 7.690  ; 7.690  ; 7.690  ; 7.690  ;
; SW[6]      ; HEX6[3]     ; 7.795  ; 7.795  ; 7.795  ; 7.795  ;
; SW[6]      ; HEX6[4]     ; 8.748  ; 8.748  ; 8.748  ; 8.748  ;
; SW[6]      ; HEX6[5]     ; 7.991  ; 7.991  ; 7.991  ; 7.991  ;
; SW[6]      ; HEX6[6]     ; 7.616  ; 7.616  ; 7.616  ; 7.616  ;
; SW[6]      ; LEDG[2]     ; 10.291 ; 10.291 ; 10.291 ; 10.291 ;
; SW[6]      ; LEDG[3]     ; 11.097 ; 11.097 ; 11.097 ; 11.097 ;
; SW[6]      ; LEDG[4]     ; 11.106 ;        ;        ; 11.106 ;
; SW[6]      ; LEDG[8]     ; 8.492  ;        ;        ; 8.492  ;
; SW[6]      ; LEDR[6]     ; 5.411  ;        ;        ; 5.411  ;
; SW[7]      ; HEX0[0]     ; 9.591  ; 9.591  ; 9.591  ; 9.591  ;
; SW[7]      ; HEX0[1]     ; 9.566  ; 9.566  ; 9.566  ; 9.566  ;
; SW[7]      ; HEX0[2]     ; 9.569  ; 9.569  ; 9.569  ; 9.569  ;
; SW[7]      ; HEX0[3]     ; 9.341  ; 9.341  ; 9.341  ; 9.341  ;
; SW[7]      ; HEX0[4]     ; 9.343  ; 9.343  ; 9.343  ; 9.343  ;
; SW[7]      ; HEX0[5]     ; 9.330  ; 9.330  ; 9.330  ; 9.330  ;
; SW[7]      ; HEX0[6]     ; 9.330  ; 9.330  ; 9.330  ; 9.330  ;
; SW[7]      ; HEX1[0]     ; 10.314 ; 10.314 ; 10.314 ; 10.314 ;
; SW[7]      ; HEX1[3]     ; 10.132 ; 10.132 ; 10.132 ; 10.132 ;
; SW[7]      ; HEX1[4]     ; 10.152 ; 10.152 ; 10.152 ; 10.152 ;
; SW[7]      ; HEX1[5]     ; 9.687  ; 9.687  ; 9.687  ; 9.687  ;
; SW[7]      ; HEX6[0]     ; 7.229  ; 7.229  ; 7.229  ; 7.229  ;
; SW[7]      ; HEX6[1]     ; 7.445  ; 7.445  ; 7.445  ; 7.445  ;
; SW[7]      ; HEX6[2]     ; 7.730  ; 7.730  ; 7.730  ; 7.730  ;
; SW[7]      ; HEX6[3]     ; 7.832  ; 7.832  ; 7.832  ; 7.832  ;
; SW[7]      ; HEX6[4]     ;        ; 8.785  ; 8.785  ;        ;
; SW[7]      ; HEX6[5]     ; 8.027  ; 8.027  ; 8.027  ; 8.027  ;
; SW[7]      ; HEX6[6]     ; 7.655  ; 7.655  ; 7.655  ; 7.655  ;
; SW[7]      ; LEDG[3]     ; 9.258  ; 9.258  ; 9.258  ; 9.258  ;
; SW[7]      ; LEDG[4]     ; 9.264  ;        ;        ; 9.264  ;
; SW[7]      ; LEDG[8]     ; 8.387  ;        ;        ; 8.387  ;
; SW[7]      ; LEDR[7]     ; 6.335  ;        ;        ; 6.335  ;
; SW[8]      ; HEX0[0]     ; 11.277 ; 11.277 ; 11.277 ; 11.277 ;
; SW[8]      ; HEX0[1]     ; 11.252 ; 11.252 ; 11.252 ; 11.252 ;
; SW[8]      ; HEX0[2]     ; 11.255 ; 11.255 ; 11.255 ; 11.255 ;
; SW[8]      ; HEX0[3]     ; 11.027 ; 11.027 ; 11.027 ; 11.027 ;
; SW[8]      ; HEX0[4]     ; 11.029 ; 11.029 ; 11.029 ; 11.029 ;
; SW[8]      ; HEX0[5]     ; 11.016 ; 11.016 ; 11.016 ; 11.016 ;
; SW[8]      ; HEX0[6]     ; 11.016 ; 11.016 ; 11.016 ; 11.016 ;
; SW[8]      ; HEX1[0]     ; 12.000 ; 12.000 ; 12.000 ; 12.000 ;
; SW[8]      ; HEX1[3]     ; 11.818 ; 11.818 ; 11.818 ; 11.818 ;
; SW[8]      ; HEX1[4]     ; 11.838 ; 11.838 ; 11.838 ; 11.838 ;
; SW[8]      ; HEX1[5]     ; 11.373 ; 11.373 ; 11.373 ; 11.373 ;
; SW[8]      ; LEDG[0]     ; 9.532  ; 9.532  ; 9.532  ; 9.532  ;
; SW[8]      ; LEDG[1]     ; 9.385  ; 9.385  ; 9.385  ; 9.385  ;
; SW[8]      ; LEDG[2]     ; 10.453 ; 10.453 ; 10.453 ; 10.453 ;
; SW[8]      ; LEDG[3]     ; 10.944 ; 10.944 ; 10.944 ; 10.944 ;
; SW[8]      ; LEDG[4]     ; 10.953 ;        ;        ; 10.953 ;
; SW[8]      ; LEDR[8]     ; 5.924  ;        ;        ; 5.924  ;
+------------+-------------+--------+--------+--------+--------+


+--------------------------------------------------------------+
; Minimum Propagation Delay                                    ;
+------------+-------------+--------+--------+--------+--------+
; Input Port ; Output Port ; RR     ; RF     ; FR     ; FF     ;
+------------+-------------+--------+--------+--------+--------+
; SW[0]      ; HEX0[0]     ; 8.894  ; 8.894  ; 8.894  ; 8.894  ;
; SW[0]      ; HEX0[1]     ; 8.869  ; 8.869  ; 8.869  ; 8.869  ;
; SW[0]      ; HEX0[2]     ; 8.872  ; 8.872  ; 8.872  ; 8.872  ;
; SW[0]      ; HEX0[3]     ; 8.635  ; 8.635  ; 8.635  ; 8.635  ;
; SW[0]      ; HEX0[4]     ; 8.649  ; 8.649  ; 8.649  ; 8.649  ;
; SW[0]      ; HEX0[5]     ; 8.634  ; 8.634  ; 8.634  ; 8.634  ;
; SW[0]      ; HEX0[6]     ; 8.621  ; 8.621  ; 8.621  ; 8.621  ;
; SW[0]      ; HEX1[0]     ; 11.134 ; 11.134 ; 11.134 ; 11.134 ;
; SW[0]      ; HEX1[3]     ; 10.952 ; 10.952 ; 10.952 ; 10.952 ;
; SW[0]      ; HEX1[4]     ; 10.972 ; 10.972 ; 10.972 ; 10.972 ;
; SW[0]      ; HEX1[5]     ; 10.507 ; 10.507 ; 10.507 ; 10.507 ;
; SW[0]      ; HEX4[0]     ; 8.126  ; 8.126  ; 8.126  ; 8.126  ;
; SW[0]      ; HEX4[1]     ; 7.445  ; 7.445  ; 7.445  ; 7.445  ;
; SW[0]      ; HEX4[2]     ;        ; 8.138  ; 8.138  ;        ;
; SW[0]      ; HEX4[3]     ; 9.089  ; 9.089  ; 9.089  ; 9.089  ;
; SW[0]      ; HEX4[4]     ; 7.925  ;        ;        ; 7.925  ;
; SW[0]      ; HEX4[5]     ; 7.731  ;        ;        ; 7.731  ;
; SW[0]      ; HEX4[6]     ; 8.297  ; 8.297  ; 8.297  ; 8.297  ;
; SW[0]      ; LEDG[0]     ; 9.504  ; 9.504  ; 9.504  ; 9.504  ;
; SW[0]      ; LEDG[1]     ; 9.358  ; 9.358  ; 9.358  ; 9.358  ;
; SW[0]      ; LEDG[2]     ; 10.426 ; 10.426 ; 10.426 ; 10.426 ;
; SW[0]      ; LEDG[3]     ; 10.917 ; 10.917 ; 10.917 ; 10.917 ;
; SW[0]      ; LEDG[4]     ; 10.926 ;        ;        ; 10.926 ;
; SW[0]      ; LEDR[0]     ; 5.501  ;        ;        ; 5.501  ;
; SW[1]      ; HEX0[0]     ; 9.307  ; 9.307  ; 9.307  ; 9.307  ;
; SW[1]      ; HEX0[1]     ; 9.282  ; 9.282  ; 9.282  ; 9.282  ;
; SW[1]      ; HEX0[2]     ; 9.285  ; 9.285  ; 9.285  ; 9.285  ;
; SW[1]      ; HEX0[3]     ; 9.048  ; 9.048  ; 9.048  ; 9.048  ;
; SW[1]      ; HEX0[4]     ; 9.061  ; 9.061  ; 9.061  ; 9.061  ;
; SW[1]      ; HEX0[5]     ; 9.045  ; 9.045  ; 9.045  ; 9.045  ;
; SW[1]      ; HEX0[6]     ; 9.037  ; 9.037  ; 9.037  ; 9.037  ;
; SW[1]      ; HEX1[0]     ; 10.320 ; 10.320 ; 10.320 ; 10.320 ;
; SW[1]      ; HEX1[3]     ; 10.138 ; 10.138 ; 10.138 ; 10.138 ;
; SW[1]      ; HEX1[4]     ; 10.158 ; 10.158 ; 10.158 ; 10.158 ;
; SW[1]      ; HEX1[5]     ; 9.693  ; 9.693  ; 9.693  ; 9.693  ;
; SW[1]      ; HEX4[0]     ; 8.029  ; 8.029  ; 8.029  ; 8.029  ;
; SW[1]      ; HEX4[1]     ; 7.352  ; 7.352  ; 7.352  ; 7.352  ;
; SW[1]      ; HEX4[2]     ; 8.042  ;        ;        ; 8.042  ;
; SW[1]      ; HEX4[3]     ; 8.993  ; 8.993  ; 8.993  ; 8.993  ;
; SW[1]      ; HEX4[4]     ;        ; 7.833  ; 7.833  ;        ;
; SW[1]      ; HEX4[5]     ; 7.637  ; 7.637  ; 7.637  ; 7.637  ;
; SW[1]      ; HEX4[6]     ; 8.520  ; 8.520  ; 8.520  ; 8.520  ;
; SW[1]      ; LEDG[1]     ; 9.400  ; 9.400  ; 9.400  ; 9.400  ;
; SW[1]      ; LEDG[2]     ; 9.612  ; 9.612  ; 9.612  ; 9.612  ;
; SW[1]      ; LEDG[3]     ; 10.008 ; 10.008 ; 10.008 ; 10.008 ;
; SW[1]      ; LEDG[4]     ; 10.017 ;        ;        ; 10.017 ;
; SW[1]      ; LEDG[8]     ; 7.948  ;        ;        ; 7.948  ;
; SW[1]      ; LEDR[1]     ; 5.941  ;        ;        ; 5.941  ;
; SW[2]      ; HEX0[0]     ; 9.446  ; 9.446  ; 9.446  ; 9.446  ;
; SW[2]      ; HEX0[1]     ; 9.421  ; 9.421  ; 9.421  ; 9.421  ;
; SW[2]      ; HEX0[2]     ; 9.424  ; 9.424  ; 9.424  ; 9.424  ;
; SW[2]      ; HEX0[3]     ; 9.187  ; 9.187  ; 9.187  ; 9.187  ;
; SW[2]      ; HEX0[4]     ; 9.200  ; 9.200  ; 9.200  ; 9.200  ;
; SW[2]      ; HEX0[5]     ; 9.184  ; 9.184  ; 9.184  ; 9.184  ;
; SW[2]      ; HEX0[6]     ; 9.176  ; 9.176  ; 9.176  ; 9.176  ;
; SW[2]      ; HEX1[0]     ; 10.459 ; 10.459 ; 10.459 ; 10.459 ;
; SW[2]      ; HEX1[3]     ; 10.277 ; 10.277 ; 10.277 ; 10.277 ;
; SW[2]      ; HEX1[4]     ; 10.297 ; 10.297 ; 10.297 ; 10.297 ;
; SW[2]      ; HEX1[5]     ; 9.832  ; 9.832  ; 9.832  ; 9.832  ;
; SW[2]      ; HEX4[0]     ; 7.775  ; 7.775  ; 7.775  ; 7.775  ;
; SW[2]      ; HEX4[1]     ; 7.092  ;        ;        ; 7.092  ;
; SW[2]      ; HEX4[2]     ; 7.791  ; 7.791  ; 7.791  ; 7.791  ;
; SW[2]      ; HEX4[3]     ; 8.735  ; 8.735  ; 8.735  ; 8.735  ;
; SW[2]      ; HEX4[4]     ; 7.573  ; 7.573  ; 7.573  ; 7.573  ;
; SW[2]      ; HEX4[5]     ; 7.378  ; 7.378  ; 7.378  ; 7.378  ;
; SW[2]      ; HEX4[6]     ; 8.133  ; 8.133  ; 8.133  ; 8.133  ;
; SW[2]      ; LEDG[2]     ; 9.751  ; 9.751  ; 9.751  ; 9.751  ;
; SW[2]      ; LEDG[3]     ; 9.921  ; 9.921  ; 9.921  ; 9.921  ;
; SW[2]      ; LEDG[4]     ; 9.931  ;        ;        ; 9.931  ;
; SW[2]      ; LEDG[8]     ; 7.562  ;        ;        ; 7.562  ;
; SW[2]      ; LEDR[2]     ; 5.961  ;        ;        ; 5.961  ;
; SW[3]      ; HEX0[0]     ; 8.577  ; 8.577  ; 8.577  ; 8.577  ;
; SW[3]      ; HEX0[1]     ; 8.552  ; 8.552  ; 8.552  ; 8.552  ;
; SW[3]      ; HEX0[2]     ; 8.555  ; 8.555  ; 8.555  ; 8.555  ;
; SW[3]      ; HEX0[3]     ; 8.318  ; 8.318  ; 8.318  ; 8.318  ;
; SW[3]      ; HEX0[4]     ; 8.544  ; 8.331  ; 8.331  ; 8.544  ;
; SW[3]      ; HEX0[5]     ; 8.315  ; 8.315  ; 8.315  ; 8.315  ;
; SW[3]      ; HEX0[6]     ; 8.307  ; 8.307  ; 8.307  ; 8.307  ;
; SW[3]      ; HEX1[0]     ; 9.565  ; 9.798  ; 9.798  ; 9.565  ;
; SW[3]      ; HEX1[3]     ; 9.383  ; 9.616  ; 9.616  ; 9.383  ;
; SW[3]      ; HEX1[4]     ; 9.403  ; 9.636  ; 9.636  ; 9.403  ;
; SW[3]      ; HEX1[5]     ; 8.938  ; 9.171  ; 9.171  ; 8.938  ;
; SW[3]      ; HEX4[0]     ; 7.607  ; 7.607  ; 7.607  ; 7.607  ;
; SW[3]      ; HEX4[1]     ; 6.920  ; 6.920  ; 6.920  ; 6.920  ;
; SW[3]      ; HEX4[2]     ; 7.625  ; 7.625  ; 7.625  ; 7.625  ;
; SW[3]      ; HEX4[3]     ; 8.562  ; 8.562  ; 8.562  ; 8.562  ;
; SW[3]      ; HEX4[4]     ;        ; 7.401  ; 7.401  ;        ;
; SW[3]      ; HEX4[5]     ; 7.206  ; 7.206  ; 7.206  ; 7.206  ;
; SW[3]      ; HEX4[6]     ; 7.961  ; 7.961  ; 7.961  ; 7.961  ;
; SW[3]      ; LEDG[3]     ; 8.742  ; 8.742  ; 8.742  ; 8.742  ;
; SW[3]      ; LEDG[4]     ; 8.752  ;        ;        ; 8.752  ;
; SW[3]      ; LEDG[8]     ; 7.390  ;        ;        ; 7.390  ;
; SW[3]      ; LEDR[3]     ; 5.481  ;        ;        ; 5.481  ;
; SW[4]      ; HEX0[0]     ; 8.753  ; 8.753  ; 8.753  ; 8.753  ;
; SW[4]      ; HEX0[1]     ; 8.728  ; 8.728  ; 8.728  ; 8.728  ;
; SW[4]      ; HEX0[2]     ; 8.731  ; 8.731  ; 8.731  ; 8.731  ;
; SW[4]      ; HEX0[3]     ; 8.494  ; 8.494  ; 8.494  ; 8.494  ;
; SW[4]      ; HEX0[4]     ; 8.508  ; 8.508  ; 8.508  ; 8.508  ;
; SW[4]      ; HEX0[5]     ; 8.493  ; 8.493  ; 8.493  ; 8.493  ;
; SW[4]      ; HEX0[6]     ; 8.480  ; 8.480  ; 8.480  ; 8.480  ;
; SW[4]      ; HEX1[0]     ; 11.005 ; 11.005 ; 11.005 ; 11.005 ;
; SW[4]      ; HEX1[3]     ; 10.823 ; 10.823 ; 10.823 ; 10.823 ;
; SW[4]      ; HEX1[4]     ; 10.843 ; 10.843 ; 10.843 ; 10.843 ;
; SW[4]      ; HEX1[5]     ; 10.378 ; 10.378 ; 10.378 ; 10.378 ;
; SW[4]      ; HEX6[0]     ; 7.140  ; 7.140  ; 7.140  ; 7.140  ;
; SW[4]      ; HEX6[1]     ; 7.374  ; 7.374  ; 7.374  ; 7.374  ;
; SW[4]      ; HEX6[2]     ;        ; 7.645  ; 7.645  ;        ;
; SW[4]      ; HEX6[3]     ; 7.768  ; 7.768  ; 7.768  ; 7.768  ;
; SW[4]      ; HEX6[4]     ; 8.721  ;        ;        ; 8.721  ;
; SW[4]      ; HEX6[5]     ; 7.964  ;        ;        ; 7.964  ;
; SW[4]      ; HEX6[6]     ; 7.585  ; 7.585  ; 7.585  ; 7.585  ;
; SW[4]      ; LEDG[0]     ; 9.363  ; 9.363  ; 9.363  ; 9.363  ;
; SW[4]      ; LEDG[1]     ; 9.229  ; 9.229  ; 9.229  ; 9.229  ;
; SW[4]      ; LEDG[2]     ; 10.297 ; 10.297 ; 10.297 ; 10.297 ;
; SW[4]      ; LEDG[3]     ; 10.788 ; 10.788 ; 10.788 ; 10.788 ;
; SW[4]      ; LEDG[4]     ; 10.797 ;        ;        ; 10.797 ;
; SW[4]      ; LEDR[4]     ; 5.336  ;        ;        ; 5.336  ;
; SW[5]      ; HEX0[0]     ; 8.972  ; 8.972  ; 8.972  ; 8.972  ;
; SW[5]      ; HEX0[1]     ; 8.947  ; 8.947  ; 8.947  ; 8.947  ;
; SW[5]      ; HEX0[2]     ; 8.950  ; 8.950  ; 8.950  ; 8.950  ;
; SW[5]      ; HEX0[3]     ; 8.713  ; 8.713  ; 8.713  ; 8.713  ;
; SW[5]      ; HEX0[4]     ; 8.726  ; 8.726  ; 8.726  ; 8.726  ;
; SW[5]      ; HEX0[5]     ; 8.710  ; 8.710  ; 8.710  ; 8.710  ;
; SW[5]      ; HEX0[6]     ; 8.702  ; 8.702  ; 8.702  ; 8.702  ;
; SW[5]      ; HEX1[0]     ; 9.985  ; 9.985  ; 9.985  ; 9.985  ;
; SW[5]      ; HEX1[3]     ; 9.803  ; 9.803  ; 9.803  ; 9.803  ;
; SW[5]      ; HEX1[4]     ; 9.823  ; 9.823  ; 9.823  ; 9.823  ;
; SW[5]      ; HEX1[5]     ; 9.358  ; 9.358  ; 9.358  ; 9.358  ;
; SW[5]      ; HEX6[0]     ; 7.858  ; 7.858  ; 7.858  ; 7.858  ;
; SW[5]      ; HEX6[1]     ; 8.066  ; 8.066  ; 8.066  ; 8.066  ;
; SW[5]      ; HEX6[2]     ; 8.354  ;        ;        ; 8.354  ;
; SW[5]      ; HEX6[3]     ; 8.452  ; 8.452  ; 8.452  ; 8.452  ;
; SW[5]      ; HEX6[4]     ;        ; 9.405  ; 9.405  ;        ;
; SW[5]      ; HEX6[5]     ; 8.641  ; 8.641  ; 8.641  ; 8.641  ;
; SW[5]      ; HEX6[6]     ; 8.277  ; 8.277  ; 8.277  ; 8.277  ;
; SW[5]      ; LEDG[1]     ; 9.086  ; 9.086  ; 9.086  ; 9.086  ;
; SW[5]      ; LEDG[2]     ; 9.277  ; 9.277  ; 9.277  ; 9.277  ;
; SW[5]      ; LEDG[3]     ; 10.246 ; 10.246 ; 10.246 ; 10.246 ;
; SW[5]      ; LEDG[4]     ; 10.255 ;        ;        ; 10.255 ;
; SW[5]      ; LEDG[8]     ; 9.155  ;        ;        ; 9.155  ;
; SW[5]      ; LEDR[5]     ; 5.775  ;        ;        ; 5.775  ;
; SW[6]      ; HEX0[0]     ; 9.986  ; 9.986  ; 9.986  ; 9.986  ;
; SW[6]      ; HEX0[1]     ; 9.961  ; 9.961  ; 9.961  ; 9.961  ;
; SW[6]      ; HEX0[2]     ; 9.964  ; 9.964  ; 9.964  ; 9.964  ;
; SW[6]      ; HEX0[3]     ; 9.727  ; 9.727  ; 9.727  ; 9.727  ;
; SW[6]      ; HEX0[4]     ; 9.740  ; 9.740  ; 9.740  ; 9.740  ;
; SW[6]      ; HEX0[5]     ; 9.724  ; 9.724  ; 9.724  ; 9.724  ;
; SW[6]      ; HEX0[6]     ; 9.716  ; 9.716  ; 9.716  ; 9.716  ;
; SW[6]      ; HEX1[0]     ; 10.999 ; 10.999 ; 10.999 ; 10.999 ;
; SW[6]      ; HEX1[3]     ; 10.817 ; 10.817 ; 10.817 ; 10.817 ;
; SW[6]      ; HEX1[4]     ; 10.837 ; 10.837 ; 10.837 ; 10.837 ;
; SW[6]      ; HEX1[5]     ; 10.372 ; 10.372 ; 10.372 ; 10.372 ;
; SW[6]      ; HEX6[0]     ; 7.189  ; 7.189  ; 7.189  ; 7.189  ;
; SW[6]      ; HEX6[1]     ; 7.404  ;        ;        ; 7.404  ;
; SW[6]      ; HEX6[2]     ; 7.690  ; 7.690  ; 7.690  ; 7.690  ;
; SW[6]      ; HEX6[3]     ; 7.795  ; 7.795  ; 7.795  ; 7.795  ;
; SW[6]      ; HEX6[4]     ; 8.748  ; 8.748  ; 8.748  ; 8.748  ;
; SW[6]      ; HEX6[5]     ; 7.991  ; 7.991  ; 7.991  ; 7.991  ;
; SW[6]      ; HEX6[6]     ; 7.616  ; 7.616  ; 7.616  ; 7.616  ;
; SW[6]      ; LEDG[2]     ; 10.291 ; 10.291 ; 10.291 ; 10.291 ;
; SW[6]      ; LEDG[3]     ; 10.429 ; 10.429 ; 10.429 ; 10.429 ;
; SW[6]      ; LEDG[4]     ; 10.439 ;        ;        ; 10.439 ;
; SW[6]      ; LEDG[8]     ; 8.492  ;        ;        ; 8.492  ;
; SW[6]      ; LEDR[6]     ; 5.411  ;        ;        ; 5.411  ;
; SW[7]      ; HEX0[0]     ; 9.089  ; 9.089  ; 9.089  ; 9.089  ;
; SW[7]      ; HEX0[1]     ; 9.064  ; 9.064  ; 9.064  ; 9.064  ;
; SW[7]      ; HEX0[2]     ; 9.067  ; 9.067  ; 9.067  ; 9.067  ;
; SW[7]      ; HEX0[3]     ; 8.830  ; 8.830  ; 8.830  ; 8.830  ;
; SW[7]      ; HEX0[4]     ; 9.060  ; 8.843  ; 8.843  ; 9.060  ;
; SW[7]      ; HEX0[5]     ; 8.827  ; 8.827  ; 8.827  ; 8.827  ;
; SW[7]      ; HEX0[6]     ; 8.819  ; 8.819  ; 8.819  ; 8.819  ;
; SW[7]      ; HEX1[0]     ; 10.077 ; 10.314 ; 10.314 ; 10.077 ;
; SW[7]      ; HEX1[3]     ; 9.895  ; 10.132 ; 10.132 ; 9.895  ;
; SW[7]      ; HEX1[4]     ; 9.915  ; 10.152 ; 10.152 ; 9.915  ;
; SW[7]      ; HEX1[5]     ; 9.450  ; 9.687  ; 9.687  ; 9.450  ;
; SW[7]      ; HEX6[0]     ; 7.229  ; 7.229  ; 7.229  ; 7.229  ;
; SW[7]      ; HEX6[1]     ; 7.445  ; 7.445  ; 7.445  ; 7.445  ;
; SW[7]      ; HEX6[2]     ; 7.730  ; 7.730  ; 7.730  ; 7.730  ;
; SW[7]      ; HEX6[3]     ; 7.832  ; 7.832  ; 7.832  ; 7.832  ;
; SW[7]      ; HEX6[4]     ;        ; 8.785  ; 8.785  ;        ;
; SW[7]      ; HEX6[5]     ; 8.027  ; 8.027  ; 8.027  ; 8.027  ;
; SW[7]      ; HEX6[6]     ; 7.655  ; 7.655  ; 7.655  ; 7.655  ;
; SW[7]      ; LEDG[3]     ; 9.258  ; 9.258  ; 9.258  ; 9.258  ;
; SW[7]      ; LEDG[4]     ; 9.264  ;        ;        ; 9.264  ;
; SW[7]      ; LEDG[8]     ; 8.387  ;        ;        ; 8.387  ;
; SW[7]      ; LEDR[7]     ; 6.335  ;        ;        ; 6.335  ;
; SW[8]      ; HEX0[0]     ; 8.922  ; 8.922  ; 8.922  ; 8.922  ;
; SW[8]      ; HEX0[1]     ; 8.897  ; 8.897  ; 8.897  ; 8.897  ;
; SW[8]      ; HEX0[2]     ; 8.900  ; 8.900  ; 8.900  ; 8.900  ;
; SW[8]      ; HEX0[3]     ; 8.663  ; 8.663  ; 8.663  ; 8.663  ;
; SW[8]      ; HEX0[4]     ; 8.677  ; 8.677  ; 8.677  ; 8.677  ;
; SW[8]      ; HEX0[5]     ; 8.662  ; 8.662  ; 8.662  ; 8.662  ;
; SW[8]      ; HEX0[6]     ; 8.649  ; 8.649  ; 8.649  ; 8.649  ;
; SW[8]      ; HEX1[0]     ; 11.161 ; 11.161 ; 11.161 ; 11.161 ;
; SW[8]      ; HEX1[3]     ; 10.979 ; 10.979 ; 10.979 ; 10.979 ;
; SW[8]      ; HEX1[4]     ; 10.999 ; 10.999 ; 10.999 ; 10.999 ;
; SW[8]      ; HEX1[5]     ; 10.534 ; 10.534 ; 10.534 ; 10.534 ;
; SW[8]      ; LEDG[0]     ; 9.532  ; 9.532  ; 9.532  ; 9.532  ;
; SW[8]      ; LEDG[1]     ; 9.385  ; 9.385  ; 9.385  ; 9.385  ;
; SW[8]      ; LEDG[2]     ; 10.453 ; 10.453 ; 10.453 ; 10.453 ;
; SW[8]      ; LEDG[3]     ; 10.944 ; 10.944 ; 10.944 ; 10.944 ;
; SW[8]      ; LEDG[4]     ; 10.953 ;        ;        ; 10.953 ;
; SW[8]      ; LEDR[8]     ; 5.924  ;        ;        ; 5.924  ;
+------------+-------------+--------+--------+--------+--------+


----------------------------
; Fast Model Setup Summary ;
----------------------------
No paths to report.


---------------------------
; Fast Model Hold Summary ;
---------------------------
No paths to report.


-------------------------------
; Fast Model Recovery Summary ;
-------------------------------
No paths to report.


------------------------------
; Fast Model Removal Summary ;
------------------------------
No paths to report.


------------------------------------------
; Fast Model Minimum Pulse Width Summary ;
------------------------------------------
No paths to report.


+----------------------------------------------------------+
; Propagation Delay                                        ;
+------------+-------------+-------+-------+-------+-------+
; Input Port ; Output Port ; RR    ; RF    ; FR    ; FF    ;
+------------+-------------+-------+-------+-------+-------+
; SW[0]      ; HEX0[0]     ; 5.619 ; 5.619 ; 5.619 ; 5.619 ;
; SW[0]      ; HEX0[1]     ; 5.594 ; 5.594 ; 5.594 ; 5.594 ;
; SW[0]      ; HEX0[2]     ; 5.599 ; 5.599 ; 5.599 ; 5.599 ;
; SW[0]      ; HEX0[3]     ; 5.500 ; 5.500 ; 5.500 ; 5.500 ;
; SW[0]      ; HEX0[4]     ; 5.504 ; 5.504 ; 5.504 ; 5.504 ;
; SW[0]      ; HEX0[5]     ; 5.490 ; 5.490 ; 5.490 ; 5.490 ;
; SW[0]      ; HEX0[6]     ; 5.488 ; 5.488 ; 5.488 ; 5.488 ;
; SW[0]      ; HEX1[0]     ; 6.016 ; 6.016 ; 6.016 ; 6.016 ;
; SW[0]      ; HEX1[3]     ; 5.873 ; 5.873 ; 5.873 ; 5.873 ;
; SW[0]      ; HEX1[4]     ; 5.893 ; 5.893 ; 5.893 ; 5.893 ;
; SW[0]      ; HEX1[5]     ; 5.693 ; 5.693 ; 5.693 ; 5.693 ;
; SW[0]      ; HEX4[0]     ; 4.145 ; 4.145 ; 4.145 ; 4.145 ;
; SW[0]      ; HEX4[1]     ; 3.882 ; 3.882 ; 3.882 ; 3.882 ;
; SW[0]      ; HEX4[2]     ;       ; 4.155 ; 4.155 ;       ;
; SW[0]      ; HEX4[3]     ; 4.716 ; 4.716 ; 4.716 ; 4.716 ;
; SW[0]      ; HEX4[4]     ; 4.094 ;       ;       ; 4.094 ;
; SW[0]      ; HEX4[5]     ; 4.013 ;       ;       ; 4.013 ;
; SW[0]      ; HEX4[6]     ; 4.268 ; 4.268 ; 4.268 ; 4.268 ;
; SW[0]      ; LEDG[0]     ; 4.836 ; 4.836 ; 4.836 ; 4.836 ;
; SW[0]      ; LEDG[1]     ; 4.853 ; 4.853 ; 4.853 ; 4.853 ;
; SW[0]      ; LEDG[2]     ; 5.317 ; 5.317 ; 5.317 ; 5.317 ;
; SW[0]      ; LEDG[3]     ; 5.423 ; 5.423 ; 5.423 ; 5.423 ;
; SW[0]      ; LEDG[4]     ; 5.472 ;       ;       ; 5.472 ;
; SW[0]      ; LEDR[0]     ; 3.003 ;       ;       ; 3.003 ;
; SW[1]      ; HEX0[0]     ; 5.679 ; 5.679 ; 5.679 ; 5.679 ;
; SW[1]      ; HEX0[1]     ; 5.654 ; 5.654 ; 5.654 ; 5.654 ;
; SW[1]      ; HEX0[2]     ; 5.659 ; 5.659 ; 5.659 ; 5.659 ;
; SW[1]      ; HEX0[3]     ; 5.560 ; 5.560 ; 5.560 ; 5.560 ;
; SW[1]      ; HEX0[4]     ; 5.564 ; 5.564 ; 5.564 ; 5.564 ;
; SW[1]      ; HEX0[5]     ; 5.550 ; 5.550 ; 5.550 ; 5.550 ;
; SW[1]      ; HEX0[6]     ; 5.548 ; 5.548 ; 5.548 ; 5.548 ;
; SW[1]      ; HEX1[0]     ; 6.076 ; 6.076 ; 6.076 ; 6.076 ;
; SW[1]      ; HEX1[3]     ; 5.933 ; 5.933 ; 5.933 ; 5.933 ;
; SW[1]      ; HEX1[4]     ; 5.953 ; 5.953 ; 5.953 ; 5.953 ;
; SW[1]      ; HEX1[5]     ; 5.753 ; 5.753 ; 5.753 ; 5.753 ;
; SW[1]      ; HEX4[0]     ; 4.110 ; 4.110 ; 4.110 ; 4.110 ;
; SW[1]      ; HEX4[1]     ; 3.848 ; 3.848 ; 3.848 ; 3.848 ;
; SW[1]      ; HEX4[2]     ; 4.118 ;       ;       ; 4.118 ;
; SW[1]      ; HEX4[3]     ; 4.682 ; 4.682 ; 4.682 ; 4.682 ;
; SW[1]      ; HEX4[4]     ;       ; 4.060 ; 4.060 ;       ;
; SW[1]      ; HEX4[5]     ; 3.979 ; 3.979 ; 3.979 ; 3.979 ;
; SW[1]      ; HEX4[6]     ; 4.378 ; 4.378 ; 4.378 ; 4.378 ;
; SW[1]      ; LEDG[1]     ; 4.913 ; 4.913 ; 4.913 ; 4.913 ;
; SW[1]      ; LEDG[2]     ; 4.983 ; 4.983 ; 4.983 ; 4.983 ;
; SW[1]      ; LEDG[3]     ; 5.054 ; 5.054 ; 5.054 ; 5.054 ;
; SW[1]      ; LEDG[4]     ; 5.103 ;       ;       ; 5.103 ;
; SW[1]      ; LEDG[8]     ; 4.119 ;       ;       ; 4.119 ;
; SW[1]      ; LEDR[1]     ; 3.229 ;       ;       ; 3.229 ;
; SW[2]      ; HEX0[0]     ; 5.401 ; 5.401 ; 5.401 ; 5.401 ;
; SW[2]      ; HEX0[1]     ; 5.376 ; 5.376 ; 5.376 ; 5.376 ;
; SW[2]      ; HEX0[2]     ; 5.381 ; 5.381 ; 5.381 ; 5.381 ;
; SW[2]      ; HEX0[3]     ; 5.282 ; 5.282 ; 5.282 ; 5.282 ;
; SW[2]      ; HEX0[4]     ; 5.286 ; 5.286 ; 5.286 ; 5.286 ;
; SW[2]      ; HEX0[5]     ; 5.272 ; 5.272 ; 5.272 ; 5.272 ;
; SW[2]      ; HEX0[6]     ; 5.270 ; 5.270 ; 5.270 ; 5.270 ;
; SW[2]      ; HEX1[0]     ; 5.797 ; 5.797 ; 5.797 ; 5.797 ;
; SW[2]      ; HEX1[3]     ; 5.654 ; 5.654 ; 5.654 ; 5.654 ;
; SW[2]      ; HEX1[4]     ; 5.674 ; 5.674 ; 5.674 ; 5.674 ;
; SW[2]      ; HEX1[5]     ; 5.474 ; 5.474 ; 5.474 ; 5.474 ;
; SW[2]      ; HEX4[0]     ; 3.991 ; 3.991 ; 3.991 ; 3.991 ;
; SW[2]      ; HEX4[1]     ; 3.727 ;       ;       ; 3.727 ;
; SW[2]      ; HEX4[2]     ; 4.006 ; 4.006 ; 4.006 ; 4.006 ;
; SW[2]      ; HEX4[3]     ; 4.561 ; 4.561 ; 4.561 ; 4.561 ;
; SW[2]      ; HEX4[4]     ; 3.940 ; 3.940 ; 3.940 ; 3.940 ;
; SW[2]      ; HEX4[5]     ; 3.859 ; 3.859 ; 3.859 ; 3.859 ;
; SW[2]      ; HEX4[6]     ; 4.206 ; 4.206 ; 4.206 ; 4.206 ;
; SW[2]      ; LEDG[2]     ; 5.023 ; 5.023 ; 5.023 ; 5.023 ;
; SW[2]      ; LEDG[3]     ; 5.281 ; 5.281 ; 5.281 ; 5.281 ;
; SW[2]      ; LEDG[4]     ; 5.330 ;       ;       ; 5.330 ;
; SW[2]      ; LEDG[8]     ; 3.947 ;       ;       ; 3.947 ;
; SW[2]      ; LEDR[2]     ; 3.184 ;       ;       ; 3.184 ;
; SW[3]      ; HEX0[0]     ; 4.595 ; 4.595 ; 4.595 ; 4.595 ;
; SW[3]      ; HEX0[1]     ; 4.570 ; 4.570 ; 4.570 ; 4.570 ;
; SW[3]      ; HEX0[2]     ; 4.575 ; 4.575 ; 4.575 ; 4.575 ;
; SW[3]      ; HEX0[3]     ; 4.476 ; 4.476 ; 4.476 ; 4.476 ;
; SW[3]      ; HEX0[4]     ; 4.480 ; 4.480 ; 4.480 ; 4.480 ;
; SW[3]      ; HEX0[5]     ; 4.466 ; 4.466 ; 4.466 ; 4.466 ;
; SW[3]      ; HEX0[6]     ; 4.464 ; 4.464 ; 4.464 ; 4.464 ;
; SW[3]      ; HEX1[0]     ; 4.991 ; 4.991 ; 4.991 ; 4.991 ;
; SW[3]      ; HEX1[3]     ; 4.848 ; 4.848 ; 4.848 ; 4.848 ;
; SW[3]      ; HEX1[4]     ; 4.868 ; 4.868 ; 4.868 ; 4.868 ;
; SW[3]      ; HEX1[5]     ; 4.668 ; 4.668 ; 4.668 ; 4.668 ;
; SW[3]      ; HEX4[0]     ; 3.884 ; 3.884 ; 3.884 ; 3.884 ;
; SW[3]      ; HEX4[1]     ; 3.615 ; 3.615 ; 3.615 ; 3.615 ;
; SW[3]      ; HEX4[2]     ; 3.900 ; 3.900 ; 3.900 ; 3.900 ;
; SW[3]      ; HEX4[3]     ; 4.449 ; 4.449 ; 4.449 ; 4.449 ;
; SW[3]      ; HEX4[4]     ;       ; 3.828 ; 3.828 ;       ;
; SW[3]      ; HEX4[5]     ; 3.747 ; 3.747 ; 3.747 ; 3.747 ;
; SW[3]      ; HEX4[6]     ; 4.094 ; 4.094 ; 4.094 ; 4.094 ;
; SW[3]      ; LEDG[3]     ; 4.475 ; 4.475 ; 4.475 ; 4.475 ;
; SW[3]      ; LEDG[4]     ; 4.524 ;       ;       ; 4.524 ;
; SW[3]      ; LEDG[8]     ; 3.835 ;       ;       ; 3.835 ;
; SW[3]      ; LEDR[3]     ; 2.971 ;       ;       ; 2.971 ;
; SW[4]      ; HEX0[0]     ; 5.587 ; 5.587 ; 5.587 ; 5.587 ;
; SW[4]      ; HEX0[1]     ; 5.562 ; 5.562 ; 5.562 ; 5.562 ;
; SW[4]      ; HEX0[2]     ; 5.567 ; 5.567 ; 5.567 ; 5.567 ;
; SW[4]      ; HEX0[3]     ; 5.468 ; 5.468 ; 5.468 ; 5.468 ;
; SW[4]      ; HEX0[4]     ; 5.472 ; 5.472 ; 5.472 ; 5.472 ;
; SW[4]      ; HEX0[5]     ; 5.458 ; 5.458 ; 5.458 ; 5.458 ;
; SW[4]      ; HEX0[6]     ; 5.456 ; 5.456 ; 5.456 ; 5.456 ;
; SW[4]      ; HEX1[0]     ; 5.984 ; 5.984 ; 5.984 ; 5.984 ;
; SW[4]      ; HEX1[3]     ; 5.841 ; 5.841 ; 5.841 ; 5.841 ;
; SW[4]      ; HEX1[4]     ; 5.861 ; 5.861 ; 5.861 ; 5.861 ;
; SW[4]      ; HEX1[5]     ; 5.661 ; 5.661 ; 5.661 ; 5.661 ;
; SW[4]      ; HEX6[0]     ; 3.735 ; 3.735 ; 3.735 ; 3.735 ;
; SW[4]      ; HEX6[1]     ; 3.843 ; 3.843 ; 3.843 ; 3.843 ;
; SW[4]      ; HEX6[2]     ;       ; 3.940 ; 3.940 ;       ;
; SW[4]      ; HEX6[3]     ; 4.057 ; 4.057 ; 4.057 ; 4.057 ;
; SW[4]      ; HEX6[4]     ; 4.589 ;       ;       ; 4.589 ;
; SW[4]      ; HEX6[5]     ; 4.180 ;       ;       ; 4.180 ;
; SW[4]      ; HEX6[6]     ; 3.973 ; 3.973 ; 3.973 ; 3.973 ;
; SW[4]      ; LEDG[0]     ; 4.794 ; 4.794 ; 4.794 ; 4.794 ;
; SW[4]      ; LEDG[1]     ; 4.821 ; 4.821 ; 4.821 ; 4.821 ;
; SW[4]      ; LEDG[2]     ; 5.285 ; 5.285 ; 5.285 ; 5.285 ;
; SW[4]      ; LEDG[3]     ; 5.391 ; 5.391 ; 5.391 ; 5.391 ;
; SW[4]      ; LEDG[4]     ; 5.440 ;       ;       ; 5.440 ;
; SW[4]      ; LEDR[4]     ; 2.898 ;       ;       ; 2.898 ;
; SW[5]      ; HEX0[0]     ; 5.540 ; 5.540 ; 5.540 ; 5.540 ;
; SW[5]      ; HEX0[1]     ; 5.515 ; 5.515 ; 5.515 ; 5.515 ;
; SW[5]      ; HEX0[2]     ; 5.520 ; 5.520 ; 5.520 ; 5.520 ;
; SW[5]      ; HEX0[3]     ; 5.421 ; 5.421 ; 5.421 ; 5.421 ;
; SW[5]      ; HEX0[4]     ; 5.425 ; 5.425 ; 5.425 ; 5.425 ;
; SW[5]      ; HEX0[5]     ; 5.411 ; 5.411 ; 5.411 ; 5.411 ;
; SW[5]      ; HEX0[6]     ; 5.409 ; 5.409 ; 5.409 ; 5.409 ;
; SW[5]      ; HEX1[0]     ; 5.937 ; 5.937 ; 5.937 ; 5.937 ;
; SW[5]      ; HEX1[3]     ; 5.794 ; 5.794 ; 5.794 ; 5.794 ;
; SW[5]      ; HEX1[4]     ; 5.814 ; 5.814 ; 5.814 ; 5.814 ;
; SW[5]      ; HEX1[5]     ; 5.614 ; 5.614 ; 5.614 ; 5.614 ;
; SW[5]      ; HEX6[0]     ; 4.064 ; 4.064 ; 4.064 ; 4.064 ;
; SW[5]      ; HEX6[1]     ; 4.148 ; 4.148 ; 4.148 ; 4.148 ;
; SW[5]      ; HEX6[2]     ; 4.264 ;       ;       ; 4.264 ;
; SW[5]      ; HEX6[3]     ; 4.357 ; 4.357 ; 4.357 ; 4.357 ;
; SW[5]      ; HEX6[4]     ;       ; 4.889 ; 4.889 ;       ;
; SW[5]      ; HEX6[5]     ; 4.475 ; 4.475 ; 4.475 ; 4.475 ;
; SW[5]      ; HEX6[6]     ; 4.278 ; 4.278 ; 4.278 ; 4.278 ;
; SW[5]      ; LEDG[1]     ; 4.774 ; 4.774 ; 4.774 ; 4.774 ;
; SW[5]      ; LEDG[2]     ; 4.822 ; 4.822 ; 4.822 ; 4.822 ;
; SW[5]      ; LEDG[3]     ; 5.133 ; 5.133 ; 5.133 ; 5.133 ;
; SW[5]      ; LEDG[4]     ; 5.182 ;       ;       ; 5.182 ;
; SW[5]      ; LEDG[8]     ; 4.677 ;       ;       ; 4.677 ;
; SW[5]      ; LEDR[5]     ; 3.127 ;       ;       ; 3.127 ;
; SW[6]      ; HEX0[0]     ; 5.632 ; 5.632 ; 5.632 ; 5.632 ;
; SW[6]      ; HEX0[1]     ; 5.607 ; 5.607 ; 5.607 ; 5.607 ;
; SW[6]      ; HEX0[2]     ; 5.612 ; 5.612 ; 5.612 ; 5.612 ;
; SW[6]      ; HEX0[3]     ; 5.513 ; 5.513 ; 5.513 ; 5.513 ;
; SW[6]      ; HEX0[4]     ; 5.517 ; 5.517 ; 5.517 ; 5.517 ;
; SW[6]      ; HEX0[5]     ; 5.503 ; 5.503 ; 5.503 ; 5.503 ;
; SW[6]      ; HEX0[6]     ; 5.501 ; 5.501 ; 5.501 ; 5.501 ;
; SW[6]      ; HEX1[0]     ; 6.028 ; 6.028 ; 6.028 ; 6.028 ;
; SW[6]      ; HEX1[3]     ; 5.885 ; 5.885 ; 5.885 ; 5.885 ;
; SW[6]      ; HEX1[4]     ; 5.905 ; 5.905 ; 5.905 ; 5.905 ;
; SW[6]      ; HEX1[5]     ; 5.705 ; 5.705 ; 5.705 ; 5.705 ;
; SW[6]      ; HEX6[0]     ; 3.740 ; 3.740 ; 3.740 ; 3.740 ;
; SW[6]      ; HEX6[1]     ; 3.830 ;       ;       ; 3.830 ;
; SW[6]      ; HEX6[2]     ; 3.940 ; 3.940 ; 3.940 ; 3.940 ;
; SW[6]      ; HEX6[3]     ; 4.041 ; 4.041 ; 4.041 ; 4.041 ;
; SW[6]      ; HEX6[4]     ; 4.573 ; 4.573 ; 4.573 ; 4.573 ;
; SW[6]      ; HEX6[5]     ; 4.164 ; 4.164 ; 4.164 ; 4.164 ;
; SW[6]      ; HEX6[6]     ; 3.959 ; 3.959 ; 3.959 ; 3.959 ;
; SW[6]      ; LEDG[2]     ; 5.253 ; 5.253 ; 5.253 ; 5.253 ;
; SW[6]      ; LEDG[3]     ; 5.512 ; 5.512 ; 5.512 ; 5.512 ;
; SW[6]      ; LEDG[4]     ; 5.561 ;       ;       ; 5.561 ;
; SW[6]      ; LEDG[8]     ; 4.353 ;       ;       ; 4.353 ;
; SW[6]      ; LEDR[6]     ; 2.936 ;       ;       ; 2.936 ;
; SW[7]      ; HEX0[0]     ; 4.819 ; 4.819 ; 4.819 ; 4.819 ;
; SW[7]      ; HEX0[1]     ; 4.794 ; 4.794 ; 4.794 ; 4.794 ;
; SW[7]      ; HEX0[2]     ; 4.799 ; 4.799 ; 4.799 ; 4.799 ;
; SW[7]      ; HEX0[3]     ; 4.700 ; 4.700 ; 4.700 ; 4.700 ;
; SW[7]      ; HEX0[4]     ; 4.704 ; 4.704 ; 4.704 ; 4.704 ;
; SW[7]      ; HEX0[5]     ; 4.690 ; 4.690 ; 4.690 ; 4.690 ;
; SW[7]      ; HEX0[6]     ; 4.688 ; 4.688 ; 4.688 ; 4.688 ;
; SW[7]      ; HEX1[0]     ; 5.215 ; 5.215 ; 5.215 ; 5.215 ;
; SW[7]      ; HEX1[3]     ; 5.072 ; 5.072 ; 5.072 ; 5.072 ;
; SW[7]      ; HEX1[4]     ; 5.092 ; 5.092 ; 5.092 ; 5.092 ;
; SW[7]      ; HEX1[5]     ; 4.892 ; 4.892 ; 4.892 ; 4.892 ;
; SW[7]      ; HEX6[0]     ; 3.743 ; 3.743 ; 3.743 ; 3.743 ;
; SW[7]      ; HEX6[1]     ; 3.831 ; 3.831 ; 3.831 ; 3.831 ;
; SW[7]      ; HEX6[2]     ; 3.942 ; 3.942 ; 3.942 ; 3.942 ;
; SW[7]      ; HEX6[3]     ; 4.041 ; 4.041 ; 4.041 ; 4.041 ;
; SW[7]      ; HEX6[4]     ;       ; 4.575 ; 4.575 ;       ;
; SW[7]      ; HEX6[5]     ; 4.163 ; 4.163 ; 4.163 ; 4.163 ;
; SW[7]      ; HEX6[6]     ; 3.960 ; 3.960 ; 3.960 ; 3.960 ;
; SW[7]      ; LEDG[3]     ; 4.699 ; 4.699 ; 4.699 ; 4.699 ;
; SW[7]      ; LEDG[4]     ; 4.747 ;       ;       ; 4.747 ;
; SW[7]      ; LEDG[8]     ; 4.314 ;       ;       ; 4.314 ;
; SW[7]      ; LEDR[7]     ; 3.487 ;       ;       ; 3.487 ;
; SW[8]      ; HEX0[0]     ; 5.647 ; 5.647 ; 5.647 ; 5.647 ;
; SW[8]      ; HEX0[1]     ; 5.622 ; 5.622 ; 5.622 ; 5.622 ;
; SW[8]      ; HEX0[2]     ; 5.627 ; 5.627 ; 5.627 ; 5.627 ;
; SW[8]      ; HEX0[3]     ; 5.528 ; 5.528 ; 5.528 ; 5.528 ;
; SW[8]      ; HEX0[4]     ; 5.532 ; 5.532 ; 5.532 ; 5.532 ;
; SW[8]      ; HEX0[5]     ; 5.518 ; 5.518 ; 5.518 ; 5.518 ;
; SW[8]      ; HEX0[6]     ; 5.516 ; 5.516 ; 5.516 ; 5.516 ;
; SW[8]      ; HEX1[0]     ; 6.044 ; 6.044 ; 6.044 ; 6.044 ;
; SW[8]      ; HEX1[3]     ; 5.901 ; 5.901 ; 5.901 ; 5.901 ;
; SW[8]      ; HEX1[4]     ; 5.921 ; 5.921 ; 5.921 ; 5.921 ;
; SW[8]      ; HEX1[5]     ; 5.721 ; 5.721 ; 5.721 ; 5.721 ;
; SW[8]      ; LEDG[0]     ; 4.868 ; 4.868 ; 4.868 ; 4.868 ;
; SW[8]      ; LEDG[1]     ; 4.881 ; 4.881 ; 4.881 ; 4.881 ;
; SW[8]      ; LEDG[2]     ; 5.345 ; 5.345 ; 5.345 ; 5.345 ;
; SW[8]      ; LEDG[3]     ; 5.451 ; 5.451 ; 5.451 ; 5.451 ;
; SW[8]      ; LEDG[4]     ; 5.500 ;       ;       ; 5.500 ;
; SW[8]      ; LEDR[8]     ; 3.264 ;       ;       ; 3.264 ;
+------------+-------------+-------+-------+-------+-------+


+----------------------------------------------------------+
; Minimum Propagation Delay                                ;
+------------+-------------+-------+-------+-------+-------+
; Input Port ; Output Port ; RR    ; RF    ; FR    ; FF    ;
+------------+-------------+-------+-------+-------+-------+
; SW[0]      ; HEX0[0]     ; 4.544 ; 4.544 ; 4.544 ; 4.544 ;
; SW[0]      ; HEX0[1]     ; 4.519 ; 4.519 ; 4.519 ; 4.519 ;
; SW[0]      ; HEX0[2]     ; 4.524 ; 4.524 ; 4.524 ; 4.524 ;
; SW[0]      ; HEX0[3]     ; 4.418 ; 4.418 ; 4.418 ; 4.418 ;
; SW[0]      ; HEX0[4]     ; 4.429 ; 4.429 ; 4.429 ; 4.429 ;
; SW[0]      ; HEX0[5]     ; 4.415 ; 4.415 ; 4.415 ; 4.415 ;
; SW[0]      ; HEX0[6]     ; 4.407 ; 4.407 ; 4.407 ; 4.407 ;
; SW[0]      ; HEX1[0]     ; 5.579 ; 5.579 ; 5.579 ; 5.579 ;
; SW[0]      ; HEX1[3]     ; 5.436 ; 5.436 ; 5.436 ; 5.436 ;
; SW[0]      ; HEX1[4]     ; 5.456 ; 5.456 ; 5.456 ; 5.456 ;
; SW[0]      ; HEX1[5]     ; 5.256 ; 5.256 ; 5.256 ; 5.256 ;
; SW[0]      ; HEX4[0]     ; 4.145 ; 4.145 ; 4.145 ; 4.145 ;
; SW[0]      ; HEX4[1]     ; 3.882 ; 3.882 ; 3.882 ; 3.882 ;
; SW[0]      ; HEX4[2]     ;       ; 4.155 ; 4.155 ;       ;
; SW[0]      ; HEX4[3]     ; 4.716 ; 4.716 ; 4.716 ; 4.716 ;
; SW[0]      ; HEX4[4]     ; 4.094 ;       ;       ; 4.094 ;
; SW[0]      ; HEX4[5]     ; 4.013 ;       ;       ; 4.013 ;
; SW[0]      ; HEX4[6]     ; 4.268 ; 4.268 ; 4.268 ; 4.268 ;
; SW[0]      ; LEDG[0]     ; 4.836 ; 4.836 ; 4.836 ; 4.836 ;
; SW[0]      ; LEDG[1]     ; 4.853 ; 4.853 ; 4.853 ; 4.853 ;
; SW[0]      ; LEDG[2]     ; 5.317 ; 5.317 ; 5.317 ; 5.317 ;
; SW[0]      ; LEDG[3]     ; 5.423 ; 5.423 ; 5.423 ; 5.423 ;
; SW[0]      ; LEDG[4]     ; 5.472 ;       ;       ; 5.472 ;
; SW[0]      ; LEDR[0]     ; 3.003 ;       ;       ; 3.003 ;
; SW[1]      ; HEX0[0]     ; 4.733 ; 4.733 ; 4.733 ; 4.733 ;
; SW[1]      ; HEX0[1]     ; 4.709 ; 4.709 ; 4.709 ; 4.709 ;
; SW[1]      ; HEX0[2]     ; 4.714 ; 4.714 ; 4.714 ; 4.714 ;
; SW[1]      ; HEX0[3]     ; 4.608 ; 4.608 ; 4.608 ; 4.608 ;
; SW[1]      ; HEX0[4]     ; 4.618 ; 4.618 ; 4.618 ; 4.618 ;
; SW[1]      ; HEX0[5]     ; 4.605 ; 4.605 ; 4.605 ; 4.605 ;
; SW[1]      ; HEX0[6]     ; 4.596 ; 4.596 ; 4.596 ; 4.596 ;
; SW[1]      ; HEX1[0]     ; 5.245 ; 5.245 ; 5.245 ; 5.245 ;
; SW[1]      ; HEX1[3]     ; 5.102 ; 5.102 ; 5.102 ; 5.102 ;
; SW[1]      ; HEX1[4]     ; 5.122 ; 5.122 ; 5.122 ; 5.122 ;
; SW[1]      ; HEX1[5]     ; 4.922 ; 4.922 ; 4.922 ; 4.922 ;
; SW[1]      ; HEX4[0]     ; 4.110 ; 4.110 ; 4.110 ; 4.110 ;
; SW[1]      ; HEX4[1]     ; 3.848 ; 3.848 ; 3.848 ; 3.848 ;
; SW[1]      ; HEX4[2]     ; 4.118 ;       ;       ; 4.118 ;
; SW[1]      ; HEX4[3]     ; 4.682 ; 4.682 ; 4.682 ; 4.682 ;
; SW[1]      ; HEX4[4]     ;       ; 4.060 ; 4.060 ;       ;
; SW[1]      ; HEX4[5]     ; 3.979 ; 3.979 ; 3.979 ; 3.979 ;
; SW[1]      ; HEX4[6]     ; 4.378 ; 4.378 ; 4.378 ; 4.378 ;
; SW[1]      ; LEDG[1]     ; 4.913 ; 4.913 ; 4.913 ; 4.913 ;
; SW[1]      ; LEDG[2]     ; 4.983 ; 4.983 ; 4.983 ; 4.983 ;
; SW[1]      ; LEDG[3]     ; 5.054 ; 5.054 ; 5.054 ; 5.054 ;
; SW[1]      ; LEDG[4]     ; 5.103 ;       ;       ; 5.103 ;
; SW[1]      ; LEDG[8]     ; 4.119 ;       ;       ; 4.119 ;
; SW[1]      ; LEDR[1]     ; 3.229 ;       ;       ; 3.229 ;
; SW[2]      ; HEX0[0]     ; 4.773 ; 4.773 ; 4.773 ; 4.773 ;
; SW[2]      ; HEX0[1]     ; 4.749 ; 4.749 ; 4.749 ; 4.749 ;
; SW[2]      ; HEX0[2]     ; 4.754 ; 4.754 ; 4.754 ; 4.754 ;
; SW[2]      ; HEX0[3]     ; 4.648 ; 4.648 ; 4.648 ; 4.648 ;
; SW[2]      ; HEX0[4]     ; 4.658 ; 4.658 ; 4.658 ; 4.658 ;
; SW[2]      ; HEX0[5]     ; 4.645 ; 4.645 ; 4.645 ; 4.645 ;
; SW[2]      ; HEX0[6]     ; 4.636 ; 4.636 ; 4.636 ; 4.636 ;
; SW[2]      ; HEX1[0]     ; 5.285 ; 5.285 ; 5.285 ; 5.285 ;
; SW[2]      ; HEX1[3]     ; 5.142 ; 5.142 ; 5.142 ; 5.142 ;
; SW[2]      ; HEX1[4]     ; 5.162 ; 5.162 ; 5.162 ; 5.162 ;
; SW[2]      ; HEX1[5]     ; 4.962 ; 4.962 ; 4.962 ; 4.962 ;
; SW[2]      ; HEX4[0]     ; 3.991 ; 3.991 ; 3.991 ; 3.991 ;
; SW[2]      ; HEX4[1]     ; 3.727 ;       ;       ; 3.727 ;
; SW[2]      ; HEX4[2]     ; 4.006 ; 4.006 ; 4.006 ; 4.006 ;
; SW[2]      ; HEX4[3]     ; 4.561 ; 4.561 ; 4.561 ; 4.561 ;
; SW[2]      ; HEX4[4]     ; 3.940 ; 3.940 ; 3.940 ; 3.940 ;
; SW[2]      ; HEX4[5]     ; 3.859 ; 3.859 ; 3.859 ; 3.859 ;
; SW[2]      ; HEX4[6]     ; 4.206 ; 4.206 ; 4.206 ; 4.206 ;
; SW[2]      ; LEDG[2]     ; 5.023 ; 5.023 ; 5.023 ; 5.023 ;
; SW[2]      ; LEDG[3]     ; 5.005 ; 5.005 ; 5.005 ; 5.005 ;
; SW[2]      ; LEDG[4]     ; 5.054 ;       ;       ; 5.054 ;
; SW[2]      ; LEDG[8]     ; 3.947 ;       ;       ; 3.947 ;
; SW[2]      ; LEDR[2]     ; 3.184 ;       ;       ; 3.184 ;
; SW[3]      ; HEX0[0]     ; 4.383 ; 4.383 ; 4.383 ; 4.383 ;
; SW[3]      ; HEX0[1]     ; 4.359 ; 4.359 ; 4.359 ; 4.359 ;
; SW[3]      ; HEX0[2]     ; 4.364 ; 4.364 ; 4.364 ; 4.364 ;
; SW[3]      ; HEX0[3]     ; 4.258 ; 4.258 ; 4.258 ; 4.258 ;
; SW[3]      ; HEX0[4]     ; 4.366 ; 4.268 ; 4.268 ; 4.366 ;
; SW[3]      ; HEX0[5]     ; 4.255 ; 4.255 ; 4.255 ; 4.255 ;
; SW[3]      ; HEX0[6]     ; 4.246 ; 4.246 ; 4.246 ; 4.246 ;
; SW[3]      ; HEX1[0]     ; 4.898 ; 4.991 ; 4.991 ; 4.898 ;
; SW[3]      ; HEX1[3]     ; 4.755 ; 4.848 ; 4.848 ; 4.755 ;
; SW[3]      ; HEX1[4]     ; 4.775 ; 4.868 ; 4.868 ; 4.775 ;
; SW[3]      ; HEX1[5]     ; 4.575 ; 4.668 ; 4.668 ; 4.575 ;
; SW[3]      ; HEX4[0]     ; 3.884 ; 3.884 ; 3.884 ; 3.884 ;
; SW[3]      ; HEX4[1]     ; 3.615 ; 3.615 ; 3.615 ; 3.615 ;
; SW[3]      ; HEX4[2]     ; 3.900 ; 3.900 ; 3.900 ; 3.900 ;
; SW[3]      ; HEX4[3]     ; 4.449 ; 4.449 ; 4.449 ; 4.449 ;
; SW[3]      ; HEX4[4]     ;       ; 3.828 ; 3.828 ;       ;
; SW[3]      ; HEX4[5]     ; 3.747 ; 3.747 ; 3.747 ; 3.747 ;
; SW[3]      ; HEX4[6]     ; 4.094 ; 4.094 ; 4.094 ; 4.094 ;
; SW[3]      ; LEDG[3]     ; 4.475 ; 4.475 ; 4.475 ; 4.475 ;
; SW[3]      ; LEDG[4]     ; 4.524 ;       ;       ; 4.524 ;
; SW[3]      ; LEDG[8]     ; 3.835 ;       ;       ; 3.835 ;
; SW[3]      ; LEDR[3]     ; 2.971 ;       ;       ; 2.971 ;
; SW[4]      ; HEX0[0]     ; 4.502 ; 4.502 ; 4.502 ; 4.502 ;
; SW[4]      ; HEX0[1]     ; 4.477 ; 4.477 ; 4.477 ; 4.477 ;
; SW[4]      ; HEX0[2]     ; 4.482 ; 4.482 ; 4.482 ; 4.482 ;
; SW[4]      ; HEX0[3]     ; 4.376 ; 4.376 ; 4.376 ; 4.376 ;
; SW[4]      ; HEX0[4]     ; 4.387 ; 4.387 ; 4.387 ; 4.387 ;
; SW[4]      ; HEX0[5]     ; 4.373 ; 4.373 ; 4.373 ; 4.373 ;
; SW[4]      ; HEX0[6]     ; 4.365 ; 4.365 ; 4.365 ; 4.365 ;
; SW[4]      ; HEX1[0]     ; 5.547 ; 5.547 ; 5.547 ; 5.547 ;
; SW[4]      ; HEX1[3]     ; 5.404 ; 5.404 ; 5.404 ; 5.404 ;
; SW[4]      ; HEX1[4]     ; 5.424 ; 5.424 ; 5.424 ; 5.424 ;
; SW[4]      ; HEX1[5]     ; 5.224 ; 5.224 ; 5.224 ; 5.224 ;
; SW[4]      ; HEX6[0]     ; 3.735 ; 3.735 ; 3.735 ; 3.735 ;
; SW[4]      ; HEX6[1]     ; 3.843 ; 3.843 ; 3.843 ; 3.843 ;
; SW[4]      ; HEX6[2]     ;       ; 3.940 ; 3.940 ;       ;
; SW[4]      ; HEX6[3]     ; 4.057 ; 4.057 ; 4.057 ; 4.057 ;
; SW[4]      ; HEX6[4]     ; 4.589 ;       ;       ; 4.589 ;
; SW[4]      ; HEX6[5]     ; 4.180 ;       ;       ; 4.180 ;
; SW[4]      ; HEX6[6]     ; 3.973 ; 3.973 ; 3.973 ; 3.973 ;
; SW[4]      ; LEDG[0]     ; 4.794 ; 4.794 ; 4.794 ; 4.794 ;
; SW[4]      ; LEDG[1]     ; 4.821 ; 4.821 ; 4.821 ; 4.821 ;
; SW[4]      ; LEDG[2]     ; 5.285 ; 5.285 ; 5.285 ; 5.285 ;
; SW[4]      ; LEDG[3]     ; 5.391 ; 5.391 ; 5.391 ; 5.391 ;
; SW[4]      ; LEDG[4]     ; 5.440 ;       ;       ; 5.440 ;
; SW[4]      ; LEDR[4]     ; 2.898 ;       ;       ; 2.898 ;
; SW[5]      ; HEX0[0]     ; 4.572 ; 4.572 ; 4.572 ; 4.572 ;
; SW[5]      ; HEX0[1]     ; 4.548 ; 4.548 ; 4.548 ; 4.548 ;
; SW[5]      ; HEX0[2]     ; 4.553 ; 4.553 ; 4.553 ; 4.553 ;
; SW[5]      ; HEX0[3]     ; 4.447 ; 4.447 ; 4.447 ; 4.447 ;
; SW[5]      ; HEX0[4]     ; 4.457 ; 4.457 ; 4.457 ; 4.457 ;
; SW[5]      ; HEX0[5]     ; 4.444 ; 4.444 ; 4.444 ; 4.444 ;
; SW[5]      ; HEX0[6]     ; 4.435 ; 4.435 ; 4.435 ; 4.435 ;
; SW[5]      ; HEX1[0]     ; 5.084 ; 5.084 ; 5.084 ; 5.084 ;
; SW[5]      ; HEX1[3]     ; 4.941 ; 4.941 ; 4.941 ; 4.941 ;
; SW[5]      ; HEX1[4]     ; 4.961 ; 4.961 ; 4.961 ; 4.961 ;
; SW[5]      ; HEX1[5]     ; 4.761 ; 4.761 ; 4.761 ; 4.761 ;
; SW[5]      ; HEX6[0]     ; 4.064 ; 4.064 ; 4.064 ; 4.064 ;
; SW[5]      ; HEX6[1]     ; 4.148 ; 4.148 ; 4.148 ; 4.148 ;
; SW[5]      ; HEX6[2]     ; 4.264 ;       ;       ; 4.264 ;
; SW[5]      ; HEX6[3]     ; 4.357 ; 4.357 ; 4.357 ; 4.357 ;
; SW[5]      ; HEX6[4]     ;       ; 4.889 ; 4.889 ;       ;
; SW[5]      ; HEX6[5]     ; 4.475 ; 4.475 ; 4.475 ; 4.475 ;
; SW[5]      ; HEX6[6]     ; 4.278 ; 4.278 ; 4.278 ; 4.278 ;
; SW[5]      ; LEDG[1]     ; 4.774 ; 4.774 ; 4.774 ; 4.774 ;
; SW[5]      ; LEDG[2]     ; 4.822 ; 4.822 ; 4.822 ; 4.822 ;
; SW[5]      ; LEDG[3]     ; 5.133 ; 5.133 ; 5.133 ; 5.133 ;
; SW[5]      ; LEDG[4]     ; 5.182 ;       ;       ; 5.182 ;
; SW[5]      ; LEDG[8]     ; 4.677 ;       ;       ; 4.677 ;
; SW[5]      ; LEDR[5]     ; 3.127 ;       ;       ; 3.127 ;
; SW[6]      ; HEX0[0]     ; 5.003 ; 5.003 ; 5.003 ; 5.003 ;
; SW[6]      ; HEX0[1]     ; 4.979 ; 4.979 ; 4.979 ; 4.979 ;
; SW[6]      ; HEX0[2]     ; 4.984 ; 4.984 ; 4.984 ; 4.984 ;
; SW[6]      ; HEX0[3]     ; 4.878 ; 4.878 ; 4.878 ; 4.878 ;
; SW[6]      ; HEX0[4]     ; 4.888 ; 4.888 ; 4.888 ; 4.888 ;
; SW[6]      ; HEX0[5]     ; 4.875 ; 4.875 ; 4.875 ; 4.875 ;
; SW[6]      ; HEX0[6]     ; 4.866 ; 4.866 ; 4.866 ; 4.866 ;
; SW[6]      ; HEX1[0]     ; 5.515 ; 5.515 ; 5.515 ; 5.515 ;
; SW[6]      ; HEX1[3]     ; 5.372 ; 5.372 ; 5.372 ; 5.372 ;
; SW[6]      ; HEX1[4]     ; 5.392 ; 5.392 ; 5.392 ; 5.392 ;
; SW[6]      ; HEX1[5]     ; 5.192 ; 5.192 ; 5.192 ; 5.192 ;
; SW[6]      ; HEX6[0]     ; 3.740 ; 3.740 ; 3.740 ; 3.740 ;
; SW[6]      ; HEX6[1]     ; 3.830 ;       ;       ; 3.830 ;
; SW[6]      ; HEX6[2]     ; 3.940 ; 3.940 ; 3.940 ; 3.940 ;
; SW[6]      ; HEX6[3]     ; 4.041 ; 4.041 ; 4.041 ; 4.041 ;
; SW[6]      ; HEX6[4]     ; 4.573 ; 4.573 ; 4.573 ; 4.573 ;
; SW[6]      ; HEX6[5]     ; 4.164 ; 4.164 ; 4.164 ; 4.164 ;
; SW[6]      ; HEX6[6]     ; 3.959 ; 3.959 ; 3.959 ; 3.959 ;
; SW[6]      ; LEDG[2]     ; 5.253 ; 5.253 ; 5.253 ; 5.253 ;
; SW[6]      ; LEDG[3]     ; 5.240 ; 5.240 ; 5.240 ; 5.240 ;
; SW[6]      ; LEDG[4]     ; 5.289 ;       ;       ; 5.289 ;
; SW[6]      ; LEDG[8]     ; 4.353 ;       ;       ; 4.353 ;
; SW[6]      ; LEDR[6]     ; 2.936 ;       ;       ; 2.936 ;
; SW[7]      ; HEX0[0]     ; 4.606 ; 4.606 ; 4.606 ; 4.606 ;
; SW[7]      ; HEX0[1]     ; 4.582 ; 4.582 ; 4.582 ; 4.582 ;
; SW[7]      ; HEX0[2]     ; 4.587 ; 4.587 ; 4.587 ; 4.587 ;
; SW[7]      ; HEX0[3]     ; 4.481 ; 4.481 ; 4.481 ; 4.481 ;
; SW[7]      ; HEX0[4]     ; 4.590 ; 4.491 ; 4.491 ; 4.590 ;
; SW[7]      ; HEX0[5]     ; 4.478 ; 4.478 ; 4.478 ; 4.478 ;
; SW[7]      ; HEX0[6]     ; 4.469 ; 4.469 ; 4.469 ; 4.469 ;
; SW[7]      ; HEX1[0]     ; 5.121 ; 5.215 ; 5.215 ; 5.121 ;
; SW[7]      ; HEX1[3]     ; 4.978 ; 5.072 ; 5.072 ; 4.978 ;
; SW[7]      ; HEX1[4]     ; 4.998 ; 5.092 ; 5.092 ; 4.998 ;
; SW[7]      ; HEX1[5]     ; 4.798 ; 4.892 ; 4.892 ; 4.798 ;
; SW[7]      ; HEX6[0]     ; 3.743 ; 3.743 ; 3.743 ; 3.743 ;
; SW[7]      ; HEX6[1]     ; 3.831 ; 3.831 ; 3.831 ; 3.831 ;
; SW[7]      ; HEX6[2]     ; 3.942 ; 3.942 ; 3.942 ; 3.942 ;
; SW[7]      ; HEX6[3]     ; 4.041 ; 4.041 ; 4.041 ; 4.041 ;
; SW[7]      ; HEX6[4]     ;       ; 4.575 ; 4.575 ;       ;
; SW[7]      ; HEX6[5]     ; 4.163 ; 4.163 ; 4.163 ; 4.163 ;
; SW[7]      ; HEX6[6]     ; 3.960 ; 3.960 ; 3.960 ; 3.960 ;
; SW[7]      ; LEDG[3]     ; 4.699 ; 4.699 ; 4.699 ; 4.699 ;
; SW[7]      ; LEDG[4]     ; 4.747 ;       ;       ; 4.747 ;
; SW[7]      ; LEDG[8]     ; 4.314 ;       ;       ; 4.314 ;
; SW[7]      ; LEDR[7]     ; 3.487 ;       ;       ; 3.487 ;
; SW[8]      ; HEX0[0]     ; 4.576 ; 4.576 ; 4.576 ; 4.576 ;
; SW[8]      ; HEX0[1]     ; 4.551 ; 4.551 ; 4.551 ; 4.551 ;
; SW[8]      ; HEX0[2]     ; 4.556 ; 4.556 ; 4.556 ; 4.556 ;
; SW[8]      ; HEX0[3]     ; 4.450 ; 4.450 ; 4.450 ; 4.450 ;
; SW[8]      ; HEX0[4]     ; 4.461 ; 4.461 ; 4.461 ; 4.461 ;
; SW[8]      ; HEX0[5]     ; 4.447 ; 4.447 ; 4.447 ; 4.447 ;
; SW[8]      ; HEX0[6]     ; 4.439 ; 4.439 ; 4.439 ; 4.439 ;
; SW[8]      ; HEX1[0]     ; 5.607 ; 5.607 ; 5.607 ; 5.607 ;
; SW[8]      ; HEX1[3]     ; 5.464 ; 5.464 ; 5.464 ; 5.464 ;
; SW[8]      ; HEX1[4]     ; 5.484 ; 5.484 ; 5.484 ; 5.484 ;
; SW[8]      ; HEX1[5]     ; 5.284 ; 5.284 ; 5.284 ; 5.284 ;
; SW[8]      ; LEDG[0]     ; 4.868 ; 4.868 ; 4.868 ; 4.868 ;
; SW[8]      ; LEDG[1]     ; 4.881 ; 4.881 ; 4.881 ; 4.881 ;
; SW[8]      ; LEDG[2]     ; 5.345 ; 5.345 ; 5.345 ; 5.345 ;
; SW[8]      ; LEDG[3]     ; 5.451 ; 5.451 ; 5.451 ; 5.451 ;
; SW[8]      ; LEDG[4]     ; 5.500 ;       ;       ; 5.500 ;
; SW[8]      ; LEDR[8]     ; 3.264 ;       ;       ; 3.264 ;
+------------+-------------+-------+-------+-------+-------+


+----------------------------------------------------------------------------+
; Multicorner Timing Analysis Summary                                        ;
+------------------+-------+------+----------+---------+---------------------+
; Clock            ; Setup ; Hold ; Recovery ; Removal ; Minimum Pulse Width ;
+------------------+-------+------+----------+---------+---------------------+
; Worst-case Slack ; N/A   ; N/A  ; N/A      ; N/A     ; N/A                 ;
; Design-wide TNS  ; 0.0   ; 0.0  ; 0.0      ; 0.0     ; 0.0                 ;
+------------------+-------+------+----------+---------+---------------------+


+--------------------------------------------------------------+
; Progagation Delay                                            ;
+------------+-------------+--------+--------+--------+--------+
; Input Port ; Output Port ; RR     ; RF     ; FR     ; FF     ;
+------------+-------------+--------+--------+--------+--------+
; SW[0]      ; HEX0[0]     ; 11.250 ; 11.250 ; 11.250 ; 11.250 ;
; SW[0]      ; HEX0[1]     ; 11.225 ; 11.225 ; 11.225 ; 11.225 ;
; SW[0]      ; HEX0[2]     ; 11.228 ; 11.228 ; 11.228 ; 11.228 ;
; SW[0]      ; HEX0[3]     ; 11.000 ; 11.000 ; 11.000 ; 11.000 ;
; SW[0]      ; HEX0[4]     ; 11.002 ; 11.002 ; 11.002 ; 11.002 ;
; SW[0]      ; HEX0[5]     ; 10.989 ; 10.989 ; 10.989 ; 10.989 ;
; SW[0]      ; HEX0[6]     ; 10.989 ; 10.989 ; 10.989 ; 10.989 ;
; SW[0]      ; HEX1[0]     ; 11.973 ; 11.973 ; 11.973 ; 11.973 ;
; SW[0]      ; HEX1[3]     ; 11.791 ; 11.791 ; 11.791 ; 11.791 ;
; SW[0]      ; HEX1[4]     ; 11.811 ; 11.811 ; 11.811 ; 11.811 ;
; SW[0]      ; HEX1[5]     ; 11.346 ; 11.346 ; 11.346 ; 11.346 ;
; SW[0]      ; HEX4[0]     ; 8.126  ; 8.126  ; 8.126  ; 8.126  ;
; SW[0]      ; HEX4[1]     ; 7.445  ; 7.445  ; 7.445  ; 7.445  ;
; SW[0]      ; HEX4[2]     ;        ; 8.138  ; 8.138  ;        ;
; SW[0]      ; HEX4[3]     ; 9.089  ; 9.089  ; 9.089  ; 9.089  ;
; SW[0]      ; HEX4[4]     ; 7.925  ;        ;        ; 7.925  ;
; SW[0]      ; HEX4[5]     ; 7.731  ;        ;        ; 7.731  ;
; SW[0]      ; HEX4[6]     ; 8.297  ; 8.297  ; 8.297  ; 8.297  ;
; SW[0]      ; LEDG[0]     ; 9.504  ; 9.504  ; 9.504  ; 9.504  ;
; SW[0]      ; LEDG[1]     ; 9.358  ; 9.358  ; 9.358  ; 9.358  ;
; SW[0]      ; LEDG[2]     ; 10.426 ; 10.426 ; 10.426 ; 10.426 ;
; SW[0]      ; LEDG[3]     ; 10.917 ; 10.917 ; 10.917 ; 10.917 ;
; SW[0]      ; LEDG[4]     ; 10.926 ;        ;        ; 10.926 ;
; SW[0]      ; LEDR[0]     ; 5.501  ;        ;        ; 5.501  ;
; SW[1]      ; HEX0[0]     ; 11.190 ; 11.190 ; 11.190 ; 11.190 ;
; SW[1]      ; HEX0[1]     ; 11.165 ; 11.165 ; 11.165 ; 11.165 ;
; SW[1]      ; HEX0[2]     ; 11.168 ; 11.168 ; 11.168 ; 11.168 ;
; SW[1]      ; HEX0[3]     ; 10.940 ; 10.940 ; 10.940 ; 10.940 ;
; SW[1]      ; HEX0[4]     ; 10.942 ; 10.942 ; 10.942 ; 10.942 ;
; SW[1]      ; HEX0[5]     ; 10.929 ; 10.929 ; 10.929 ; 10.929 ;
; SW[1]      ; HEX0[6]     ; 10.929 ; 10.929 ; 10.929 ; 10.929 ;
; SW[1]      ; HEX1[0]     ; 11.914 ; 11.914 ; 11.914 ; 11.914 ;
; SW[1]      ; HEX1[3]     ; 11.732 ; 11.732 ; 11.732 ; 11.732 ;
; SW[1]      ; HEX1[4]     ; 11.752 ; 11.752 ; 11.752 ; 11.752 ;
; SW[1]      ; HEX1[5]     ; 11.287 ; 11.287 ; 11.287 ; 11.287 ;
; SW[1]      ; HEX4[0]     ; 8.029  ; 8.029  ; 8.029  ; 8.029  ;
; SW[1]      ; HEX4[1]     ; 7.352  ; 7.352  ; 7.352  ; 7.352  ;
; SW[1]      ; HEX4[2]     ; 8.042  ;        ;        ; 8.042  ;
; SW[1]      ; HEX4[3]     ; 8.993  ; 8.993  ; 8.993  ; 8.993  ;
; SW[1]      ; HEX4[4]     ;        ; 7.833  ; 7.833  ;        ;
; SW[1]      ; HEX4[5]     ; 7.637  ; 7.637  ; 7.637  ; 7.637  ;
; SW[1]      ; HEX4[6]     ; 8.520  ; 8.520  ; 8.520  ; 8.520  ;
; SW[1]      ; LEDG[1]     ; 9.400  ; 9.400  ; 9.400  ; 9.400  ;
; SW[1]      ; LEDG[2]     ; 9.612  ; 9.612  ; 9.612  ; 9.612  ;
; SW[1]      ; LEDG[3]     ; 10.008 ; 10.008 ; 10.008 ; 10.008 ;
; SW[1]      ; LEDG[4]     ; 10.017 ;        ;        ; 10.017 ;
; SW[1]      ; LEDG[8]     ; 7.948  ;        ;        ; 7.948  ;
; SW[1]      ; LEDR[1]     ; 5.941  ;        ;        ; 5.941  ;
; SW[2]      ; HEX0[0]     ; 10.888 ; 10.888 ; 10.888 ; 10.888 ;
; SW[2]      ; HEX0[1]     ; 10.863 ; 10.863 ; 10.863 ; 10.863 ;
; SW[2]      ; HEX0[2]     ; 10.866 ; 10.866 ; 10.866 ; 10.866 ;
; SW[2]      ; HEX0[3]     ; 10.638 ; 10.638 ; 10.638 ; 10.638 ;
; SW[2]      ; HEX0[4]     ; 10.640 ; 10.640 ; 10.640 ; 10.640 ;
; SW[2]      ; HEX0[5]     ; 10.627 ; 10.627 ; 10.627 ; 10.627 ;
; SW[2]      ; HEX0[6]     ; 10.627 ; 10.627 ; 10.627 ; 10.627 ;
; SW[2]      ; HEX1[0]     ; 11.611 ; 11.611 ; 11.611 ; 11.611 ;
; SW[2]      ; HEX1[3]     ; 11.429 ; 11.429 ; 11.429 ; 11.429 ;
; SW[2]      ; HEX1[4]     ; 11.449 ; 11.449 ; 11.449 ; 11.449 ;
; SW[2]      ; HEX1[5]     ; 10.984 ; 10.984 ; 10.984 ; 10.984 ;
; SW[2]      ; HEX4[0]     ; 7.775  ; 7.775  ; 7.775  ; 7.775  ;
; SW[2]      ; HEX4[1]     ; 7.092  ;        ;        ; 7.092  ;
; SW[2]      ; HEX4[2]     ; 7.791  ; 7.791  ; 7.791  ; 7.791  ;
; SW[2]      ; HEX4[3]     ; 8.735  ; 8.735  ; 8.735  ; 8.735  ;
; SW[2]      ; HEX4[4]     ; 7.573  ; 7.573  ; 7.573  ; 7.573  ;
; SW[2]      ; HEX4[5]     ; 7.378  ; 7.378  ; 7.378  ; 7.378  ;
; SW[2]      ; HEX4[6]     ; 8.133  ; 8.133  ; 8.133  ; 8.133  ;
; SW[2]      ; LEDG[2]     ; 9.751  ; 9.751  ; 9.751  ; 9.751  ;
; SW[2]      ; LEDG[3]     ; 10.555 ; 10.555 ; 10.555 ; 10.555 ;
; SW[2]      ; LEDG[4]     ; 10.564 ;        ;        ; 10.564 ;
; SW[2]      ; LEDG[8]     ; 7.562  ;        ;        ; 7.562  ;
; SW[2]      ; LEDR[2]     ; 5.961  ;        ;        ; 5.961  ;
; SW[3]      ; HEX0[0]     ; 9.075  ; 9.075  ; 9.075  ; 9.075  ;
; SW[3]      ; HEX0[1]     ; 9.050  ; 9.050  ; 9.050  ; 9.050  ;
; SW[3]      ; HEX0[2]     ; 9.053  ; 9.053  ; 9.053  ; 9.053  ;
; SW[3]      ; HEX0[3]     ; 8.825  ; 8.825  ; 8.825  ; 8.825  ;
; SW[3]      ; HEX0[4]     ; 8.827  ; 8.827  ; 8.827  ; 8.827  ;
; SW[3]      ; HEX0[5]     ; 8.814  ; 8.814  ; 8.814  ; 8.814  ;
; SW[3]      ; HEX0[6]     ; 8.814  ; 8.814  ; 8.814  ; 8.814  ;
; SW[3]      ; HEX1[0]     ; 9.798  ; 9.798  ; 9.798  ; 9.798  ;
; SW[3]      ; HEX1[3]     ; 9.616  ; 9.616  ; 9.616  ; 9.616  ;
; SW[3]      ; HEX1[4]     ; 9.636  ; 9.636  ; 9.636  ; 9.636  ;
; SW[3]      ; HEX1[5]     ; 9.171  ; 9.171  ; 9.171  ; 9.171  ;
; SW[3]      ; HEX4[0]     ; 7.607  ; 7.607  ; 7.607  ; 7.607  ;
; SW[3]      ; HEX4[1]     ; 6.920  ; 6.920  ; 6.920  ; 6.920  ;
; SW[3]      ; HEX4[2]     ; 7.625  ; 7.625  ; 7.625  ; 7.625  ;
; SW[3]      ; HEX4[3]     ; 8.562  ; 8.562  ; 8.562  ; 8.562  ;
; SW[3]      ; HEX4[4]     ;        ; 7.401  ; 7.401  ;        ;
; SW[3]      ; HEX4[5]     ; 7.206  ; 7.206  ; 7.206  ; 7.206  ;
; SW[3]      ; HEX4[6]     ; 7.961  ; 7.961  ; 7.961  ; 7.961  ;
; SW[3]      ; LEDG[3]     ; 8.742  ; 8.742  ; 8.742  ; 8.742  ;
; SW[3]      ; LEDG[4]     ; 8.752  ;        ;        ; 8.752  ;
; SW[3]      ; LEDG[8]     ; 7.390  ;        ;        ; 7.390  ;
; SW[3]      ; LEDR[3]     ; 5.481  ;        ;        ; 5.481  ;
; SW[4]      ; HEX0[0]     ; 11.121 ; 11.121 ; 11.121 ; 11.121 ;
; SW[4]      ; HEX0[1]     ; 11.096 ; 11.096 ; 11.096 ; 11.096 ;
; SW[4]      ; HEX0[2]     ; 11.099 ; 11.099 ; 11.099 ; 11.099 ;
; SW[4]      ; HEX0[3]     ; 10.871 ; 10.871 ; 10.871 ; 10.871 ;
; SW[4]      ; HEX0[4]     ; 10.873 ; 10.873 ; 10.873 ; 10.873 ;
; SW[4]      ; HEX0[5]     ; 10.860 ; 10.860 ; 10.860 ; 10.860 ;
; SW[4]      ; HEX0[6]     ; 10.860 ; 10.860 ; 10.860 ; 10.860 ;
; SW[4]      ; HEX1[0]     ; 11.844 ; 11.844 ; 11.844 ; 11.844 ;
; SW[4]      ; HEX1[3]     ; 11.662 ; 11.662 ; 11.662 ; 11.662 ;
; SW[4]      ; HEX1[4]     ; 11.682 ; 11.682 ; 11.682 ; 11.682 ;
; SW[4]      ; HEX1[5]     ; 11.217 ; 11.217 ; 11.217 ; 11.217 ;
; SW[4]      ; HEX6[0]     ; 7.140  ; 7.140  ; 7.140  ; 7.140  ;
; SW[4]      ; HEX6[1]     ; 7.374  ; 7.374  ; 7.374  ; 7.374  ;
; SW[4]      ; HEX6[2]     ;        ; 7.645  ; 7.645  ;        ;
; SW[4]      ; HEX6[3]     ; 7.768  ; 7.768  ; 7.768  ; 7.768  ;
; SW[4]      ; HEX6[4]     ; 8.721  ;        ;        ; 8.721  ;
; SW[4]      ; HEX6[5]     ; 7.964  ;        ;        ; 7.964  ;
; SW[4]      ; HEX6[6]     ; 7.585  ; 7.585  ; 7.585  ; 7.585  ;
; SW[4]      ; LEDG[0]     ; 9.363  ; 9.363  ; 9.363  ; 9.363  ;
; SW[4]      ; LEDG[1]     ; 9.229  ; 9.229  ; 9.229  ; 9.229  ;
; SW[4]      ; LEDG[2]     ; 10.297 ; 10.297 ; 10.297 ; 10.297 ;
; SW[4]      ; LEDG[3]     ; 10.788 ; 10.788 ; 10.788 ; 10.788 ;
; SW[4]      ; LEDG[4]     ; 10.797 ;        ;        ; 10.797 ;
; SW[4]      ; LEDR[4]     ; 5.336  ;        ;        ; 5.336  ;
; SW[5]      ; HEX0[0]     ; 10.876 ; 10.876 ; 10.876 ; 10.876 ;
; SW[5]      ; HEX0[1]     ; 10.851 ; 10.851 ; 10.851 ; 10.851 ;
; SW[5]      ; HEX0[2]     ; 10.854 ; 10.854 ; 10.854 ; 10.854 ;
; SW[5]      ; HEX0[3]     ; 10.626 ; 10.626 ; 10.626 ; 10.626 ;
; SW[5]      ; HEX0[4]     ; 10.628 ; 10.628 ; 10.628 ; 10.628 ;
; SW[5]      ; HEX0[5]     ; 10.615 ; 10.615 ; 10.615 ; 10.615 ;
; SW[5]      ; HEX0[6]     ; 10.615 ; 10.615 ; 10.615 ; 10.615 ;
; SW[5]      ; HEX1[0]     ; 11.600 ; 11.600 ; 11.600 ; 11.600 ;
; SW[5]      ; HEX1[3]     ; 11.418 ; 11.418 ; 11.418 ; 11.418 ;
; SW[5]      ; HEX1[4]     ; 11.438 ; 11.438 ; 11.438 ; 11.438 ;
; SW[5]      ; HEX1[5]     ; 10.973 ; 10.973 ; 10.973 ; 10.973 ;
; SW[5]      ; HEX6[0]     ; 7.858  ; 7.858  ; 7.858  ; 7.858  ;
; SW[5]      ; HEX6[1]     ; 8.066  ; 8.066  ; 8.066  ; 8.066  ;
; SW[5]      ; HEX6[2]     ; 8.354  ;        ;        ; 8.354  ;
; SW[5]      ; HEX6[3]     ; 8.452  ; 8.452  ; 8.452  ; 8.452  ;
; SW[5]      ; HEX6[4]     ;        ; 9.405  ; 9.405  ;        ;
; SW[5]      ; HEX6[5]     ; 8.641  ; 8.641  ; 8.641  ; 8.641  ;
; SW[5]      ; HEX6[6]     ; 8.277  ; 8.277  ; 8.277  ; 8.277  ;
; SW[5]      ; LEDG[1]     ; 9.086  ; 9.086  ; 9.086  ; 9.086  ;
; SW[5]      ; LEDG[2]     ; 9.277  ; 9.277  ; 9.277  ; 9.277  ;
; SW[5]      ; LEDG[3]     ; 10.246 ; 10.246 ; 10.246 ; 10.246 ;
; SW[5]      ; LEDG[4]     ; 10.255 ;        ;        ; 10.255 ;
; SW[5]      ; LEDG[8]     ; 9.155  ;        ;        ; 9.155  ;
; SW[5]      ; LEDR[5]     ; 5.775  ;        ;        ; 5.775  ;
; SW[6]      ; HEX0[0]     ; 11.430 ; 11.430 ; 11.430 ; 11.430 ;
; SW[6]      ; HEX0[1]     ; 11.405 ; 11.405 ; 11.405 ; 11.405 ;
; SW[6]      ; HEX0[2]     ; 11.408 ; 11.408 ; 11.408 ; 11.408 ;
; SW[6]      ; HEX0[3]     ; 11.180 ; 11.180 ; 11.180 ; 11.180 ;
; SW[6]      ; HEX0[4]     ; 11.182 ; 11.182 ; 11.182 ; 11.182 ;
; SW[6]      ; HEX0[5]     ; 11.169 ; 11.169 ; 11.169 ; 11.169 ;
; SW[6]      ; HEX0[6]     ; 11.169 ; 11.169 ; 11.169 ; 11.169 ;
; SW[6]      ; HEX1[0]     ; 12.153 ; 12.153 ; 12.153 ; 12.153 ;
; SW[6]      ; HEX1[3]     ; 11.971 ; 11.971 ; 11.971 ; 11.971 ;
; SW[6]      ; HEX1[4]     ; 11.991 ; 11.991 ; 11.991 ; 11.991 ;
; SW[6]      ; HEX1[5]     ; 11.526 ; 11.526 ; 11.526 ; 11.526 ;
; SW[6]      ; HEX6[0]     ; 7.189  ; 7.189  ; 7.189  ; 7.189  ;
; SW[6]      ; HEX6[1]     ; 7.404  ;        ;        ; 7.404  ;
; SW[6]      ; HEX6[2]     ; 7.690  ; 7.690  ; 7.690  ; 7.690  ;
; SW[6]      ; HEX6[3]     ; 7.795  ; 7.795  ; 7.795  ; 7.795  ;
; SW[6]      ; HEX6[4]     ; 8.748  ; 8.748  ; 8.748  ; 8.748  ;
; SW[6]      ; HEX6[5]     ; 7.991  ; 7.991  ; 7.991  ; 7.991  ;
; SW[6]      ; HEX6[6]     ; 7.616  ; 7.616  ; 7.616  ; 7.616  ;
; SW[6]      ; LEDG[2]     ; 10.291 ; 10.291 ; 10.291 ; 10.291 ;
; SW[6]      ; LEDG[3]     ; 11.097 ; 11.097 ; 11.097 ; 11.097 ;
; SW[6]      ; LEDG[4]     ; 11.106 ;        ;        ; 11.106 ;
; SW[6]      ; LEDG[8]     ; 8.492  ;        ;        ; 8.492  ;
; SW[6]      ; LEDR[6]     ; 5.411  ;        ;        ; 5.411  ;
; SW[7]      ; HEX0[0]     ; 9.591  ; 9.591  ; 9.591  ; 9.591  ;
; SW[7]      ; HEX0[1]     ; 9.566  ; 9.566  ; 9.566  ; 9.566  ;
; SW[7]      ; HEX0[2]     ; 9.569  ; 9.569  ; 9.569  ; 9.569  ;
; SW[7]      ; HEX0[3]     ; 9.341  ; 9.341  ; 9.341  ; 9.341  ;
; SW[7]      ; HEX0[4]     ; 9.343  ; 9.343  ; 9.343  ; 9.343  ;
; SW[7]      ; HEX0[5]     ; 9.330  ; 9.330  ; 9.330  ; 9.330  ;
; SW[7]      ; HEX0[6]     ; 9.330  ; 9.330  ; 9.330  ; 9.330  ;
; SW[7]      ; HEX1[0]     ; 10.314 ; 10.314 ; 10.314 ; 10.314 ;
; SW[7]      ; HEX1[3]     ; 10.132 ; 10.132 ; 10.132 ; 10.132 ;
; SW[7]      ; HEX1[4]     ; 10.152 ; 10.152 ; 10.152 ; 10.152 ;
; SW[7]      ; HEX1[5]     ; 9.687  ; 9.687  ; 9.687  ; 9.687  ;
; SW[7]      ; HEX6[0]     ; 7.229  ; 7.229  ; 7.229  ; 7.229  ;
; SW[7]      ; HEX6[1]     ; 7.445  ; 7.445  ; 7.445  ; 7.445  ;
; SW[7]      ; HEX6[2]     ; 7.730  ; 7.730  ; 7.730  ; 7.730  ;
; SW[7]      ; HEX6[3]     ; 7.832  ; 7.832  ; 7.832  ; 7.832  ;
; SW[7]      ; HEX6[4]     ;        ; 8.785  ; 8.785  ;        ;
; SW[7]      ; HEX6[5]     ; 8.027  ; 8.027  ; 8.027  ; 8.027  ;
; SW[7]      ; HEX6[6]     ; 7.655  ; 7.655  ; 7.655  ; 7.655  ;
; SW[7]      ; LEDG[3]     ; 9.258  ; 9.258  ; 9.258  ; 9.258  ;
; SW[7]      ; LEDG[4]     ; 9.264  ;        ;        ; 9.264  ;
; SW[7]      ; LEDG[8]     ; 8.387  ;        ;        ; 8.387  ;
; SW[7]      ; LEDR[7]     ; 6.335  ;        ;        ; 6.335  ;
; SW[8]      ; HEX0[0]     ; 11.277 ; 11.277 ; 11.277 ; 11.277 ;
; SW[8]      ; HEX0[1]     ; 11.252 ; 11.252 ; 11.252 ; 11.252 ;
; SW[8]      ; HEX0[2]     ; 11.255 ; 11.255 ; 11.255 ; 11.255 ;
; SW[8]      ; HEX0[3]     ; 11.027 ; 11.027 ; 11.027 ; 11.027 ;
; SW[8]      ; HEX0[4]     ; 11.029 ; 11.029 ; 11.029 ; 11.029 ;
; SW[8]      ; HEX0[5]     ; 11.016 ; 11.016 ; 11.016 ; 11.016 ;
; SW[8]      ; HEX0[6]     ; 11.016 ; 11.016 ; 11.016 ; 11.016 ;
; SW[8]      ; HEX1[0]     ; 12.000 ; 12.000 ; 12.000 ; 12.000 ;
; SW[8]      ; HEX1[3]     ; 11.818 ; 11.818 ; 11.818 ; 11.818 ;
; SW[8]      ; HEX1[4]     ; 11.838 ; 11.838 ; 11.838 ; 11.838 ;
; SW[8]      ; HEX1[5]     ; 11.373 ; 11.373 ; 11.373 ; 11.373 ;
; SW[8]      ; LEDG[0]     ; 9.532  ; 9.532  ; 9.532  ; 9.532  ;
; SW[8]      ; LEDG[1]     ; 9.385  ; 9.385  ; 9.385  ; 9.385  ;
; SW[8]      ; LEDG[2]     ; 10.453 ; 10.453 ; 10.453 ; 10.453 ;
; SW[8]      ; LEDG[3]     ; 10.944 ; 10.944 ; 10.944 ; 10.944 ;
; SW[8]      ; LEDG[4]     ; 10.953 ;        ;        ; 10.953 ;
; SW[8]      ; LEDR[8]     ; 5.924  ;        ;        ; 5.924  ;
+------------+-------------+--------+--------+--------+--------+


+----------------------------------------------------------+
; Minimum Progagation Delay                                ;
+------------+-------------+-------+-------+-------+-------+
; Input Port ; Output Port ; RR    ; RF    ; FR    ; FF    ;
+------------+-------------+-------+-------+-------+-------+
; SW[0]      ; HEX0[0]     ; 4.544 ; 4.544 ; 4.544 ; 4.544 ;
; SW[0]      ; HEX0[1]     ; 4.519 ; 4.519 ; 4.519 ; 4.519 ;
; SW[0]      ; HEX0[2]     ; 4.524 ; 4.524 ; 4.524 ; 4.524 ;
; SW[0]      ; HEX0[3]     ; 4.418 ; 4.418 ; 4.418 ; 4.418 ;
; SW[0]      ; HEX0[4]     ; 4.429 ; 4.429 ; 4.429 ; 4.429 ;
; SW[0]      ; HEX0[5]     ; 4.415 ; 4.415 ; 4.415 ; 4.415 ;
; SW[0]      ; HEX0[6]     ; 4.407 ; 4.407 ; 4.407 ; 4.407 ;
; SW[0]      ; HEX1[0]     ; 5.579 ; 5.579 ; 5.579 ; 5.579 ;
; SW[0]      ; HEX1[3]     ; 5.436 ; 5.436 ; 5.436 ; 5.436 ;
; SW[0]      ; HEX1[4]     ; 5.456 ; 5.456 ; 5.456 ; 5.456 ;
; SW[0]      ; HEX1[5]     ; 5.256 ; 5.256 ; 5.256 ; 5.256 ;
; SW[0]      ; HEX4[0]     ; 4.145 ; 4.145 ; 4.145 ; 4.145 ;
; SW[0]      ; HEX4[1]     ; 3.882 ; 3.882 ; 3.882 ; 3.882 ;
; SW[0]      ; HEX4[2]     ;       ; 4.155 ; 4.155 ;       ;
; SW[0]      ; HEX4[3]     ; 4.716 ; 4.716 ; 4.716 ; 4.716 ;
; SW[0]      ; HEX4[4]     ; 4.094 ;       ;       ; 4.094 ;
; SW[0]      ; HEX4[5]     ; 4.013 ;       ;       ; 4.013 ;
; SW[0]      ; HEX4[6]     ; 4.268 ; 4.268 ; 4.268 ; 4.268 ;
; SW[0]      ; LEDG[0]     ; 4.836 ; 4.836 ; 4.836 ; 4.836 ;
; SW[0]      ; LEDG[1]     ; 4.853 ; 4.853 ; 4.853 ; 4.853 ;
; SW[0]      ; LEDG[2]     ; 5.317 ; 5.317 ; 5.317 ; 5.317 ;
; SW[0]      ; LEDG[3]     ; 5.423 ; 5.423 ; 5.423 ; 5.423 ;
; SW[0]      ; LEDG[4]     ; 5.472 ;       ;       ; 5.472 ;
; SW[0]      ; LEDR[0]     ; 3.003 ;       ;       ; 3.003 ;
; SW[1]      ; HEX0[0]     ; 4.733 ; 4.733 ; 4.733 ; 4.733 ;
; SW[1]      ; HEX0[1]     ; 4.709 ; 4.709 ; 4.709 ; 4.709 ;
; SW[1]      ; HEX0[2]     ; 4.714 ; 4.714 ; 4.714 ; 4.714 ;
; SW[1]      ; HEX0[3]     ; 4.608 ; 4.608 ; 4.608 ; 4.608 ;
; SW[1]      ; HEX0[4]     ; 4.618 ; 4.618 ; 4.618 ; 4.618 ;
; SW[1]      ; HEX0[5]     ; 4.605 ; 4.605 ; 4.605 ; 4.605 ;
; SW[1]      ; HEX0[6]     ; 4.596 ; 4.596 ; 4.596 ; 4.596 ;
; SW[1]      ; HEX1[0]     ; 5.245 ; 5.245 ; 5.245 ; 5.245 ;
; SW[1]      ; HEX1[3]     ; 5.102 ; 5.102 ; 5.102 ; 5.102 ;
; SW[1]      ; HEX1[4]     ; 5.122 ; 5.122 ; 5.122 ; 5.122 ;
; SW[1]      ; HEX1[5]     ; 4.922 ; 4.922 ; 4.922 ; 4.922 ;
; SW[1]      ; HEX4[0]     ; 4.110 ; 4.110 ; 4.110 ; 4.110 ;
; SW[1]      ; HEX4[1]     ; 3.848 ; 3.848 ; 3.848 ; 3.848 ;
; SW[1]      ; HEX4[2]     ; 4.118 ;       ;       ; 4.118 ;
; SW[1]      ; HEX4[3]     ; 4.682 ; 4.682 ; 4.682 ; 4.682 ;
; SW[1]      ; HEX4[4]     ;       ; 4.060 ; 4.060 ;       ;
; SW[1]      ; HEX4[5]     ; 3.979 ; 3.979 ; 3.979 ; 3.979 ;
; SW[1]      ; HEX4[6]     ; 4.378 ; 4.378 ; 4.378 ; 4.378 ;
; SW[1]      ; LEDG[1]     ; 4.913 ; 4.913 ; 4.913 ; 4.913 ;
; SW[1]      ; LEDG[2]     ; 4.983 ; 4.983 ; 4.983 ; 4.983 ;
; SW[1]      ; LEDG[3]     ; 5.054 ; 5.054 ; 5.054 ; 5.054 ;
; SW[1]      ; LEDG[4]     ; 5.103 ;       ;       ; 5.103 ;
; SW[1]      ; LEDG[8]     ; 4.119 ;       ;       ; 4.119 ;
; SW[1]      ; LEDR[1]     ; 3.229 ;       ;       ; 3.229 ;
; SW[2]      ; HEX0[0]     ; 4.773 ; 4.773 ; 4.773 ; 4.773 ;
; SW[2]      ; HEX0[1]     ; 4.749 ; 4.749 ; 4.749 ; 4.749 ;
; SW[2]      ; HEX0[2]     ; 4.754 ; 4.754 ; 4.754 ; 4.754 ;
; SW[2]      ; HEX0[3]     ; 4.648 ; 4.648 ; 4.648 ; 4.648 ;
; SW[2]      ; HEX0[4]     ; 4.658 ; 4.658 ; 4.658 ; 4.658 ;
; SW[2]      ; HEX0[5]     ; 4.645 ; 4.645 ; 4.645 ; 4.645 ;
; SW[2]      ; HEX0[6]     ; 4.636 ; 4.636 ; 4.636 ; 4.636 ;
; SW[2]      ; HEX1[0]     ; 5.285 ; 5.285 ; 5.285 ; 5.285 ;
; SW[2]      ; HEX1[3]     ; 5.142 ; 5.142 ; 5.142 ; 5.142 ;
; SW[2]      ; HEX1[4]     ; 5.162 ; 5.162 ; 5.162 ; 5.162 ;
; SW[2]      ; HEX1[5]     ; 4.962 ; 4.962 ; 4.962 ; 4.962 ;
; SW[2]      ; HEX4[0]     ; 3.991 ; 3.991 ; 3.991 ; 3.991 ;
; SW[2]      ; HEX4[1]     ; 3.727 ;       ;       ; 3.727 ;
; SW[2]      ; HEX4[2]     ; 4.006 ; 4.006 ; 4.006 ; 4.006 ;
; SW[2]      ; HEX4[3]     ; 4.561 ; 4.561 ; 4.561 ; 4.561 ;
; SW[2]      ; HEX4[4]     ; 3.940 ; 3.940 ; 3.940 ; 3.940 ;
; SW[2]      ; HEX4[5]     ; 3.859 ; 3.859 ; 3.859 ; 3.859 ;
; SW[2]      ; HEX4[6]     ; 4.206 ; 4.206 ; 4.206 ; 4.206 ;
; SW[2]      ; LEDG[2]     ; 5.023 ; 5.023 ; 5.023 ; 5.023 ;
; SW[2]      ; LEDG[3]     ; 5.005 ; 5.005 ; 5.005 ; 5.005 ;
; SW[2]      ; LEDG[4]     ; 5.054 ;       ;       ; 5.054 ;
; SW[2]      ; LEDG[8]     ; 3.947 ;       ;       ; 3.947 ;
; SW[2]      ; LEDR[2]     ; 3.184 ;       ;       ; 3.184 ;
; SW[3]      ; HEX0[0]     ; 4.383 ; 4.383 ; 4.383 ; 4.383 ;
; SW[3]      ; HEX0[1]     ; 4.359 ; 4.359 ; 4.359 ; 4.359 ;
; SW[3]      ; HEX0[2]     ; 4.364 ; 4.364 ; 4.364 ; 4.364 ;
; SW[3]      ; HEX0[3]     ; 4.258 ; 4.258 ; 4.258 ; 4.258 ;
; SW[3]      ; HEX0[4]     ; 4.366 ; 4.268 ; 4.268 ; 4.366 ;
; SW[3]      ; HEX0[5]     ; 4.255 ; 4.255 ; 4.255 ; 4.255 ;
; SW[3]      ; HEX0[6]     ; 4.246 ; 4.246 ; 4.246 ; 4.246 ;
; SW[3]      ; HEX1[0]     ; 4.898 ; 4.991 ; 4.991 ; 4.898 ;
; SW[3]      ; HEX1[3]     ; 4.755 ; 4.848 ; 4.848 ; 4.755 ;
; SW[3]      ; HEX1[4]     ; 4.775 ; 4.868 ; 4.868 ; 4.775 ;
; SW[3]      ; HEX1[5]     ; 4.575 ; 4.668 ; 4.668 ; 4.575 ;
; SW[3]      ; HEX4[0]     ; 3.884 ; 3.884 ; 3.884 ; 3.884 ;
; SW[3]      ; HEX4[1]     ; 3.615 ; 3.615 ; 3.615 ; 3.615 ;
; SW[3]      ; HEX4[2]     ; 3.900 ; 3.900 ; 3.900 ; 3.900 ;
; SW[3]      ; HEX4[3]     ; 4.449 ; 4.449 ; 4.449 ; 4.449 ;
; SW[3]      ; HEX4[4]     ;       ; 3.828 ; 3.828 ;       ;
; SW[3]      ; HEX4[5]     ; 3.747 ; 3.747 ; 3.747 ; 3.747 ;
; SW[3]      ; HEX4[6]     ; 4.094 ; 4.094 ; 4.094 ; 4.094 ;
; SW[3]      ; LEDG[3]     ; 4.475 ; 4.475 ; 4.475 ; 4.475 ;
; SW[3]      ; LEDG[4]     ; 4.524 ;       ;       ; 4.524 ;
; SW[3]      ; LEDG[8]     ; 3.835 ;       ;       ; 3.835 ;
; SW[3]      ; LEDR[3]     ; 2.971 ;       ;       ; 2.971 ;
; SW[4]      ; HEX0[0]     ; 4.502 ; 4.502 ; 4.502 ; 4.502 ;
; SW[4]      ; HEX0[1]     ; 4.477 ; 4.477 ; 4.477 ; 4.477 ;
; SW[4]      ; HEX0[2]     ; 4.482 ; 4.482 ; 4.482 ; 4.482 ;
; SW[4]      ; HEX0[3]     ; 4.376 ; 4.376 ; 4.376 ; 4.376 ;
; SW[4]      ; HEX0[4]     ; 4.387 ; 4.387 ; 4.387 ; 4.387 ;
; SW[4]      ; HEX0[5]     ; 4.373 ; 4.373 ; 4.373 ; 4.373 ;
; SW[4]      ; HEX0[6]     ; 4.365 ; 4.365 ; 4.365 ; 4.365 ;
; SW[4]      ; HEX1[0]     ; 5.547 ; 5.547 ; 5.547 ; 5.547 ;
; SW[4]      ; HEX1[3]     ; 5.404 ; 5.404 ; 5.404 ; 5.404 ;
; SW[4]      ; HEX1[4]     ; 5.424 ; 5.424 ; 5.424 ; 5.424 ;
; SW[4]      ; HEX1[5]     ; 5.224 ; 5.224 ; 5.224 ; 5.224 ;
; SW[4]      ; HEX6[0]     ; 3.735 ; 3.735 ; 3.735 ; 3.735 ;
; SW[4]      ; HEX6[1]     ; 3.843 ; 3.843 ; 3.843 ; 3.843 ;
; SW[4]      ; HEX6[2]     ;       ; 3.940 ; 3.940 ;       ;
; SW[4]      ; HEX6[3]     ; 4.057 ; 4.057 ; 4.057 ; 4.057 ;
; SW[4]      ; HEX6[4]     ; 4.589 ;       ;       ; 4.589 ;
; SW[4]      ; HEX6[5]     ; 4.180 ;       ;       ; 4.180 ;
; SW[4]      ; HEX6[6]     ; 3.973 ; 3.973 ; 3.973 ; 3.973 ;
; SW[4]      ; LEDG[0]     ; 4.794 ; 4.794 ; 4.794 ; 4.794 ;
; SW[4]      ; LEDG[1]     ; 4.821 ; 4.821 ; 4.821 ; 4.821 ;
; SW[4]      ; LEDG[2]     ; 5.285 ; 5.285 ; 5.285 ; 5.285 ;
; SW[4]      ; LEDG[3]     ; 5.391 ; 5.391 ; 5.391 ; 5.391 ;
; SW[4]      ; LEDG[4]     ; 5.440 ;       ;       ; 5.440 ;
; SW[4]      ; LEDR[4]     ; 2.898 ;       ;       ; 2.898 ;
; SW[5]      ; HEX0[0]     ; 4.572 ; 4.572 ; 4.572 ; 4.572 ;
; SW[5]      ; HEX0[1]     ; 4.548 ; 4.548 ; 4.548 ; 4.548 ;
; SW[5]      ; HEX0[2]     ; 4.553 ; 4.553 ; 4.553 ; 4.553 ;
; SW[5]      ; HEX0[3]     ; 4.447 ; 4.447 ; 4.447 ; 4.447 ;
; SW[5]      ; HEX0[4]     ; 4.457 ; 4.457 ; 4.457 ; 4.457 ;
; SW[5]      ; HEX0[5]     ; 4.444 ; 4.444 ; 4.444 ; 4.444 ;
; SW[5]      ; HEX0[6]     ; 4.435 ; 4.435 ; 4.435 ; 4.435 ;
; SW[5]      ; HEX1[0]     ; 5.084 ; 5.084 ; 5.084 ; 5.084 ;
; SW[5]      ; HEX1[3]     ; 4.941 ; 4.941 ; 4.941 ; 4.941 ;
; SW[5]      ; HEX1[4]     ; 4.961 ; 4.961 ; 4.961 ; 4.961 ;
; SW[5]      ; HEX1[5]     ; 4.761 ; 4.761 ; 4.761 ; 4.761 ;
; SW[5]      ; HEX6[0]     ; 4.064 ; 4.064 ; 4.064 ; 4.064 ;
; SW[5]      ; HEX6[1]     ; 4.148 ; 4.148 ; 4.148 ; 4.148 ;
; SW[5]      ; HEX6[2]     ; 4.264 ;       ;       ; 4.264 ;
; SW[5]      ; HEX6[3]     ; 4.357 ; 4.357 ; 4.357 ; 4.357 ;
; SW[5]      ; HEX6[4]     ;       ; 4.889 ; 4.889 ;       ;
; SW[5]      ; HEX6[5]     ; 4.475 ; 4.475 ; 4.475 ; 4.475 ;
; SW[5]      ; HEX6[6]     ; 4.278 ; 4.278 ; 4.278 ; 4.278 ;
; SW[5]      ; LEDG[1]     ; 4.774 ; 4.774 ; 4.774 ; 4.774 ;
; SW[5]      ; LEDG[2]     ; 4.822 ; 4.822 ; 4.822 ; 4.822 ;
; SW[5]      ; LEDG[3]     ; 5.133 ; 5.133 ; 5.133 ; 5.133 ;
; SW[5]      ; LEDG[4]     ; 5.182 ;       ;       ; 5.182 ;
; SW[5]      ; LEDG[8]     ; 4.677 ;       ;       ; 4.677 ;
; SW[5]      ; LEDR[5]     ; 3.127 ;       ;       ; 3.127 ;
; SW[6]      ; HEX0[0]     ; 5.003 ; 5.003 ; 5.003 ; 5.003 ;
; SW[6]      ; HEX0[1]     ; 4.979 ; 4.979 ; 4.979 ; 4.979 ;
; SW[6]      ; HEX0[2]     ; 4.984 ; 4.984 ; 4.984 ; 4.984 ;
; SW[6]      ; HEX0[3]     ; 4.878 ; 4.878 ; 4.878 ; 4.878 ;
; SW[6]      ; HEX0[4]     ; 4.888 ; 4.888 ; 4.888 ; 4.888 ;
; SW[6]      ; HEX0[5]     ; 4.875 ; 4.875 ; 4.875 ; 4.875 ;
; SW[6]      ; HEX0[6]     ; 4.866 ; 4.866 ; 4.866 ; 4.866 ;
; SW[6]      ; HEX1[0]     ; 5.515 ; 5.515 ; 5.515 ; 5.515 ;
; SW[6]      ; HEX1[3]     ; 5.372 ; 5.372 ; 5.372 ; 5.372 ;
; SW[6]      ; HEX1[4]     ; 5.392 ; 5.392 ; 5.392 ; 5.392 ;
; SW[6]      ; HEX1[5]     ; 5.192 ; 5.192 ; 5.192 ; 5.192 ;
; SW[6]      ; HEX6[0]     ; 3.740 ; 3.740 ; 3.740 ; 3.740 ;
; SW[6]      ; HEX6[1]     ; 3.830 ;       ;       ; 3.830 ;
; SW[6]      ; HEX6[2]     ; 3.940 ; 3.940 ; 3.940 ; 3.940 ;
; SW[6]      ; HEX6[3]     ; 4.041 ; 4.041 ; 4.041 ; 4.041 ;
; SW[6]      ; HEX6[4]     ; 4.573 ; 4.573 ; 4.573 ; 4.573 ;
; SW[6]      ; HEX6[5]     ; 4.164 ; 4.164 ; 4.164 ; 4.164 ;
; SW[6]      ; HEX6[6]     ; 3.959 ; 3.959 ; 3.959 ; 3.959 ;
; SW[6]      ; LEDG[2]     ; 5.253 ; 5.253 ; 5.253 ; 5.253 ;
; SW[6]      ; LEDG[3]     ; 5.240 ; 5.240 ; 5.240 ; 5.240 ;
; SW[6]      ; LEDG[4]     ; 5.289 ;       ;       ; 5.289 ;
; SW[6]      ; LEDG[8]     ; 4.353 ;       ;       ; 4.353 ;
; SW[6]      ; LEDR[6]     ; 2.936 ;       ;       ; 2.936 ;
; SW[7]      ; HEX0[0]     ; 4.606 ; 4.606 ; 4.606 ; 4.606 ;
; SW[7]      ; HEX0[1]     ; 4.582 ; 4.582 ; 4.582 ; 4.582 ;
; SW[7]      ; HEX0[2]     ; 4.587 ; 4.587 ; 4.587 ; 4.587 ;
; SW[7]      ; HEX0[3]     ; 4.481 ; 4.481 ; 4.481 ; 4.481 ;
; SW[7]      ; HEX0[4]     ; 4.590 ; 4.491 ; 4.491 ; 4.590 ;
; SW[7]      ; HEX0[5]     ; 4.478 ; 4.478 ; 4.478 ; 4.478 ;
; SW[7]      ; HEX0[6]     ; 4.469 ; 4.469 ; 4.469 ; 4.469 ;
; SW[7]      ; HEX1[0]     ; 5.121 ; 5.215 ; 5.215 ; 5.121 ;
; SW[7]      ; HEX1[3]     ; 4.978 ; 5.072 ; 5.072 ; 4.978 ;
; SW[7]      ; HEX1[4]     ; 4.998 ; 5.092 ; 5.092 ; 4.998 ;
; SW[7]      ; HEX1[5]     ; 4.798 ; 4.892 ; 4.892 ; 4.798 ;
; SW[7]      ; HEX6[0]     ; 3.743 ; 3.743 ; 3.743 ; 3.743 ;
; SW[7]      ; HEX6[1]     ; 3.831 ; 3.831 ; 3.831 ; 3.831 ;
; SW[7]      ; HEX6[2]     ; 3.942 ; 3.942 ; 3.942 ; 3.942 ;
; SW[7]      ; HEX6[3]     ; 4.041 ; 4.041 ; 4.041 ; 4.041 ;
; SW[7]      ; HEX6[4]     ;       ; 4.575 ; 4.575 ;       ;
; SW[7]      ; HEX6[5]     ; 4.163 ; 4.163 ; 4.163 ; 4.163 ;
; SW[7]      ; HEX6[6]     ; 3.960 ; 3.960 ; 3.960 ; 3.960 ;
; SW[7]      ; LEDG[3]     ; 4.699 ; 4.699 ; 4.699 ; 4.699 ;
; SW[7]      ; LEDG[4]     ; 4.747 ;       ;       ; 4.747 ;
; SW[7]      ; LEDG[8]     ; 4.314 ;       ;       ; 4.314 ;
; SW[7]      ; LEDR[7]     ; 3.487 ;       ;       ; 3.487 ;
; SW[8]      ; HEX0[0]     ; 4.576 ; 4.576 ; 4.576 ; 4.576 ;
; SW[8]      ; HEX0[1]     ; 4.551 ; 4.551 ; 4.551 ; 4.551 ;
; SW[8]      ; HEX0[2]     ; 4.556 ; 4.556 ; 4.556 ; 4.556 ;
; SW[8]      ; HEX0[3]     ; 4.450 ; 4.450 ; 4.450 ; 4.450 ;
; SW[8]      ; HEX0[4]     ; 4.461 ; 4.461 ; 4.461 ; 4.461 ;
; SW[8]      ; HEX0[5]     ; 4.447 ; 4.447 ; 4.447 ; 4.447 ;
; SW[8]      ; HEX0[6]     ; 4.439 ; 4.439 ; 4.439 ; 4.439 ;
; SW[8]      ; HEX1[0]     ; 5.607 ; 5.607 ; 5.607 ; 5.607 ;
; SW[8]      ; HEX1[3]     ; 5.464 ; 5.464 ; 5.464 ; 5.464 ;
; SW[8]      ; HEX1[4]     ; 5.484 ; 5.484 ; 5.484 ; 5.484 ;
; SW[8]      ; HEX1[5]     ; 5.284 ; 5.284 ; 5.284 ; 5.284 ;
; SW[8]      ; LEDG[0]     ; 4.868 ; 4.868 ; 4.868 ; 4.868 ;
; SW[8]      ; LEDG[1]     ; 4.881 ; 4.881 ; 4.881 ; 4.881 ;
; SW[8]      ; LEDG[2]     ; 5.345 ; 5.345 ; 5.345 ; 5.345 ;
; SW[8]      ; LEDG[3]     ; 5.451 ; 5.451 ; 5.451 ; 5.451 ;
; SW[8]      ; LEDG[4]     ; 5.500 ;       ;       ; 5.500 ;
; SW[8]      ; LEDR[8]     ; 3.264 ;       ;       ; 3.264 ;
+------------+-------------+-------+-------+-------+-------+


-------------------
; Clock Transfers ;
-------------------
Nothing to report.


---------------
; Report TCCS ;
---------------
No dedicated SERDES Transmitter circuitry present in device or used in design


---------------
; Report RSKM ;
---------------
No dedicated SERDES Receiver circuitry present in device or used in design


+------------------------------------------------+
; Unconstrained Paths                            ;
+---------------------------------+-------+------+
; Property                        ; Setup ; Hold ;
+---------------------------------+-------+------+
; Illegal Clocks                  ; 0     ; 0    ;
; Unconstrained Clocks            ; 0     ; 0    ;
; Unconstrained Input Ports       ; 9     ; 9    ;
; Unconstrained Input Port Paths  ; 203   ; 203  ;
; Unconstrained Output Ports      ; 40    ; 40   ;
; Unconstrained Output Port Paths ; 203   ; 203  ;
+---------------------------------+-------+------+


+------------------------------------+
; TimeQuest Timing Analyzer Messages ;
+------------------------------------+
Info: *******************************************************************
Info: Running Quartus II 32-bit TimeQuest Timing Analyzer
    Info: Version 13.0.1 Build 232 06/12/2013 Service Pack 1 SJ Web Edition
    Info: Processing started: Wed Apr 23 09:21:32 2014
Info: Command: quartus_sta HW2Part4 -c HW2Part4
Info: qsta_default_script.tcl version: #1
Warning (20028): Parallel compilation is not licensed and has been disabled
Info (21077): Low junction temperature is 0 degrees C
Info (21077): High junction temperature is 85 degrees C
Critical Warning (332012): Synopsys Design Constraints File file not found: 'HW2Part4.sdc'. A Synopsys Design Constraints File is required by the TimeQuest Timing Analyzer to get proper timing constraints. Without it, the Compiler will not properly optimize the design.
Info (332142): No user constrained base clocks found in the design. Calling "derive_clocks -period 1.0"
Info (332096): The command derive_clocks did not find any clocks to derive.  No clocks were created or changed.
Warning (332068): No clocks defined in design.
Info: Found TIMEQUEST_REPORT_SCRIPT_INCLUDE_DEFAULT_ANALYSIS = ON
Info (332159): No clocks to report
Info: Analyzing Slow Model
Info (332140): No fmax paths to report
Info (332140): No Setup paths to report
Info (332140): No Hold paths to report
Info (332140): No Recovery paths to report
Info (332140): No Removal paths to report
Info (332140): No Minimum Pulse Width paths to report
Info (332001): The selected device family is not supported by the report_metastability command.
Info: Analyzing Fast Model
Info (332142): No user constrained base clocks found in the design. Calling "derive_clocks -period 1.0"
Info (332096): The command derive_clocks did not find any clocks to derive.  No clocks were created or changed.
Warning (332068): No clocks defined in design.
Info (332140): No Setup paths to report
Info (332140): No Hold paths to report
Info (332140): No Recovery paths to report
Info (332140): No Removal paths to report
Info (332140): No Minimum Pulse Width paths to report
Info (332001): The selected device family is not supported by the report_metastability command.
Info (332102): Design is not fully constrained for setup requirements
Info (332102): Design is not fully constrained for hold requirements
Info: Quartus II 32-bit TimeQuest Timing Analyzer was successful. 0 errors, 4 warnings
    Info: Peak virtual memory: 301 megabytes
    Info: Processing ended: Wed Apr 23 09:21:33 2014
    Info: Elapsed time: 00:00:01
    Info: Total CPU time (on all processors): 00:00:01


