Flow report for part4
Mon May  5 21:47:31 2014
Quartus II 32-bit Version 13.0.1 Build 232 06/12/2013 Service Pack 1 SJ Web Edition


---------------------
; Table of Contents ;
---------------------
  1. Legal Notice
  2. Flow Summary
  3. Flow Settings
  4. Flow Non-Default Global Settings
  5. Flow Elapsed Time
  6. Flow OS Summary
  7. Flow Log
  8. Flow Messages
  9. Flow Suppressed Messages



----------------
; Legal Notice ;
----------------
Copyright (C) 1991-2013 Altera Corporation
Your use of Altera Corporation's design tools, logic functions 
and other software and tools, and its AMPP partner logic 
functions, and any output files from any of the foregoing 
(including device programming or simulation files), and any 
associated documentation or information are expressly subject 
to the terms and conditions of the Altera Program License 
Subscription Agreement, Altera MegaCore Function License 
Agreement, or other applicable license agreement, including, 
without limitation, that your use is for the sole purpose of 
programming logic devices manufactured by Altera and sold by 
Altera or its authorized distributors.  Please refer to the 
applicable agreement for further details.



+--------------------------------------------------------------------------------------+
; Flow Summary                                                                         ;
+------------------------------------+-------------------------------------------------+
; Flow Status                        ; Successful - Mon May  5 21:47:31 2014           ;
; Quartus II 32-bit Version          ; 13.0.1 Build 232 06/12/2013 SP 1 SJ Web Edition ;
; Revision Name                      ; part4                                           ;
; Top-level Entity Name              ; Part4                                           ;
; Family                             ; Cyclone II                                      ;
; Device                             ; EP2C35F672C6                                    ;
; Timing Models                      ; Final                                           ;
; Total logic elements               ; 54 / 33,216 ( < 1 % )                           ;
;     Total combinational functions  ; 53 / 33,216 ( < 1 % )                           ;
;     Dedicated logic registers      ; 35 / 33,216 ( < 1 % )                           ;
; Total registers                    ; 35                                              ;
; Total pins                         ; 8 / 475 ( 2 % )                                 ;
; Total virtual pins                 ; 0                                               ;
; Total memory bits                  ; 0 / 483,840 ( 0 % )                             ;
; Embedded Multiplier 9-bit elements ; 0 / 70 ( 0 % )                                  ;
; Total PLLs                         ; 0 / 4 ( 0 % )                                   ;
+------------------------------------+-------------------------------------------------+


+-----------------------------------------+
; Flow Settings                           ;
+-------------------+---------------------+
; Option            ; Setting             ;
+-------------------+---------------------+
; Start date & time ; 05/05/2014 21:46:56 ;
; Main task         ; Compilation         ;
; Revision Name     ; part4               ;
+-------------------+---------------------+


+--------------------------------------------------------------------------------------------------------------------------------+
; Flow Non-Default Global Settings                                                                                               ;
+-----------------------------------------+---------------------------------------+---------------+-------------+----------------+
; Assignment Name                         ; Value                                 ; Default Value ; Entity Name ; Section Id     ;
+-----------------------------------------+---------------------------------------+---------------+-------------+----------------+
; ADV_NETLIST_OPT_SYNTH_WYSIWYG_REMAP     ; On                                    ; Off           ; --          ; --             ;
; AUTO_PACKED_REGISTERS_STRATIXII         ; Normal                                ; Auto          ; --          ; --             ;
; COMPILER_SIGNATURE_ID                   ; 0.139935161612786                     ; --            ; --          ; --             ;
; CYCLONEII_OPTIMIZATION_TECHNIQUE        ; Speed                                 ; Balanced      ; --          ; --             ;
; EDA_OUTPUT_DATA_FORMAT                  ; Vhdl                                  ; --            ; --          ; eda_simulation ;
; EDA_SIMULATION_TOOL                     ; ModelSim-Altera (VHDL)                ; <None>        ; --          ; --             ;
; ENABLE_DRC_SETTINGS                     ; On                                    ; Off           ; --          ; --             ;
; FITTER_EFFORT                           ; Standard Fit                          ; Auto Fit      ; --          ; --             ;
; MAX_CORE_JUNCTION_TEMP                  ; 85                                    ; --            ; --          ; --             ;
; MIN_CORE_JUNCTION_TEMP                  ; 0                                     ; --            ; --          ; --             ;
; MUX_RESTRUCTURE                         ; Off                                   ; Auto          ; --          ; --             ;
; OUTPUT_PIN_LOAD                         ; 2                                     ; --            ; --          ; 3.3-V LVTTL    ;
; OUTPUT_PIN_LOAD                         ; 10                                    ; --            ; --          ; 3.3-V PCI      ;
; OUTPUT_PIN_LOAD                         ; 10                                    ; --            ; --          ; 3.3-V PCI-X    ;
; PARTITION_COLOR                         ; 16764057                              ; --            ; Part4       ; Top            ;
; PARTITION_FITTER_PRESERVATION_LEVEL     ; PLACEMENT_AND_ROUTING                 ; --            ; Part4       ; Top            ;
; PARTITION_NETLIST_TYPE                  ; SOURCE                                ; --            ; Part4       ; Top            ;
; PHYSICAL_SYNTHESIS_COMBO_LOGIC          ; On                                    ; Off           ; --          ; --             ;
; PHYSICAL_SYNTHESIS_REGISTER_DUPLICATION ; On                                    ; Off           ; --          ; --             ;
; PHYSICAL_SYNTHESIS_REGISTER_RETIMING    ; On                                    ; Off           ; --          ; --             ;
; POWER_BOARD_THERMAL_MODEL               ; None (CONSERVATIVE)                   ; --            ; --          ; --             ;
; POWER_PRESET_COOLING_SOLUTION           ; 23 MM HEAT SINK WITH 200 LFPM AIRFLOW ; --            ; --          ; --             ;
; PROJECT_OUTPUT_DIRECTORY                ; output_files                          ; --            ; --          ; --             ;
; ROUTER_TIMING_OPTIMIZATION_LEVEL        ; MAXIMUM                               ; Normal        ; --          ; --             ;
; SMART_RECOMPILE                         ; On                                    ; Off           ; --          ; --             ;
; SYNTH_TIMING_DRIVEN_SYNTHESIS           ; On                                    ; Off           ; --          ; --             ;
+-----------------------------------------+---------------------------------------+---------------+-------------+----------------+


+-------------------------------------------------------------------------------------------------------------------------------+
; Flow Elapsed Time                                                                                                             ;
+---------------------------+--------------+-------------------------+---------------------+------------------------------------+
; Module Name               ; Elapsed Time ; Average Processors Used ; Peak Virtual Memory ; Total CPU Time (on all processors) ;
+---------------------------+--------------+-------------------------+---------------------+------------------------------------+
; Analysis & Synthesis      ; 00:00:03     ; 1.0                     ; 351 MB              ; 00:00:03                           ;
; Fitter                    ; 00:00:13     ; 1.0                     ; 474 MB              ; 00:00:14                           ;
; Assembler                 ; 00:00:04     ; 1.0                     ; 349 MB              ; 00:00:04                           ;
; TimeQuest Timing Analyzer ; 00:00:01     ; 1.0                     ; 301 MB              ; 00:00:01                           ;
; Design Assistant          ; 00:00:01     ; 1.0                     ; 296 MB              ; 00:00:01                           ;
; EDA Netlist Writer        ; 00:00:00     ; 1.0                     ; 315 MB              ; 00:00:01                           ;
; Total                     ; 00:00:22     ; --                      ; --                  ; 00:00:24                           ;
+---------------------------+--------------+-------------------------+---------------------+------------------------------------+


+------------------------------------------------------------------------------------------+
; Flow OS Summary                                                                          ;
+---------------------------+------------------+-------------+------------+----------------+
; Module Name               ; Machine Hostname ; OS Name     ; OS Version ; Processor type ;
+---------------------------+------------------+-------------+------------+----------------+
; Analysis & Synthesis      ; cn1              ; Fedora Core ; 19         ; x86_64         ;
; Fitter                    ; cn1              ; Fedora Core ; 19         ; x86_64         ;
; Assembler                 ; cn1              ; Fedora Core ; 19         ; x86_64         ;
; TimeQuest Timing Analyzer ; cn1              ; Fedora Core ; 19         ; x86_64         ;
; Design Assistant          ; cn1              ; Fedora Core ; 19         ; x86_64         ;
; EDA Netlist Writer        ; cn1              ; Fedora Core ; 19         ; x86_64         ;
+---------------------------+------------------+-------------+------------+----------------+


------------
; Flow Log ;
------------
quartus_map --read_settings_files=on --write_settings_files=off part4 -c part4
quartus_fit --read_settings_files=off --write_settings_files=off part4 -c part4
quartus_asm --read_settings_files=off --write_settings_files=off part4 -c part4
quartus_sta part4 -c part4
quartus_drc --read_settings_files=off --write_settings_files=off part4 -c part4
quartus_eda --read_settings_files=off --write_settings_files=off part4 -c part4



