\BOOKMARK [1][-]{section.1}{Vectors}{}% 1
\BOOKMARK [2][-]{subsection.1.1}{Geometry and Algebra of Vectors}{section.1}% 2
\BOOKMARK [3][-]{subsubsection.1.1.1}{Theorem 1.1}{subsection.1.1}% 3
\BOOKMARK [2][-]{subsection.1.2}{The Dot Product}{section.1}% 4
\BOOKMARK [3][-]{subsubsection.1.2.1}{Theorem 1.2}{subsection.1.2}% 5
\BOOKMARK [3][-]{subsubsection.1.2.2}{Theorem 1.3}{subsection.1.2}% 6
\BOOKMARK [3][-]{subsubsection.1.2.3}{Theorem 1.4}{subsection.1.2}% 7
\BOOKMARK [3][-]{subsubsection.1.2.4}{Theorem 1.5}{subsection.1.2}% 8
\BOOKMARK [3][-]{subsubsection.1.2.5}{Theorem 1.6}{subsection.1.2}% 9
\BOOKMARK [2][-]{subsection.1.3}{Lines and Planes}{section.1}% 10
\BOOKMARK [2][-]{subsection.1.4}{Applications}{section.1}% 11
\BOOKMARK [3][-]{subsubsection.1.4.1}{Force Vectors}{subsection.1.4}% 12
\BOOKMARK [3][-]{subsubsection.1.4.2}{Code Vectors}{subsection.1.4}% 13
\BOOKMARK [1][-]{section.2}{Systems of Linear Equations}{}% 14
\BOOKMARK [2][-]{subsection.2.1}{Intro to Systems of Linear Equations}{section.2}% 15
\BOOKMARK [2][-]{subsection.2.2}{Direct Methods for Solving}{section.2}% 16
\BOOKMARK [2][-]{subsection.2.3}{Spanning Sets and Linear Independence}{section.2}% 17
\BOOKMARK [2][-]{subsection.2.4}{Applications}{section.2}% 18
\BOOKMARK [3][-]{subsubsection.2.4.1}{Allocation of Resources}{subsection.2.4}% 19
\BOOKMARK [3][-]{subsubsection.2.4.2}{Balancing Chemical Equations}{subsection.2.4}% 20
\BOOKMARK [3][-]{subsubsection.2.4.3}{Network Analysis}{subsection.2.4}% 21
\BOOKMARK [3][-]{subsubsection.2.4.4}{Electrical Networks}{subsection.2.4}% 22
\BOOKMARK [3][-]{subsubsection.2.4.5}{Linear Economic Models}{subsection.2.4}% 23
\BOOKMARK [3][-]{subsubsection.2.4.6}{Finite Linear Games}{subsection.2.4}% 24
\BOOKMARK [2][-]{subsection.2.5}{Iterative Methods for Solving}{section.2}% 25
\BOOKMARK [1][-]{section.3}{Matrices}{}% 26
\BOOKMARK [2][-]{subsection.3.1}{Intro to Matrices in Action}{section.3}% 27
\BOOKMARK [2][-]{subsection.3.2}{Matrix Operations}{section.3}% 28
\BOOKMARK [2][-]{subsection.3.3}{Matrix Algebra}{section.3}% 29
\BOOKMARK [2][-]{subsection.3.4}{The inverse of a Matrix}{section.3}% 30
\BOOKMARK [2][-]{subsection.3.5}{The LU Factorization}{section.3}% 31
\BOOKMARK [2][-]{subsection.3.6}{Subspaces, Basis, Dimension, and Rank}{section.3}% 32
\BOOKMARK [2][-]{subsection.3.7}{Intro to Linear Transformations}{section.3}% 33
\BOOKMARK [2][-]{subsection.3.8}{Applications}{section.3}% 34
\BOOKMARK [3][-]{subsubsection.3.8.1}{Markov Chains}{subsection.3.8}% 35
\BOOKMARK [3][-]{subsubsection.3.8.2}{Linear Economic Models}{subsection.3.8}% 36
\BOOKMARK [3][-]{subsubsection.3.8.3}{Population Growth}{subsection.3.8}% 37
\BOOKMARK [3][-]{subsubsection.3.8.4}{Graphs and Digraphs}{subsection.3.8}% 38
\BOOKMARK [3][-]{subsubsection.3.8.5}{Error-Correcting Codes}{subsection.3.8}% 39
\BOOKMARK [1][-]{section.4}{Eigenvalues and Eigenvectors}{}% 40
\BOOKMARK [2][-]{subsection.4.1}{Introduction}{section.4}% 41
\BOOKMARK [2][-]{subsection.4.2}{Determinants}{section.4}% 42
\BOOKMARK [2][-]{subsection.4.3}{Eigenvalues and vectors of n n Matrices}{section.4}% 43
\BOOKMARK [2][-]{subsection.4.4}{Similarity and Diagonalization}{section.4}% 44
\BOOKMARK [2][-]{subsection.4.5}{Iterative Methods for Computing Eigenvalues}{section.4}% 45
\BOOKMARK [2][-]{subsection.4.6}{Applications and the Perron-Frobenius Theorem}{section.4}% 46
\BOOKMARK [3][-]{subsubsection.4.6.1}{Markov Chains}{subsection.4.6}% 47
\BOOKMARK [3][-]{subsubsection.4.6.2}{Population Growth}{subsection.4.6}% 48
\BOOKMARK [3][-]{subsubsection.4.6.3}{The Perron-Frobenius Theorem}{subsection.4.6}% 49
\BOOKMARK [3][-]{subsubsection.4.6.4}{Linear Recurrence Relations}{subsection.4.6}% 50
\BOOKMARK [3][-]{subsubsection.4.6.5}{Systems of Linear Differential Equations}{subsection.4.6}% 51
\BOOKMARK [3][-]{subsubsection.4.6.6}{Discrete Linear Dynamical Systems}{subsection.4.6}% 52
\BOOKMARK [1][-]{section.5}{Orthogonality}{}% 53
\BOOKMARK [2][-]{subsection.5.1}{Orthogonality in Rn}{section.5}% 54
\BOOKMARK [2][-]{subsection.5.2}{Orthogonal Complements and Orthogonal Projections}{section.5}% 55
\BOOKMARK [2][-]{subsection.5.3}{The Gram-Schmidt Process and the QR Factorization}{section.5}% 56
\BOOKMARK [2][-]{subsection.5.4}{Orthogonal Diagonalization of Symmetric Matrices}{section.5}% 57
\BOOKMARK [2][-]{subsection.5.5}{Applications}{section.5}% 58
\BOOKMARK [3][-]{subsubsection.5.5.1}{Dual Codes}{subsection.5.5}% 59
\BOOKMARK [3][-]{subsubsection.5.5.2}{Quadratic Forms}{subsection.5.5}% 60
\BOOKMARK [3][-]{subsubsection.5.5.3}{Graphing Quadratic Equations}{subsection.5.5}% 61
\BOOKMARK [1][-]{section.6}{Vector Spaces}{}% 62
\BOOKMARK [2][-]{subsection.6.1}{Vector Spaces and Subspaces}{section.6}% 63
\BOOKMARK [2][-]{subsection.6.2}{Linear Independence, Basis, and Dimension}{section.6}% 64
\BOOKMARK [2][-]{subsection.6.3}{Change of Basis}{section.6}% 65
\BOOKMARK [2][-]{subsection.6.4}{Linear Transformations}{section.6}% 66
\BOOKMARK [2][-]{subsection.6.5}{The Kernel and Range of a Linear Transformation}{section.6}% 67
\BOOKMARK [2][-]{subsection.6.6}{The Matrix of a Linear Transformation}{section.6}% 68
\BOOKMARK [2][-]{subsection.6.7}{Applications}{section.6}% 69
\BOOKMARK [3][-]{subsubsection.6.7.1}{Homogeneous Linear Differential Equations}{subsection.6.7}% 70
\BOOKMARK [3][-]{subsubsection.6.7.2}{Linear Codes}{subsection.6.7}% 71
\BOOKMARK [1][-]{section.7}{Distance and Approximation}{}% 72
\BOOKMARK [2][-]{subsection.7.1}{Inner Product Spaces}{section.7}% 73
\BOOKMARK [2][-]{subsection.7.2}{Norms and Distance Functions}{section.7}% 74
\BOOKMARK [2][-]{subsection.7.3}{Least Squares Approximation}{section.7}% 75
\BOOKMARK [2][-]{subsection.7.4}{The Singular Value Decomposition}{section.7}% 76
\BOOKMARK [2][-]{subsection.7.5}{Applications}{section.7}% 77
\BOOKMARK [3][-]{subsubsection.7.5.1}{Approximation of Functions}{subsection.7.5}% 78
\BOOKMARK [3][-]{subsubsection.7.5.2}{Error-Correcting Codes}{subsection.7.5}% 79
