Analysis & Synthesis report for Part5
Tue May 27 11:01:03 2014
Quartus II 32-bit Version 13.0.1 Build 232 06/12/2013 Service Pack 1 SJ Web Edition


---------------------
; Table of Contents ;
---------------------
  1. Legal Notice
  2. Analysis & Synthesis Summary
  3. Analysis & Synthesis Settings
  4. Parallel Compilation
  5. Analysis & Synthesis Source Files Read
  6. Analysis & Synthesis Resource Usage Summary
  7. Analysis & Synthesis Resource Utilization by Entity
  8. Registers Removed During Synthesis
  9. General Register Statistics
 10. Multiplexer Restructuring Statistics (Restructuring Performed)
 11. Parameter Settings for User Entity Instance: RegisterFile:RF1|DecoderN:WriteDecoder
 12. Parameter Settings for User Entity Instance: RegisterFile:RF1|DecoderN:ReadDecoder
 13. Parameter Settings for User Entity Instance: RegisterFile:RF1|DecoderN:ReadDecoder2
 14. Parameter Settings for User Entity Instance: RegisterFile:RF1|RegisterDualOE:Reg0
 15. Parameter Settings for User Entity Instance: RegisterFile:RF1|RegisterDualOE:Reg1
 16. Parameter Settings for User Entity Instance: RegisterFile:RF1|RegisterDualOE:Reg2
 17. Parameter Settings for User Entity Instance: RegisterFile:RF1|RegisterDualOE:Reg3
 18. Parameter Settings for User Entity Instance: RegisterFile:RF1|RegisterDualOE:Reg4
 19. Parameter Settings for User Entity Instance: RegisterFile:RF1|RegisterDualOE:Reg5
 20. Parameter Settings for User Entity Instance: RegisterFile:RF1|RegisterDualOE:Reg6
 21. Parameter Settings for User Entity Instance: RegisterFile:RF1|RegisterDualOE:Reg7
 22. Parameter Settings for User Entity Instance: RegisterFile:RF1|RegisterDualOE:Reg8
 23. Parameter Settings for User Entity Instance: RegisterFile:RF1|RegisterDualOE:Reg9
 24. Parameter Settings for User Entity Instance: RegisterFile:RF1|RegisterDualOE:Reg10
 25. Parameter Settings for User Entity Instance: RegisterFile:RF1|RegisterDualOE:Reg11
 26. Parameter Settings for User Entity Instance: RegisterFile:RF1|RegisterDualOE:Reg12
 27. Parameter Settings for User Entity Instance: RegisterFile:RF1|RegisterDualOE:Reg13
 28. Parameter Settings for User Entity Instance: RegisterFile:RF1|RegisterDualOE:Reg14
 29. Parameter Settings for User Entity Instance: RegisterFile:RF1|RegisterDualOE:Reg15
 30. Port Connectivity Checks: "RegisterFile:RF1"
 31. Elapsed Time Per Partition
 32. Analysis & Synthesis Messages
 33. Analysis & Synthesis Suppressed Messages



----------------
; Legal Notice ;
----------------
Copyright (C) 1991-2013 Altera Corporation
Your use of Altera Corporation's design tools, logic functions 
and other software and tools, and its AMPP partner logic 
functions, and any output files from any of the foregoing 
(including device programming or simulation files), and any 
associated documentation or information are expressly subject 
to the terms and conditions of the Altera Program License 
Subscription Agreement, Altera MegaCore Function License 
Agreement, or other applicable license agreement, including, 
without limitation, that your use is for the sole purpose of 
programming logic devices manufactured by Altera and sold by 
Altera or its authorized distributors.  Please refer to the 
applicable agreement for further details.



+--------------------------------------------------------------------------------------+
; Analysis & Synthesis Summary                                                         ;
+------------------------------------+-------------------------------------------------+
; Analysis & Synthesis Status        ; Successful - Tue May 27 11:01:03 2014           ;
; Quartus II 32-bit Version          ; 13.0.1 Build 232 06/12/2013 SP 1 SJ Web Edition ;
; Revision Name                      ; Part5                                           ;
; Top-level Entity Name              ; Part5                                           ;
; Family                             ; Cyclone II                                      ;
; Total logic elements               ; 256                                             ;
;     Total combinational functions  ; 166                                             ;
;     Dedicated logic registers      ; 96                                              ;
; Total registers                    ; 96                                              ;
; Total pins                         ; 94                                              ;
; Total virtual pins                 ; 0                                               ;
; Total memory bits                  ; 0                                               ;
; Embedded Multiplier 9-bit elements ; 0                                               ;
; Total PLLs                         ; 0                                               ;
+------------------------------------+-------------------------------------------------+


+----------------------------------------------------------------------------------------------------------------------+
; Analysis & Synthesis Settings                                                                                        ;
+----------------------------------------------------------------------------+--------------------+--------------------+
; Option                                                                     ; Setting            ; Default Value      ;
+----------------------------------------------------------------------------+--------------------+--------------------+
; Device                                                                     ; EP2C35F672C6       ;                    ;
; Top-level entity name                                                      ; Part5              ; Part5              ;
; Family name                                                                ; Cyclone II         ; Cyclone IV GX      ;
; Use smart compilation                                                      ; Off                ; Off                ;
; Enable parallel Assembler and TimeQuest Timing Analyzer during compilation ; On                 ; On                 ;
; Enable compact report table                                                ; Off                ; Off                ;
; Restructure Multiplexers                                                   ; Auto               ; Auto               ;
; Create Debugging Nodes for IP Cores                                        ; Off                ; Off                ;
; Preserve fewer node names                                                  ; On                 ; On                 ;
; Disable OpenCore Plus hardware evaluation                                  ; Off                ; Off                ;
; Verilog Version                                                            ; Verilog_2001       ; Verilog_2001       ;
; VHDL Version                                                               ; VHDL_1993          ; VHDL_1993          ;
; State Machine Processing                                                   ; Auto               ; Auto               ;
; Safe State Machine                                                         ; Off                ; Off                ;
; Extract Verilog State Machines                                             ; On                 ; On                 ;
; Extract VHDL State Machines                                                ; On                 ; On                 ;
; Ignore Verilog initial constructs                                          ; Off                ; Off                ;
; Iteration limit for constant Verilog loops                                 ; 5000               ; 5000               ;
; Iteration limit for non-constant Verilog loops                             ; 250                ; 250                ;
; Add Pass-Through Logic to Inferred RAMs                                    ; On                 ; On                 ;
; Infer RAMs from Raw Logic                                                  ; On                 ; On                 ;
; Parallel Synthesis                                                         ; On                 ; On                 ;
; DSP Block Balancing                                                        ; Auto               ; Auto               ;
; NOT Gate Push-Back                                                         ; On                 ; On                 ;
; Power-Up Don't Care                                                        ; On                 ; On                 ;
; Remove Redundant Logic Cells                                               ; Off                ; Off                ;
; Remove Duplicate Registers                                                 ; On                 ; On                 ;
; Ignore CARRY Buffers                                                       ; Off                ; Off                ;
; Ignore CASCADE Buffers                                                     ; Off                ; Off                ;
; Ignore GLOBAL Buffers                                                      ; Off                ; Off                ;
; Ignore ROW GLOBAL Buffers                                                  ; Off                ; Off                ;
; Ignore LCELL Buffers                                                       ; Off                ; Off                ;
; Ignore SOFT Buffers                                                        ; On                 ; On                 ;
; Limit AHDL Integers to 32 Bits                                             ; Off                ; Off                ;
; Optimization Technique                                                     ; Balanced           ; Balanced           ;
; Carry Chain Length                                                         ; 70                 ; 70                 ;
; Auto Carry Chains                                                          ; On                 ; On                 ;
; Auto Open-Drain Pins                                                       ; On                 ; On                 ;
; Perform WYSIWYG Primitive Resynthesis                                      ; Off                ; Off                ;
; Auto ROM Replacement                                                       ; On                 ; On                 ;
; Auto RAM Replacement                                                       ; On                 ; On                 ;
; Auto Shift Register Replacement                                            ; Auto               ; Auto               ;
; Allow Shift Register Merging across Hierarchies                            ; Auto               ; Auto               ;
; Auto Clock Enable Replacement                                              ; On                 ; On                 ;
; Strict RAM Replacement                                                     ; Off                ; Off                ;
; Allow Synchronous Control Signals                                          ; On                 ; On                 ;
; Force Use of Synchronous Clear Signals                                     ; Off                ; Off                ;
; Auto RAM to Logic Cell Conversion                                          ; Off                ; Off                ;
; Auto Resource Sharing                                                      ; Off                ; Off                ;
; Allow Any RAM Size For Recognition                                         ; Off                ; Off                ;
; Allow Any ROM Size For Recognition                                         ; Off                ; Off                ;
; Allow Any Shift Register Size For Recognition                              ; Off                ; Off                ;
; Use LogicLock Constraints during Resource Balancing                        ; On                 ; On                 ;
; Ignore translate_off and synthesis_off directives                          ; Off                ; Off                ;
; Timing-Driven Synthesis                                                    ; Off                ; Off                ;
; Report Parameter Settings                                                  ; On                 ; On                 ;
; Report Source Assignments                                                  ; On                 ; On                 ;
; Report Connectivity Checks                                                 ; On                 ; On                 ;
; Ignore Maximum Fan-Out Assignments                                         ; Off                ; Off                ;
; Synchronization Register Chain Length                                      ; 2                  ; 2                  ;
; PowerPlay Power Optimization                                               ; Normal compilation ; Normal compilation ;
; HDL message level                                                          ; Level2             ; Level2             ;
; Suppress Register Optimization Related Messages                            ; Off                ; Off                ;
; Number of Removed Registers Reported in Synthesis Report                   ; 5000               ; 5000               ;
; Number of Swept Nodes Reported in Synthesis Report                         ; 5000               ; 5000               ;
; Number of Inverted Registers Reported in Synthesis Report                  ; 100                ; 100                ;
; Clock MUX Protection                                                       ; On                 ; On                 ;
; Auto Gated Clock Conversion                                                ; Off                ; Off                ;
; Block Design Naming                                                        ; Auto               ; Auto               ;
; SDC constraint protection                                                  ; Off                ; Off                ;
; Synthesis Effort                                                           ; Auto               ; Auto               ;
; Shift Register Replacement - Allow Asynchronous Clear Signal               ; On                 ; On                 ;
; Pre-Mapping Resynthesis Optimization                                       ; Off                ; Off                ;
; Analysis & Synthesis Message Level                                         ; Medium             ; Medium             ;
; Disable Register Merging Across Hierarchies                                ; Auto               ; Auto               ;
; Resource Aware Inference For Block RAM                                     ; On                 ; On                 ;
; Synthesis Seed                                                             ; 1                  ; 1                  ;
+----------------------------------------------------------------------------+--------------------+--------------------+


Parallel compilation was disabled, but you have multiple processors available. Enable parallel compilation to reduce compilation time.
+-------------------------------------+
; Parallel Compilation                ;
+----------------------------+--------+
; Processors                 ; Number ;
+----------------------------+--------+
; Number detected on machine ; 4      ;
; Maximum allowed            ; 1      ;
+----------------------------+--------+


+------------------------------------------------------------------------------------------------------------------------------------------------------------------------------+
; Analysis & Synthesis Source Files Read                                                                                                                                       ;
+----------------------------------+-----------------+------------------------+--------------------------------------------------------------------------------------+---------+
; File Name with User-Entered Path ; Used in Netlist ; File Type              ; File Name with Absolute Path                                                         ; Library ;
+----------------------------------+-----------------+------------------------+--------------------------------------------------------------------------------------+---------+
; Part5.v                          ; yes             ; User Verilog HDL File  ; /run/media/ghg/ERIC/School Stuff/TCES 330/benf94 - Homework06/Part5/Part5.v          ;         ;
; RegisterFile.v                   ; yes             ; User Verilog HDL File  ; /run/media/ghg/ERIC/School Stuff/TCES 330/benf94 - Homework06/Part5/RegisterFile.v   ;         ;
; RegisterDualOE.v                 ; yes             ; User Verilog HDL File  ; /run/media/ghg/ERIC/School Stuff/TCES 330/benf94 - Homework06/Part5/RegisterDualOE.v ;         ;
; DecoderN.v                       ; yes             ; User Verilog HDL File  ; /run/media/ghg/ERIC/School Stuff/TCES 330/benf94 - Homework06/Part5/DecoderN.v       ;         ;
; Hex7Seg.v                        ; yes             ; User Verilog HDL File  ; /run/media/ghg/ERIC/School Stuff/TCES 330/benf94 - Homework06/Part5/Hex7Seg.v        ;         ;
+----------------------------------+-----------------+------------------------+--------------------------------------------------------------------------------------+---------+


+------------------------------------------------------+
; Analysis & Synthesis Resource Usage Summary          ;
+---------------------------------------------+--------+
; Resource                                    ; Usage  ;
+---------------------------------------------+--------+
; Estimated Total logic elements              ; 256    ;
;                                             ;        ;
; Total combinational functions               ; 166    ;
; Logic element usage by number of LUT inputs ;        ;
;     -- 4 input functions                    ; 150    ;
;     -- 3 input functions                    ; 0      ;
;     -- <=2 input functions                  ; 16     ;
;                                             ;        ;
; Logic elements by mode                      ;        ;
;     -- normal mode                          ; 166    ;
;     -- arithmetic mode                      ; 0      ;
;                                             ;        ;
; Total registers                             ; 96     ;
;     -- Dedicated logic registers            ; 96     ;
;     -- I/O registers                        ; 0      ;
;                                             ;        ;
; I/O pins                                    ; 94     ;
; Embedded Multiplier 9-bit elements          ; 0      ;
; Maximum fan-out node                        ; KEY[0] ;
; Maximum fan-out                             ; 96     ;
; Total fan-out                               ; 964    ;
; Average fan-out                             ; 2.71   ;
+---------------------------------------------+--------+


+--------------------------------------------------------------------------------------------------------------------------------------------------------------------------------------------------------+
; Analysis & Synthesis Resource Utilization by Entity                                                                                                                                                    ;
+------------------------------+-------------------+--------------+-------------+--------------+---------+-----------+------+--------------+----------------------------------------------+--------------+
; Compilation Hierarchy Node   ; LC Combinationals ; LC Registers ; Memory Bits ; DSP Elements ; DSP 9x9 ; DSP 18x18 ; Pins ; Virtual Pins ; Full Hierarchy Name                          ; Library Name ;
+------------------------------+-------------------+--------------+-------------+--------------+---------+-----------+------+--------------+----------------------------------------------+--------------+
; |Part5                       ; 166 (0)           ; 96 (0)       ; 0           ; 0            ; 0       ; 0         ; 94   ; 0            ; |Part5                                       ; work         ;
;    |Hex7Seg:H0|              ; 7 (7)             ; 0 (0)        ; 0           ; 0            ; 0       ; 0         ; 0    ; 0            ; |Part5|Hex7Seg:H0                            ; work         ;
;    |Hex7Seg:H1|              ; 3 (3)             ; 0 (0)        ; 0           ; 0            ; 0       ; 0         ; 0    ; 0            ; |Part5|Hex7Seg:H1                            ; work         ;
;    |Hex7Seg:H4|              ; 7 (7)             ; 0 (0)        ; 0           ; 0            ; 0       ; 0         ; 0    ; 0            ; |Part5|Hex7Seg:H4                            ; work         ;
;    |Hex7Seg:H5|              ; 3 (3)             ; 0 (0)        ; 0           ; 0            ; 0       ; 0         ; 0    ; 0            ; |Part5|Hex7Seg:H5                            ; work         ;
;    |RegisterFile:RF1|        ; 146 (120)         ; 96 (0)       ; 0           ; 0            ; 0       ; 0         ; 0    ; 0            ; |Part5|RegisterFile:RF1                      ; work         ;
;       |RegisterDualOE:Reg0|  ; 7 (7)             ; 6 (6)        ; 0           ; 0            ; 0       ; 0         ; 0    ; 0            ; |Part5|RegisterFile:RF1|RegisterDualOE:Reg0  ; work         ;
;       |RegisterDualOE:Reg10| ; 2 (2)             ; 6 (6)        ; 0           ; 0            ; 0       ; 0         ; 0    ; 0            ; |Part5|RegisterFile:RF1|RegisterDualOE:Reg10 ; work         ;
;       |RegisterDualOE:Reg11| ; 2 (2)             ; 6 (6)        ; 0           ; 0            ; 0       ; 0         ; 0    ; 0            ; |Part5|RegisterFile:RF1|RegisterDualOE:Reg11 ; work         ;
;       |RegisterDualOE:Reg12| ; 1 (1)             ; 6 (6)        ; 0           ; 0            ; 0       ; 0         ; 0    ; 0            ; |Part5|RegisterFile:RF1|RegisterDualOE:Reg12 ; work         ;
;       |RegisterDualOE:Reg13| ; 1 (1)             ; 6 (6)        ; 0           ; 0            ; 0       ; 0         ; 0    ; 0            ; |Part5|RegisterFile:RF1|RegisterDualOE:Reg13 ; work         ;
;       |RegisterDualOE:Reg14| ; 1 (1)             ; 6 (6)        ; 0           ; 0            ; 0       ; 0         ; 0    ; 0            ; |Part5|RegisterFile:RF1|RegisterDualOE:Reg14 ; work         ;
;       |RegisterDualOE:Reg15| ; 1 (1)             ; 6 (6)        ; 0           ; 0            ; 0       ; 0         ; 0    ; 0            ; |Part5|RegisterFile:RF1|RegisterDualOE:Reg15 ; work         ;
;       |RegisterDualOE:Reg1|  ; 1 (1)             ; 6 (6)        ; 0           ; 0            ; 0       ; 0         ; 0    ; 0            ; |Part5|RegisterFile:RF1|RegisterDualOE:Reg1  ; work         ;
;       |RegisterDualOE:Reg2|  ; 1 (1)             ; 6 (6)        ; 0           ; 0            ; 0       ; 0         ; 0    ; 0            ; |Part5|RegisterFile:RF1|RegisterDualOE:Reg2  ; work         ;
;       |RegisterDualOE:Reg3|  ; 1 (1)             ; 6 (6)        ; 0           ; 0            ; 0       ; 0         ; 0    ; 0            ; |Part5|RegisterFile:RF1|RegisterDualOE:Reg3  ; work         ;
;       |RegisterDualOE:Reg4|  ; 2 (2)             ; 6 (6)        ; 0           ; 0            ; 0       ; 0         ; 0    ; 0            ; |Part5|RegisterFile:RF1|RegisterDualOE:Reg4  ; work         ;
;       |RegisterDualOE:Reg5|  ; 2 (2)             ; 6 (6)        ; 0           ; 0            ; 0       ; 0         ; 0    ; 0            ; |Part5|RegisterFile:RF1|RegisterDualOE:Reg5  ; work         ;
;       |RegisterDualOE:Reg6|  ; 1 (1)             ; 6 (6)        ; 0           ; 0            ; 0       ; 0         ; 0    ; 0            ; |Part5|RegisterFile:RF1|RegisterDualOE:Reg6  ; work         ;
;       |RegisterDualOE:Reg7|  ; 1 (1)             ; 6 (6)        ; 0           ; 0            ; 0       ; 0         ; 0    ; 0            ; |Part5|RegisterFile:RF1|RegisterDualOE:Reg7  ; work         ;
;       |RegisterDualOE:Reg8|  ; 1 (1)             ; 6 (6)        ; 0           ; 0            ; 0       ; 0         ; 0    ; 0            ; |Part5|RegisterFile:RF1|RegisterDualOE:Reg8  ; work         ;
;       |RegisterDualOE:Reg9|  ; 1 (1)             ; 6 (6)        ; 0           ; 0            ; 0       ; 0         ; 0    ; 0            ; |Part5|RegisterFile:RF1|RegisterDualOE:Reg9  ; work         ;
+------------------------------+-------------------+--------------+-------------+--------------+---------+-----------+------+--------------+----------------------------------------------+--------------+
Note: For table entries with two numbers listed, the numbers in parentheses indicate the number of resources of the given type used by the specific entity alone. The numbers listed outside of parentheses indicate the total resources of the given type used by the specific entity and all of its sub-entities in the hierarchy.


+---------------------------------------------------------------------------------------------------------------------+
; Registers Removed During Synthesis                                                                                  ;
+---------------------------------------------------------+-----------------------------------------------------------+
; Register name                                           ; Reason for Removal                                        ;
+---------------------------------------------------------+-----------------------------------------------------------+
; RegisterFile:RF1|RegisterDualOE:Reg15|Q_a[1]            ; Merged with RegisterFile:RF1|RegisterDualOE:Reg15|Q_b[1]  ;
; RegisterFile:RF1|RegisterDualOE:Reg15|Q_a[3]            ; Merged with RegisterFile:RF1|RegisterDualOE:Reg15|Q_b[3]  ;
; RegisterFile:RF1|RegisterDualOE:Reg15|Q_a[4]            ; Merged with RegisterFile:RF1|RegisterDualOE:Reg15|Q_b[4]  ;
; RegisterFile:RF1|RegisterDualOE:Reg15|Q_a[5]            ; Merged with RegisterFile:RF1|RegisterDualOE:Reg15|Q_b[5]  ;
; RegisterFile:RF1|RegisterDualOE:Reg15|Q_b[14]           ; Merged with RegisterFile:RF1|RegisterDualOE:Reg15|Q_b[6]  ;
; RegisterFile:RF1|RegisterDualOE:Reg15|Q_a[14]           ; Merged with RegisterFile:RF1|RegisterDualOE:Reg15|Q_b[6]  ;
; RegisterFile:RF1|RegisterDualOE:Reg15|Q_a[15]           ; Merged with RegisterFile:RF1|RegisterDualOE:Reg15|Q_b[7]  ;
; RegisterFile:RF1|RegisterDualOE:Reg15|Q_b[9,15]         ; Merged with RegisterFile:RF1|RegisterDualOE:Reg15|Q_b[7]  ;
; RegisterFile:RF1|RegisterDualOE:Reg15|Q_a[8]            ; Merged with RegisterFile:RF1|RegisterDualOE:Reg15|Q_b[8]  ;
; RegisterFile:RF1|RegisterDualOE:Reg15|Q_b[12]           ; Merged with RegisterFile:RF1|RegisterDualOE:Reg15|Q_b[8]  ;
; RegisterFile:RF1|RegisterDualOE:Reg15|Q_a[12]           ; Merged with RegisterFile:RF1|RegisterDualOE:Reg15|Q_b[8]  ;
; RegisterFile:RF1|RegisterDualOE:Reg15|Q_a[6,10]         ; Merged with RegisterFile:RF1|RegisterDualOE:Reg15|Q_b[10] ;
; RegisterFile:RF1|RegisterDualOE:Reg15|Q_a[7,9,11]       ; Merged with RegisterFile:RF1|RegisterDualOE:Reg15|Q_b[11] ;
; RegisterFile:RF1|RegisterDualOE:Reg15|Q_b[13]           ; Merged with RegisterFile:RF1|RegisterDualOE:Reg15|Q_b[11] ;
; RegisterFile:RF1|RegisterDualOE:Reg15|Q_a[13]           ; Merged with RegisterFile:RF1|RegisterDualOE:Reg15|Q_b[11] ;
; RegisterFile:RF1|RegisterDualOE:Reg14|Q_a[0]            ; Merged with RegisterFile:RF1|RegisterDualOE:Reg14|Q_b[0]  ;
; RegisterFile:RF1|RegisterDualOE:Reg14|Q_a[2]            ; Merged with RegisterFile:RF1|RegisterDualOE:Reg14|Q_b[2]  ;
; RegisterFile:RF1|RegisterDualOE:Reg14|Q_a[4]            ; Merged with RegisterFile:RF1|RegisterDualOE:Reg14|Q_b[4]  ;
; RegisterFile:RF1|RegisterDualOE:Reg14|Q_b[14]           ; Merged with RegisterFile:RF1|RegisterDualOE:Reg14|Q_b[6]  ;
; RegisterFile:RF1|RegisterDualOE:Reg14|Q_a[6]            ; Merged with RegisterFile:RF1|RegisterDualOE:Reg14|Q_b[6]  ;
; RegisterFile:RF1|RegisterDualOE:Reg14|Q_b[10]           ; Merged with RegisterFile:RF1|RegisterDualOE:Reg14|Q_b[6]  ;
; RegisterFile:RF1|RegisterDualOE:Reg14|Q_a[10]           ; Merged with RegisterFile:RF1|RegisterDualOE:Reg14|Q_b[6]  ;
; RegisterFile:RF1|RegisterDualOE:Reg14|Q_b[9,11,13,15]   ; Merged with RegisterFile:RF1|RegisterDualOE:Reg14|Q_b[7]  ;
; RegisterFile:RF1|RegisterDualOE:Reg14|Q_b[12]           ; Merged with RegisterFile:RF1|RegisterDualOE:Reg14|Q_b[8]  ;
; RegisterFile:RF1|RegisterDualOE:Reg14|Q_a[8,12,15]      ; Merged with RegisterFile:RF1|RegisterDualOE:Reg14|Q_b[8]  ;
; RegisterFile:RF1|RegisterDualOE:Reg14|Q_a[9,11,13,14]   ; Merged with RegisterFile:RF1|RegisterDualOE:Reg14|Q_a[7]  ;
; RegisterFile:RF1|RegisterDualOE:Reg13|Q_a[0]            ; Merged with RegisterFile:RF1|RegisterDualOE:Reg13|Q_b[0]  ;
; RegisterFile:RF1|RegisterDualOE:Reg13|Q_a[1]            ; Merged with RegisterFile:RF1|RegisterDualOE:Reg13|Q_b[1]  ;
; RegisterFile:RF1|RegisterDualOE:Reg13|Q_a[2]            ; Merged with RegisterFile:RF1|RegisterDualOE:Reg13|Q_b[2]  ;
; RegisterFile:RF1|RegisterDualOE:Reg13|Q_a[3]            ; Merged with RegisterFile:RF1|RegisterDualOE:Reg13|Q_b[3]  ;
; RegisterFile:RF1|RegisterDualOE:Reg13|Q_a[4]            ; Merged with RegisterFile:RF1|RegisterDualOE:Reg13|Q_b[4]  ;
; RegisterFile:RF1|RegisterDualOE:Reg13|Q_a[5]            ; Merged with RegisterFile:RF1|RegisterDualOE:Reg13|Q_b[5]  ;
; RegisterFile:RF1|RegisterDualOE:Reg13|Q_a[14]           ; Merged with RegisterFile:RF1|RegisterDualOE:Reg13|Q_b[6]  ;
; RegisterFile:RF1|RegisterDualOE:Reg13|Q_b[14]           ; Merged with RegisterFile:RF1|RegisterDualOE:Reg13|Q_b[6]  ;
; RegisterFile:RF1|RegisterDualOE:Reg13|Q_a[6]            ; Merged with RegisterFile:RF1|RegisterDualOE:Reg13|Q_b[6]  ;
; RegisterFile:RF1|RegisterDualOE:Reg13|Q_b[10]           ; Merged with RegisterFile:RF1|RegisterDualOE:Reg13|Q_b[6]  ;
; RegisterFile:RF1|RegisterDualOE:Reg13|Q_a[10]           ; Merged with RegisterFile:RF1|RegisterDualOE:Reg13|Q_b[6]  ;
; RegisterFile:RF1|RegisterDualOE:Reg13|Q_b[9,11,13,15]   ; Merged with RegisterFile:RF1|RegisterDualOE:Reg13|Q_b[7]  ;
; RegisterFile:RF1|RegisterDualOE:Reg13|Q_a[7,9,11,13,15] ; Merged with RegisterFile:RF1|RegisterDualOE:Reg13|Q_b[7]  ;
; RegisterFile:RF1|RegisterDualOE:Reg13|Q_b[12]           ; Merged with RegisterFile:RF1|RegisterDualOE:Reg13|Q_b[8]  ;
; RegisterFile:RF1|RegisterDualOE:Reg13|Q_a[8,12]         ; Merged with RegisterFile:RF1|RegisterDualOE:Reg13|Q_b[8]  ;
; RegisterFile:RF1|RegisterDualOE:Reg12|Q_a[0]            ; Merged with RegisterFile:RF1|RegisterDualOE:Reg12|Q_b[0]  ;
; RegisterFile:RF1|RegisterDualOE:Reg12|Q_a[1]            ; Merged with RegisterFile:RF1|RegisterDualOE:Reg12|Q_b[1]  ;
; RegisterFile:RF1|RegisterDualOE:Reg12|Q_a[2]            ; Merged with RegisterFile:RF1|RegisterDualOE:Reg12|Q_b[2]  ;
; RegisterFile:RF1|RegisterDualOE:Reg12|Q_a[3]            ; Merged with RegisterFile:RF1|RegisterDualOE:Reg12|Q_b[3]  ;
; RegisterFile:RF1|RegisterDualOE:Reg12|Q_a[4]            ; Merged with RegisterFile:RF1|RegisterDualOE:Reg12|Q_b[4]  ;
; RegisterFile:RF1|RegisterDualOE:Reg12|Q_a[5]            ; Merged with RegisterFile:RF1|RegisterDualOE:Reg12|Q_b[5]  ;
; RegisterFile:RF1|RegisterDualOE:Reg12|Q_b[14]           ; Merged with RegisterFile:RF1|RegisterDualOE:Reg12|Q_b[6]  ;
; RegisterFile:RF1|RegisterDualOE:Reg12|Q_a[6]            ; Merged with RegisterFile:RF1|RegisterDualOE:Reg12|Q_b[6]  ;
; RegisterFile:RF1|RegisterDualOE:Reg12|Q_b[10]           ; Merged with RegisterFile:RF1|RegisterDualOE:Reg12|Q_b[6]  ;
; RegisterFile:RF1|RegisterDualOE:Reg12|Q_a[10]           ; Merged with RegisterFile:RF1|RegisterDualOE:Reg12|Q_b[6]  ;
; RegisterFile:RF1|RegisterDualOE:Reg12|Q_b[9,11,13,15]   ; Merged with RegisterFile:RF1|RegisterDualOE:Reg12|Q_b[7]  ;
; RegisterFile:RF1|RegisterDualOE:Reg12|Q_a[7,9,11,13,14] ; Merged with RegisterFile:RF1|RegisterDualOE:Reg12|Q_b[7]  ;
; RegisterFile:RF1|RegisterDualOE:Reg12|Q_b[12]           ; Merged with RegisterFile:RF1|RegisterDualOE:Reg12|Q_b[8]  ;
; RegisterFile:RF1|RegisterDualOE:Reg12|Q_a[8,12,15]      ; Merged with RegisterFile:RF1|RegisterDualOE:Reg12|Q_b[8]  ;
; RegisterFile:RF1|RegisterDualOE:Reg11|Q_a[0]            ; Merged with RegisterFile:RF1|RegisterDualOE:Reg11|Q_b[0]  ;
; RegisterFile:RF1|RegisterDualOE:Reg11|Q_a[1]            ; Merged with RegisterFile:RF1|RegisterDualOE:Reg11|Q_b[1]  ;
; RegisterFile:RF1|RegisterDualOE:Reg11|Q_a[2]            ; Merged with RegisterFile:RF1|RegisterDualOE:Reg11|Q_b[2]  ;
; RegisterFile:RF1|RegisterDualOE:Reg11|Q_a[3]            ; Merged with RegisterFile:RF1|RegisterDualOE:Reg11|Q_b[3]  ;
; RegisterFile:RF1|RegisterDualOE:Reg11|Q_a[4]            ; Merged with RegisterFile:RF1|RegisterDualOE:Reg11|Q_b[4]  ;
; RegisterFile:RF1|RegisterDualOE:Reg11|Q_a[5]            ; Merged with RegisterFile:RF1|RegisterDualOE:Reg11|Q_b[5]  ;
; RegisterFile:RF1|RegisterDualOE:Reg11|Q_a[14]           ; Merged with RegisterFile:RF1|RegisterDualOE:Reg11|Q_b[6]  ;
; RegisterFile:RF1|RegisterDualOE:Reg11|Q_b[14]           ; Merged with RegisterFile:RF1|RegisterDualOE:Reg11|Q_b[6]  ;
; RegisterFile:RF1|RegisterDualOE:Reg11|Q_a[6]            ; Merged with RegisterFile:RF1|RegisterDualOE:Reg11|Q_b[6]  ;
; RegisterFile:RF1|RegisterDualOE:Reg11|Q_b[10]           ; Merged with RegisterFile:RF1|RegisterDualOE:Reg11|Q_b[6]  ;
; RegisterFile:RF1|RegisterDualOE:Reg11|Q_a[10]           ; Merged with RegisterFile:RF1|RegisterDualOE:Reg11|Q_b[6]  ;
; RegisterFile:RF1|RegisterDualOE:Reg11|Q_b[9,11,13,15]   ; Merged with RegisterFile:RF1|RegisterDualOE:Reg11|Q_b[7]  ;
; RegisterFile:RF1|RegisterDualOE:Reg11|Q_a[7,9,11,13,15] ; Merged with RegisterFile:RF1|RegisterDualOE:Reg11|Q_b[7]  ;
; RegisterFile:RF1|RegisterDualOE:Reg11|Q_b[12]           ; Merged with RegisterFile:RF1|RegisterDualOE:Reg11|Q_b[8]  ;
; RegisterFile:RF1|RegisterDualOE:Reg11|Q_a[8,12]         ; Merged with RegisterFile:RF1|RegisterDualOE:Reg11|Q_b[8]  ;
; RegisterFile:RF1|RegisterDualOE:Reg10|Q_a[0]            ; Merged with RegisterFile:RF1|RegisterDualOE:Reg10|Q_b[0]  ;
; RegisterFile:RF1|RegisterDualOE:Reg10|Q_a[1]            ; Merged with RegisterFile:RF1|RegisterDualOE:Reg10|Q_b[1]  ;
; RegisterFile:RF1|RegisterDualOE:Reg10|Q_a[2]            ; Merged with RegisterFile:RF1|RegisterDualOE:Reg10|Q_b[2]  ;
; RegisterFile:RF1|RegisterDualOE:Reg10|Q_a[3]            ; Merged with RegisterFile:RF1|RegisterDualOE:Reg10|Q_b[3]  ;
; RegisterFile:RF1|RegisterDualOE:Reg10|Q_a[4]            ; Merged with RegisterFile:RF1|RegisterDualOE:Reg10|Q_b[4]  ;
; RegisterFile:RF1|RegisterDualOE:Reg10|Q_a[5]            ; Merged with RegisterFile:RF1|RegisterDualOE:Reg10|Q_b[5]  ;
; RegisterFile:RF1|RegisterDualOE:Reg10|Q_a[14]           ; Merged with RegisterFile:RF1|RegisterDualOE:Reg10|Q_b[6]  ;
; RegisterFile:RF1|RegisterDualOE:Reg10|Q_b[14]           ; Merged with RegisterFile:RF1|RegisterDualOE:Reg10|Q_b[6]  ;
; RegisterFile:RF1|RegisterDualOE:Reg10|Q_a[6]            ; Merged with RegisterFile:RF1|RegisterDualOE:Reg10|Q_b[6]  ;
; RegisterFile:RF1|RegisterDualOE:Reg10|Q_b[10]           ; Merged with RegisterFile:RF1|RegisterDualOE:Reg10|Q_b[6]  ;
; RegisterFile:RF1|RegisterDualOE:Reg10|Q_a[10]           ; Merged with RegisterFile:RF1|RegisterDualOE:Reg10|Q_b[6]  ;
; RegisterFile:RF1|RegisterDualOE:Reg10|Q_b[9,11,13,15]   ; Merged with RegisterFile:RF1|RegisterDualOE:Reg10|Q_b[7]  ;
; RegisterFile:RF1|RegisterDualOE:Reg10|Q_a[7,9,11,13,15] ; Merged with RegisterFile:RF1|RegisterDualOE:Reg10|Q_b[7]  ;
; RegisterFile:RF1|RegisterDualOE:Reg10|Q_b[12]           ; Merged with RegisterFile:RF1|RegisterDualOE:Reg10|Q_b[8]  ;
; RegisterFile:RF1|RegisterDualOE:Reg10|Q_a[8,12]         ; Merged with RegisterFile:RF1|RegisterDualOE:Reg10|Q_b[8]  ;
; RegisterFile:RF1|RegisterDualOE:Reg9|Q_a[0]             ; Merged with RegisterFile:RF1|RegisterDualOE:Reg9|Q_b[0]   ;
; RegisterFile:RF1|RegisterDualOE:Reg9|Q_a[1]             ; Merged with RegisterFile:RF1|RegisterDualOE:Reg9|Q_b[1]   ;
; RegisterFile:RF1|RegisterDualOE:Reg9|Q_a[2]             ; Merged with RegisterFile:RF1|RegisterDualOE:Reg9|Q_b[2]   ;
; RegisterFile:RF1|RegisterDualOE:Reg9|Q_a[3]             ; Merged with RegisterFile:RF1|RegisterDualOE:Reg9|Q_b[3]   ;
; RegisterFile:RF1|RegisterDualOE:Reg9|Q_a[4]             ; Merged with RegisterFile:RF1|RegisterDualOE:Reg9|Q_b[4]   ;
; RegisterFile:RF1|RegisterDualOE:Reg9|Q_a[5]             ; Merged with RegisterFile:RF1|RegisterDualOE:Reg9|Q_b[5]   ;
; RegisterFile:RF1|RegisterDualOE:Reg9|Q_a[14]            ; Merged with RegisterFile:RF1|RegisterDualOE:Reg9|Q_b[6]   ;
; RegisterFile:RF1|RegisterDualOE:Reg9|Q_b[14]            ; Merged with RegisterFile:RF1|RegisterDualOE:Reg9|Q_b[6]   ;
; RegisterFile:RF1|RegisterDualOE:Reg9|Q_a[6]             ; Merged with RegisterFile:RF1|RegisterDualOE:Reg9|Q_b[6]   ;
; RegisterFile:RF1|RegisterDualOE:Reg9|Q_b[10]            ; Merged with RegisterFile:RF1|RegisterDualOE:Reg9|Q_b[6]   ;
; RegisterFile:RF1|RegisterDualOE:Reg9|Q_a[10]            ; Merged with RegisterFile:RF1|RegisterDualOE:Reg9|Q_b[6]   ;
; RegisterFile:RF1|RegisterDualOE:Reg9|Q_b[9,11,13,15]    ; Merged with RegisterFile:RF1|RegisterDualOE:Reg9|Q_b[7]   ;
; RegisterFile:RF1|RegisterDualOE:Reg9|Q_a[7,9,11,13,15]  ; Merged with RegisterFile:RF1|RegisterDualOE:Reg9|Q_b[7]   ;
; RegisterFile:RF1|RegisterDualOE:Reg9|Q_b[12]            ; Merged with RegisterFile:RF1|RegisterDualOE:Reg9|Q_b[8]   ;
; RegisterFile:RF1|RegisterDualOE:Reg9|Q_a[8,12]          ; Merged with RegisterFile:RF1|RegisterDualOE:Reg9|Q_b[8]   ;
; RegisterFile:RF1|RegisterDualOE:Reg8|Q_a[0]             ; Merged with RegisterFile:RF1|RegisterDualOE:Reg8|Q_b[0]   ;
; RegisterFile:RF1|RegisterDualOE:Reg8|Q_a[1]             ; Merged with RegisterFile:RF1|RegisterDualOE:Reg8|Q_b[1]   ;
; RegisterFile:RF1|RegisterDualOE:Reg8|Q_a[2]             ; Merged with RegisterFile:RF1|RegisterDualOE:Reg8|Q_b[2]   ;
; RegisterFile:RF1|RegisterDualOE:Reg8|Q_a[3]             ; Merged with RegisterFile:RF1|RegisterDualOE:Reg8|Q_b[3]   ;
; RegisterFile:RF1|RegisterDualOE:Reg8|Q_a[4]             ; Merged with RegisterFile:RF1|RegisterDualOE:Reg8|Q_b[4]   ;
; RegisterFile:RF1|RegisterDualOE:Reg8|Q_a[5]             ; Merged with RegisterFile:RF1|RegisterDualOE:Reg8|Q_b[5]   ;
; RegisterFile:RF1|RegisterDualOE:Reg8|Q_b[14]            ; Merged with RegisterFile:RF1|RegisterDualOE:Reg8|Q_b[6]   ;
; RegisterFile:RF1|RegisterDualOE:Reg8|Q_a[6]             ; Merged with RegisterFile:RF1|RegisterDualOE:Reg8|Q_b[6]   ;
; RegisterFile:RF1|RegisterDualOE:Reg8|Q_b[10]            ; Merged with RegisterFile:RF1|RegisterDualOE:Reg8|Q_b[6]   ;
; RegisterFile:RF1|RegisterDualOE:Reg8|Q_a[10]            ; Merged with RegisterFile:RF1|RegisterDualOE:Reg8|Q_b[6]   ;
; RegisterFile:RF1|RegisterDualOE:Reg8|Q_b[9,11,13,15]    ; Merged with RegisterFile:RF1|RegisterDualOE:Reg8|Q_b[7]   ;
; RegisterFile:RF1|RegisterDualOE:Reg8|Q_a[7,9,11,13..15] ; Merged with RegisterFile:RF1|RegisterDualOE:Reg8|Q_b[7]   ;
; RegisterFile:RF1|RegisterDualOE:Reg8|Q_b[12]            ; Merged with RegisterFile:RF1|RegisterDualOE:Reg8|Q_b[8]   ;
; RegisterFile:RF1|RegisterDualOE:Reg8|Q_a[8,12]          ; Merged with RegisterFile:RF1|RegisterDualOE:Reg8|Q_b[8]   ;
; RegisterFile:RF1|RegisterDualOE:Reg7|Q_a[0]             ; Merged with RegisterFile:RF1|RegisterDualOE:Reg7|Q_b[0]   ;
; RegisterFile:RF1|RegisterDualOE:Reg7|Q_a[1]             ; Merged with RegisterFile:RF1|RegisterDualOE:Reg7|Q_b[1]   ;
; RegisterFile:RF1|RegisterDualOE:Reg7|Q_a[2]             ; Merged with RegisterFile:RF1|RegisterDualOE:Reg7|Q_b[2]   ;
; RegisterFile:RF1|RegisterDualOE:Reg7|Q_a[3]             ; Merged with RegisterFile:RF1|RegisterDualOE:Reg7|Q_b[3]   ;
; RegisterFile:RF1|RegisterDualOE:Reg7|Q_a[4]             ; Merged with RegisterFile:RF1|RegisterDualOE:Reg7|Q_b[4]   ;
; RegisterFile:RF1|RegisterDualOE:Reg7|Q_a[5]             ; Merged with RegisterFile:RF1|RegisterDualOE:Reg7|Q_b[5]   ;
; RegisterFile:RF1|RegisterDualOE:Reg7|Q_a[14]            ; Merged with RegisterFile:RF1|RegisterDualOE:Reg7|Q_b[6]   ;
; RegisterFile:RF1|RegisterDualOE:Reg7|Q_b[14]            ; Merged with RegisterFile:RF1|RegisterDualOE:Reg7|Q_b[6]   ;
; RegisterFile:RF1|RegisterDualOE:Reg7|Q_a[6]             ; Merged with RegisterFile:RF1|RegisterDualOE:Reg7|Q_b[6]   ;
; RegisterFile:RF1|RegisterDualOE:Reg7|Q_b[10]            ; Merged with RegisterFile:RF1|RegisterDualOE:Reg7|Q_b[6]   ;
; RegisterFile:RF1|RegisterDualOE:Reg7|Q_a[10]            ; Merged with RegisterFile:RF1|RegisterDualOE:Reg7|Q_b[6]   ;
; RegisterFile:RF1|RegisterDualOE:Reg7|Q_b[9,11,13,15]    ; Merged with RegisterFile:RF1|RegisterDualOE:Reg7|Q_b[7]   ;
; RegisterFile:RF1|RegisterDualOE:Reg7|Q_a[7,9,11,13,15]  ; Merged with RegisterFile:RF1|RegisterDualOE:Reg7|Q_b[7]   ;
; RegisterFile:RF1|RegisterDualOE:Reg7|Q_b[12]            ; Merged with RegisterFile:RF1|RegisterDualOE:Reg7|Q_b[8]   ;
; RegisterFile:RF1|RegisterDualOE:Reg7|Q_a[8,12]          ; Merged with RegisterFile:RF1|RegisterDualOE:Reg7|Q_b[8]   ;
; RegisterFile:RF1|RegisterDualOE:Reg6|Q_a[0]             ; Merged with RegisterFile:RF1|RegisterDualOE:Reg6|Q_b[0]   ;
; RegisterFile:RF1|RegisterDualOE:Reg6|Q_a[1]             ; Merged with RegisterFile:RF1|RegisterDualOE:Reg6|Q_b[1]   ;
; RegisterFile:RF1|RegisterDualOE:Reg6|Q_a[2]             ; Merged with RegisterFile:RF1|RegisterDualOE:Reg6|Q_b[2]   ;
; RegisterFile:RF1|RegisterDualOE:Reg6|Q_a[3]             ; Merged with RegisterFile:RF1|RegisterDualOE:Reg6|Q_b[3]   ;
; RegisterFile:RF1|RegisterDualOE:Reg6|Q_a[4]             ; Merged with RegisterFile:RF1|RegisterDualOE:Reg6|Q_b[4]   ;
; RegisterFile:RF1|RegisterDualOE:Reg6|Q_a[5]             ; Merged with RegisterFile:RF1|RegisterDualOE:Reg6|Q_b[5]   ;
; RegisterFile:RF1|RegisterDualOE:Reg6|Q_a[14]            ; Merged with RegisterFile:RF1|RegisterDualOE:Reg6|Q_b[6]   ;
; RegisterFile:RF1|RegisterDualOE:Reg6|Q_b[14]            ; Merged with RegisterFile:RF1|RegisterDualOE:Reg6|Q_b[6]   ;
; RegisterFile:RF1|RegisterDualOE:Reg6|Q_a[6]             ; Merged with RegisterFile:RF1|RegisterDualOE:Reg6|Q_b[6]   ;
; RegisterFile:RF1|RegisterDualOE:Reg6|Q_b[10]            ; Merged with RegisterFile:RF1|RegisterDualOE:Reg6|Q_b[6]   ;
; RegisterFile:RF1|RegisterDualOE:Reg6|Q_a[10]            ; Merged with RegisterFile:RF1|RegisterDualOE:Reg6|Q_b[6]   ;
; RegisterFile:RF1|RegisterDualOE:Reg6|Q_b[9,11,13,15]    ; Merged with RegisterFile:RF1|RegisterDualOE:Reg6|Q_b[7]   ;
; RegisterFile:RF1|RegisterDualOE:Reg6|Q_a[7,9,11,13,15]  ; Merged with RegisterFile:RF1|RegisterDualOE:Reg6|Q_b[7]   ;
; RegisterFile:RF1|RegisterDualOE:Reg6|Q_b[12]            ; Merged with RegisterFile:RF1|RegisterDualOE:Reg6|Q_b[8]   ;
; RegisterFile:RF1|RegisterDualOE:Reg6|Q_a[8,12]          ; Merged with RegisterFile:RF1|RegisterDualOE:Reg6|Q_b[8]   ;
; RegisterFile:RF1|RegisterDualOE:Reg5|Q_a[0]             ; Merged with RegisterFile:RF1|RegisterDualOE:Reg5|Q_b[0]   ;
; RegisterFile:RF1|RegisterDualOE:Reg5|Q_a[1]             ; Merged with RegisterFile:RF1|RegisterDualOE:Reg5|Q_b[1]   ;
; RegisterFile:RF1|RegisterDualOE:Reg5|Q_a[2]             ; Merged with RegisterFile:RF1|RegisterDualOE:Reg5|Q_b[2]   ;
; RegisterFile:RF1|RegisterDualOE:Reg5|Q_a[3]             ; Merged with RegisterFile:RF1|RegisterDualOE:Reg5|Q_b[3]   ;
; RegisterFile:RF1|RegisterDualOE:Reg5|Q_a[4]             ; Merged with RegisterFile:RF1|RegisterDualOE:Reg5|Q_b[4]   ;
; RegisterFile:RF1|RegisterDualOE:Reg5|Q_a[5]             ; Merged with RegisterFile:RF1|RegisterDualOE:Reg5|Q_b[5]   ;
; RegisterFile:RF1|RegisterDualOE:Reg5|Q_a[14]            ; Merged with RegisterFile:RF1|RegisterDualOE:Reg5|Q_b[6]   ;
; RegisterFile:RF1|RegisterDualOE:Reg5|Q_b[14]            ; Merged with RegisterFile:RF1|RegisterDualOE:Reg5|Q_b[6]   ;
; RegisterFile:RF1|RegisterDualOE:Reg5|Q_a[6]             ; Merged with RegisterFile:RF1|RegisterDualOE:Reg5|Q_b[6]   ;
; RegisterFile:RF1|RegisterDualOE:Reg5|Q_b[10]            ; Merged with RegisterFile:RF1|RegisterDualOE:Reg5|Q_b[6]   ;
; RegisterFile:RF1|RegisterDualOE:Reg5|Q_a[10]            ; Merged with RegisterFile:RF1|RegisterDualOE:Reg5|Q_b[6]   ;
; RegisterFile:RF1|RegisterDualOE:Reg5|Q_b[9,11,13,15]    ; Merged with RegisterFile:RF1|RegisterDualOE:Reg5|Q_b[7]   ;
; RegisterFile:RF1|RegisterDualOE:Reg5|Q_a[7,9,11,13,15]  ; Merged with RegisterFile:RF1|RegisterDualOE:Reg5|Q_b[7]   ;
; RegisterFile:RF1|RegisterDualOE:Reg5|Q_b[12]            ; Merged with RegisterFile:RF1|RegisterDualOE:Reg5|Q_b[8]   ;
; RegisterFile:RF1|RegisterDualOE:Reg5|Q_a[8,12]          ; Merged with RegisterFile:RF1|RegisterDualOE:Reg5|Q_b[8]   ;
; RegisterFile:RF1|RegisterDualOE:Reg4|Q_a[0]             ; Merged with RegisterFile:RF1|RegisterDualOE:Reg4|Q_b[0]   ;
; RegisterFile:RF1|RegisterDualOE:Reg4|Q_a[1]             ; Merged with RegisterFile:RF1|RegisterDualOE:Reg4|Q_b[1]   ;
; RegisterFile:RF1|RegisterDualOE:Reg4|Q_a[2]             ; Merged with RegisterFile:RF1|RegisterDualOE:Reg4|Q_b[2]   ;
; RegisterFile:RF1|RegisterDualOE:Reg4|Q_a[3]             ; Merged with RegisterFile:RF1|RegisterDualOE:Reg4|Q_b[3]   ;
; RegisterFile:RF1|RegisterDualOE:Reg4|Q_a[4]             ; Merged with RegisterFile:RF1|RegisterDualOE:Reg4|Q_b[4]   ;
; RegisterFile:RF1|RegisterDualOE:Reg4|Q_a[5]             ; Merged with RegisterFile:RF1|RegisterDualOE:Reg4|Q_b[5]   ;
; RegisterFile:RF1|RegisterDualOE:Reg4|Q_a[14]            ; Merged with RegisterFile:RF1|RegisterDualOE:Reg4|Q_b[6]   ;
; RegisterFile:RF1|RegisterDualOE:Reg4|Q_b[14]            ; Merged with RegisterFile:RF1|RegisterDualOE:Reg4|Q_b[6]   ;
; RegisterFile:RF1|RegisterDualOE:Reg4|Q_a[6]             ; Merged with RegisterFile:RF1|RegisterDualOE:Reg4|Q_b[6]   ;
; RegisterFile:RF1|RegisterDualOE:Reg4|Q_b[10]            ; Merged with RegisterFile:RF1|RegisterDualOE:Reg4|Q_b[6]   ;
; RegisterFile:RF1|RegisterDualOE:Reg4|Q_a[10]            ; Merged with RegisterFile:RF1|RegisterDualOE:Reg4|Q_b[6]   ;
; RegisterFile:RF1|RegisterDualOE:Reg4|Q_b[9,11,13,15]    ; Merged with RegisterFile:RF1|RegisterDualOE:Reg4|Q_b[7]   ;
; RegisterFile:RF1|RegisterDualOE:Reg4|Q_a[7,9,11,13,15]  ; Merged with RegisterFile:RF1|RegisterDualOE:Reg4|Q_b[7]   ;
; RegisterFile:RF1|RegisterDualOE:Reg4|Q_b[12]            ; Merged with RegisterFile:RF1|RegisterDualOE:Reg4|Q_b[8]   ;
; RegisterFile:RF1|RegisterDualOE:Reg4|Q_a[8,12]          ; Merged with RegisterFile:RF1|RegisterDualOE:Reg4|Q_b[8]   ;
; RegisterFile:RF1|RegisterDualOE:Reg3|Q_a[0]             ; Merged with RegisterFile:RF1|RegisterDualOE:Reg3|Q_b[0]   ;
; RegisterFile:RF1|RegisterDualOE:Reg3|Q_a[1]             ; Merged with RegisterFile:RF1|RegisterDualOE:Reg3|Q_b[1]   ;
; RegisterFile:RF1|RegisterDualOE:Reg3|Q_a[2]             ; Merged with RegisterFile:RF1|RegisterDualOE:Reg3|Q_b[2]   ;
; RegisterFile:RF1|RegisterDualOE:Reg3|Q_a[3]             ; Merged with RegisterFile:RF1|RegisterDualOE:Reg3|Q_b[3]   ;
; RegisterFile:RF1|RegisterDualOE:Reg3|Q_a[4]             ; Merged with RegisterFile:RF1|RegisterDualOE:Reg3|Q_b[4]   ;
; RegisterFile:RF1|RegisterDualOE:Reg3|Q_a[5]             ; Merged with RegisterFile:RF1|RegisterDualOE:Reg3|Q_b[5]   ;
; RegisterFile:RF1|RegisterDualOE:Reg3|Q_a[14]            ; Merged with RegisterFile:RF1|RegisterDualOE:Reg3|Q_b[6]   ;
; RegisterFile:RF1|RegisterDualOE:Reg3|Q_b[14]            ; Merged with RegisterFile:RF1|RegisterDualOE:Reg3|Q_b[6]   ;
; RegisterFile:RF1|RegisterDualOE:Reg3|Q_a[6]             ; Merged with RegisterFile:RF1|RegisterDualOE:Reg3|Q_b[6]   ;
; RegisterFile:RF1|RegisterDualOE:Reg3|Q_b[10]            ; Merged with RegisterFile:RF1|RegisterDualOE:Reg3|Q_b[6]   ;
; RegisterFile:RF1|RegisterDualOE:Reg3|Q_a[10]            ; Merged with RegisterFile:RF1|RegisterDualOE:Reg3|Q_b[6]   ;
; RegisterFile:RF1|RegisterDualOE:Reg3|Q_b[9,11,13,15]    ; Merged with RegisterFile:RF1|RegisterDualOE:Reg3|Q_b[7]   ;
; RegisterFile:RF1|RegisterDualOE:Reg3|Q_a[7,9,11,13,15]  ; Merged with RegisterFile:RF1|RegisterDualOE:Reg3|Q_b[7]   ;
; RegisterFile:RF1|RegisterDualOE:Reg3|Q_b[12]            ; Merged with RegisterFile:RF1|RegisterDualOE:Reg3|Q_b[8]   ;
; RegisterFile:RF1|RegisterDualOE:Reg3|Q_a[8,12]          ; Merged with RegisterFile:RF1|RegisterDualOE:Reg3|Q_b[8]   ;
; RegisterFile:RF1|RegisterDualOE:Reg2|Q_a[0]             ; Merged with RegisterFile:RF1|RegisterDualOE:Reg2|Q_b[0]   ;
; RegisterFile:RF1|RegisterDualOE:Reg2|Q_a[1]             ; Merged with RegisterFile:RF1|RegisterDualOE:Reg2|Q_b[1]   ;
; RegisterFile:RF1|RegisterDualOE:Reg2|Q_a[2]             ; Merged with RegisterFile:RF1|RegisterDualOE:Reg2|Q_b[2]   ;
; RegisterFile:RF1|RegisterDualOE:Reg2|Q_a[3]             ; Merged with RegisterFile:RF1|RegisterDualOE:Reg2|Q_b[3]   ;
; RegisterFile:RF1|RegisterDualOE:Reg2|Q_a[4]             ; Merged with RegisterFile:RF1|RegisterDualOE:Reg2|Q_b[4]   ;
; RegisterFile:RF1|RegisterDualOE:Reg2|Q_a[5]             ; Merged with RegisterFile:RF1|RegisterDualOE:Reg2|Q_b[5]   ;
; RegisterFile:RF1|RegisterDualOE:Reg2|Q_a[14]            ; Merged with RegisterFile:RF1|RegisterDualOE:Reg2|Q_b[6]   ;
; RegisterFile:RF1|RegisterDualOE:Reg2|Q_b[14]            ; Merged with RegisterFile:RF1|RegisterDualOE:Reg2|Q_b[6]   ;
; RegisterFile:RF1|RegisterDualOE:Reg2|Q_a[6]             ; Merged with RegisterFile:RF1|RegisterDualOE:Reg2|Q_b[6]   ;
; RegisterFile:RF1|RegisterDualOE:Reg2|Q_b[10]            ; Merged with RegisterFile:RF1|RegisterDualOE:Reg2|Q_b[6]   ;
; RegisterFile:RF1|RegisterDualOE:Reg2|Q_a[10]            ; Merged with RegisterFile:RF1|RegisterDualOE:Reg2|Q_b[6]   ;
; RegisterFile:RF1|RegisterDualOE:Reg2|Q_b[9,11,13,15]    ; Merged with RegisterFile:RF1|RegisterDualOE:Reg2|Q_b[7]   ;
; RegisterFile:RF1|RegisterDualOE:Reg2|Q_a[7,9,11,13,15]  ; Merged with RegisterFile:RF1|RegisterDualOE:Reg2|Q_b[7]   ;
; RegisterFile:RF1|RegisterDualOE:Reg2|Q_b[12]            ; Merged with RegisterFile:RF1|RegisterDualOE:Reg2|Q_b[8]   ;
; RegisterFile:RF1|RegisterDualOE:Reg2|Q_a[8,12]          ; Merged with RegisterFile:RF1|RegisterDualOE:Reg2|Q_b[8]   ;
; RegisterFile:RF1|RegisterDualOE:Reg1|Q_a[0]             ; Merged with RegisterFile:RF1|RegisterDualOE:Reg1|Q_b[0]   ;
; RegisterFile:RF1|RegisterDualOE:Reg1|Q_a[1]             ; Merged with RegisterFile:RF1|RegisterDualOE:Reg1|Q_b[1]   ;
; RegisterFile:RF1|RegisterDualOE:Reg1|Q_a[2]             ; Merged with RegisterFile:RF1|RegisterDualOE:Reg1|Q_b[2]   ;
; RegisterFile:RF1|RegisterDualOE:Reg1|Q_a[3]             ; Merged with RegisterFile:RF1|RegisterDualOE:Reg1|Q_b[3]   ;
; RegisterFile:RF1|RegisterDualOE:Reg1|Q_a[4]             ; Merged with RegisterFile:RF1|RegisterDualOE:Reg1|Q_b[4]   ;
; RegisterFile:RF1|RegisterDualOE:Reg1|Q_a[5]             ; Merged with RegisterFile:RF1|RegisterDualOE:Reg1|Q_b[5]   ;
; RegisterFile:RF1|RegisterDualOE:Reg1|Q_a[14]            ; Merged with RegisterFile:RF1|RegisterDualOE:Reg1|Q_b[6]   ;
; RegisterFile:RF1|RegisterDualOE:Reg1|Q_b[14]            ; Merged with RegisterFile:RF1|RegisterDualOE:Reg1|Q_b[6]   ;
; RegisterFile:RF1|RegisterDualOE:Reg1|Q_a[6]             ; Merged with RegisterFile:RF1|RegisterDualOE:Reg1|Q_b[6]   ;
; RegisterFile:RF1|RegisterDualOE:Reg1|Q_b[10]            ; Merged with RegisterFile:RF1|RegisterDualOE:Reg1|Q_b[6]   ;
; RegisterFile:RF1|RegisterDualOE:Reg1|Q_a[10]            ; Merged with RegisterFile:RF1|RegisterDualOE:Reg1|Q_b[6]   ;
; RegisterFile:RF1|RegisterDualOE:Reg1|Q_b[9,11,13,15]    ; Merged with RegisterFile:RF1|RegisterDualOE:Reg1|Q_b[7]   ;
; RegisterFile:RF1|RegisterDualOE:Reg1|Q_a[7,9,11,13,15]  ; Merged with RegisterFile:RF1|RegisterDualOE:Reg1|Q_b[7]   ;
; RegisterFile:RF1|RegisterDualOE:Reg1|Q_b[12]            ; Merged with RegisterFile:RF1|RegisterDualOE:Reg1|Q_b[8]   ;
; RegisterFile:RF1|RegisterDualOE:Reg1|Q_a[8,12]          ; Merged with RegisterFile:RF1|RegisterDualOE:Reg1|Q_b[8]   ;
; RegisterFile:RF1|RegisterDualOE:Reg0|Q_a[0]             ; Merged with RegisterFile:RF1|RegisterDualOE:Reg0|Q_b[0]   ;
; RegisterFile:RF1|RegisterDualOE:Reg0|Q_a[1]             ; Merged with RegisterFile:RF1|RegisterDualOE:Reg0|Q_b[1]   ;
; RegisterFile:RF1|RegisterDualOE:Reg0|Q_a[2]             ; Merged with RegisterFile:RF1|RegisterDualOE:Reg0|Q_b[2]   ;
; RegisterFile:RF1|RegisterDualOE:Reg0|Q_a[3]             ; Merged with RegisterFile:RF1|RegisterDualOE:Reg0|Q_b[3]   ;
; RegisterFile:RF1|RegisterDualOE:Reg0|Q_a[4]             ; Merged with RegisterFile:RF1|RegisterDualOE:Reg0|Q_b[4]   ;
; RegisterFile:RF1|RegisterDualOE:Reg0|Q_a[5]             ; Merged with RegisterFile:RF1|RegisterDualOE:Reg0|Q_b[5]   ;
; RegisterFile:RF1|RegisterDualOE:Reg0|Q_b[14]            ; Merged with RegisterFile:RF1|RegisterDualOE:Reg0|Q_b[6]   ;
; RegisterFile:RF1|RegisterDualOE:Reg0|Q_a[6]             ; Merged with RegisterFile:RF1|RegisterDualOE:Reg0|Q_b[6]   ;
; RegisterFile:RF1|RegisterDualOE:Reg0|Q_b[10]            ; Merged with RegisterFile:RF1|RegisterDualOE:Reg0|Q_b[6]   ;
; RegisterFile:RF1|RegisterDualOE:Reg0|Q_a[10]            ; Merged with RegisterFile:RF1|RegisterDualOE:Reg0|Q_b[6]   ;
; RegisterFile:RF1|RegisterDualOE:Reg0|Q_b[9,11,13,15]    ; Merged with RegisterFile:RF1|RegisterDualOE:Reg0|Q_b[7]   ;
; RegisterFile:RF1|RegisterDualOE:Reg0|Q_a[7,9,11,13,14]  ; Merged with RegisterFile:RF1|RegisterDualOE:Reg0|Q_b[7]   ;
; RegisterFile:RF1|RegisterDualOE:Reg0|Q_b[12]            ; Merged with RegisterFile:RF1|RegisterDualOE:Reg0|Q_b[8]   ;
; RegisterFile:RF1|RegisterDualOE:Reg0|Q_a[8,12,15]       ; Merged with RegisterFile:RF1|RegisterDualOE:Reg0|Q_b[8]   ;
; RegisterFile:RF1|RegisterDualOE:Reg15|Q_a[0]            ; Merged with RegisterFile:RF1|RegisterDualOE:Reg15|Q_b[0]  ;
; RegisterFile:RF1|RegisterDualOE:Reg15|Q_a[2]            ; Merged with RegisterFile:RF1|RegisterDualOE:Reg15|Q_b[2]  ;
; RegisterFile:RF1|RegisterDualOE:Reg15|Q_b[7]            ; Merged with RegisterFile:RF1|RegisterDualOE:Reg15|Q_b[6]  ;
; RegisterFile:RF1|RegisterDualOE:Reg15|Q_b[10,11]        ; Merged with RegisterFile:RF1|RegisterDualOE:Reg15|Q_b[8]  ;
; RegisterFile:RF1|RegisterDualOE:Reg14|Q_a[3]            ; Merged with RegisterFile:RF1|RegisterDualOE:Reg14|Q_b[3]  ;
; RegisterFile:RF1|RegisterDualOE:Reg14|Q_a[5]            ; Merged with RegisterFile:RF1|RegisterDualOE:Reg14|Q_b[5]  ;
; RegisterFile:RF1|RegisterDualOE:Reg14|Q_b[7,8]          ; Merged with RegisterFile:RF1|RegisterDualOE:Reg14|Q_b[6]  ;
; RegisterFile:RF1|RegisterDualOE:Reg14|Q_a[7]            ; Merged with RegisterFile:RF1|RegisterDualOE:Reg14|Q_b[6]  ;
; RegisterFile:RF1|RegisterDualOE:Reg13|Q_b[8]            ; Merged with RegisterFile:RF1|RegisterDualOE:Reg13|Q_b[6]  ;
; RegisterFile:RF1|RegisterDualOE:Reg12|Q_b[7,8]          ; Merged with RegisterFile:RF1|RegisterDualOE:Reg12|Q_b[6]  ;
; RegisterFile:RF1|RegisterDualOE:Reg11|Q_b[7,8]          ; Merged with RegisterFile:RF1|RegisterDualOE:Reg11|Q_b[6]  ;
; RegisterFile:RF1|RegisterDualOE:Reg10|Q_b[7,8]          ; Merged with RegisterFile:RF1|RegisterDualOE:Reg10|Q_b[6]  ;
; RegisterFile:RF1|RegisterDualOE:Reg9|Q_b[8]             ; Merged with RegisterFile:RF1|RegisterDualOE:Reg9|Q_b[6]   ;
; RegisterFile:RF1|RegisterDualOE:Reg8|Q_b[7,8]           ; Merged with RegisterFile:RF1|RegisterDualOE:Reg8|Q_b[6]   ;
; RegisterFile:RF1|RegisterDualOE:Reg7|Q_b[7,8]           ; Merged with RegisterFile:RF1|RegisterDualOE:Reg7|Q_b[6]   ;
; RegisterFile:RF1|RegisterDualOE:Reg6|Q_b[7,8]           ; Merged with RegisterFile:RF1|RegisterDualOE:Reg6|Q_b[6]   ;
; RegisterFile:RF1|RegisterDualOE:Reg5|Q_b[7,8]           ; Merged with RegisterFile:RF1|RegisterDualOE:Reg5|Q_b[6]   ;
; RegisterFile:RF1|RegisterDualOE:Reg4|Q_b[7,8]           ; Merged with RegisterFile:RF1|RegisterDualOE:Reg4|Q_b[6]   ;
; RegisterFile:RF1|RegisterDualOE:Reg3|Q_b[7,8]           ; Merged with RegisterFile:RF1|RegisterDualOE:Reg3|Q_b[6]   ;
; RegisterFile:RF1|RegisterDualOE:Reg2|Q_b[7,8]           ; Merged with RegisterFile:RF1|RegisterDualOE:Reg2|Q_b[6]   ;
; RegisterFile:RF1|RegisterDualOE:Reg1|Q_b[8]             ; Merged with RegisterFile:RF1|RegisterDualOE:Reg1|Q_b[6]   ;
; RegisterFile:RF1|RegisterDualOE:Reg0|Q_b[8]             ; Merged with RegisterFile:RF1|RegisterDualOE:Reg0|Q_b[7]   ;
; RegisterFile:RF1|RegisterDualOE:Reg15|Q_b[8]            ; Merged with RegisterFile:RF1|RegisterDualOE:Reg15|Q_b[6]  ;
; RegisterFile:RF1|RegisterDualOE:Reg14|Q_a[1]            ; Merged with RegisterFile:RF1|RegisterDualOE:Reg14|Q_b[1]  ;
; RegisterFile:RF1|RegisterDualOE:Reg13|Q_b[7]            ; Merged with RegisterFile:RF1|RegisterDualOE:Reg13|Q_b[6]  ;
; RegisterFile:RF1|RegisterDualOE:Reg9|Q_b[7]             ; Merged with RegisterFile:RF1|RegisterDualOE:Reg9|Q_b[6]   ;
; RegisterFile:RF1|RegisterDualOE:Reg1|Q_b[7]             ; Merged with RegisterFile:RF1|RegisterDualOE:Reg1|Q_b[6]   ;
; RegisterFile:RF1|RegisterDualOE:Reg0|Q_b[7]             ; Merged with RegisterFile:RF1|RegisterDualOE:Reg0|Q_b[6]   ;
; RegisterFile:RF1|RegisterDualOE:Reg15|Q_b[6]            ; Stuck at GND due to stuck port data_in                    ;
; RegisterFile:RF1|RegisterDualOE:Reg14|Q_b[6]            ; Stuck at GND due to stuck port data_in                    ;
; RegisterFile:RF1|RegisterDualOE:Reg13|Q_b[6]            ; Stuck at GND due to stuck port data_in                    ;
; RegisterFile:RF1|RegisterDualOE:Reg12|Q_b[6]            ; Stuck at GND due to stuck port data_in                    ;
; RegisterFile:RF1|RegisterDualOE:Reg11|Q_b[6]            ; Stuck at GND due to stuck port data_in                    ;
; RegisterFile:RF1|RegisterDualOE:Reg10|Q_b[6]            ; Stuck at GND due to stuck port data_in                    ;
; RegisterFile:RF1|RegisterDualOE:Reg9|Q_b[6]             ; Stuck at GND due to stuck port data_in                    ;
; RegisterFile:RF1|RegisterDualOE:Reg8|Q_b[6]             ; Stuck at GND due to stuck port data_in                    ;
; RegisterFile:RF1|RegisterDualOE:Reg7|Q_b[6]             ; Stuck at GND due to stuck port data_in                    ;
; RegisterFile:RF1|RegisterDualOE:Reg6|Q_b[6]             ; Stuck at GND due to stuck port data_in                    ;
; RegisterFile:RF1|RegisterDualOE:Reg5|Q_b[6]             ; Stuck at GND due to stuck port data_in                    ;
; RegisterFile:RF1|RegisterDualOE:Reg4|Q_b[6]             ; Stuck at GND due to stuck port data_in                    ;
; RegisterFile:RF1|RegisterDualOE:Reg3|Q_b[6]             ; Stuck at GND due to stuck port data_in                    ;
; RegisterFile:RF1|RegisterDualOE:Reg2|Q_b[6]             ; Stuck at GND due to stuck port data_in                    ;
; RegisterFile:RF1|RegisterDualOE:Reg1|Q_b[6]             ; Stuck at GND due to stuck port data_in                    ;
; RegisterFile:RF1|RegisterDualOE:Reg0|Q_b[6]             ; Stuck at GND due to stuck port data_in                    ;
; Total Number of Removed Registers = 416                 ;                                                           ;
+---------------------------------------------------------+-----------------------------------------------------------+


+------------------------------------------------------+
; General Register Statistics                          ;
+----------------------------------------------+-------+
; Statistic                                    ; Value ;
+----------------------------------------------+-------+
; Total registers                              ; 96    ;
; Number of registers using Synchronous Clear  ; 0     ;
; Number of registers using Synchronous Load   ; 0     ;
; Number of registers using Asynchronous Clear ; 0     ;
; Number of registers using Asynchronous Load  ; 0     ;
; Number of registers using Clock Enable       ; 96    ;
; Number of registers using Preset             ; 0     ;
+----------------------------------------------+-------+


+-------------------------------------------------------------------------------------------------------------------------------------------------------------------+
; Multiplexer Restructuring Statistics (Restructuring Performed)                                                                                                    ;
+--------------------+-----------+---------------+----------------------+------------------------+------------+-----------------------------------------------------+
; Multiplexer Inputs ; Bus Width ; Baseline Area ; Area if Restructured ; Saving if Restructured ; Registered ; Example Multiplexer Output                          ;
+--------------------+-----------+---------------+----------------------+------------------------+------------+-----------------------------------------------------+
; 3:1                ; 6 bits    ; 12 LEs        ; 6 LEs                ; 6 LEs                  ; Yes        ; |Part5|RegisterFile:RF1|RegisterDualOE:Reg0|Q_b[0]  ;
; 3:1                ; 6 bits    ; 12 LEs        ; 6 LEs                ; 6 LEs                  ; Yes        ; |Part5|RegisterFile:RF1|RegisterDualOE:Reg1|Q_b[4]  ;
; 3:1                ; 6 bits    ; 12 LEs        ; 6 LEs                ; 6 LEs                  ; Yes        ; |Part5|RegisterFile:RF1|RegisterDualOE:Reg2|Q_b[0]  ;
; 3:1                ; 6 bits    ; 12 LEs        ; 6 LEs                ; 6 LEs                  ; Yes        ; |Part5|RegisterFile:RF1|RegisterDualOE:Reg3|Q_b[5]  ;
; 3:1                ; 6 bits    ; 12 LEs        ; 6 LEs                ; 6 LEs                  ; Yes        ; |Part5|RegisterFile:RF1|RegisterDualOE:Reg4|Q_b[3]  ;
; 3:1                ; 6 bits    ; 12 LEs        ; 6 LEs                ; 6 LEs                  ; Yes        ; |Part5|RegisterFile:RF1|RegisterDualOE:Reg5|Q_b[0]  ;
; 3:1                ; 6 bits    ; 12 LEs        ; 6 LEs                ; 6 LEs                  ; Yes        ; |Part5|RegisterFile:RF1|RegisterDualOE:Reg6|Q_b[4]  ;
; 3:1                ; 6 bits    ; 12 LEs        ; 6 LEs                ; 6 LEs                  ; Yes        ; |Part5|RegisterFile:RF1|RegisterDualOE:Reg7|Q_b[5]  ;
; 3:1                ; 6 bits    ; 12 LEs        ; 6 LEs                ; 6 LEs                  ; Yes        ; |Part5|RegisterFile:RF1|RegisterDualOE:Reg8|Q_b[0]  ;
; 3:1                ; 6 bits    ; 12 LEs        ; 6 LEs                ; 6 LEs                  ; Yes        ; |Part5|RegisterFile:RF1|RegisterDualOE:Reg9|Q_b[0]  ;
; 3:1                ; 6 bits    ; 12 LEs        ; 6 LEs                ; 6 LEs                  ; Yes        ; |Part5|RegisterFile:RF1|RegisterDualOE:Reg10|Q_b[1] ;
; 3:1                ; 6 bits    ; 12 LEs        ; 6 LEs                ; 6 LEs                  ; Yes        ; |Part5|RegisterFile:RF1|RegisterDualOE:Reg11|Q_b[1] ;
; 3:1                ; 6 bits    ; 12 LEs        ; 6 LEs                ; 6 LEs                  ; Yes        ; |Part5|RegisterFile:RF1|RegisterDualOE:Reg12|Q_b[4] ;
; 3:1                ; 6 bits    ; 12 LEs        ; 6 LEs                ; 6 LEs                  ; Yes        ; |Part5|RegisterFile:RF1|RegisterDualOE:Reg13|Q_b[2] ;
; 3:1                ; 6 bits    ; 12 LEs        ; 6 LEs                ; 6 LEs                  ; Yes        ; |Part5|RegisterFile:RF1|RegisterDualOE:Reg14|Q_b[3] ;
; 3:1                ; 6 bits    ; 12 LEs        ; 6 LEs                ; 6 LEs                  ; Yes        ; |Part5|RegisterFile:RF1|RegisterDualOE:Reg15|Q_b[1] ;
; 16:1               ; 6 bits    ; 60 LEs        ; 60 LEs               ; 0 LEs                  ; No         ; |Part5|RegisterFile:RF1|Ra_data[2]                  ;
; 16:1               ; 6 bits    ; 60 LEs        ; 60 LEs               ; 0 LEs                  ; No         ; |Part5|RegisterFile:RF1|Rb_data[1]                  ;
+--------------------+-----------+---------------+----------------------+------------------------+------------+-----------------------------------------------------+


+-------------------------------------------------------------------------------------+
; Parameter Settings for User Entity Instance: RegisterFile:RF1|DecoderN:WriteDecoder ;
+----------------+-------+------------------------------------------------------------+
; Parameter Name ; Value ; Type                                                       ;
+----------------+-------+------------------------------------------------------------+
; N              ; 4     ; Signed Integer                                             ;
+----------------+-------+------------------------------------------------------------+
Note: In order to hide this table in the UI and the text report file, please set the "Show Parameter Settings in Synthesis Report" option in "Analysis and Synthesis Settings -> More Settings" to "Off".


+------------------------------------------------------------------------------------+
; Parameter Settings for User Entity Instance: RegisterFile:RF1|DecoderN:ReadDecoder ;
+----------------+-------+-----------------------------------------------------------+
; Parameter Name ; Value ; Type                                                      ;
+----------------+-------+-----------------------------------------------------------+
; N              ; 4     ; Signed Integer                                            ;
+----------------+-------+-----------------------------------------------------------+
Note: In order to hide this table in the UI and the text report file, please set the "Show Parameter Settings in Synthesis Report" option in "Analysis and Synthesis Settings -> More Settings" to "Off".


+-------------------------------------------------------------------------------------+
; Parameter Settings for User Entity Instance: RegisterFile:RF1|DecoderN:ReadDecoder2 ;
+----------------+-------+------------------------------------------------------------+
; Parameter Name ; Value ; Type                                                       ;
+----------------+-------+------------------------------------------------------------+
; N              ; 4     ; Signed Integer                                             ;
+----------------+-------+------------------------------------------------------------+
Note: In order to hide this table in the UI and the text report file, please set the "Show Parameter Settings in Synthesis Report" option in "Analysis and Synthesis Settings -> More Settings" to "Off".


+-----------------------------------------------------------------------------------+
; Parameter Settings for User Entity Instance: RegisterFile:RF1|RegisterDualOE:Reg0 ;
+----------------+-------+----------------------------------------------------------+
; Parameter Name ; Value ; Type                                                     ;
+----------------+-------+----------------------------------------------------------+
; N              ; 16    ; Signed Integer                                           ;
+----------------+-------+----------------------------------------------------------+
Note: In order to hide this table in the UI and the text report file, please set the "Show Parameter Settings in Synthesis Report" option in "Analysis and Synthesis Settings -> More Settings" to "Off".


+-----------------------------------------------------------------------------------+
; Parameter Settings for User Entity Instance: RegisterFile:RF1|RegisterDualOE:Reg1 ;
+----------------+-------+----------------------------------------------------------+
; Parameter Name ; Value ; Type                                                     ;
+----------------+-------+----------------------------------------------------------+
; N              ; 16    ; Signed Integer                                           ;
+----------------+-------+----------------------------------------------------------+
Note: In order to hide this table in the UI and the text report file, please set the "Show Parameter Settings in Synthesis Report" option in "Analysis and Synthesis Settings -> More Settings" to "Off".


+-----------------------------------------------------------------------------------+
; Parameter Settings for User Entity Instance: RegisterFile:RF1|RegisterDualOE:Reg2 ;
+----------------+-------+----------------------------------------------------------+
; Parameter Name ; Value ; Type                                                     ;
+----------------+-------+----------------------------------------------------------+
; N              ; 16    ; Signed Integer                                           ;
+----------------+-------+----------------------------------------------------------+
Note: In order to hide this table in the UI and the text report file, please set the "Show Parameter Settings in Synthesis Report" option in "Analysis and Synthesis Settings -> More Settings" to "Off".


+-----------------------------------------------------------------------------------+
; Parameter Settings for User Entity Instance: RegisterFile:RF1|RegisterDualOE:Reg3 ;
+----------------+-------+----------------------------------------------------------+
; Parameter Name ; Value ; Type                                                     ;
+----------------+-------+----------------------------------------------------------+
; N              ; 16    ; Signed Integer                                           ;
+----------------+-------+----------------------------------------------------------+
Note: In order to hide this table in the UI and the text report file, please set the "Show Parameter Settings in Synthesis Report" option in "Analysis and Synthesis Settings -> More Settings" to "Off".


+-----------------------------------------------------------------------------------+
; Parameter Settings for User Entity Instance: RegisterFile:RF1|RegisterDualOE:Reg4 ;
+----------------+-------+----------------------------------------------------------+
; Parameter Name ; Value ; Type                                                     ;
+----------------+-------+----------------------------------------------------------+
; N              ; 16    ; Signed Integer                                           ;
+----------------+-------+----------------------------------------------------------+
Note: In order to hide this table in the UI and the text report file, please set the "Show Parameter Settings in Synthesis Report" option in "Analysis and Synthesis Settings -> More Settings" to "Off".


+-----------------------------------------------------------------------------------+
; Parameter Settings for User Entity Instance: RegisterFile:RF1|RegisterDualOE:Reg5 ;
+----------------+-------+----------------------------------------------------------+
; Parameter Name ; Value ; Type                                                     ;
+----------------+-------+----------------------------------------------------------+
; N              ; 16    ; Signed Integer                                           ;
+----------------+-------+----------------------------------------------------------+
Note: In order to hide this table in the UI and the text report file, please set the "Show Parameter Settings in Synthesis Report" option in "Analysis and Synthesis Settings -> More Settings" to "Off".


+-----------------------------------------------------------------------------------+
; Parameter Settings for User Entity Instance: RegisterFile:RF1|RegisterDualOE:Reg6 ;
+----------------+-------+----------------------------------------------------------+
; Parameter Name ; Value ; Type                                                     ;
+----------------+-------+----------------------------------------------------------+
; N              ; 16    ; Signed Integer                                           ;
+----------------+-------+----------------------------------------------------------+
Note: In order to hide this table in the UI and the text report file, please set the "Show Parameter Settings in Synthesis Report" option in "Analysis and Synthesis Settings -> More Settings" to "Off".


+-----------------------------------------------------------------------------------+
; Parameter Settings for User Entity Instance: RegisterFile:RF1|RegisterDualOE:Reg7 ;
+----------------+-------+----------------------------------------------------------+
; Parameter Name ; Value ; Type                                                     ;
+----------------+-------+----------------------------------------------------------+
; N              ; 16    ; Signed Integer                                           ;
+----------------+-------+----------------------------------------------------------+
Note: In order to hide this table in the UI and the text report file, please set the "Show Parameter Settings in Synthesis Report" option in "Analysis and Synthesis Settings -> More Settings" to "Off".


+-----------------------------------------------------------------------------------+
; Parameter Settings for User Entity Instance: RegisterFile:RF1|RegisterDualOE:Reg8 ;
+----------------+-------+----------------------------------------------------------+
; Parameter Name ; Value ; Type                                                     ;
+----------------+-------+----------------------------------------------------------+
; N              ; 16    ; Signed Integer                                           ;
+----------------+-------+----------------------------------------------------------+
Note: In order to hide this table in the UI and the text report file, please set the "Show Parameter Settings in Synthesis Report" option in "Analysis and Synthesis Settings -> More Settings" to "Off".


+-----------------------------------------------------------------------------------+
; Parameter Settings for User Entity Instance: RegisterFile:RF1|RegisterDualOE:Reg9 ;
+----------------+-------+----------------------------------------------------------+
; Parameter Name ; Value ; Type                                                     ;
+----------------+-------+----------------------------------------------------------+
; N              ; 16    ; Signed Integer                                           ;
+----------------+-------+----------------------------------------------------------+
Note: In order to hide this table in the UI and the text report file, please set the "Show Parameter Settings in Synthesis Report" option in "Analysis and Synthesis Settings -> More Settings" to "Off".


+------------------------------------------------------------------------------------+
; Parameter Settings for User Entity Instance: RegisterFile:RF1|RegisterDualOE:Reg10 ;
+----------------+-------+-----------------------------------------------------------+
; Parameter Name ; Value ; Type                                                      ;
+----------------+-------+-----------------------------------------------------------+
; N              ; 16    ; Signed Integer                                            ;
+----------------+-------+-----------------------------------------------------------+
Note: In order to hide this table in the UI and the text report file, please set the "Show Parameter Settings in Synthesis Report" option in "Analysis and Synthesis Settings -> More Settings" to "Off".


+------------------------------------------------------------------------------------+
; Parameter Settings for User Entity Instance: RegisterFile:RF1|RegisterDualOE:Reg11 ;
+----------------+-------+-----------------------------------------------------------+
; Parameter Name ; Value ; Type                                                      ;
+----------------+-------+-----------------------------------------------------------+
; N              ; 16    ; Signed Integer                                            ;
+----------------+-------+-----------------------------------------------------------+
Note: In order to hide this table in the UI and the text report file, please set the "Show Parameter Settings in Synthesis Report" option in "Analysis and Synthesis Settings -> More Settings" to "Off".


+------------------------------------------------------------------------------------+
; Parameter Settings for User Entity Instance: RegisterFile:RF1|RegisterDualOE:Reg12 ;
+----------------+-------+-----------------------------------------------------------+
; Parameter Name ; Value ; Type                                                      ;
+----------------+-------+-----------------------------------------------------------+
; N              ; 16    ; Signed Integer                                            ;
+----------------+-------+-----------------------------------------------------------+
Note: In order to hide this table in the UI and the text report file, please set the "Show Parameter Settings in Synthesis Report" option in "Analysis and Synthesis Settings -> More Settings" to "Off".


+------------------------------------------------------------------------------------+
; Parameter Settings for User Entity Instance: RegisterFile:RF1|RegisterDualOE:Reg13 ;
+----------------+-------+-----------------------------------------------------------+
; Parameter Name ; Value ; Type                                                      ;
+----------------+-------+-----------------------------------------------------------+
; N              ; 16    ; Signed Integer                                            ;
+----------------+-------+-----------------------------------------------------------+
Note: In order to hide this table in the UI and the text report file, please set the "Show Parameter Settings in Synthesis Report" option in "Analysis and Synthesis Settings -> More Settings" to "Off".


+------------------------------------------------------------------------------------+
; Parameter Settings for User Entity Instance: RegisterFile:RF1|RegisterDualOE:Reg14 ;
+----------------+-------+-----------------------------------------------------------+
; Parameter Name ; Value ; Type                                                      ;
+----------------+-------+-----------------------------------------------------------+
; N              ; 16    ; Signed Integer                                            ;
+----------------+-------+-----------------------------------------------------------+
Note: In order to hide this table in the UI and the text report file, please set the "Show Parameter Settings in Synthesis Report" option in "Analysis and Synthesis Settings -> More Settings" to "Off".


+------------------------------------------------------------------------------------+
; Parameter Settings for User Entity Instance: RegisterFile:RF1|RegisterDualOE:Reg15 ;
+----------------+-------+-----------------------------------------------------------+
; Parameter Name ; Value ; Type                                                      ;
+----------------+-------+-----------------------------------------------------------+
; N              ; 16    ; Signed Integer                                            ;
+----------------+-------+-----------------------------------------------------------+
Note: In order to hide this table in the UI and the text report file, please set the "Show Parameter Settings in Synthesis Report" option in "Analysis and Synthesis Settings -> More Settings" to "Off".


+------------------------------------------------------------------------------------------------------------------------------------------------------------------------------+
; Port Connectivity Checks: "RegisterFile:RF1"                                                                                                                                 ;
+--------+-------+----------+--------------------------------------------------------------------------------------------------------------------------------------------------+
; Port   ; Type  ; Severity ; Details                                                                                                                                          ;
+--------+-------+----------+--------------------------------------------------------------------------------------------------------------------------------------------------+
; W_data ; Input ; Warning  ; Input port expression (6 bits) is smaller than the input port (16 bits) it drives.  Extra input bit(s) "W_data[15..6]" will be connected to GND. ;
; W_en   ; Input ; Info     ; Stuck at VCC                                                                                                                                     ;
; Ra_en  ; Input ; Info     ; Stuck at VCC                                                                                                                                     ;
; Rb_en  ; Input ; Info     ; Stuck at VCC                                                                                                                                     ;
+--------+-------+----------+--------------------------------------------------------------------------------------------------------------------------------------------------+


+-------------------------------+
; Elapsed Time Per Partition    ;
+----------------+--------------+
; Partition Name ; Elapsed Time ;
+----------------+--------------+
; Top            ; 00:00:01     ;
+----------------+--------------+


+-------------------------------+
; Analysis & Synthesis Messages ;
+-------------------------------+
Info: *******************************************************************
Info: Running Quartus II 32-bit Analysis & Synthesis
    Info: Version 13.0.1 Build 232 06/12/2013 Service Pack 1 SJ Web Edition
    Info: Processing started: Tue May 27 11:01:00 2014
Info: Command: quartus_map --read_settings_files=on --write_settings_files=off Part5 -c Part5
Info (12021): Found 1 design units, including 1 entities, in source file Part5.v
    Info (12023): Found entity 1: Part5
Info (12021): Found 1 design units, including 1 entities, in source file RegisterFile.v
    Info (12023): Found entity 1: RegisterFile
Info (12021): Found 1 design units, including 1 entities, in source file RegisterDualOE.v
    Info (12023): Found entity 1: RegisterDualOE
Info (12021): Found 1 design units, including 1 entities, in source file DecoderN.v
    Info (12023): Found entity 1: DecoderN
Info (12021): Found 1 design units, including 1 entities, in source file Hex7Seg.v
    Info (12023): Found entity 1: Hex7Seg
Info (12127): Elaborating entity "Part5" for the top level hierarchy
Info (12128): Elaborating entity "RegisterFile" for hierarchy "RegisterFile:RF1"
Info (12128): Elaborating entity "DecoderN" for hierarchy "RegisterFile:RF1|DecoderN:WriteDecoder"
Info (12128): Elaborating entity "RegisterDualOE" for hierarchy "RegisterFile:RF1|RegisterDualOE:Reg0"
Info (12128): Elaborating entity "Hex7Seg" for hierarchy "Hex7Seg:H0"
Info (144001): Generated suppressed messages file /run/media/ghg/ERIC/School Stuff/TCES 330/benf94 - Homework06/Part5/output_files/Part5.map.smsg
Info (16010): Generating hard_block partition "hard_block:auto_generated_inst"
    Info (16011): Adding 0 node(s), including 0 DDIO, 0 PLL, 0 transceiver and 0 LCELL
Info (21057): Implemented 356 device resources after synthesis - the final resource count might be different
    Info (21058): Implemented 20 input pins
    Info (21059): Implemented 74 output pins
    Info (21061): Implemented 262 logic cells
Info: Quartus II 32-bit Analysis & Synthesis was successful. 0 errors, 0 warnings
    Info: Peak virtual memory: 341 megabytes
    Info: Processing ended: Tue May 27 11:01:03 2014
    Info: Elapsed time: 00:00:03
    Info: Total CPU time (on all processors): 00:00:03


+------------------------------------------+
; Analysis & Synthesis Suppressed Messages ;
+------------------------------------------+
The suppressed messages can be found in /run/media/ghg/ERIC/School Stuff/TCES 330/benf94 - Homework06/Part5/output_files/Part5.map.smsg.


